('Running on files ', ['fcr_99.root'])
('Output file ', 'JetTree_fcr.root')
('N events ', -1)
# Conditions read from  CMS_CONDITIONS  via FrontierProd 
DEBUG 2016-12-01 22:36:15,363: 	 Executing command: 'submit'
DEBUG 2016-12-01 22:36:15,364: 	 Found CRAB cache file /home/llr/cms/lisniak/.crab3
DEBUG 2016-12-01 22:36:15,387: 	 Checking credentials
DEBUG 2016-12-01 22:36:15,388: 	 Found proxy file /tmp/x509up_u837
DEBUG 2016-12-01 22:36:15,388: 	 Getting proxy life time left
DEBUG 2016-12-01 22:36:16,393: 	 Executing : 
 command : voms-proxy-info -file /tmp/x509up_u837 -timeleft
 output : 85144

 error: 
 retcode : 0
DEBUG 2016-12-01 22:36:17,299: 	 Executing : 
 command : voms-proxy-info -file /tmp/x509up_u837 -actimeleft
 output : 85143

 error: 
 retcode : 0
DEBUG 2016-12-01 22:36:17,300: 	 Proxy valid for 23:39:04 hours
INFO 2016-12-01 22:36:17,300: 	 Will use CRAB configuration file crabConfigQCD.py
DEBUG 2016-12-01 22:36:17,301: 	 Loading CRAB configuration file.
DEBUG 2016-12-01 22:36:22,069: 	 Will use CRAB Analysis plugin (i.e. will run an analysis job type).
DEBUG 2016-12-01 22:36:22,186: 	 Executing : 
 command : openssl x509 -in ~/.globus/usercert.pem -subject -noout
 output : subject= /DC=ch/DC=cern/OU=Organic Units/OU=Users/CN=istaslis/CN=747350/CN=Stanislav Lisniak

 error: 
 retcode : 0
DEBUG 2016-12-01 22:36:22,186: 	 Checking credentials
DEBUG 2016-12-01 22:36:22,187: 	 Found proxy file /tmp/x509up_u837
DEBUG 2016-12-01 22:36:22,187: 	 Getting proxy life time left
DEBUG 2016-12-01 22:36:23,092: 	 Executing : 
 command : voms-proxy-info -file /tmp/x509up_u837 -timeleft
 output : 85137

 error: 
 retcode : 0
DEBUG 2016-12-01 22:36:23,998: 	 Executing : 
 command : voms-proxy-info -file /tmp/x509up_u837 -actimeleft
 output : 85137

 error: 
 retcode : 0
DEBUG 2016-12-01 22:36:23,998: 	 Proxy valid for 23:38:57 hours
DEBUG 2016-12-01 22:36:25,005: 	 Executing : 
 command : env X509_USER_PROXY=/tmp/x509up_u837 voms-proxy-info -fqan
 output : /cms/Role=NULL/Capability=NULL

 error: 
 retcode : 0
DEBUG 2016-12-01 22:36:25,805: 	 Registering user credentials for server /DC=ch/DC=cern/OU=computers/CN=vocms(045|052|021|031|0118|0118a|0119|0108|0105).cern.ch
DEBUG 2016-12-01 22:36:25,917: 	 Executing : 
 command : openssl x509 -in ~/.globus/usercert.pem -subject -noout
 output : subject= /DC=ch/DC=cern/OU=Organic Units/OU=Users/CN=istaslis/CN=747350/CN=Stanislav Lisniak

 error: 
 retcode : 0
DEBUG 2016-12-01 22:36:25,917: 	 Getting myproxy life time left for myproxy.cern.ch
DEBUG 2016-12-01 22:36:25,917: 	 Calculating hash of /DC=ch/DC=cern/OU=Organic Units/OU=Users/CN=istaslis/CN=747350/CN=Stanislav Lisniak_cmsweb.cern.ch for credential name
DEBUG 2016-12-01 22:36:26,422: 	 Executing : 
 command : myproxy-info -l fb080dc7d4e0790beaeb2d952381dd7a3f1f2fd6 -s myproxy.cern.ch
 output : username: fb080dc7d4e0790beaeb2d952381dd7a3f1f2fd6
owner: /DC=ch/DC=cern/OU=Organic Units/OU=Users/CN=istaslis/CN=747350/CN=Stanislav Lisniak
  renewal policy: /DC=ch/DC=cern/OU=computers/CN=vocms(045|052|021|031|0118|0118a|0119|0108|0105).cern.ch
  trusted retrieval policy: /DC=ch/DC=cern/OU=computers/CN=vocms(045|052|021|031|0118|0118a|0119|0108|0105).cern.ch
  timeleft: 719:39:23  (30.0 days)

 error: 
 retcode : 0
DEBUG 2016-12-01 22:36:26,424: 	 Myproxy is valid: 2590763
DEBUG 2016-12-01 22:36:26,424: 	 Command use: submit
DEBUG 2016-12-01 22:36:26,424: 	 Options use: ['-c', 'crabConfigQCD.py']
DEBUG 2016-12-01 22:36:28,006: 	 CRABClient version: 3.3.1611
DEBUG 2016-12-01 22:36:28,006: 	 Instance is prod
DEBUG 2016-12-01 22:36:28,006: 	 Server base url is cmsweb.cern.ch
DEBUG 2016-12-01 22:36:28,006: 	 Command url /crabserver/prod/workflow
DEBUG 2016-12-01 22:36:28,006: 	 Started submission
DEBUG 2016-12-01 22:36:28,006: 	 Working on /grid_mnt/data__data.polcms/cms/lisniak/btgtrain/CMSSW_7_5_8_patch3/src/RecoBTag/PerformanceMeasurements/test/crab_btagana_qcd50
DEBUG 2016-12-01 22:36:28,965: 	 Loading required information from the environment
DEBUG 2016-12-01 22:36:28,965: 	 Found CMSSW_7_5_8_patch3 for slc6_amd64_gcc491 with base /grid_mnt/data__data.polcms/cms/lisniak/btgtrain/CMSSW_7_5_8_patch3
DEBUG 2016-12-01 22:36:28,965: 	 Loading required information from the environment
DEBUG 2016-12-01 22:36:28,965: 	 Found CMSSW_7_5_8_patch3 for slc6_amd64_gcc491 with base /grid_mnt/data__data.polcms/cms/lisniak/btgtrain/CMSSW_7_5_8_patch3
DEBUG 2016-12-01 22:36:28,987: 	 UNIQUE NAME: tarUUID 34ad7345-4390-4c10-8bed-dbaeb805d992 
DEBUG 2016-12-01 22:36:28,988: 	 self.config: from WMCore.Configuration import Configuration
config = Configuration()
config.section_('General')
config.General.transferOutputs = True
config.General.transferLogs = True
config.General.requestName = 'btagana_qcd50'
config.section_('JobType')
config.JobType.psetName = 'runForestAOD_PbPb_MIX_75X.py'
config.JobType.pluginName = 'Analysis'
config.JobType.maxMemoryMB = 2400
config.section_('Data')
config.Data.inputDataset = '/Pythia6_Dijet50_pp502_Hydjet_MB/HINPbPbWinter16DR-75X_mcRun2_HeavyIon_v13-v1/AODSIM'
config.Data.outputDatasetTag = 'btagana_qcd50'
config.Data.totalUnits = 200
config.Data.unitsPerJob = 1
config.Data.splitting = 'FileBased'
config.Data.inputDBS = 'global'
config.Data.outLFNDirBase = '/store/user/istaslis/btagana_qcd50'
config.Data.publication = False
config.section_('Site')
config.Site.storageSite = 'T2_FR_GRIF_LLR'
config.section_('User')
config.section_('Debug')

DEBUG 2016-12-01 22:36:28,988: 	 self.config.JobType.psetName: runForestAOD_PbPb_MIX_75X.py
INFO 2016-12-01 22:36:28,988: 	 Importing CMSSW configuration runForestAOD_PbPb_MIX_75X.py
INFO 2016-12-01 22:36:49,190: 	 Finished importing CMSSW configuration runForestAOD_PbPb_MIX_75X.py
DEBUG 2016-12-01 22:36:49,191: 	 Writing CMSSW configuration to /grid_mnt/data__data.polcms/cms/lisniak/btgtrain/CMSSW_7_5_8_patch3/src/RecoBTag/PerformanceMeasurements/test/crab_btagana_qcd50/inputs/PSet.py
DEBUG 2016-12-01 22:36:53,816: 	 The following EDM output files will be collected: []
DEBUG 2016-12-01 22:36:53,816: 	 The following TFile output files will be collected: ['JetTree_fcr.root']
DEBUG 2016-12-01 22:36:53,816: 	 The following user output files will be collected: []
DEBUG 2016-12-01 22:36:53,816: 	 Loading required information from the environment
DEBUG 2016-12-01 22:36:53,816: 	 Found CMSSW_7_5_8_patch3 for slc6_amd64_gcc491 with base /grid_mnt/data__data.polcms/cms/lisniak/btgtrain/CMSSW_7_5_8_patch3
DEBUG 2016-12-01 22:36:53,816: 	 Making tarball in /grid_mnt/data__data.polcms/cms/lisniak/btgtrain/CMSSW_7_5_8_patch3/src/RecoBTag/PerformanceMeasurements/test/crab_btagana_qcd50/inputs/34ad7345-4390-4c10-8bed-dbaeb805d992default.tgz
DEBUG 2016-12-01 22:36:53,885: 	 Checking directory /grid_mnt/data__data.polcms/cms/lisniak/btgtrain/CMSSW_7_5_8_patch3/lib
DEBUG 2016-12-01 22:36:53,885: 	 Adding directory /grid_mnt/data__data.polcms/cms/lisniak/btgtrain/CMSSW_7_5_8_patch3/lib to tarball
DEBUG 2016-12-01 22:37:00,147: 	 Checking directory /grid_mnt/data__data.polcms/cms/lisniak/btgtrain/CMSSW_7_5_8_patch3/biglib
DEBUG 2016-12-01 22:37:00,147: 	 Adding directory /grid_mnt/data__data.polcms/cms/lisniak/btgtrain/CMSSW_7_5_8_patch3/biglib to tarball
DEBUG 2016-12-01 22:37:00,165: 	 Checking directory /grid_mnt/data__data.polcms/cms/lisniak/btgtrain/CMSSW_7_5_8_patch3/module
DEBUG 2016-12-01 22:37:00,499: 	 Adding data directory /grid_mnt/data__data.polcms/cms/lisniak/btgtrain/CMSSW_7_5_8_patch3/src/HeavyIonsAnalysis/Configuration/data to tarball
DEBUG 2016-12-01 22:37:00,835: 	 Adding data directory /grid_mnt/data__data.polcms/cms/lisniak/btgtrain/CMSSW_7_5_8_patch3/src/HeavyIonsAnalysis/EventAnalysis/interface to tarball
DEBUG 2016-12-01 22:37:00,884: 	 Adding data directory /grid_mnt/data__data.polcms/cms/lisniak/btgtrain/CMSSW_7_5_8_patch3/src/HeavyIonsAnalysis/JetAnalysis/data to tarball
DEBUG 2016-12-01 22:37:02,254: 	 Adding data directory /grid_mnt/data__data.polcms/cms/lisniak/btgtrain/CMSSW_7_5_8_patch3/src/HeavyIonsAnalysis/JetAnalysis/interface to tarball
DEBUG 2016-12-01 22:37:02,686: 	 Adding data directory /grid_mnt/data__data.polcms/cms/lisniak/btgtrain/CMSSW_7_5_8_patch3/src/HeavyIonsAnalysis/MuonAnalysis/interface to tarball
DEBUG 2016-12-01 22:37:02,777: 	 Adding data directory /grid_mnt/data__data.polcms/cms/lisniak/btgtrain/CMSSW_7_5_8_patch3/src/HeavyIonsAnalysis/PhotonAnalysis/interface to tarball
DEBUG 2016-12-01 22:37:02,816: 	 Adding data directory /grid_mnt/data__data.polcms/cms/lisniak/btgtrain/CMSSW_7_5_8_patch3/src/HeavyIonsAnalysis/TrackAnalysis/interface to tarball
DEBUG 2016-12-01 22:37:02,840: 	 Adding data directory /grid_mnt/data__data.polcms/cms/lisniak/btgtrain/CMSSW_7_5_8_patch3/src/HeavyIonsAnalysis/VertexAnalysis/interface to tarball
DEBUG 2016-12-01 22:37:02,897: 	 Adding data directory /grid_mnt/data__data.polcms/cms/lisniak/btgtrain/CMSSW_7_5_8_patch3/src/RecoHI/HiJetAlgos/interface to tarball
DEBUG 2016-12-01 22:37:03,001: 	 Adding data directory /grid_mnt/data__data.polcms/cms/lisniak/btgtrain/CMSSW_7_5_8_patch3/src/RecoJets/JetProducers/data to tarball
DEBUG 2016-12-01 22:37:03,023: 	 Adding data directory /grid_mnt/data__data.polcms/cms/lisniak/btgtrain/CMSSW_7_5_8_patch3/src/RecoJets/JetProducers/interface to tarball
DEBUG 2016-12-01 22:37:03,250: 	 Adding data directory /grid_mnt/data__data.polcms/cms/lisniak/btgtrain/CMSSW_7_5_8_patch3/src/RecoBTag/PerformanceMeasurements/data to tarball
DEBUG 2016-12-01 22:37:04,431: 	 Adding data directory /grid_mnt/data__data.polcms/cms/lisniak/btgtrain/CMSSW_7_5_8_patch3/src/RecoBTag/PerformanceMeasurements/interface to tarball
DEBUG 2016-12-01 22:37:04,938: 	 Adding data directory /grid_mnt/data__data.polcms/cms/lisniak/btgtrain/CMSSW_7_5_8_patch3/src/RecoBTag/PerformanceMeasurements/test/ttbar/data to tarball
DEBUG 2016-12-01 22:37:05,231: 	 Adding data directory /grid_mnt/data__data.polcms/cms/lisniak/btgtrain/CMSSW_7_5_8_patch3/src/RecoBTag/TagVarExtractor/interface to tarball
DEBUG 2016-12-01 22:37:05,259: 	 Adding data directory /grid_mnt/data__data.polcms/cms/lisniak/btgtrain/CMSSW_7_5_8_patch3/src/RecoBTag/SecondaryVertex/interface to tarball
DEBUG 2016-12-01 22:37:06,254: 	 Uploading archive /grid_mnt/data__data.polcms/cms/lisniak/btgtrain/CMSSW_7_5_8_patch3/src/RecoBTag/PerformanceMeasurements/test/crab_btagana_qcd50/inputs/34ad7345-4390-4c10-8bed-dbaeb805d992default.tgz to the CRAB cache. Using URI https://cmsweb.cern.ch/crabcache
DEBUG 2016-12-01 22:37:10,646: 	 Loading required information from the environment
DEBUG 2016-12-01 22:37:10,646: 	 Found CMSSW_7_5_8_patch3 for slc6_amd64_gcc491 with base /grid_mnt/data__data.polcms/cms/lisniak/btgtrain/CMSSW_7_5_8_patch3
DEBUG 2016-12-01 22:37:10,646: 	 Making tarball in /grid_mnt/data__data.polcms/cms/lisniak/btgtrain/CMSSW_7_5_8_patch3/src/RecoBTag/PerformanceMeasurements/test/crab_btagana_qcd50/inputs/debugFiles.tgz
DEBUG 2016-12-01 22:37:10,787: 	 Uploading archive /grid_mnt/data__data.polcms/cms/lisniak/btgtrain/CMSSW_7_5_8_patch3/src/RecoBTag/PerformanceMeasurements/test/crab_btagana_qcd50/inputs/debugFiles.tgz to the CRAB cache. Using URI https://cmsweb.cern.ch/crabcache
DEBUG 2016-12-01 22:37:11,927: 	 Result uploading input files: b6c56a71c3e149d51d4b156c6cc3f0111f9bff4b7ec45fb2dbf0fa34650a889b.tar.gz 
INFO 2016-12-01 22:37:11,927: 	 Sending the request to the server
DEBUG 2016-12-01 22:37:11,927: 	 Submitting {'maxjobruntime': 1250, 'extrajdl': [], 'ignorelocality': 0, 'savelogsflag': 1, 'useparent': 0, 'asyncdest': 'T2_FR_GRIF_LLR', 'algoargs': 1, 'cachefilename': 'b6c56a71c3e149d51d4b156c6cc3f0111f9bff4b7ec45fb2dbf0fa34650a889b.tar.gz', 'numcores': 1, 'addoutputfiles': [], 'generator': 'pythia', 'maxmemory': 2400, 'publishdbsurl': 'https://cmsweb.cern.ch/dbs/prod/phys03/DBSWriter', 'priority': 10, 'jobsw': 'CMSSW_7_5_8_patch3', 'edmoutfiles': [], 'userfiles': [], 'primarydataset': '', 'inputdata': '/Pythia6_Dijet50_pp502_Hydjet_MB/HINPbPbWinter16DR-75X_mcRun2_HeavyIon_v13-v1/AODSIM', 'lfn': '/store/user/istaslis/btagana_qcd50', 'dryrun': 0, 'workflow': 'crab_btagana_qcd50', 'adduserfiles': [], 'nonprodsw': 0, 'tfileoutfiles': ['JetTree_fcr.root'], 'oneEventMode': 0, 'debugfilename': 'e4cb94c35261dfa1f7343a103a8cfe628bd42e8aa0b651acb3efb7205afa153b.tar.gz', 'cacheurl': u'https://cmsweb.cern.ch/crabcache', 'saveoutput': 1, 'publication': 0, 'jobarch': 'slc6_amd64_gcc491', 'totalunits': 200, 'splitalgo': 'FileBased', 'ignoreglobalblacklist': 0, 'nonvaliddata': 0, 'dbsurl': 'https://cmsweb.cern.ch/dbs/prod/global/DBSReader', 'publishgroupname': 0, 'jobtype': 'Analysis', 'publishname2': 'btagana_qcd50'} 
DEBUG 2016-12-01 22:37:11,928: 	 Encoded submit request: maxjobruntime=1250&ignorelocality=0&savelogsflag=1&useparent=0&asyncdest=T2_FR_GRIF_LLR&algoargs=1&cachefilename=b6c56a71c3e149d51d4b156c6cc3f0111f9bff4b7ec45fb2dbf0fa34650a889b.tar.gz&numcores=1&generator=pythia&maxmemory=2400&publishdbsurl=https%3A%2F%2Fcmsweb.cern.ch%2Fdbs%2Fprod%2Fphys03%2FDBSWriter&priority=10&jobsw=CMSSW_7_5_8_patch3&primarydataset=&inputdata=%2FPythia6_Dijet50_pp502_Hydjet_MB%2FHINPbPbWinter16DR-75X_mcRun2_HeavyIon_v13-v1%2FAODSIM&lfn=%2Fstore%2Fuser%2Fistaslis%2Fbtagana_qcd50&dryrun=0&workflow=crab_btagana_qcd50&nonprodsw=0&oneEventMode=0&debugfilename=e4cb94c35261dfa1f7343a103a8cfe628bd42e8aa0b651acb3efb7205afa153b.tar.gz&cacheurl=https%3A%2F%2Fcmsweb.cern.ch%2Fcrabcache&saveoutput=1&publication=0&jobarch=slc6_amd64_gcc491&totalunits=200&splitalgo=FileBased&ignoreglobalblacklist=0&nonvaliddata=0&dbsurl=https%3A%2F%2Fcmsweb.cern.ch%2Fdbs%2Fprod%2Fglobal%2FDBSReader&publishgroupname=0&jobtype=Analysis&publishname2=btagana_qcd50&tfileoutfiles=JetTree_fcr.root
DEBUG 2016-12-01 22:37:13,050: 	 Result: {u'result': [{u'RequestName': u'161201_213712:istaslis_crab_btagana_qcd50'}]}
INFO 2016-12-01 22:37:13,053: 	 Success: Your task has been delivered to the CRAB3 server.
INFO 2016-12-01 22:37:13,053: 	 Task name: 161201_213712:istaslis_crab_btagana_qcd50
INFO 2016-12-01 22:37:13,053: 	 Please use 'crab status' to check how the submission process proceeds.
DEBUG 2016-12-01 22:37:13,054: 	 About to return
INFO 2016-12-01 22:37:13,061: 	 Log file is /grid_mnt/data__data.polcms/cms/lisniak/btgtrain/CMSSW_7_5_8_patch3/src/RecoBTag/PerformanceMeasurements/test/crab_btagana_qcd50/crab.log
DEBUG 2016-12-01 22:38:14,384: 	 Executing command: 'status'
DEBUG 2016-12-01 22:38:14,385: 	 Found CRAB cache file /home/llr/cms/lisniak/.crab3
DEBUG 2016-12-01 22:38:14,398: 	 Checking credentials
DEBUG 2016-12-01 22:38:14,399: 	 Found proxy file /tmp/x509up_u837
DEBUG 2016-12-01 22:38:14,399: 	 Getting proxy life time left
DEBUG 2016-12-01 22:38:15,404: 	 Executing : 
 command : voms-proxy-info -file /tmp/x509up_u837 -timeleft
 output : 85025

 error: 
 retcode : 0
DEBUG 2016-12-01 22:38:16,310: 	 Executing : 
 command : voms-proxy-info -file /tmp/x509up_u837 -actimeleft
 output : 85024

 error: 
 retcode : 0
DEBUG 2016-12-01 22:38:16,311: 	 Proxy valid for 23:37:05 hours
DEBUG 2016-12-01 22:38:16,427: 	 Executing : 
 command : openssl x509 -in ~/.globus/usercert.pem -subject -noout
 output : subject= /DC=ch/DC=cern/OU=Organic Units/OU=Users/CN=istaslis/CN=747350/CN=Stanislav Lisniak

 error: 
 retcode : 0
DEBUG 2016-12-01 22:38:16,427: 	 Checking credentials
DEBUG 2016-12-01 22:38:16,428: 	 Found proxy file /tmp/x509up_u837
DEBUG 2016-12-01 22:38:16,428: 	 Getting proxy life time left
DEBUG 2016-12-01 22:38:17,434: 	 Executing : 
 command : voms-proxy-info -file /tmp/x509up_u837 -timeleft
 output : 85023

 error: 
 retcode : 0
DEBUG 2016-12-01 22:38:18,340: 	 Executing : 
 command : voms-proxy-info -file /tmp/x509up_u837 -actimeleft
 output : 85022

 error: 
 retcode : 0
DEBUG 2016-12-01 22:38:18,340: 	 Proxy valid for 23:37:03 hours
DEBUG 2016-12-01 22:38:19,139: 	 Registering user credentials for server /DC=ch/DC=cern/OU=computers/CN=vocms(045|052|021|031|0118|0118a|0119|0108|0105).cern.ch
DEBUG 2016-12-01 22:38:19,251: 	 Executing : 
 command : openssl x509 -in ~/.globus/usercert.pem -subject -noout
 output : subject= /DC=ch/DC=cern/OU=Organic Units/OU=Users/CN=istaslis/CN=747350/CN=Stanislav Lisniak

 error: 
 retcode : 0
DEBUG 2016-12-01 22:38:19,251: 	 Getting myproxy life time left for myproxy.cern.ch
DEBUG 2016-12-01 22:38:19,251: 	 Calculating hash of /DC=ch/DC=cern/OU=Organic Units/OU=Users/CN=istaslis/CN=747350/CN=Stanislav Lisniak_cmsweb.cern.ch for credential name
DEBUG 2016-12-01 22:38:19,856: 	 Executing : 
 command : myproxy-info -l fb080dc7d4e0790beaeb2d952381dd7a3f1f2fd6 -s myproxy.cern.ch
 output : username: fb080dc7d4e0790beaeb2d952381dd7a3f1f2fd6
owner: /DC=ch/DC=cern/OU=Organic Units/OU=Users/CN=istaslis/CN=747350/CN=Stanislav Lisniak
  renewal policy: /DC=ch/DC=cern/OU=computers/CN=vocms(045|052|021|031|0118|0118a|0119|0108|0105).cern.ch
  trusted retrieval policy: /DC=ch/DC=cern/OU=computers/CN=vocms(045|052|021|031|0118|0118a|0119|0108|0105).cern.ch
  timeleft: 719:37:30  (30.0 days)

 error: 
 retcode : 0
DEBUG 2016-12-01 22:38:19,858: 	 Myproxy is valid: 2590650
DEBUG 2016-12-01 22:38:19,858: 	 Command use: status
DEBUG 2016-12-01 22:38:19,858: 	 Options use: ['-d', 'crab_btagana_qcd50']
DEBUG 2016-12-01 22:38:20,675: 	 CRABClient version: 3.3.1611
DEBUG 2016-12-01 22:38:20,675: 	 Instance is prod
DEBUG 2016-12-01 22:38:20,676: 	 Server base url is cmsweb.cern.ch
DEBUG 2016-12-01 22:38:20,676: 	 Command url /crabserver/prod/workflow
DEBUG 2016-12-01 22:38:20,676: 	 Looking up detailed status of task 161201_213712:istaslis_crab_btagana_qcd50
DEBUG 2016-12-01 22:38:25,268: 	 {u'status': u'SUBMITTED', u'username': u'istaslis', u'totalJobdefs': 0, u'jobsPerStatus': {}, u'taskWarningMsg': [u'Task has not yet bootstrapped. Retry in a minute if you just submitted the task.'], u'schedd': u'crab3@vocms0107.cern.ch', u'statusFailureMsg': u'', u'taskFailureMsg': u'', u'failedJobdefs': 0, u'command': u'SUBMIT', u'submissionTime': 1480628233, u'jobdefErrors': [], u'collector': u'cmsgwms-collector-global.cern.ch,cmssrv221.fnal.gov', u'jobList': []}
INFO 2016-12-01 22:38:25,268: 	 CRAB project directory:		/grid_mnt/data__data.polcms/cms/lisniak/btgtrain/CMSSW_7_5_8_patch3/src/RecoBTag/PerformanceMeasurements/test/crab_btagana_qcd50
INFO 2016-12-01 22:38:25,269: 	 Task name:			161201_213712:istaslis_crab_btagana_qcd50
INFO 2016-12-01 22:38:25,269: 	 Grid scheduler:			crab3@vocms0107.cern.ch
INFO 2016-12-01 22:38:25,269: 	 Task status:			SUBMITTED
INFO 2016-12-01 22:38:25,270: 	 Dashboard monitoring URL:	http://dashb-cms-job.cern.ch/dashboard/templates/task-analysis/#user=istaslis&table=Mains&pattern=161201_213712%3Aistaslis_crab_btagana_qcd50
WARNING 2016-12-01 22:38:25,270: 	 Warning:			Task has not yet bootstrapped. Retry in a minute if you just submitted the task.
INFO 2016-12-01 22:38:25,270: 	 
No jobs created yet!
INFO 2016-12-01 22:38:25,274: 	 Log file is /grid_mnt/data__data.polcms/cms/lisniak/btgtrain/CMSSW_7_5_8_patch3/src/RecoBTag/PerformanceMeasurements/test/crab_btagana_qcd50/crab.log
DEBUG 2016-12-02 09:09:26,255: 	 Executing command: 'status'
DEBUG 2016-12-02 09:09:26,257: 	 Found CRAB cache file /home/llr/cms/lisniak/.crab3
DEBUG 2016-12-02 09:09:26,280: 	 Checking credentials
DEBUG 2016-12-02 09:09:26,280: 	 Found proxy file /tmp/x509up_u837
DEBUG 2016-12-02 09:09:26,280: 	 Getting proxy life time left
DEBUG 2016-12-02 09:09:27,286: 	 Executing : 
 command : voms-proxy-info -file /tmp/x509up_u837 -timeleft
 output : 47153

 error: 
 retcode : 0
DEBUG 2016-12-02 09:09:28,192: 	 Executing : 
 command : voms-proxy-info -file /tmp/x509up_u837 -actimeleft
 output : 47152

 error: 
 retcode : 0
DEBUG 2016-12-02 09:09:28,193: 	 Proxy valid for 13:05:53 hours
DEBUG 2016-12-02 09:09:28,309: 	 Executing : 
 command : openssl x509 -in ~/.globus/usercert.pem -subject -noout
 output : subject= /DC=ch/DC=cern/OU=Organic Units/OU=Users/CN=istaslis/CN=747350/CN=Stanislav Lisniak

 error: 
 retcode : 0
DEBUG 2016-12-02 09:09:28,310: 	 Checking credentials
DEBUG 2016-12-02 09:09:28,310: 	 Found proxy file /tmp/x509up_u837
DEBUG 2016-12-02 09:09:28,310: 	 Getting proxy life time left
DEBUG 2016-12-02 09:09:29,215: 	 Executing : 
 command : voms-proxy-info -file /tmp/x509up_u837 -timeleft
 output : 47151

 error: 
 retcode : 0
DEBUG 2016-12-02 09:09:30,321: 	 Executing : 
 command : voms-proxy-info -file /tmp/x509up_u837 -actimeleft
 output : 47150

 error: 
 retcode : 0
DEBUG 2016-12-02 09:09:30,322: 	 Proxy valid for 13:05:51 hours
DEBUG 2016-12-02 09:09:31,560: 	 Registering user credentials for server /DC=ch/DC=cern/OU=computers/CN=vocms(045|052|021|031|0118|0118a|0119|0108|0105).cern.ch
DEBUG 2016-12-02 09:09:31,671: 	 Executing : 
 command : openssl x509 -in ~/.globus/usercert.pem -subject -noout
 output : subject= /DC=ch/DC=cern/OU=Organic Units/OU=Users/CN=istaslis/CN=747350/CN=Stanislav Lisniak

 error: 
 retcode : 0
DEBUG 2016-12-02 09:09:31,672: 	 Getting myproxy life time left for myproxy.cern.ch
DEBUG 2016-12-02 09:09:31,672: 	 Calculating hash of /DC=ch/DC=cern/OU=Organic Units/OU=Users/CN=istaslis/CN=747350/CN=Stanislav Lisniak_cmsweb.cern.ch for credential name
DEBUG 2016-12-02 09:09:32,276: 	 Executing : 
 command : myproxy-info -l fb080dc7d4e0790beaeb2d952381dd7a3f1f2fd6 -s myproxy.cern.ch
 output : username: fb080dc7d4e0790beaeb2d952381dd7a3f1f2fd6
owner: /DC=ch/DC=cern/OU=Organic Units/OU=Users/CN=istaslis/CN=747350/CN=Stanislav Lisniak
  renewal policy: /DC=ch/DC=cern/OU=computers/CN=vocms(045|052|021|031|0118|0118a|0119|0108|0105).cern.ch
  trusted retrieval policy: /DC=ch/DC=cern/OU=computers/CN=vocms(045|052|021|031|0118|0118a|0119|0108|0105).cern.ch
  timeleft: 709:06:17  (29.5 days)

 error: 
 retcode : 0
DEBUG 2016-12-02 09:09:32,278: 	 Myproxy is valid: 2552777
DEBUG 2016-12-02 09:09:32,278: 	 Command use: status
DEBUG 2016-12-02 09:09:32,279: 	 Options use: ['-d', 'crab_btagana_qcd50']
DEBUG 2016-12-02 09:09:33,118: 	 CRABClient version: 3.3.1611
DEBUG 2016-12-02 09:09:33,118: 	 Instance is prod
DEBUG 2016-12-02 09:09:33,118: 	 Server base url is cmsweb.cern.ch
DEBUG 2016-12-02 09:09:33,118: 	 Command url /crabserver/prod/workflow
DEBUG 2016-12-02 09:09:33,118: 	 Looking up detailed status of task 161201_213712:istaslis_crab_btagana_qcd50
DEBUG 2016-12-02 09:09:35,720: 	 {u'status': u'SUBMITTED', u'username': u'istaslis', u'jobsPerStatus': {u'failed': 106, u'finished': 47, u'transferring': 7, u'running': 12}, u'jobs': {u'133': {u'State': u'failed', u'Error': [90000, u"Stageout failure: Couldn't upload document to ASO database", {}]}, u'132': {u'State': u'finished'}, u'131': {u'State': u'failed', u'Error': [90000, u"Stageout failure: Couldn't upload document to ASO database", {}]}, u'130': {u'State': u'running'}, u'137': {u'State': u'finished'}, u'136': {u'State': u'failed', u'Error': [90000, u"Stageout failure: Couldn't upload document to ASO database", {}]}, u'135': {u'State': u'finished'}, u'134': {u'State': u'running'}, u'139': {u'State': u'failed', u'Error': [90000, u"Stageout failure: Couldn't upload document to ASO database", {}]}, u'138': {u'State': u'failed', u'Error': [90000, u"Stageout failure: Couldn't upload document to ASO database", {}]}, u'93': {u'State': u'finished'}, u'24': {u'State': u'finished'}, u'25': {u'State': u'failed', u'Error': [90000, u"Stageout failure: Couldn't upload document to ASO database", {}]}, u'26': {u'State': u'finished'}, u'27': {u'State': u'failed', u'Error': [90000, u"Stageout failure: Couldn't upload document to ASO database", {}]}, u'20': {u'State': u'failed', u'Error': [90000, u"Stageout failure: Couldn't upload document to ASO database", {}]}, u'21': {u'State': u'failed', u'Error': [90000, u"Stageout failure: Couldn't upload document to ASO database", {}]}, u'22': {u'State': u'failed', u'Error': [90000, u"Stageout failure: Couldn't upload document to ASO database", {}]}, u'23': {u'State': u'failed', u'Error': [90000, u"Stageout failure: Couldn't upload document to ASO database", {}]}, u'95': {u'State': u'finished'}, u'28': {u'State': u'failed', u'Error': [90000, u"Stageout failure: Couldn't upload document to ASO database", {}]}, u'29': {u'State': u'failed', u'Error': [90000, u"Stageout failure: Couldn't upload document to ASO database", {}]}, u'94': {u'State': u'finished'}, u'4': {u'State': u'failed', u'Error': [90000, u"Stageout failure: Couldn't upload document to ASO database", {}]}, u'8': {u'State': u'failed', u'Error': [90000, u"Stageout failure: Couldn't upload document to ASO database", {}]}, u'96': {u'State': u'finished'}, u'120': {u'State': u'failed', u'Error': [90000, u"Stageout failure: Couldn't upload document to ASO database", {}]}, u'121': {u'State': u'failed', u'Error': [90000, u"Stageout failure: Couldn't upload document to ASO database", {}]}, u'122': {u'State': u'running'}, u'123': {u'State': u'failed', u'Error': [90000, u"Stageout failure: Couldn't upload document to ASO database", {}]}, u'124': {u'State': u'failed', u'Error': [90000, u"Stageout failure: Couldn't upload document to ASO database", {}]}, u'125': {u'State': u'failed', u'Error': [90000, u"Stageout failure: Couldn't upload document to ASO database", {}]}, u'126': {u'State': u'failed', u'Error': [90000, u"Stageout failure: Couldn't upload document to ASO database", {}]}, u'127': {u'State': u'failed', u'Error': [90000, u"Stageout failure: Couldn't upload document to ASO database", {}]}, u'128': {u'State': u'failed', u'Error': [90000, u"Stageout failure: Couldn't upload document to ASO database", {}]}, u'129': {u'State': u'failed', u'Error': [90000, u"Stageout failure: Couldn't upload document to ASO database", {}]}, u'91': {u'State': u'failed', u'Error': [90000, u"Stageout failure: Couldn't upload document to ASO database", {}]}, u'59': {u'State': u'failed', u'Error': [90000, u"Stageout failure: Couldn't upload document to ASO database", {}]}, u'58': {u'State': u'failed', u'Error': [90000, u"Stageout failure: Couldn't upload document to ASO database", {}]}, u'55': {u'State': u'finished'}, u'54': {u'State': u'failed', u'Error': [90000, u"Stageout failure: Couldn't upload document to ASO database", {}]}, u'57': {u'State': u'failed', u'Error': [90000, u"Stageout failure: Couldn't upload document to ASO database", {}]}, u'56': {u'State': u'running'}, u'51': {u'State': u'finished'}, u'50': {u'State': u'finished'}, u'53': {u'State': u'finished'}, u'52': {u'State': u'finished'}, u'90': {u'State': u'failed', u'Error': [90000, u"Stageout failure: Couldn't upload document to ASO database", {}]}, u'115': {u'State': u'finished'}, u'114': {u'State': u'failed', u'Error': [90000, u"Stageout failure: Couldn't upload document to ASO database", {}]}, u'88': {u'State': u'failed', u'Error': [90000, u"Stageout failure: Couldn't upload document to ASO database", {}]}, u'89': {u'State': u'failed', u'Error': [90000, u"Stageout failure: Couldn't upload document to ASO database", {}]}, u'111': {u'State': u'failed', u'Error': [90000, u"Stageout failure: Couldn't upload document to ASO database", {}]}, u'110': {u'State': u'failed', u'Error': [90000, u"Stageout failure: Couldn't upload document to ASO database", {}]}, u'113': {u'State': u'failed', u'Error': [90000, u"Stageout failure: Couldn't upload document to ASO database", {}]}, u'112': {u'State': u'failed', u'Error': [90000, u"Stageout failure: Couldn't upload document to ASO database", {}]}, u'82': {u'State': u'finished'}, u'83': {u'State': u'finished'}, u'80': {u'State': u'finished'}, u'81': {u'State': u'failed', u'Error': [90000, u"Stageout failure: Couldn't upload document to ASO database", {}]}, u'119': {u'State': u'failed', u'Error': [90000, u"Stageout failure: Couldn't upload document to ASO database", {}]}, u'118': {u'State': u'finished'}, u'84': {u'State': u'failed', u'Error': [90000, u"Stageout failure: Couldn't upload document to ASO database", {}]}, u'85': {u'State': u'failed', u'Error': [90000, u"Stageout failure: Couldn't upload document to ASO database", {}]}, u'3': {u'State': u'failed', u'Error': [90000, u"Stageout failure: Couldn't upload document to ASO database", {}]}, u'7': {u'State': u'failed', u'Error': [90000, u"Stageout failure: Couldn't upload document to ASO database", {}]}, u'92': {u'State': u'finished'}, u'108': {u'State': u'failed', u'Error': [90000, u"Stageout failure: Couldn't upload document to ASO database", {}]}, u'109': {u'State': u'failed', u'Error': [90000, u"Stageout failure: Couldn't upload document to ASO database", {}]}, u'102': {u'State': u'failed', u'Error': [90000, u"Stageout failure: Couldn't upload document to ASO database", {}]}, u'103': {u'State': u'failed', u'Error': [90000, u"Stageout failure: Couldn't upload document to ASO database", {}]}, u'100': {u'State': u'finished'}, u'101': {u'State': u'finished'}, u'106': {u'State': u'running'}, u'107': {u'State': u'running'}, u'104': {u'State': u'failed', u'Error': [90000, u"Stageout failure: Couldn't upload document to ASO database", {}]}, u'105': {u'State': u'running'}, u'39': {u'State': u'failed', u'Error': [90000, u"Stageout failure: Couldn't upload document to ASO database", {}]}, u'38': {u'State': u'finished'}, u'33': {u'State': u'finished'}, u'32': {u'State': u'finished'}, u'31': {u'State': u'finished'}, u'30': {u'State': u'failed', u'Error': [90000, u"Stageout failure: Couldn't upload document to ASO database", {}]}, u'37': {u'State': u'finished'}, u'36': {u'State': u'failed', u'Error': [90000, u"Stageout failure: Couldn't upload document to ASO database", {}]}, u'35': {u'State': u'finished'}, u'34': {u'State': u'finished'}, u'60': {u'State': u'failed', u'Error': [90000, u"Stageout failure: Couldn't upload document to ASO database", {}]}, u'61': {u'State': u'failed', u'Error': [90000, u"Stageout failure: Couldn't upload document to ASO database", {}]}, u'62': {u'State': u'finished'}, u'63': {u'State': u'failed', u'Error': [90000, u"Stageout failure: Couldn't upload document to ASO database", {}]}, u'64': {u'State': u'finished'}, u'65': {u'State': u'failed', u'Error': [90000, u"Stageout failure: Couldn't upload document to ASO database", {}]}, u'66': {u'State': u'failed', u'Error': [90000, u"Stageout failure: Couldn't upload document to ASO database", {}]}, u'67': {u'State': u'failed', u'Error': [90000, u"Stageout failure: Couldn't upload document to ASO database", {}]}, u'68': {u'State': u'running'}, u'69': {u'State': u'transferring'}, u'172': {u'State': u'failed', u'Error': [90000, u"Stageout failure: Couldn't upload document to ASO database", {}]}, u'171': {u'State': u'failed', u'Error': [90000, u"Stageout failure: Couldn't upload document to ASO database", {}]}, u'170': {u'State': u'failed', u'Error': [90000, u"Stageout failure: Couldn't upload document to ASO database", {}]}, u'2': {u'State': u'finished'}, u'6': {u'State': u'running'}, u'97': {u'State': u'failed', u'Error': [90000, u"Stageout failure: Couldn't upload document to ASO database", {}]}, u'99': {u'State': u'failed', u'Error': [90000, u"Stageout failure: Couldn't upload document to ASO database", {}]}, u'98': {u'State': u'failed', u'Error': [90000, u"Stageout failure: Couldn't upload document to ASO database", {}]}, u'168': {u'State': u'failed', u'Error': [90000, u"Stageout failure: Couldn't upload document to ASO database", {}]}, u'169': {u'State': u'failed', u'Error': [90000, u"Stageout failure: Couldn't upload document to ASO database", {}]}, u'164': {u'State': u'failed', u'Error': [90000, u"Stageout failure: Couldn't upload document to ASO database", {}]}, u'165': {u'State': u'failed', u'Error': [90000, u"Stageout failure: Couldn't upload document to ASO database", {}]}, u'166': {u'State': u'finished'}, u'167': {u'State': u'finished'}, u'160': {u'State': u'failed', u'Error': [90000, u"Stageout failure: Couldn't upload document to ASO database", {}]}, u'161': {u'State': u'failed', u'Error': [90000, u"Stageout failure: Couldn't upload document to ASO database", {}]}, u'162': {u'State': u'finished'}, u'163': {u'State': u'failed', u'Error': [90000, u"Stageout failure: Couldn't upload document to ASO database", {}]}, u'11': {u'State': u'failed', u'Error': [90000, u"Stageout failure: Couldn't upload document to ASO database", {}]}, u'10': {u'State': u'failed', u'Error': [90000, u"Stageout failure: Couldn't upload document to ASO database", {}]}, u'13': {u'State': u'failed', u'Error': [90000, u"Stageout failure: Couldn't upload document to ASO database", {}]}, u'12': {u'State': u'failed', u'Error': [90000, u"Stageout failure: Couldn't upload document to ASO database", {}]}, u'15': {u'State': u'failed', u'Error': [90000, u"Stageout failure: Couldn't upload document to ASO database", {}]}, u'14': {u'State': u'failed', u'Error': [90000, u"Stageout failure: Couldn't upload document to ASO database", {}]}, u'17': {u'State': u'transferring'}, u'16': {u'State': u'failed', u'Error': [90000, u"Stageout failure: Couldn't upload document to ASO database", {}]}, u'19': {u'State': u'failed', u'Error': [90000, u"Stageout failure: Couldn't upload document to ASO database", {}]}, u'18': {u'State': u'failed', u'Error': [90000, u"Stageout failure: Couldn't upload document to ASO database", {}]}, u'117': {u'State': u'finished'}, u'116': {u'State': u'failed', u'Error': [90000, u"Stageout failure: Couldn't upload document to ASO database", {}]}, u'151': {u'State': u'failed', u'Error': [90000, u"Stageout failure: Couldn't upload document to ASO database", {}]}, u'150': {u'State': u'transferring'}, u'153': {u'State': u'running'}, u'152': {u'State': u'failed', u'Error': [90000, u"Stageout failure: Couldn't upload document to ASO database", {}]}, u'155': {u'State': u'failed', u'Error': [90000, u"Stageout failure: Couldn't upload document to ASO database", {}]}, u'154': {u'State': u'finished'}, u'157': {u'State': u'finished'}, u'156': {u'State': u'failed', u'Error': [90000, u"Stageout failure: Couldn't upload document to ASO database", {}]}, u'159': {u'State': u'failed', u'Error': [90000, u"Stageout failure: Couldn't upload document to ASO database", {}]}, u'158': {u'State': u'failed', u'Error': [90000, u"Stageout failure: Couldn't upload document to ASO database", {}]}, u'48': {u'State': u'failed', u'Error': [90000, u"Stageout failure: Couldn't upload document to ASO database", {}]}, u'49': {u'State': u'transferring'}, u'46': {u'State': u'finished'}, u'86': {u'State': u'running'}, u'44': {u'State': u'failed', u'Error': [90000, u"Stageout failure: Couldn't upload document to ASO database", {}]}, u'45': {u'State': u'transferring'}, u'42': {u'State': u'running'}, u'43': {u'State': u'finished'}, u'40': {u'State': u'finished'}, u'87': {u'State': u'failed', u'Error': [90000, u"Stageout failure: Couldn't upload document to ASO database", {}]}, u'1': {u'State': u'finished'}, u'5': {u'State': u'failed', u'Error': [90000, u"Stageout failure: Couldn't upload document to ASO database", {}]}, u'9': {u'State': u'failed', u'Error': [90000, u"Stageout failure: Couldn't upload document to ASO database", {}]}, u'146': {u'State': u'failed', u'Error': [90000, u"Stageout failure: Couldn't upload document to ASO database", {}]}, u'147': {u'State': u'failed', u'Error': [90000, u"Stageout failure: Couldn't upload document to ASO database", {}]}, u'144': {u'State': u'finished'}, u'145': {u'State': u'failed', u'Error': [90000, u"Stageout failure: Couldn't upload document to ASO database", {}]}, u'142': {u'State': u'failed', u'Error': [90000, u"Stageout failure: Couldn't upload document to ASO database", {}]}, u'143': {u'State': u'failed', u'Error': [90000, u"Stageout failure: Couldn't upload document to ASO database", {}]}, u'140': {u'State': u'failed', u'Error': [90000, u"Stageout failure: Couldn't upload document to ASO database", {}]}, u'141': {u'State': u'finished'}, u'148': {u'State': u'failed', u'Error': [90000, u"Stageout failure: Couldn't upload document to ASO database", {}]}, u'149': {u'State': u'failed', u'Error': [90000, u"Stageout failure: Couldn't upload document to ASO database", {}]}, u'77': {u'State': u'finished'}, u'76': {u'State': u'finished'}, u'75': {u'State': u'failed', u'Error': [90000, u"Stageout failure: Couldn't upload document to ASO database", {}]}, u'74': {u'State': u'failed', u'Error': [90000, u"Stageout failure: Couldn't upload document to ASO database", {}]}, u'73': {u'State': u'failed', u'Error': [90000, u"Stageout failure: Couldn't upload document to ASO database", {}]}, u'72': {u'State': u'finished'}, u'71': {u'State': u'failed', u'Error': [90000, u"Stageout failure: Couldn't upload document to ASO database", {}]}, u'70': {u'State': u'failed', u'Error': [90000, u"Stageout failure: Couldn't upload document to ASO database", {}]}, u'79': {u'State': u'failed', u'Error': [90000, u"Stageout failure: Couldn't upload document to ASO database", {}]}, u'78': {u'State': u'transferring'}, u'41': {u'State': u'transferring'}, u'47': {u'State': u'failed', u'Error': [90000, u"Stageout failure: Couldn't upload document to ASO database", {}]}}, u'publication': {u'disabled': []}, u'taskWarningMsg': [], u'schedd': u'crab3@vocms0107.cern.ch', u'publicationFailures': {}, u'outdatasets': None, u'statusFailureMsg': u'', u'taskFailureMsg': u'', u'failedJobdefs': 0, u'ASOURL': u'https://cmsweb.cern.ch/couchdb2', u'command': u'SUBMIT', u'totalJobdefs': 0, u'submissionTime': 1480628233, u'jobdefErrors': [], u'collector': u'cmsgwms-collector-global.cern.ch,cmssrv221.fnal.gov', u'jobList': [[u'failed', 165], [u'failed', 133], [u'finished', 132], [u'failed', 131], [u'running', 130], [u'finished', 137], [u'failed', 136], [u'finished', 135], [u'running', 134], [u'failed', 139], [u'failed', 138], [u'finished', 166], [u'finished', 24], [u'failed', 25], [u'finished', 26], [u'failed', 27], [u'failed', 20], [u'failed', 21], [u'failed', 22], [u'failed', 23], [u'failed', 160], [u'failed', 28], [u'failed', 29], [u'failed', 161], [u'failed', 4], [u'failed', 8], [u'failed', 163], [u'failed', 119], [u'failed', 120], [u'failed', 121], [u'running', 122], [u'failed', 123], [u'failed', 124], [u'failed', 125], [u'failed', 126], [u'failed', 127], [u'failed', 128], [u'failed', 129], [u'finished', 167], [u'finished', 118], [u'failed', 59], [u'failed', 58], [u'finished', 55], [u'failed', 54], [u'failed', 57], [u'running', 56], [u'finished', 51], [u'finished', 50], [u'finished', 53], [u'finished', 52], [u'failed', 164], [u'finished', 115], [u'failed', 114], [u'failed', 88], [u'failed', 89], [u'failed', 111], [u'failed', 110], [u'failed', 113], [u'failed', 112], [u'finished', 82], [u'finished', 83], [u'finished', 80], [u'failed', 81], [u'running', 86], [u'failed', 87], [u'failed', 84], [u'failed', 85], [u'failed', 3], [u'failed', 7], [u'failed', 108], [u'failed', 109], [u'failed', 102], [u'failed', 103], [u'finished', 100], [u'finished', 101], [u'running', 106], [u'running', 107], [u'failed', 104], [u'running', 105], [u'failed', 39], [u'finished', 38], [u'finished', 33], [u'finished', 32], [u'finished', 31], [u'failed', 30], [u'finished', 37], [u'failed', 36], [u'finished', 35], [u'finished', 34], [u'failed', 60], [u'failed', 61], [u'finished', 62], [u'failed', 63], [u'finished', 64], [u'failed', 65], [u'failed', 66], [u'failed', 67], [u'running', 68], [u'transferring', 69], [u'failed', 172], [u'failed', 171], [u'failed', 170], [u'finished', 2], [u'finished', 162], [u'running', 6], [u'failed', 99], [u'failed', 98], [u'failed', 168], [u'failed', 169], [u'failed', 91], [u'failed', 90], [u'finished', 93], [u'finished', 92], [u'finished', 95], [u'finished', 94], [u'failed', 97], [u'finished', 96], [u'failed', 11], [u'failed', 10], [u'failed', 13], [u'failed', 12], [u'failed', 15], [u'failed', 14], [u'transferring', 17], [u'failed', 16], [u'failed', 19], [u'failed', 18], [u'finished', 117], [u'failed', 116], [u'failed', 151], [u'transferring', 150], [u'running', 153], [u'failed', 152], [u'failed', 155], [u'finished', 154], [u'finished', 157], [u'failed', 156], [u'failed', 159], [u'failed', 158], [u'failed', 48], [u'transferring', 49], [u'finished', 46], [u'failed', 47], [u'failed', 44], [u'transferring', 45], [u'running', 42], [u'finished', 43], [u'finished', 40], [u'transferring', 41], [u'finished', 1], [u'failed', 5], [u'failed', 9], [u'failed', 146], [u'failed', 147], [u'finished', 144], [u'failed', 145], [u'failed', 142], [u'failed', 143], [u'failed', 140], [u'finished', 141], [u'failed', 148], [u'failed', 149], [u'finished', 77], [u'finished', 76], [u'failed', 75], [u'failed', 74], [u'failed', 73], [u'finished', 72], [u'failed', 71], [u'failed', 70], [u'failed', 79], [u'transferring', 78]]}
INFO 2016-12-02 09:09:35,720: 	 CRAB project directory:		/grid_mnt/data__data.polcms/cms/lisniak/btgtrain/CMSSW_7_5_8_patch3/src/RecoBTag/PerformanceMeasurements/test/crab_btagana_qcd50
INFO 2016-12-02 09:09:35,721: 	 Task name:			161201_213712:istaslis_crab_btagana_qcd50
INFO 2016-12-02 09:09:35,721: 	 Grid scheduler:			crab3@vocms0107.cern.ch
INFO 2016-12-02 09:09:35,721: 	 Task status:			SUBMITTED
INFO 2016-12-02 09:09:35,721: 	 Dashboard monitoring URL:	http://dashb-cms-job.cern.ch/dashboard/templates/task-analysis/#user=istaslis&table=Mains&pattern=161201_213712%3Aistaslis_crab_btagana_qcd50
INFO 2016-12-02 09:09:35,722: 	 
Jobs status:			failed         61.6% (106/172)
INFO 2016-12-02 09:09:35,722: 	 				finished       27.3% ( 47/172)
INFO 2016-12-02 09:09:35,722: 	 				running         7.0% ( 12/172)
INFO 2016-12-02 09:09:35,722: 	 				transferring    4.1% (  7/172)
INFO 2016-12-02 09:09:35,722: 	 
No publication information (publication has been disabled in the CRAB configuration file)
INFO 2016-12-02 09:09:35,724: 	 
Error Summary: (use crab status --verboseErrors for details about the errors)

106 jobs failed in postprocessing step

Have a look at https://twiki.cern.ch/twiki/bin/viewauth/CMSPublic/JobExitCodes for a description of the exit codes.
INFO 2016-12-02 09:09:35,730: 	 Log file is /grid_mnt/data__data.polcms/cms/lisniak/btgtrain/CMSSW_7_5_8_patch3/src/RecoBTag/PerformanceMeasurements/test/crab_btagana_qcd50/crab.log
DEBUG 2016-12-08 12:59:41,158: 	 Executing command: 'resubmit'
DEBUG 2016-12-08 12:59:41,159: 	 Found CRAB cache file /home/llr/cms/lisniak/.crab3
DEBUG 2016-12-08 12:59:41,166: 	 Checking credentials
DEBUG 2016-12-08 12:59:41,166: 	 Found proxy file /tmp/x509up_u837
DEBUG 2016-12-08 12:59:41,166: 	 Getting proxy life time left
DEBUG 2016-12-08 12:59:41,669: 	 Executing : 
 command : voms-proxy-info -file /tmp/x509up_u837 -timeleft
 output : 86341

 error: 
 retcode : 0
DEBUG 2016-12-08 12:59:42,172: 	 Executing : 
 command : voms-proxy-info -file /tmp/x509up_u837 -actimeleft
 output : 86340

 error: 
 retcode : 0
DEBUG 2016-12-08 12:59:42,173: 	 Proxy valid for 23:59:01 hours
DEBUG 2016-12-08 12:59:42,296: 	 Executing : 
 command : openssl x509 -in ~/.globus/usercert.pem -subject -noout
 output : subject= /DC=ch/DC=cern/OU=Organic Units/OU=Users/CN=istaslis/CN=747350/CN=Stanislav Lisniak

 error: 
 retcode : 0
DEBUG 2016-12-08 12:59:42,297: 	 Checking credentials
DEBUG 2016-12-08 12:59:42,297: 	 Found proxy file /tmp/x509up_u837
DEBUG 2016-12-08 12:59:42,297: 	 Getting proxy life time left
DEBUG 2016-12-08 12:59:42,800: 	 Executing : 
 command : voms-proxy-info -file /tmp/x509up_u837 -timeleft
 output : 86340

 error: 
 retcode : 0
DEBUG 2016-12-08 12:59:43,303: 	 Executing : 
 command : voms-proxy-info -file /tmp/x509up_u837 -actimeleft
 output : 86339

 error: 
 retcode : 0
DEBUG 2016-12-08 12:59:43,303: 	 Proxy valid for 23:59:00 hours
DEBUG 2016-12-08 12:59:43,788: 	 Registering user credentials for server /DC=ch/DC=cern/OU=computers/CN=vocms(045|052|021|031|0118|0118a|0119|0108|0105).cern.ch
DEBUG 2016-12-08 12:59:43,896: 	 Executing : 
 command : openssl x509 -in ~/.globus/usercert.pem -subject -noout
 output : subject= /DC=ch/DC=cern/OU=Organic Units/OU=Users/CN=istaslis/CN=747350/CN=Stanislav Lisniak

 error: 
 retcode : 0
DEBUG 2016-12-08 12:59:43,896: 	 Getting myproxy life time left for myproxy.cern.ch
DEBUG 2016-12-08 12:59:43,896: 	 Calculating hash of /DC=ch/DC=cern/OU=Organic Units/OU=Users/CN=istaslis/CN=747350/CN=Stanislav Lisniak_cmsweb.cern.ch for credential name
DEBUG 2016-12-08 12:59:44,098: 	 Executing : 
 command : myproxy-info -l fb080dc7d4e0790beaeb2d952381dd7a3f1f2fd6 -s myproxy.cern.ch
 output : username: fb080dc7d4e0790beaeb2d952381dd7a3f1f2fd6
owner: /DC=ch/DC=cern/OU=Organic Units/OU=Users/CN=istaslis/CN=747350/CN=Stanislav Lisniak
  renewal policy: /DC=ch/DC=cern/OU=computers/CN=vocms(045|052|021|031|0118|0118a|0119|0108|0105).cern.ch
  trusted retrieval policy: /DC=ch/DC=cern/OU=computers/CN=vocms(045|052|021|031|0118|0118a|0119|0108|0105).cern.ch
  timeleft: 561:16:05  (23.4 days)

 error: 
 retcode : 0
DEBUG 2016-12-08 12:59:44,099: 	 Myproxy is valid: 2020565
DEBUG 2016-12-08 12:59:44,100: 	 Command use: resubmit
DEBUG 2016-12-08 12:59:44,100: 	 Options use: ['crab_btagana_qcd50']
DEBUG 2016-12-08 12:59:44,603: 	 CRABClient version: 3.3.1611
DEBUG 2016-12-08 12:59:44,603: 	 Instance is prod
DEBUG 2016-12-08 12:59:44,603: 	 Server base url is cmsweb.cern.ch
DEBUG 2016-12-08 12:59:44,604: 	 Command url /crabserver/prod/workflow
DEBUG 2016-12-08 12:59:44,604: 	 Requesting resubmission of failed jobs in task 161201_213712:istaslis_crab_btagana_qcd50
INFO 2016-12-08 12:59:44,604: 	 Sending resubmit request to the server.
DEBUG 2016-12-08 12:59:44,604: 	 Submitting {'publication': 0, 'force': 0, 'subresource': 'resubmit', 'workflow': u'161201_213712:istaslis_crab_btagana_qcd50'} 
DEBUG 2016-12-08 12:59:44,604: 	 Encoded resubmit request: publication=0&force=0&subresource=resubmit&workflow=161201_213712%3Aistaslis_crab_btagana_qcd50
DEBUG 2016-12-08 12:59:45,469: 	 Result: {u'result': [{u'result': u'ok'}], u'desc': {u'columns': [u'tm_site_blacklist', u'tm_site_whitelist', u'tm_maxjobruntime', u'tm_maxmemory', u'tm_numcores', u'tm_priority']}}
INFO 2016-12-08 12:59:45,469: 	 Resubmit request sent to the server.
INFO 2016-12-08 12:59:45,469: 	 Please use 'crab status' to check how the resubmission process proceeds.
Notice it may take a couple of minutes for the resubmission to get fully processed.
INFO 2016-12-08 12:59:45,473: 	 Log file is /grid_mnt/data__data.polcms/cms/lisniak/btgtrain/CMSSW_7_5_8_patch3/src/RecoBTag/PerformanceMeasurements/test/crab_btagana_qcd50/crab.log
DEBUG 2016-12-08 16:09:12,106: 	 Executing command: 'status'
DEBUG 2016-12-08 16:09:12,106: 	 Found CRAB cache file /home/llr/cms/lisniak/.crab3
DEBUG 2016-12-08 16:09:12,112: 	 Checking credentials
DEBUG 2016-12-08 16:09:12,112: 	 Found proxy file /tmp/x509up_u837
DEBUG 2016-12-08 16:09:12,112: 	 Getting proxy life time left
DEBUG 2016-12-08 16:09:12,615: 	 Executing : 
 command : voms-proxy-info -file /tmp/x509up_u837 -timeleft
 output : 74970

 error: 
 retcode : 0
DEBUG 2016-12-08 16:09:13,118: 	 Executing : 
 command : voms-proxy-info -file /tmp/x509up_u837 -actimeleft
 output : 74969

 error: 
 retcode : 0
DEBUG 2016-12-08 16:09:13,119: 	 Proxy valid for 20:49:30 hours
DEBUG 2016-12-08 16:09:13,229: 	 Executing : 
 command : openssl x509 -in ~/.globus/usercert.pem -subject -noout
 output : subject= /DC=ch/DC=cern/OU=Organic Units/OU=Users/CN=istaslis/CN=747350/CN=Stanislav Lisniak

 error: 
 retcode : 0
DEBUG 2016-12-08 16:09:13,229: 	 Checking credentials
DEBUG 2016-12-08 16:09:13,229: 	 Found proxy file /tmp/x509up_u837
DEBUG 2016-12-08 16:09:13,229: 	 Getting proxy life time left
DEBUG 2016-12-08 16:09:13,732: 	 Executing : 
 command : voms-proxy-info -file /tmp/x509up_u837 -timeleft
 output : 74969

 error: 
 retcode : 0
DEBUG 2016-12-08 16:09:14,235: 	 Executing : 
 command : voms-proxy-info -file /tmp/x509up_u837 -actimeleft
 output : 74968

 error: 
 retcode : 0
DEBUG 2016-12-08 16:09:14,235: 	 Proxy valid for 20:49:29 hours
DEBUG 2016-12-08 16:09:14,695: 	 Registering user credentials for server /DC=ch/DC=cern/OU=computers/CN=vocms(045|052|021|031|0118|0118a|0119|0108|0105).cern.ch
DEBUG 2016-12-08 16:09:14,801: 	 Executing : 
 command : openssl x509 -in ~/.globus/usercert.pem -subject -noout
 output : subject= /DC=ch/DC=cern/OU=Organic Units/OU=Users/CN=istaslis/CN=747350/CN=Stanislav Lisniak

 error: 
 retcode : 0
DEBUG 2016-12-08 16:09:14,801: 	 Getting myproxy life time left for myproxy.cern.ch
DEBUG 2016-12-08 16:09:14,801: 	 Calculating hash of /DC=ch/DC=cern/OU=Organic Units/OU=Users/CN=istaslis/CN=747350/CN=Stanislav Lisniak_cmsweb.cern.ch for credential name
DEBUG 2016-12-08 16:09:15,004: 	 Executing : 
 command : myproxy-info -l fb080dc7d4e0790beaeb2d952381dd7a3f1f2fd6 -s myproxy.cern.ch
 output : username: fb080dc7d4e0790beaeb2d952381dd7a3f1f2fd6
owner: /DC=ch/DC=cern/OU=Organic Units/OU=Users/CN=istaslis/CN=747350/CN=Stanislav Lisniak
  renewal policy: /DC=ch/DC=cern/OU=computers/CN=vocms(045|052|021|031|0118|0118a|0119|0108|0105).cern.ch
  trusted retrieval policy: /DC=ch/DC=cern/OU=computers/CN=vocms(045|052|021|031|0118|0118a|0119|0108|0105).cern.ch
  timeleft: 558:06:35  (23.3 days)

 error: 
 retcode : 0
DEBUG 2016-12-08 16:09:15,005: 	 Myproxy is valid: 2009195
DEBUG 2016-12-08 16:09:15,005: 	 Command use: status
DEBUG 2016-12-08 16:09:15,005: 	 Options use: ['crab_btagana_qcd50']
DEBUG 2016-12-08 16:09:15,472: 	 CRABClient version: 3.3.1611
DEBUG 2016-12-08 16:09:15,472: 	 Instance is prod
DEBUG 2016-12-08 16:09:15,472: 	 Server base url is cmsweb.cern.ch
DEBUG 2016-12-08 16:09:15,472: 	 Command url /crabserver/prod/workflow
DEBUG 2016-12-08 16:09:15,472: 	 Looking up detailed status of task 161201_213712:istaslis_crab_btagana_qcd50
DEBUG 2016-12-08 16:09:17,059: 	 {u'status': u'SUBMITTED', u'username': u'istaslis', u'jobsPerStatus': {u'finished': 124, u'transferring': 24, u'running': 24}, u'jobs': {u'133': {u'State': u'transferring'}, u'132': {u'State': u'finished'}, u'131': {u'State': u'finished'}, u'130': {u'State': u'finished'}, u'137': {u'State': u'finished'}, u'136': {u'State': u'finished'}, u'135': {u'State': u'finished'}, u'134': {u'State': u'finished'}, u'139': {u'State': u'finished'}, u'138': {u'State': u'finished'}, u'93': {u'State': u'finished'}, u'24': {u'State': u'finished'}, u'25': {u'State': u'finished'}, u'26': {u'State': u'finished'}, u'27': {u'State': u'transferring'}, u'20': {u'State': u'finished'}, u'21': {u'State': u'finished'}, u'22': {u'State': u'running'}, u'23': {u'State': u'running'}, u'95': {u'State': u'finished'}, u'28': {u'State': u'running'}, u'29': {u'State': u'finished'}, u'94': {u'State': u'finished'}, u'4': {u'State': u'running'}, u'8': {u'State': u'finished'}, u'96': {u'State': u'finished'}, u'120': {u'State': u'finished'}, u'121': {u'State': u'running'}, u'122': {u'State': u'finished'}, u'123': {u'State': u'finished'}, u'124': {u'State': u'finished'}, u'125': {u'State': u'finished'}, u'126': {u'State': u'finished'}, u'127': {u'State': u'transferring'}, u'128': {u'State': u'finished'}, u'129': {u'State': u'finished'}, u'91': {u'State': u'transferring'}, u'59': {u'State': u'finished'}, u'58': {u'State': u'finished'}, u'55': {u'State': u'finished'}, u'54': {u'State': u'finished'}, u'57': {u'State': u'transferring'}, u'56': {u'State': u'finished'}, u'51': {u'State': u'finished'}, u'50': {u'State': u'finished'}, u'53': {u'State': u'finished'}, u'52': {u'State': u'finished'}, u'90': {u'State': u'finished'}, u'115': {u'State': u'finished'}, u'114': {u'State': u'transferring'}, u'88': {u'State': u'running'}, u'89': {u'State': u'transferring'}, u'111': {u'State': u'transferring'}, u'110': {u'State': u'finished'}, u'113': {u'State': u'finished'}, u'112': {u'State': u'running'}, u'82': {u'State': u'finished'}, u'83': {u'State': u'finished'}, u'80': {u'State': u'finished'}, u'81': {u'State': u'running'}, u'119': {u'State': u'finished'}, u'118': {u'State': u'finished'}, u'84': {u'State': u'finished'}, u'85': {u'State': u'finished'}, u'3': {u'State': u'running'}, u'7': {u'State': u'transferring'}, u'92': {u'State': u'finished'}, u'108': {u'State': u'running'}, u'109': {u'State': u'running'}, u'102': {u'State': u'transferring'}, u'103': {u'State': u'finished'}, u'100': {u'State': u'finished'}, u'101': {u'State': u'finished'}, u'106': {u'State': u'finished'}, u'107': {u'State': u'finished'}, u'104': {u'State': u'finished'}, u'105': {u'State': u'finished'}, u'39': {u'State': u'finished'}, u'38': {u'State': u'finished'}, u'33': {u'State': u'finished'}, u'32': {u'State': u'finished'}, u'31': {u'State': u'finished'}, u'30': {u'State': u'finished'}, u'37': {u'State': u'finished'}, u'36': {u'State': u'finished'}, u'35': {u'State': u'finished'}, u'34': {u'State': u'finished'}, u'60': {u'State': u'running'}, u'61': {u'State': u'transferring'}, u'62': {u'State': u'finished'}, u'63': {u'State': u'transferring'}, u'64': {u'State': u'finished'}, u'65': {u'State': u'running'}, u'66': {u'State': u'transferring'}, u'67': {u'State': u'running'}, u'68': {u'State': u'finished'}, u'69': {u'State': u'finished'}, u'172': {u'State': u'finished'}, u'171': {u'State': u'finished'}, u'170': {u'State': u'finished'}, u'2': {u'State': u'finished'}, u'6': {u'State': u'finished'}, u'97': {u'State': u'transferring'}, u'99': {u'State': u'transferring'}, u'98': {u'State': u'finished'}, u'168': {u'State': u'finished'}, u'169': {u'State': u'finished'}, u'164': {u'State': u'finished'}, u'165': {u'State': u'finished'}, u'166': {u'State': u'finished'}, u'167': {u'State': u'finished'}, u'160': {u'State': u'transferring'}, u'161': {u'State': u'running'}, u'162': {u'State': u'finished'}, u'163': {u'State': u'finished'}, u'11': {u'State': u'finished'}, u'10': {u'State': u'finished'}, u'13': {u'State': u'finished'}, u'12': {u'State': u'finished'}, u'15': {u'State': u'running'}, u'14': {u'State': u'transferring'}, u'17': {u'State': u'finished'}, u'16': {u'State': u'finished'}, u'19': {u'State': u'running'}, u'18': {u'State': u'finished'}, u'117': {u'State': u'finished'}, u'116': {u'State': u'running'}, u'151': {u'State': u'finished'}, u'150': {u'State': u'finished'}, u'153': {u'State': u'finished'}, u'152': {u'State': u'finished'}, u'155': {u'State': u'finished'}, u'154': {u'State': u'finished'}, u'157': {u'State': u'finished'}, u'156': {u'State': u'running'}, u'159': {u'State': u'transferring'}, u'158': {u'State': u'running'}, u'48': {u'State': u'finished'}, u'49': {u'State': u'finished'}, u'46': {u'State': u'finished'}, u'86': {u'State': u'finished'}, u'44': {u'State': u'finished'}, u'45': {u'State': u'finished'}, u'42': {u'State': u'finished'}, u'43': {u'State': u'finished'}, u'40': {u'State': u'finished'}, u'87': {u'State': u'transferring'}, u'1': {u'State': u'finished'}, u'5': {u'State': u'finished'}, u'9': {u'State': u'finished'}, u'146': {u'State': u'running'}, u'147': {u'State': u'transferring'}, u'144': {u'State': u'finished'}, u'145': {u'State': u'running'}, u'142': {u'State': u'finished'}, u'143': {u'State': u'transferring'}, u'140': {u'State': u'finished'}, u'141': {u'State': u'finished'}, u'148': {u'State': u'finished'}, u'149': {u'State': u'finished'}, u'77': {u'State': u'finished'}, u'76': {u'State': u'finished'}, u'75': {u'State': u'finished'}, u'74': {u'State': u'finished'}, u'73': {u'State': u'running'}, u'72': {u'State': u'finished'}, u'71': {u'State': u'running'}, u'70': {u'State': u'transferring'}, u'79': {u'State': u'transferring'}, u'78': {u'State': u'finished'}, u'41': {u'State': u'finished'}, u'47': {u'State': u'transferring'}}, u'publication': {u'disabled': []}, u'taskWarningMsg': [], u'schedd': u'crab3@vocms0107.cern.ch', u'publicationFailures': {}, u'outdatasets': None, u'statusFailureMsg': u'', u'taskFailureMsg': u'', u'failedJobdefs': 0, u'ASOURL': u'https://cmsweb.cern.ch/couchdb2', u'command': u'', u'totalJobdefs': 0, u'submissionTime': 1480628233, u'jobdefErrors': [], u'collector': u'cmsgwms-collector-global.cern.ch,cmssrv221.fnal.gov', u'jobList': [[u'finished', 165], [u'transferring', 133], [u'finished', 132], [u'finished', 131], [u'finished', 130], [u'finished', 137], [u'finished', 136], [u'finished', 135], [u'finished', 134], [u'finished', 139], [u'finished', 138], [u'finished', 166], [u'finished', 24], [u'finished', 25], [u'finished', 26], [u'transferring', 27], [u'finished', 20], [u'finished', 21], [u'running', 22], [u'running', 23], [u'transferring', 160], [u'running', 28], [u'finished', 29], [u'running', 161], [u'running', 4], [u'finished', 8], [u'finished', 163], [u'finished', 119], [u'finished', 120], [u'running', 121], [u'finished', 122], [u'finished', 123], [u'finished', 124], [u'finished', 125], [u'finished', 126], [u'transferring', 127], [u'finished', 128], [u'finished', 129], [u'finished', 167], [u'finished', 118], [u'finished', 59], [u'finished', 58], [u'finished', 55], [u'finished', 54], [u'transferring', 57], [u'finished', 56], [u'finished', 51], [u'finished', 50], [u'finished', 53], [u'finished', 52], [u'finished', 164], [u'finished', 115], [u'transferring', 114], [u'running', 88], [u'transferring', 89], [u'transferring', 111], [u'finished', 110], [u'finished', 113], [u'running', 112], [u'finished', 82], [u'finished', 83], [u'finished', 80], [u'running', 81], [u'finished', 86], [u'transferring', 87], [u'finished', 84], [u'finished', 85], [u'running', 3], [u'transferring', 7], [u'running', 108], [u'running', 109], [u'transferring', 102], [u'finished', 103], [u'finished', 100], [u'finished', 101], [u'finished', 106], [u'finished', 107], [u'finished', 104], [u'finished', 105], [u'finished', 39], [u'finished', 38], [u'finished', 33], [u'finished', 32], [u'finished', 31], [u'finished', 30], [u'finished', 37], [u'finished', 36], [u'finished', 35], [u'finished', 34], [u'running', 60], [u'transferring', 61], [u'finished', 62], [u'transferring', 63], [u'finished', 64], [u'running', 65], [u'transferring', 66], [u'running', 67], [u'finished', 68], [u'finished', 69], [u'finished', 172], [u'finished', 171], [u'finished', 170], [u'finished', 2], [u'finished', 162], [u'finished', 6], [u'transferring', 99], [u'finished', 98], [u'finished', 168], [u'finished', 169], [u'transferring', 91], [u'finished', 90], [u'finished', 93], [u'finished', 92], [u'finished', 95], [u'finished', 94], [u'transferring', 97], [u'finished', 96], [u'finished', 11], [u'finished', 10], [u'finished', 13], [u'finished', 12], [u'running', 15], [u'transferring', 14], [u'finished', 17], [u'finished', 16], [u'running', 19], [u'finished', 18], [u'finished', 117], [u'running', 116], [u'finished', 151], [u'finished', 150], [u'finished', 153], [u'finished', 152], [u'finished', 155], [u'finished', 154], [u'finished', 157], [u'running', 156], [u'transferring', 159], [u'running', 158], [u'finished', 48], [u'finished', 49], [u'finished', 46], [u'transferring', 47], [u'finished', 44], [u'finished', 45], [u'finished', 42], [u'finished', 43], [u'finished', 40], [u'finished', 41], [u'finished', 1], [u'finished', 5], [u'finished', 9], [u'running', 146], [u'transferring', 147], [u'finished', 144], [u'running', 145], [u'finished', 142], [u'transferring', 143], [u'finished', 140], [u'finished', 141], [u'finished', 148], [u'finished', 149], [u'finished', 77], [u'finished', 76], [u'finished', 75], [u'finished', 74], [u'running', 73], [u'finished', 72], [u'running', 71], [u'transferring', 70], [u'transferring', 79], [u'finished', 78]]}
INFO 2016-12-08 16:09:17,059: 	 CRAB project directory:		/grid_mnt/data__data.polcms/cms/lisniak/btgtrain/CMSSW_7_5_8_patch3/src/RecoBTag/PerformanceMeasurements/test/crab_btagana_qcd50
INFO 2016-12-08 16:09:17,059: 	 Task name:			161201_213712:istaslis_crab_btagana_qcd50
INFO 2016-12-08 16:09:17,059: 	 Grid scheduler:			crab3@vocms0107.cern.ch
INFO 2016-12-08 16:09:17,059: 	 Task status:			SUBMITTED
INFO 2016-12-08 16:09:17,059: 	 Dashboard monitoring URL:	http://dashb-cms-job.cern.ch/dashboard/templates/task-analysis/#user=istaslis&table=Mains&pattern=161201_213712%3Aistaslis_crab_btagana_qcd50
INFO 2016-12-08 16:09:17,060: 	 
Jobs status:			finished       72.1% (124/172)
INFO 2016-12-08 16:09:17,060: 	 				running        14.0% ( 24/172)
INFO 2016-12-08 16:09:17,060: 	 				transferring   14.0% ( 24/172)
INFO 2016-12-08 16:09:17,060: 	 
No publication information (publication has been disabled in the CRAB configuration file)
INFO 2016-12-08 16:09:17,063: 	 Log file is /grid_mnt/data__data.polcms/cms/lisniak/btgtrain/CMSSW_7_5_8_patch3/src/RecoBTag/PerformanceMeasurements/test/crab_btagana_qcd50/crab.log
DEBUG 2016-12-08 18:51:06,638: 	 Executing command: 'status'
DEBUG 2016-12-08 18:51:06,639: 	 Found CRAB cache file /home/llr/cms/lisniak/.crab3
DEBUG 2016-12-08 18:51:06,645: 	 Checking credentials
DEBUG 2016-12-08 18:51:06,645: 	 Found proxy file /tmp/x509up_u837
DEBUG 2016-12-08 18:51:06,645: 	 Getting proxy life time left
DEBUG 2016-12-08 18:51:07,148: 	 Executing : 
 command : voms-proxy-info -file /tmp/x509up_u837 -timeleft
 output : 65255

 error: 
 retcode : 0
DEBUG 2016-12-08 18:51:07,652: 	 Executing : 
 command : voms-proxy-info -file /tmp/x509up_u837 -actimeleft
 output : 65255

 error: 
 retcode : 0
DEBUG 2016-12-08 18:51:07,652: 	 Proxy valid for 18:07:35 hours
DEBUG 2016-12-08 18:51:07,763: 	 Executing : 
 command : openssl x509 -in ~/.globus/usercert.pem -subject -noout
 output : subject= /DC=ch/DC=cern/OU=Organic Units/OU=Users/CN=istaslis/CN=747350/CN=Stanislav Lisniak

 error: 
 retcode : 0
DEBUG 2016-12-08 18:51:07,763: 	 Checking credentials
DEBUG 2016-12-08 18:51:07,763: 	 Found proxy file /tmp/x509up_u837
DEBUG 2016-12-08 18:51:07,763: 	 Getting proxy life time left
DEBUG 2016-12-08 18:51:08,266: 	 Executing : 
 command : voms-proxy-info -file /tmp/x509up_u837 -timeleft
 output : 65254

 error: 
 retcode : 0
DEBUG 2016-12-08 18:51:08,769: 	 Executing : 
 command : voms-proxy-info -file /tmp/x509up_u837 -actimeleft
 output : 65254

 error: 
 retcode : 0
DEBUG 2016-12-08 18:51:08,769: 	 Proxy valid for 18:07:34 hours
DEBUG 2016-12-08 18:51:09,232: 	 Registering user credentials for server /DC=ch/DC=cern/OU=computers/CN=vocms(045|052|021|031|0118|0118a|0119|0108|0105).cern.ch
DEBUG 2016-12-08 18:51:09,339: 	 Executing : 
 command : openssl x509 -in ~/.globus/usercert.pem -subject -noout
 output : subject= /DC=ch/DC=cern/OU=Organic Units/OU=Users/CN=istaslis/CN=747350/CN=Stanislav Lisniak

 error: 
 retcode : 0
DEBUG 2016-12-08 18:51:09,339: 	 Getting myproxy life time left for myproxy.cern.ch
DEBUG 2016-12-08 18:51:09,339: 	 Calculating hash of /DC=ch/DC=cern/OU=Organic Units/OU=Users/CN=istaslis/CN=747350/CN=Stanislav Lisniak_cmsweb.cern.ch for credential name
DEBUG 2016-12-08 18:51:09,642: 	 Executing : 
 command : myproxy-info -l fb080dc7d4e0790beaeb2d952381dd7a3f1f2fd6 -s myproxy.cern.ch
 output : username: fb080dc7d4e0790beaeb2d952381dd7a3f1f2fd6
owner: /DC=ch/DC=cern/OU=Organic Units/OU=Users/CN=istaslis/CN=747350/CN=Stanislav Lisniak
  renewal policy: /DC=ch/DC=cern/OU=computers/CN=vocms(045|052|021|031|0118|0118a|0119|0108|0105).cern.ch
  trusted retrieval policy: /DC=ch/DC=cern/OU=computers/CN=vocms(045|052|021|031|0118|0118a|0119|0108|0105).cern.ch
  timeleft: 555:24:40  (23.1 days)

 error: 
 retcode : 0
DEBUG 2016-12-08 18:51:09,643: 	 Myproxy is valid: 1999480
DEBUG 2016-12-08 18:51:09,643: 	 Command use: status
DEBUG 2016-12-08 18:51:09,643: 	 Options use: ['crab_btagana_qcd50']
DEBUG 2016-12-08 18:51:10,126: 	 CRABClient version: 3.3.1611
DEBUG 2016-12-08 18:51:10,126: 	 Instance is prod
DEBUG 2016-12-08 18:51:10,126: 	 Server base url is cmsweb.cern.ch
DEBUG 2016-12-08 18:51:10,126: 	 Command url /crabserver/prod/workflow
DEBUG 2016-12-08 18:51:10,126: 	 Looking up detailed status of task 161201_213712:istaslis_crab_btagana_qcd50
DEBUG 2016-12-08 18:51:14,237: 	 {u'status': u'SUBMITTED', u'username': u'istaslis', u'jobsPerStatus': {u'finished': 166, u'transferring': 1, u'running': 5}, u'jobs': {u'133': {u'State': u'finished'}, u'132': {u'State': u'finished'}, u'131': {u'State': u'finished'}, u'130': {u'State': u'finished'}, u'137': {u'State': u'finished'}, u'136': {u'State': u'finished'}, u'135': {u'State': u'finished'}, u'134': {u'State': u'finished'}, u'139': {u'State': u'finished'}, u'138': {u'State': u'finished'}, u'93': {u'State': u'finished'}, u'24': {u'State': u'finished'}, u'25': {u'State': u'finished'}, u'26': {u'State': u'finished'}, u'27': {u'State': u'finished'}, u'20': {u'State': u'finished'}, u'21': {u'State': u'finished'}, u'22': {u'State': u'finished'}, u'23': {u'State': u'finished'}, u'95': {u'State': u'finished'}, u'28': {u'State': u'finished'}, u'29': {u'State': u'finished'}, u'94': {u'State': u'finished'}, u'4': {u'State': u'finished'}, u'8': {u'State': u'finished'}, u'96': {u'State': u'finished'}, u'120': {u'State': u'finished'}, u'121': {u'State': u'running'}, u'122': {u'State': u'finished'}, u'123': {u'State': u'finished'}, u'124': {u'State': u'finished'}, u'125': {u'State': u'finished'}, u'126': {u'State': u'finished'}, u'127': {u'State': u'finished'}, u'128': {u'State': u'finished'}, u'129': {u'State': u'finished'}, u'91': {u'State': u'finished'}, u'59': {u'State': u'finished'}, u'58': {u'State': u'finished'}, u'55': {u'State': u'finished'}, u'54': {u'State': u'finished'}, u'57': {u'State': u'finished'}, u'56': {u'State': u'finished'}, u'51': {u'State': u'finished'}, u'50': {u'State': u'finished'}, u'53': {u'State': u'finished'}, u'52': {u'State': u'finished'}, u'90': {u'State': u'finished'}, u'115': {u'State': u'finished'}, u'114': {u'State': u'finished'}, u'88': {u'State': u'finished'}, u'89': {u'State': u'finished'}, u'111': {u'State': u'finished'}, u'110': {u'State': u'finished'}, u'113': {u'State': u'finished'}, u'112': {u'State': u'finished'}, u'82': {u'State': u'finished'}, u'83': {u'State': u'finished'}, u'80': {u'State': u'finished'}, u'81': {u'State': u'transferring'}, u'119': {u'State': u'finished'}, u'118': {u'State': u'finished'}, u'84': {u'State': u'finished'}, u'85': {u'State': u'finished'}, u'3': {u'State': u'finished'}, u'7': {u'State': u'finished'}, u'92': {u'State': u'finished'}, u'108': {u'State': u'running'}, u'109': {u'State': u'running'}, u'102': {u'State': u'finished'}, u'103': {u'State': u'finished'}, u'100': {u'State': u'finished'}, u'101': {u'State': u'finished'}, u'106': {u'State': u'finished'}, u'107': {u'State': u'finished'}, u'104': {u'State': u'finished'}, u'105': {u'State': u'finished'}, u'39': {u'State': u'finished'}, u'38': {u'State': u'finished'}, u'33': {u'State': u'finished'}, u'32': {u'State': u'finished'}, u'31': {u'State': u'finished'}, u'30': {u'State': u'finished'}, u'37': {u'State': u'finished'}, u'36': {u'State': u'finished'}, u'35': {u'State': u'finished'}, u'34': {u'State': u'finished'}, u'60': {u'State': u'finished'}, u'61': {u'State': u'finished'}, u'62': {u'State': u'finished'}, u'63': {u'State': u'finished'}, u'64': {u'State': u'finished'}, u'65': {u'State': u'running'}, u'66': {u'State': u'finished'}, u'67': {u'State': u'finished'}, u'68': {u'State': u'finished'}, u'69': {u'State': u'finished'}, u'172': {u'State': u'finished'}, u'171': {u'State': u'finished'}, u'170': {u'State': u'finished'}, u'2': {u'State': u'finished'}, u'6': {u'State': u'finished'}, u'97': {u'State': u'finished'}, u'99': {u'State': u'finished'}, u'98': {u'State': u'finished'}, u'168': {u'State': u'finished'}, u'169': {u'State': u'finished'}, u'164': {u'State': u'finished'}, u'165': {u'State': u'finished'}, u'166': {u'State': u'finished'}, u'167': {u'State': u'finished'}, u'160': {u'State': u'finished'}, u'161': {u'State': u'finished'}, u'162': {u'State': u'finished'}, u'163': {u'State': u'finished'}, u'11': {u'State': u'finished'}, u'10': {u'State': u'finished'}, u'13': {u'State': u'finished'}, u'12': {u'State': u'finished'}, u'15': {u'State': u'finished'}, u'14': {u'State': u'finished'}, u'17': {u'State': u'finished'}, u'16': {u'State': u'finished'}, u'19': {u'State': u'finished'}, u'18': {u'State': u'finished'}, u'117': {u'State': u'finished'}, u'116': {u'State': u'finished'}, u'151': {u'State': u'finished'}, u'150': {u'State': u'finished'}, u'153': {u'State': u'finished'}, u'152': {u'State': u'finished'}, u'155': {u'State': u'finished'}, u'154': {u'State': u'finished'}, u'157': {u'State': u'finished'}, u'156': {u'State': u'finished'}, u'159': {u'State': u'finished'}, u'158': {u'State': u'finished'}, u'48': {u'State': u'finished'}, u'49': {u'State': u'finished'}, u'46': {u'State': u'finished'}, u'86': {u'State': u'finished'}, u'44': {u'State': u'finished'}, u'45': {u'State': u'finished'}, u'42': {u'State': u'finished'}, u'43': {u'State': u'finished'}, u'40': {u'State': u'finished'}, u'87': {u'State': u'finished'}, u'1': {u'State': u'finished'}, u'5': {u'State': u'finished'}, u'9': {u'State': u'finished'}, u'146': {u'State': u'finished'}, u'147': {u'State': u'finished'}, u'144': {u'State': u'finished'}, u'145': {u'State': u'finished'}, u'142': {u'State': u'finished'}, u'143': {u'State': u'finished'}, u'140': {u'State': u'finished'}, u'141': {u'State': u'finished'}, u'148': {u'State': u'finished'}, u'149': {u'State': u'finished'}, u'77': {u'State': u'finished'}, u'76': {u'State': u'finished'}, u'75': {u'State': u'finished'}, u'74': {u'State': u'finished'}, u'73': {u'State': u'running'}, u'72': {u'State': u'finished'}, u'71': {u'State': u'finished'}, u'70': {u'State': u'finished'}, u'79': {u'State': u'finished'}, u'78': {u'State': u'finished'}, u'41': {u'State': u'finished'}, u'47': {u'State': u'finished'}}, u'publication': {u'disabled': []}, u'taskWarningMsg': [], u'schedd': u'crab3@vocms0107.cern.ch', u'publicationFailures': {}, u'outdatasets': None, u'statusFailureMsg': u'', u'taskFailureMsg': u'', u'failedJobdefs': 0, u'ASOURL': u'https://cmsweb.cern.ch/couchdb2', u'command': u'', u'totalJobdefs': 0, u'submissionTime': 1480628233, u'jobdefErrors': [], u'collector': u'cmsgwms-collector-global.cern.ch,cmssrv221.fnal.gov', u'jobList': [[u'finished', 165], [u'finished', 133], [u'finished', 132], [u'finished', 131], [u'finished', 130], [u'finished', 137], [u'finished', 136], [u'finished', 135], [u'finished', 134], [u'finished', 139], [u'finished', 138], [u'finished', 166], [u'finished', 24], [u'finished', 25], [u'finished', 26], [u'finished', 27], [u'finished', 20], [u'finished', 21], [u'finished', 22], [u'finished', 23], [u'finished', 160], [u'finished', 28], [u'finished', 29], [u'finished', 161], [u'finished', 4], [u'finished', 8], [u'finished', 163], [u'finished', 119], [u'finished', 120], [u'running', 121], [u'finished', 122], [u'finished', 123], [u'finished', 124], [u'finished', 125], [u'finished', 126], [u'finished', 127], [u'finished', 128], [u'finished', 129], [u'finished', 167], [u'finished', 118], [u'finished', 59], [u'finished', 58], [u'finished', 55], [u'finished', 54], [u'finished', 57], [u'finished', 56], [u'finished', 51], [u'finished', 50], [u'finished', 53], [u'finished', 52], [u'finished', 164], [u'finished', 115], [u'finished', 114], [u'finished', 88], [u'finished', 89], [u'finished', 111], [u'finished', 110], [u'finished', 113], [u'finished', 112], [u'finished', 82], [u'finished', 83], [u'finished', 80], [u'transferring', 81], [u'finished', 86], [u'finished', 87], [u'finished', 84], [u'finished', 85], [u'finished', 3], [u'finished', 7], [u'running', 108], [u'running', 109], [u'finished', 102], [u'finished', 103], [u'finished', 100], [u'finished', 101], [u'finished', 106], [u'finished', 107], [u'finished', 104], [u'finished', 105], [u'finished', 39], [u'finished', 38], [u'finished', 33], [u'finished', 32], [u'finished', 31], [u'finished', 30], [u'finished', 37], [u'finished', 36], [u'finished', 35], [u'finished', 34], [u'finished', 60], [u'finished', 61], [u'finished', 62], [u'finished', 63], [u'finished', 64], [u'running', 65], [u'finished', 66], [u'finished', 67], [u'finished', 68], [u'finished', 69], [u'finished', 172], [u'finished', 171], [u'finished', 170], [u'finished', 2], [u'finished', 162], [u'finished', 6], [u'finished', 99], [u'finished', 98], [u'finished', 168], [u'finished', 169], [u'finished', 91], [u'finished', 90], [u'finished', 93], [u'finished', 92], [u'finished', 95], [u'finished', 94], [u'finished', 97], [u'finished', 96], [u'finished', 11], [u'finished', 10], [u'finished', 13], [u'finished', 12], [u'finished', 15], [u'finished', 14], [u'finished', 17], [u'finished', 16], [u'finished', 19], [u'finished', 18], [u'finished', 117], [u'finished', 116], [u'finished', 151], [u'finished', 150], [u'finished', 153], [u'finished', 152], [u'finished', 155], [u'finished', 154], [u'finished', 157], [u'finished', 156], [u'finished', 159], [u'finished', 158], [u'finished', 48], [u'finished', 49], [u'finished', 46], [u'finished', 47], [u'finished', 44], [u'finished', 45], [u'finished', 42], [u'finished', 43], [u'finished', 40], [u'finished', 41], [u'finished', 1], [u'finished', 5], [u'finished', 9], [u'finished', 146], [u'finished', 147], [u'finished', 144], [u'finished', 145], [u'finished', 142], [u'finished', 143], [u'finished', 140], [u'finished', 141], [u'finished', 148], [u'finished', 149], [u'finished', 77], [u'finished', 76], [u'finished', 75], [u'finished', 74], [u'running', 73], [u'finished', 72], [u'finished', 71], [u'finished', 70], [u'finished', 79], [u'finished', 78]]}
INFO 2016-12-08 18:51:14,237: 	 CRAB project directory:		/grid_mnt/data__data.polcms/cms/lisniak/btgtrain/CMSSW_7_5_8_patch3/src/RecoBTag/PerformanceMeasurements/test/crab_btagana_qcd50
INFO 2016-12-08 18:51:14,237: 	 Task name:			161201_213712:istaslis_crab_btagana_qcd50
INFO 2016-12-08 18:51:14,237: 	 Grid scheduler:			crab3@vocms0107.cern.ch
INFO 2016-12-08 18:51:14,238: 	 Task status:			SUBMITTED
INFO 2016-12-08 18:51:14,238: 	 Dashboard monitoring URL:	http://dashb-cms-job.cern.ch/dashboard/templates/task-analysis/#user=istaslis&table=Mains&pattern=161201_213712%3Aistaslis_crab_btagana_qcd50
INFO 2016-12-08 18:51:14,238: 	 
Jobs status:			finished       96.5% (166/172)
INFO 2016-12-08 18:51:14,238: 	 				running         2.9% (  5/172)
INFO 2016-12-08 18:51:14,238: 	 				transferring    0.6% (  1/172)
INFO 2016-12-08 18:51:14,238: 	 
No publication information (publication has been disabled in the CRAB configuration file)
INFO 2016-12-08 18:51:14,245: 	 Log file is /grid_mnt/data__data.polcms/cms/lisniak/btgtrain/CMSSW_7_5_8_patch3/src/RecoBTag/PerformanceMeasurements/test/crab_btagana_qcd50/crab.log
DEBUG 2016-12-08 20:51:45,657: 	 Executing command: 'status'
DEBUG 2016-12-08 20:51:45,657: 	 Found CRAB cache file /home/llr/cms/lisniak/.crab3
DEBUG 2016-12-08 20:51:45,663: 	 Checking credentials
DEBUG 2016-12-08 20:51:45,663: 	 Found proxy file /tmp/x509up_u837
DEBUG 2016-12-08 20:51:45,663: 	 Getting proxy life time left
DEBUG 2016-12-08 20:51:46,166: 	 Executing : 
 command : voms-proxy-info -file /tmp/x509up_u837 -timeleft
 output : 58016

 error: 
 retcode : 0
DEBUG 2016-12-08 20:51:46,670: 	 Executing : 
 command : voms-proxy-info -file /tmp/x509up_u837 -actimeleft
 output : 58016

 error: 
 retcode : 0
DEBUG 2016-12-08 20:51:46,670: 	 Proxy valid for 16:06:56 hours
DEBUG 2016-12-08 20:51:46,780: 	 Executing : 
 command : openssl x509 -in ~/.globus/usercert.pem -subject -noout
 output : subject= /DC=ch/DC=cern/OU=Organic Units/OU=Users/CN=istaslis/CN=747350/CN=Stanislav Lisniak

 error: 
 retcode : 0
DEBUG 2016-12-08 20:51:46,781: 	 Checking credentials
DEBUG 2016-12-08 20:51:46,781: 	 Found proxy file /tmp/x509up_u837
DEBUG 2016-12-08 20:51:46,781: 	 Getting proxy life time left
DEBUG 2016-12-08 20:51:47,284: 	 Executing : 
 command : voms-proxy-info -file /tmp/x509up_u837 -timeleft
 output : 58015

 error: 
 retcode : 0
DEBUG 2016-12-08 20:51:47,787: 	 Executing : 
 command : voms-proxy-info -file /tmp/x509up_u837 -actimeleft
 output : 58015

 error: 
 retcode : 0
DEBUG 2016-12-08 20:51:47,787: 	 Proxy valid for 16:06:55 hours
DEBUG 2016-12-08 20:51:48,252: 	 Registering user credentials for server /DC=ch/DC=cern/OU=computers/CN=vocms(045|052|021|031|0118|0118a|0119|0108|0105).cern.ch
DEBUG 2016-12-08 20:51:48,359: 	 Executing : 
 command : openssl x509 -in ~/.globus/usercert.pem -subject -noout
 output : subject= /DC=ch/DC=cern/OU=Organic Units/OU=Users/CN=istaslis/CN=747350/CN=Stanislav Lisniak

 error: 
 retcode : 0
DEBUG 2016-12-08 20:51:48,359: 	 Getting myproxy life time left for myproxy.cern.ch
DEBUG 2016-12-08 20:51:48,359: 	 Calculating hash of /DC=ch/DC=cern/OU=Organic Units/OU=Users/CN=istaslis/CN=747350/CN=Stanislav Lisniak_cmsweb.cern.ch for credential name
DEBUG 2016-12-08 20:51:48,662: 	 Executing : 
 command : myproxy-info -l fb080dc7d4e0790beaeb2d952381dd7a3f1f2fd6 -s myproxy.cern.ch
 output : username: fb080dc7d4e0790beaeb2d952381dd7a3f1f2fd6
owner: /DC=ch/DC=cern/OU=Organic Units/OU=Users/CN=istaslis/CN=747350/CN=Stanislav Lisniak
  renewal policy: /DC=ch/DC=cern/OU=computers/CN=vocms(045|052|021|031|0118|0118a|0119|0108|0105).cern.ch
  trusted retrieval policy: /DC=ch/DC=cern/OU=computers/CN=vocms(045|052|021|031|0118|0118a|0119|0108|0105).cern.ch
  timeleft: 553:24:01  (23.1 days)

 error: 
 retcode : 0
DEBUG 2016-12-08 20:51:48,663: 	 Myproxy is valid: 1992241
DEBUG 2016-12-08 20:51:48,663: 	 Command use: status
DEBUG 2016-12-08 20:51:48,663: 	 Options use: ['crab_btagana_qcd50']
DEBUG 2016-12-08 20:51:49,148: 	 CRABClient version: 3.3.1611
DEBUG 2016-12-08 20:51:49,148: 	 Instance is prod
DEBUG 2016-12-08 20:51:49,148: 	 Server base url is cmsweb.cern.ch
DEBUG 2016-12-08 20:51:49,148: 	 Command url /crabserver/prod/workflow
DEBUG 2016-12-08 20:51:49,148: 	 Looking up detailed status of task 161201_213712:istaslis_crab_btagana_qcd50
DEBUG 2016-12-08 20:51:52,582: 	 {u'status': u'SUBMITTED', u'username': u'istaslis', u'jobsPerStatus': {u'finished': 166, u'transferring': 5, u'running': 1}, u'jobs': {u'133': {u'State': u'finished'}, u'132': {u'State': u'finished'}, u'131': {u'State': u'finished'}, u'130': {u'State': u'finished'}, u'137': {u'State': u'finished'}, u'136': {u'State': u'finished'}, u'135': {u'State': u'finished'}, u'134': {u'State': u'finished'}, u'139': {u'State': u'finished'}, u'138': {u'State': u'finished'}, u'93': {u'State': u'finished'}, u'24': {u'State': u'finished'}, u'25': {u'State': u'finished'}, u'26': {u'State': u'finished'}, u'27': {u'State': u'finished'}, u'20': {u'State': u'finished'}, u'21': {u'State': u'finished'}, u'22': {u'State': u'finished'}, u'23': {u'State': u'finished'}, u'95': {u'State': u'finished'}, u'28': {u'State': u'finished'}, u'29': {u'State': u'finished'}, u'94': {u'State': u'finished'}, u'4': {u'State': u'finished'}, u'8': {u'State': u'finished'}, u'96': {u'State': u'finished'}, u'120': {u'State': u'finished'}, u'121': {u'State': u'transferring'}, u'122': {u'State': u'finished'}, u'123': {u'State': u'finished'}, u'124': {u'State': u'finished'}, u'125': {u'State': u'finished'}, u'126': {u'State': u'finished'}, u'127': {u'State': u'finished'}, u'128': {u'State': u'finished'}, u'129': {u'State': u'finished'}, u'91': {u'State': u'finished'}, u'59': {u'State': u'finished'}, u'58': {u'State': u'finished'}, u'55': {u'State': u'finished'}, u'54': {u'State': u'finished'}, u'57': {u'State': u'finished'}, u'56': {u'State': u'finished'}, u'51': {u'State': u'finished'}, u'50': {u'State': u'finished'}, u'53': {u'State': u'finished'}, u'52': {u'State': u'finished'}, u'90': {u'State': u'finished'}, u'115': {u'State': u'finished'}, u'114': {u'State': u'finished'}, u'88': {u'State': u'finished'}, u'89': {u'State': u'finished'}, u'111': {u'State': u'finished'}, u'110': {u'State': u'finished'}, u'113': {u'State': u'finished'}, u'112': {u'State': u'finished'}, u'82': {u'State': u'finished'}, u'83': {u'State': u'finished'}, u'80': {u'State': u'finished'}, u'81': {u'State': u'transferring'}, u'119': {u'State': u'finished'}, u'118': {u'State': u'finished'}, u'84': {u'State': u'finished'}, u'85': {u'State': u'finished'}, u'3': {u'State': u'finished'}, u'7': {u'State': u'finished'}, u'92': {u'State': u'finished'}, u'108': {u'State': u'transferring'}, u'109': {u'State': u'running'}, u'102': {u'State': u'finished'}, u'103': {u'State': u'finished'}, u'100': {u'State': u'finished'}, u'101': {u'State': u'finished'}, u'106': {u'State': u'finished'}, u'107': {u'State': u'finished'}, u'104': {u'State': u'finished'}, u'105': {u'State': u'finished'}, u'39': {u'State': u'finished'}, u'38': {u'State': u'finished'}, u'33': {u'State': u'finished'}, u'32': {u'State': u'finished'}, u'31': {u'State': u'finished'}, u'30': {u'State': u'finished'}, u'37': {u'State': u'finished'}, u'36': {u'State': u'finished'}, u'35': {u'State': u'finished'}, u'34': {u'State': u'finished'}, u'60': {u'State': u'finished'}, u'61': {u'State': u'finished'}, u'62': {u'State': u'finished'}, u'63': {u'State': u'finished'}, u'64': {u'State': u'finished'}, u'65': {u'State': u'transferring'}, u'66': {u'State': u'finished'}, u'67': {u'State': u'finished'}, u'68': {u'State': u'finished'}, u'69': {u'State': u'finished'}, u'172': {u'State': u'finished'}, u'171': {u'State': u'finished'}, u'170': {u'State': u'finished'}, u'2': {u'State': u'finished'}, u'6': {u'State': u'finished'}, u'97': {u'State': u'finished'}, u'99': {u'State': u'finished'}, u'98': {u'State': u'finished'}, u'168': {u'State': u'finished'}, u'169': {u'State': u'finished'}, u'164': {u'State': u'finished'}, u'165': {u'State': u'finished'}, u'166': {u'State': u'finished'}, u'167': {u'State': u'finished'}, u'160': {u'State': u'finished'}, u'161': {u'State': u'finished'}, u'162': {u'State': u'finished'}, u'163': {u'State': u'finished'}, u'11': {u'State': u'finished'}, u'10': {u'State': u'finished'}, u'13': {u'State': u'finished'}, u'12': {u'State': u'finished'}, u'15': {u'State': u'finished'}, u'14': {u'State': u'finished'}, u'17': {u'State': u'finished'}, u'16': {u'State': u'finished'}, u'19': {u'State': u'finished'}, u'18': {u'State': u'finished'}, u'117': {u'State': u'finished'}, u'116': {u'State': u'finished'}, u'151': {u'State': u'finished'}, u'150': {u'State': u'finished'}, u'153': {u'State': u'finished'}, u'152': {u'State': u'finished'}, u'155': {u'State': u'finished'}, u'154': {u'State': u'finished'}, u'157': {u'State': u'finished'}, u'156': {u'State': u'finished'}, u'159': {u'State': u'finished'}, u'158': {u'State': u'finished'}, u'48': {u'State': u'finished'}, u'49': {u'State': u'finished'}, u'46': {u'State': u'finished'}, u'86': {u'State': u'finished'}, u'44': {u'State': u'finished'}, u'45': {u'State': u'finished'}, u'42': {u'State': u'finished'}, u'43': {u'State': u'finished'}, u'40': {u'State': u'finished'}, u'87': {u'State': u'finished'}, u'1': {u'State': u'finished'}, u'5': {u'State': u'finished'}, u'9': {u'State': u'finished'}, u'146': {u'State': u'finished'}, u'147': {u'State': u'finished'}, u'144': {u'State': u'finished'}, u'145': {u'State': u'finished'}, u'142': {u'State': u'finished'}, u'143': {u'State': u'finished'}, u'140': {u'State': u'finished'}, u'141': {u'State': u'finished'}, u'148': {u'State': u'finished'}, u'149': {u'State': u'finished'}, u'77': {u'State': u'finished'}, u'76': {u'State': u'finished'}, u'75': {u'State': u'finished'}, u'74': {u'State': u'finished'}, u'73': {u'State': u'transferring'}, u'72': {u'State': u'finished'}, u'71': {u'State': u'finished'}, u'70': {u'State': u'finished'}, u'79': {u'State': u'finished'}, u'78': {u'State': u'finished'}, u'41': {u'State': u'finished'}, u'47': {u'State': u'finished'}}, u'publication': {u'disabled': []}, u'taskWarningMsg': [], u'schedd': u'crab3@vocms0107.cern.ch', u'publicationFailures': {}, u'outdatasets': None, u'statusFailureMsg': u'', u'taskFailureMsg': u'', u'failedJobdefs': 0, u'ASOURL': u'https://cmsweb.cern.ch/couchdb2', u'command': u'', u'totalJobdefs': 0, u'submissionTime': 1480628233, u'jobdefErrors': [], u'collector': u'cmsgwms-collector-global.cern.ch,cmssrv221.fnal.gov', u'jobList': [[u'finished', 165], [u'finished', 133], [u'finished', 132], [u'finished', 131], [u'finished', 130], [u'finished', 137], [u'finished', 136], [u'finished', 135], [u'finished', 134], [u'finished', 139], [u'finished', 138], [u'finished', 166], [u'finished', 24], [u'finished', 25], [u'finished', 26], [u'finished', 27], [u'finished', 20], [u'finished', 21], [u'finished', 22], [u'finished', 23], [u'finished', 160], [u'finished', 28], [u'finished', 29], [u'finished', 161], [u'finished', 4], [u'finished', 8], [u'finished', 163], [u'finished', 119], [u'finished', 120], [u'transferring', 121], [u'finished', 122], [u'finished', 123], [u'finished', 124], [u'finished', 125], [u'finished', 126], [u'finished', 127], [u'finished', 128], [u'finished', 129], [u'finished', 167], [u'finished', 118], [u'finished', 59], [u'finished', 58], [u'finished', 55], [u'finished', 54], [u'finished', 57], [u'finished', 56], [u'finished', 51], [u'finished', 50], [u'finished', 53], [u'finished', 52], [u'finished', 164], [u'finished', 115], [u'finished', 114], [u'finished', 88], [u'finished', 89], [u'finished', 111], [u'finished', 110], [u'finished', 113], [u'finished', 112], [u'finished', 82], [u'finished', 83], [u'finished', 80], [u'transferring', 81], [u'finished', 86], [u'finished', 87], [u'finished', 84], [u'finished', 85], [u'finished', 3], [u'finished', 7], [u'transferring', 108], [u'running', 109], [u'finished', 102], [u'finished', 103], [u'finished', 100], [u'finished', 101], [u'finished', 106], [u'finished', 107], [u'finished', 104], [u'finished', 105], [u'finished', 39], [u'finished', 38], [u'finished', 33], [u'finished', 32], [u'finished', 31], [u'finished', 30], [u'finished', 37], [u'finished', 36], [u'finished', 35], [u'finished', 34], [u'finished', 60], [u'finished', 61], [u'finished', 62], [u'finished', 63], [u'finished', 64], [u'transferring', 65], [u'finished', 66], [u'finished', 67], [u'finished', 68], [u'finished', 69], [u'finished', 172], [u'finished', 171], [u'finished', 170], [u'finished', 2], [u'finished', 162], [u'finished', 6], [u'finished', 99], [u'finished', 98], [u'finished', 168], [u'finished', 169], [u'finished', 91], [u'finished', 90], [u'finished', 93], [u'finished', 92], [u'finished', 95], [u'finished', 94], [u'finished', 97], [u'finished', 96], [u'finished', 11], [u'finished', 10], [u'finished', 13], [u'finished', 12], [u'finished', 15], [u'finished', 14], [u'finished', 17], [u'finished', 16], [u'finished', 19], [u'finished', 18], [u'finished', 117], [u'finished', 116], [u'finished', 151], [u'finished', 150], [u'finished', 153], [u'finished', 152], [u'finished', 155], [u'finished', 154], [u'finished', 157], [u'finished', 156], [u'finished', 159], [u'finished', 158], [u'finished', 48], [u'finished', 49], [u'finished', 46], [u'finished', 47], [u'finished', 44], [u'finished', 45], [u'finished', 42], [u'finished', 43], [u'finished', 40], [u'finished', 41], [u'finished', 1], [u'finished', 5], [u'finished', 9], [u'finished', 146], [u'finished', 147], [u'finished', 144], [u'finished', 145], [u'finished', 142], [u'finished', 143], [u'finished', 140], [u'finished', 141], [u'finished', 148], [u'finished', 149], [u'finished', 77], [u'finished', 76], [u'finished', 75], [u'finished', 74], [u'transferring', 73], [u'finished', 72], [u'finished', 71], [u'finished', 70], [u'finished', 79], [u'finished', 78]]}
INFO 2016-12-08 20:51:52,582: 	 CRAB project directory:		/grid_mnt/data__data.polcms/cms/lisniak/btgtrain/CMSSW_7_5_8_patch3/src/RecoBTag/PerformanceMeasurements/test/crab_btagana_qcd50
INFO 2016-12-08 20:51:52,582: 	 Task name:			161201_213712:istaslis_crab_btagana_qcd50
INFO 2016-12-08 20:51:52,583: 	 Grid scheduler:			crab3@vocms0107.cern.ch
INFO 2016-12-08 20:51:52,583: 	 Task status:			SUBMITTED
INFO 2016-12-08 20:51:52,583: 	 Dashboard monitoring URL:	http://dashb-cms-job.cern.ch/dashboard/templates/task-analysis/#user=istaslis&table=Mains&pattern=161201_213712%3Aistaslis_crab_btagana_qcd50
INFO 2016-12-08 20:51:52,583: 	 
Jobs status:			finished       96.5% (166/172)
INFO 2016-12-08 20:51:52,583: 	 				running         0.6% (  1/172)
INFO 2016-12-08 20:51:52,583: 	 				transferring    2.9% (  5/172)
INFO 2016-12-08 20:51:52,583: 	 
No publication information (publication has been disabled in the CRAB configuration file)
INFO 2016-12-08 20:51:52,587: 	 Log file is /grid_mnt/data__data.polcms/cms/lisniak/btgtrain/CMSSW_7_5_8_patch3/src/RecoBTag/PerformanceMeasurements/test/crab_btagana_qcd50/crab.log
