('Running on files ', ['fcr_99.root'])
('Output file ', 'JetTree_fcr.root')
('N events ', -1)
# Conditions read from  CMS_CONDITIONS  via FrontierProd 
DEBUG 2016-12-12 12:08:50,829: 	 Executing command: 'submit'
DEBUG 2016-12-12 12:08:50,830: 	 Found CRAB cache file /home/llr/cms/lisniak/.crab3
DEBUG 2016-12-12 12:08:50,845: 	 Checking credentials
DEBUG 2016-12-12 12:08:50,845: 	 Found proxy file /tmp/x509up_u837
DEBUG 2016-12-12 12:08:50,845: 	 Getting proxy life time left
DEBUG 2016-12-12 12:08:51,348: 	 Executing : 
 command : voms-proxy-info -file /tmp/x509up_u837 -timeleft
 output : 86243

 error: 
 retcode : 0
DEBUG 2016-12-12 12:08:51,851: 	 Executing : 
 command : voms-proxy-info -file /tmp/x509up_u837 -actimeleft
 output : 86243

 error: 
 retcode : 0
DEBUG 2016-12-12 12:08:51,852: 	 Proxy valid for 23:57:23 hours
INFO 2016-12-12 12:08:51,852: 	 Will use CRAB configuration file crabConfigQCD.py
DEBUG 2016-12-12 12:08:51,852: 	 Loading CRAB configuration file.
DEBUG 2016-12-12 12:08:54,009: 	 Will use CRAB Analysis plugin (i.e. will run an analysis job type).
DEBUG 2016-12-12 12:08:54,119: 	 Executing : 
 command : openssl x509 -in ~/.globus/usercert.pem -subject -noout
 output : subject= /DC=ch/DC=cern/OU=Organic Units/OU=Users/CN=istaslis/CN=747350/CN=Stanislav Lisniak

 error: 
 retcode : 0
DEBUG 2016-12-12 12:08:54,119: 	 Checking credentials
DEBUG 2016-12-12 12:08:54,120: 	 Found proxy file /tmp/x509up_u837
DEBUG 2016-12-12 12:08:54,120: 	 Getting proxy life time left
DEBUG 2016-12-12 12:08:54,623: 	 Executing : 
 command : voms-proxy-info -file /tmp/x509up_u837 -timeleft
 output : 86240

 error: 
 retcode : 0
DEBUG 2016-12-12 12:08:55,126: 	 Executing : 
 command : voms-proxy-info -file /tmp/x509up_u837 -actimeleft
 output : 86239

 error: 
 retcode : 0
DEBUG 2016-12-12 12:08:55,126: 	 Proxy valid for 23:57:20 hours
DEBUG 2016-12-12 12:08:55,629: 	 Executing : 
 command : env X509_USER_PROXY=/tmp/x509up_u837 voms-proxy-info -fqan
 output : /cms/Role=NULL/Capability=NULL

 error: 
 retcode : 0
DEBUG 2016-12-12 12:08:56,164: 	 Registering user credentials for server /DC=ch/DC=cern/OU=computers/CN=vocms(045|052|021|031|0118|0118a|0119|0108|0105).cern.ch
DEBUG 2016-12-12 12:08:56,271: 	 Executing : 
 command : openssl x509 -in ~/.globus/usercert.pem -subject -noout
 output : subject= /DC=ch/DC=cern/OU=Organic Units/OU=Users/CN=istaslis/CN=747350/CN=Stanislav Lisniak

 error: 
 retcode : 0
DEBUG 2016-12-12 12:08:56,271: 	 Getting myproxy life time left for myproxy.cern.ch
DEBUG 2016-12-12 12:08:56,271: 	 Calculating hash of /DC=ch/DC=cern/OU=Organic Units/OU=Users/CN=istaslis/CN=747350/CN=Stanislav Lisniak_cmsweb.cern.ch for credential name
DEBUG 2016-12-12 12:08:56,574: 	 Executing : 
 command : myproxy-info -l fb080dc7d4e0790beaeb2d952381dd7a3f1f2fd6 -s myproxy.cern.ch
 output : username: fb080dc7d4e0790beaeb2d952381dd7a3f1f2fd6
owner: /DC=ch/DC=cern/OU=Organic Units/OU=Users/CN=istaslis/CN=747350/CN=Stanislav Lisniak
  renewal policy: /DC=ch/DC=cern/OU=computers/CN=vocms(045|052|021|031|0118|0118a|0119|0108|0105).cern.ch
  trusted retrieval policy: /DC=ch/DC=cern/OU=computers/CN=vocms(045|052|021|031|0118|0118a|0119|0108|0105).cern.ch
  timeleft: 466:06:53  (19.4 days)

 error: 
 retcode : 0
DEBUG 2016-12-12 12:08:56,575: 	 Myproxy is valid: 1678013
DEBUG 2016-12-12 12:08:56,575: 	 Command use: submit
DEBUG 2016-12-12 12:08:56,575: 	 Options use: ['-c', 'crabConfigQCD.py']
DEBUG 2016-12-12 12:08:57,059: 	 CRABClient version: 3.3.1611
DEBUG 2016-12-12 12:08:57,059: 	 Instance is prod
DEBUG 2016-12-12 12:08:57,059: 	 Server base url is cmsweb.cern.ch
DEBUG 2016-12-12 12:08:57,059: 	 Command url /crabserver/prod/workflow
DEBUG 2016-12-12 12:08:57,059: 	 Started submission
DEBUG 2016-12-12 12:08:57,059: 	 Working on /grid_mnt/data__data.polcms/cms/lisniak/btgtrain/CMSSW_7_5_8_patch3/src/RecoBTag/PerformanceMeasurements/test/crab_btagana_qcd30
DEBUG 2016-12-12 12:08:57,734: 	 Loading required information from the environment
DEBUG 2016-12-12 12:08:57,734: 	 Found CMSSW_7_5_8_patch3 for slc6_amd64_gcc491 with base /grid_mnt/data__data.polcms/cms/lisniak/btgtrain/CMSSW_7_5_8_patch3
DEBUG 2016-12-12 12:08:57,735: 	 Loading required information from the environment
DEBUG 2016-12-12 12:08:57,735: 	 Found CMSSW_7_5_8_patch3 for slc6_amd64_gcc491 with base /grid_mnt/data__data.polcms/cms/lisniak/btgtrain/CMSSW_7_5_8_patch3
DEBUG 2016-12-12 12:08:57,746: 	 UNIQUE NAME: tarUUID e427ef66-5586-4ed5-9e6c-246e3870cb73 
DEBUG 2016-12-12 12:08:57,746: 	 self.config: from WMCore.Configuration import Configuration
config = Configuration()
config.section_('General')
config.General.transferOutputs = True
config.General.transferLogs = True
config.General.requestName = 'btagana_qcd30'
config.section_('JobType')
config.JobType.psetName = 'runForestAOD_PbPb_MIX_75X.py'
config.JobType.pluginName = 'Analysis'
config.JobType.maxMemoryMB = 2400
config.section_('Data')
config.Data.inputDataset = '/Pythia6_Dijet30_pp502_Hydjet_MB/HINPbPbWinter16DR-75X_mcRun2_HeavyIon_v13-v1/AODSIM'
config.Data.outputDatasetTag = 'btagana_qcd30'
config.Data.totalUnits = 200
config.Data.unitsPerJob = 1
config.Data.splitting = 'FileBased'
config.Data.inputDBS = 'global'
config.Data.outLFNDirBase = '/store/user/istaslis/btagana_qcd30'
config.Data.publication = False
config.section_('Site')
config.Site.storageSite = 'T2_FR_GRIF_LLR'
config.section_('User')
config.section_('Debug')

DEBUG 2016-12-12 12:08:57,746: 	 self.config.JobType.psetName: runForestAOD_PbPb_MIX_75X.py
INFO 2016-12-12 12:08:57,746: 	 Importing CMSSW configuration runForestAOD_PbPb_MIX_75X.py
INFO 2016-12-12 12:09:08,252: 	 Finished importing CMSSW configuration runForestAOD_PbPb_MIX_75X.py
DEBUG 2016-12-12 12:09:08,252: 	 Writing CMSSW configuration to /grid_mnt/data__data.polcms/cms/lisniak/btgtrain/CMSSW_7_5_8_patch3/src/RecoBTag/PerformanceMeasurements/test/crab_btagana_qcd30/inputs/PSet.py
DEBUG 2016-12-12 12:09:10,379: 	 The following EDM output files will be collected: []
DEBUG 2016-12-12 12:09:10,379: 	 The following TFile output files will be collected: ['JetTree_fcr.root']
DEBUG 2016-12-12 12:09:10,379: 	 The following user output files will be collected: []
DEBUG 2016-12-12 12:09:10,379: 	 Loading required information from the environment
DEBUG 2016-12-12 12:09:10,379: 	 Found CMSSW_7_5_8_patch3 for slc6_amd64_gcc491 with base /grid_mnt/data__data.polcms/cms/lisniak/btgtrain/CMSSW_7_5_8_patch3
DEBUG 2016-12-12 12:09:10,379: 	 Making tarball in /grid_mnt/data__data.polcms/cms/lisniak/btgtrain/CMSSW_7_5_8_patch3/src/RecoBTag/PerformanceMeasurements/test/crab_btagana_qcd30/inputs/e427ef66-5586-4ed5-9e6c-246e3870cb73default.tgz
DEBUG 2016-12-12 12:09:10,419: 	 Checking directory /grid_mnt/data__data.polcms/cms/lisniak/btgtrain/CMSSW_7_5_8_patch3/lib
DEBUG 2016-12-12 12:09:10,419: 	 Adding directory /grid_mnt/data__data.polcms/cms/lisniak/btgtrain/CMSSW_7_5_8_patch3/lib to tarball
DEBUG 2016-12-12 12:09:13,236: 	 Checking directory /grid_mnt/data__data.polcms/cms/lisniak/btgtrain/CMSSW_7_5_8_patch3/biglib
DEBUG 2016-12-12 12:09:13,237: 	 Adding directory /grid_mnt/data__data.polcms/cms/lisniak/btgtrain/CMSSW_7_5_8_patch3/biglib to tarball
DEBUG 2016-12-12 12:09:13,254: 	 Checking directory /grid_mnt/data__data.polcms/cms/lisniak/btgtrain/CMSSW_7_5_8_patch3/module
DEBUG 2016-12-12 12:09:14,700: 	 Adding data directory /grid_mnt/data__data.polcms/cms/lisniak/btgtrain/CMSSW_7_5_8_patch3/src/HeavyIonsAnalysis/Configuration/data to tarball
DEBUG 2016-12-12 12:09:14,836: 	 Adding data directory /grid_mnt/data__data.polcms/cms/lisniak/btgtrain/CMSSW_7_5_8_patch3/src/HeavyIonsAnalysis/EventAnalysis/interface to tarball
DEBUG 2016-12-12 12:09:14,875: 	 Adding data directory /grid_mnt/data__data.polcms/cms/lisniak/btgtrain/CMSSW_7_5_8_patch3/src/HeavyIonsAnalysis/JetAnalysis/data to tarball
DEBUG 2016-12-12 12:09:15,494: 	 Adding data directory /grid_mnt/data__data.polcms/cms/lisniak/btgtrain/CMSSW_7_5_8_patch3/src/HeavyIonsAnalysis/JetAnalysis/interface to tarball
DEBUG 2016-12-12 12:09:15,763: 	 Adding data directory /grid_mnt/data__data.polcms/cms/lisniak/btgtrain/CMSSW_7_5_8_patch3/src/HeavyIonsAnalysis/MuonAnalysis/interface to tarball
DEBUG 2016-12-12 12:09:15,783: 	 Adding data directory /grid_mnt/data__data.polcms/cms/lisniak/btgtrain/CMSSW_7_5_8_patch3/src/HeavyIonsAnalysis/PhotonAnalysis/interface to tarball
DEBUG 2016-12-12 12:09:15,820: 	 Adding data directory /grid_mnt/data__data.polcms/cms/lisniak/btgtrain/CMSSW_7_5_8_patch3/src/HeavyIonsAnalysis/TrackAnalysis/interface to tarball
DEBUG 2016-12-12 12:09:15,844: 	 Adding data directory /grid_mnt/data__data.polcms/cms/lisniak/btgtrain/CMSSW_7_5_8_patch3/src/HeavyIonsAnalysis/VertexAnalysis/interface to tarball
DEBUG 2016-12-12 12:09:15,863: 	 Adding data directory /grid_mnt/data__data.polcms/cms/lisniak/btgtrain/CMSSW_7_5_8_patch3/src/RecoHI/HiJetAlgos/interface to tarball
DEBUG 2016-12-12 12:09:15,958: 	 Adding data directory /grid_mnt/data__data.polcms/cms/lisniak/btgtrain/CMSSW_7_5_8_patch3/src/RecoJets/JetProducers/data to tarball
DEBUG 2016-12-12 12:09:15,977: 	 Adding data directory /grid_mnt/data__data.polcms/cms/lisniak/btgtrain/CMSSW_7_5_8_patch3/src/RecoJets/JetProducers/interface to tarball
DEBUG 2016-12-12 12:09:16,164: 	 Adding data directory /grid_mnt/data__data.polcms/cms/lisniak/btgtrain/CMSSW_7_5_8_patch3/src/RecoBTag/PerformanceMeasurements/data to tarball
DEBUG 2016-12-12 12:09:16,714: 	 Adding data directory /grid_mnt/data__data.polcms/cms/lisniak/btgtrain/CMSSW_7_5_8_patch3/src/RecoBTag/PerformanceMeasurements/interface to tarball
DEBUG 2016-12-12 12:09:17,006: 	 Adding data directory /grid_mnt/data__data.polcms/cms/lisniak/btgtrain/CMSSW_7_5_8_patch3/src/RecoBTag/PerformanceMeasurements/test/ttbar/data to tarball
DEBUG 2016-12-12 12:09:17,289: 	 Adding data directory /grid_mnt/data__data.polcms/cms/lisniak/btgtrain/CMSSW_7_5_8_patch3/src/RecoBTag/TagVarExtractor/interface to tarball
DEBUG 2016-12-12 12:09:17,315: 	 Adding data directory /grid_mnt/data__data.polcms/cms/lisniak/btgtrain/CMSSW_7_5_8_patch3/src/RecoBTag/SecondaryVertex/interface to tarball
DEBUG 2016-12-12 12:09:17,847: 	 Uploading archive /grid_mnt/data__data.polcms/cms/lisniak/btgtrain/CMSSW_7_5_8_patch3/src/RecoBTag/PerformanceMeasurements/test/crab_btagana_qcd30/inputs/e427ef66-5586-4ed5-9e6c-246e3870cb73default.tgz to the CRAB cache. Using URI https://cmsweb.cern.ch/crabcache
DEBUG 2016-12-12 12:09:21,285: 	 Loading required information from the environment
DEBUG 2016-12-12 12:09:21,285: 	 Found CMSSW_7_5_8_patch3 for slc6_amd64_gcc491 with base /grid_mnt/data__data.polcms/cms/lisniak/btgtrain/CMSSW_7_5_8_patch3
DEBUG 2016-12-12 12:09:21,285: 	 Making tarball in /grid_mnt/data__data.polcms/cms/lisniak/btgtrain/CMSSW_7_5_8_patch3/src/RecoBTag/PerformanceMeasurements/test/crab_btagana_qcd30/inputs/debugFiles.tgz
DEBUG 2016-12-12 12:09:21,306: 	 Uploading archive /grid_mnt/data__data.polcms/cms/lisniak/btgtrain/CMSSW_7_5_8_patch3/src/RecoBTag/PerformanceMeasurements/test/crab_btagana_qcd30/inputs/debugFiles.tgz to the CRAB cache. Using URI https://cmsweb.cern.ch/crabcache
DEBUG 2016-12-12 12:09:21,802: 	 Result uploading input files: 89b8575c8d17b1a7fb4c1016deff7ad2b79df5898a529846334616ced2c445bf.tar.gz 
INFO 2016-12-12 12:09:21,802: 	 Sending the request to the server
DEBUG 2016-12-12 12:09:21,802: 	 Submitting {'maxjobruntime': 1250, 'extrajdl': [], 'ignorelocality': 0, 'savelogsflag': 1, 'useparent': 0, 'asyncdest': 'T2_FR_GRIF_LLR', 'algoargs': 1, 'cachefilename': '89b8575c8d17b1a7fb4c1016deff7ad2b79df5898a529846334616ced2c445bf.tar.gz', 'numcores': 1, 'addoutputfiles': [], 'generator': 'pythia', 'maxmemory': 2400, 'publishdbsurl': 'https://cmsweb.cern.ch/dbs/prod/phys03/DBSWriter', 'priority': 10, 'jobsw': 'CMSSW_7_5_8_patch3', 'edmoutfiles': [], 'userfiles': [], 'primarydataset': '', 'inputdata': '/Pythia6_Dijet30_pp502_Hydjet_MB/HINPbPbWinter16DR-75X_mcRun2_HeavyIon_v13-v1/AODSIM', 'lfn': '/store/user/istaslis/btagana_qcd30', 'dryrun': 0, 'workflow': 'crab_btagana_qcd30', 'adduserfiles': [], 'nonprodsw': 0, 'tfileoutfiles': ['JetTree_fcr.root'], 'oneEventMode': 0, 'debugfilename': '54b5a1a3381e0e3394ec6f3b7baaf14036c291c6792255de7d71aa62ed222893.tar.gz', 'cacheurl': u'https://cmsweb.cern.ch/crabcache', 'saveoutput': 1, 'publication': 0, 'jobarch': 'slc6_amd64_gcc491', 'totalunits': 200, 'splitalgo': 'FileBased', 'ignoreglobalblacklist': 0, 'nonvaliddata': 0, 'dbsurl': 'https://cmsweb.cern.ch/dbs/prod/global/DBSReader', 'publishgroupname': 0, 'jobtype': 'Analysis', 'publishname2': 'btagana_qcd30'} 
DEBUG 2016-12-12 12:09:21,803: 	 Encoded submit request: maxjobruntime=1250&ignorelocality=0&savelogsflag=1&useparent=0&asyncdest=T2_FR_GRIF_LLR&algoargs=1&cachefilename=89b8575c8d17b1a7fb4c1016deff7ad2b79df5898a529846334616ced2c445bf.tar.gz&numcores=1&generator=pythia&maxmemory=2400&publishdbsurl=https%3A%2F%2Fcmsweb.cern.ch%2Fdbs%2Fprod%2Fphys03%2FDBSWriter&priority=10&jobsw=CMSSW_7_5_8_patch3&primarydataset=&inputdata=%2FPythia6_Dijet30_pp502_Hydjet_MB%2FHINPbPbWinter16DR-75X_mcRun2_HeavyIon_v13-v1%2FAODSIM&lfn=%2Fstore%2Fuser%2Fistaslis%2Fbtagana_qcd30&dryrun=0&workflow=crab_btagana_qcd30&nonprodsw=0&oneEventMode=0&debugfilename=54b5a1a3381e0e3394ec6f3b7baaf14036c291c6792255de7d71aa62ed222893.tar.gz&cacheurl=https%3A%2F%2Fcmsweb.cern.ch%2Fcrabcache&saveoutput=1&publication=0&jobarch=slc6_amd64_gcc491&totalunits=200&splitalgo=FileBased&ignoreglobalblacklist=0&nonvaliddata=0&dbsurl=https%3A%2F%2Fcmsweb.cern.ch%2Fdbs%2Fprod%2Fglobal%2FDBSReader&publishgroupname=0&jobtype=Analysis&publishname2=btagana_qcd30&tfileoutfiles=JetTree_fcr.root
DEBUG 2016-12-12 12:09:22,653: 	 Result: {u'result': [{u'RequestName': u'161212_110922:istaslis_crab_btagana_qcd30'}]}
INFO 2016-12-12 12:09:22,655: 	 Success: Your task has been delivered to the CRAB3 server.
INFO 2016-12-12 12:09:22,655: 	 Task name: 161212_110922:istaslis_crab_btagana_qcd30
INFO 2016-12-12 12:09:22,655: 	 Please use 'crab status' to check how the submission process proceeds.
DEBUG 2016-12-12 12:09:22,655: 	 About to return
INFO 2016-12-12 12:09:22,660: 	 Log file is /grid_mnt/data__data.polcms/cms/lisniak/btgtrain/CMSSW_7_5_8_patch3/src/RecoBTag/PerformanceMeasurements/test/crab_btagana_qcd30/crab.log
DEBUG 2016-12-12 15:26:58,887: 	 Executing command: 'status'
DEBUG 2016-12-12 15:26:58,887: 	 Found CRAB cache file /home/llr/cms/lisniak/.crab3
DEBUG 2016-12-12 15:26:58,895: 	 Checking credentials
DEBUG 2016-12-12 15:26:58,896: 	 Found proxy file /tmp/x509up_u837
DEBUG 2016-12-12 15:26:58,896: 	 Getting proxy life time left
DEBUG 2016-12-12 15:26:59,399: 	 Executing : 
 command : voms-proxy-info -file /tmp/x509up_u837 -timeleft
 output : 74355

 error: 
 retcode : 0
DEBUG 2016-12-12 15:26:59,902: 	 Executing : 
 command : voms-proxy-info -file /tmp/x509up_u837 -actimeleft
 output : 74355

 error: 
 retcode : 0
DEBUG 2016-12-12 15:26:59,902: 	 Proxy valid for 20:39:15 hours
DEBUG 2016-12-12 15:27:00,012: 	 Executing : 
 command : openssl x509 -in ~/.globus/usercert.pem -subject -noout
 output : subject= /DC=ch/DC=cern/OU=Organic Units/OU=Users/CN=istaslis/CN=747350/CN=Stanislav Lisniak

 error: 
 retcode : 0
DEBUG 2016-12-12 15:27:00,013: 	 Checking credentials
DEBUG 2016-12-12 15:27:00,013: 	 Found proxy file /tmp/x509up_u837
DEBUG 2016-12-12 15:27:00,013: 	 Getting proxy life time left
DEBUG 2016-12-12 15:27:00,516: 	 Executing : 
 command : voms-proxy-info -file /tmp/x509up_u837 -timeleft
 output : 74354

 error: 
 retcode : 0
DEBUG 2016-12-12 15:27:01,019: 	 Executing : 
 command : voms-proxy-info -file /tmp/x509up_u837 -actimeleft
 output : 74354

 error: 
 retcode : 0
DEBUG 2016-12-12 15:27:01,019: 	 Proxy valid for 20:39:14 hours
DEBUG 2016-12-12 15:27:01,564: 	 Registering user credentials for server /DC=ch/DC=cern/OU=computers/CN=vocms(045|052|021|031|0118|0118a|0119|0108|0105).cern.ch
DEBUG 2016-12-12 15:27:01,671: 	 Executing : 
 command : openssl x509 -in ~/.globus/usercert.pem -subject -noout
 output : subject= /DC=ch/DC=cern/OU=Organic Units/OU=Users/CN=istaslis/CN=747350/CN=Stanislav Lisniak

 error: 
 retcode : 0
DEBUG 2016-12-12 15:27:01,671: 	 Getting myproxy life time left for myproxy.cern.ch
DEBUG 2016-12-12 15:27:01,671: 	 Calculating hash of /DC=ch/DC=cern/OU=Organic Units/OU=Users/CN=istaslis/CN=747350/CN=Stanislav Lisniak_cmsweb.cern.ch for credential name
DEBUG 2016-12-12 15:27:01,974: 	 Executing : 
 command : myproxy-info -l fb080dc7d4e0790beaeb2d952381dd7a3f1f2fd6 -s myproxy.cern.ch
 output : username: fb080dc7d4e0790beaeb2d952381dd7a3f1f2fd6
owner: /DC=ch/DC=cern/OU=Organic Units/OU=Users/CN=istaslis/CN=747350/CN=Stanislav Lisniak
  renewal policy: /DC=ch/DC=cern/OU=computers/CN=vocms(045|052|021|031|0118|0118a|0119|0108|0105).cern.ch
  trusted retrieval policy: /DC=ch/DC=cern/OU=computers/CN=vocms(045|052|021|031|0118|0118a|0119|0108|0105).cern.ch
  timeleft: 462:48:48  (19.3 days)

 error: 
 retcode : 0
DEBUG 2016-12-12 15:27:01,975: 	 Myproxy is valid: 1666128
DEBUG 2016-12-12 15:27:01,975: 	 Command use: status
DEBUG 2016-12-12 15:27:01,975: 	 Options use: ['-d', 'crab_btagana_qcd30']
DEBUG 2016-12-12 15:27:02,520: 	 CRABClient version: 3.3.1611
DEBUG 2016-12-12 15:27:02,520: 	 Instance is prod
DEBUG 2016-12-12 15:27:02,520: 	 Server base url is cmsweb.cern.ch
DEBUG 2016-12-12 15:27:02,520: 	 Command url /crabserver/prod/workflow
DEBUG 2016-12-12 15:27:02,520: 	 Looking up detailed status of task 161212_110922:istaslis_crab_btagana_qcd30
DEBUG 2016-12-12 15:27:05,063: 	 {u'status': u'SUBMITTED', u'username': u'istaslis', u'jobsPerStatus': {u'finished': 129, u'transferring': 37, u'running': 9}, u'jobs': {u'133': {u'State': u'transferring'}, u'132': {u'State': u'finished'}, u'131': {u'State': u'transferring'}, u'130': {u'State': u'transferring'}, u'137': {u'State': u'running'}, u'136': {u'State': u'transferring'}, u'135': {u'State': u'running'}, u'134': {u'State': u'running'}, u'139': {u'State': u'transferring'}, u'138': {u'State': u'transferring'}, u'93': {u'State': u'finished'}, u'24': {u'State': u'finished'}, u'25': {u'State': u'finished'}, u'26': {u'State': u'finished'}, u'27': {u'State': u'finished'}, u'20': {u'State': u'finished'}, u'21': {u'State': u'finished'}, u'22': {u'State': u'finished'}, u'23': {u'State': u'finished'}, u'95': {u'State': u'finished'}, u'28': {u'State': u'finished'}, u'29': {u'State': u'finished'}, u'94': {u'State': u'finished'}, u'4': {u'State': u'finished'}, u'8': {u'State': u'finished'}, u'96': {u'State': u'finished'}, u'120': {u'State': u'transferring'}, u'121': {u'State': u'running'}, u'122': {u'State': u'transferring'}, u'123': {u'State': u'transferring'}, u'124': {u'State': u'running'}, u'125': {u'State': u'finished'}, u'126': {u'State': u'finished'}, u'127': {u'State': u'transferring'}, u'128': {u'State': u'transferring'}, u'129': {u'State': u'transferring'}, u'91': {u'State': u'finished'}, u'59': {u'State': u'finished'}, u'58': {u'State': u'finished'}, u'55': {u'State': u'finished'}, u'54': {u'State': u'finished'}, u'57': {u'State': u'finished'}, u'56': {u'State': u'finished'}, u'51': {u'State': u'finished'}, u'50': {u'State': u'finished'}, u'53': {u'State': u'finished'}, u'52': {u'State': u'finished'}, u'90': {u'State': u'finished'}, u'115': {u'State': u'running'}, u'114': {u'State': u'transferring'}, u'88': {u'State': u'finished'}, u'89': {u'State': u'finished'}, u'111': {u'State': u'transferring'}, u'110': {u'State': u'finished'}, u'113': {u'State': u'transferring'}, u'112': {u'State': u'finished'}, u'82': {u'State': u'finished'}, u'83': {u'State': u'finished'}, u'80': {u'State': u'finished'}, u'81': {u'State': u'finished'}, u'119': {u'State': u'finished'}, u'118': {u'State': u'transferring'}, u'84': {u'State': u'finished'}, u'85': {u'State': u'finished'}, u'3': {u'State': u'finished'}, u'7': {u'State': u'finished'}, u'92': {u'State': u'finished'}, u'108': {u'State': u'finished'}, u'109': {u'State': u'finished'}, u'102': {u'State': u'finished'}, u'103': {u'State': u'finished'}, u'100': {u'State': u'finished'}, u'101': {u'State': u'finished'}, u'106': {u'State': u'finished'}, u'107': {u'State': u'finished'}, u'104': {u'State': u'finished'}, u'105': {u'State': u'finished'}, u'39': {u'State': u'finished'}, u'38': {u'State': u'finished'}, u'33': {u'State': u'finished'}, u'32': {u'State': u'finished'}, u'31': {u'State': u'finished'}, u'30': {u'State': u'finished'}, u'37': {u'State': u'finished'}, u'36': {u'State': u'finished'}, u'35': {u'State': u'finished'}, u'34': {u'State': u'finished'}, u'60': {u'State': u'finished'}, u'61': {u'State': u'finished'}, u'62': {u'State': u'finished'}, u'63': {u'State': u'finished'}, u'64': {u'State': u'finished'}, u'65': {u'State': u'finished'}, u'66': {u'State': u'finished'}, u'67': {u'State': u'finished'}, u'68': {u'State': u'finished'}, u'69': {u'State': u'finished'}, u'175': {u'State': u'finished'}, u'174': {u'State': u'finished'}, u'173': {u'State': u'finished'}, u'172': {u'State': u'finished'}, u'171': {u'State': u'finished'}, u'170': {u'State': u'transferring'}, u'2': {u'State': u'finished'}, u'6': {u'State': u'finished'}, u'97': {u'State': u'finished'}, u'99': {u'State': u'finished'}, u'98': {u'State': u'finished'}, u'168': {u'State': u'transferring'}, u'169': {u'State': u'finished'}, u'164': {u'State': u'finished'}, u'165': {u'State': u'finished'}, u'166': {u'State': u'finished'}, u'167': {u'State': u'finished'}, u'160': {u'State': u'transferring'}, u'161': {u'State': u'finished'}, u'162': {u'State': u'transferring'}, u'163': {u'State': u'transferring'}, u'11': {u'State': u'finished'}, u'10': {u'State': u'finished'}, u'13': {u'State': u'finished'}, u'12': {u'State': u'finished'}, u'15': {u'State': u'finished'}, u'14': {u'State': u'finished'}, u'17': {u'State': u'finished'}, u'16': {u'State': u'finished'}, u'19': {u'State': u'finished'}, u'18': {u'State': u'finished'}, u'117': {u'State': u'transferring'}, u'116': {u'State': u'transferring'}, u'151': {u'State': u'transferring'}, u'150': {u'State': u'finished'}, u'153': {u'State': u'finished'}, u'152': {u'State': u'transferring'}, u'155': {u'State': u'transferring'}, u'154': {u'State': u'transferring'}, u'157': {u'State': u'transferring'}, u'156': {u'State': u'transferring'}, u'159': {u'State': u'transferring'}, u'158': {u'State': u'finished'}, u'48': {u'State': u'finished'}, u'49': {u'State': u'finished'}, u'46': {u'State': u'finished'}, u'86': {u'State': u'finished'}, u'44': {u'State': u'finished'}, u'45': {u'State': u'finished'}, u'42': {u'State': u'finished'}, u'43': {u'State': u'finished'}, u'40': {u'State': u'finished'}, u'87': {u'State': u'finished'}, u'1': {u'State': u'finished'}, u'5': {u'State': u'finished'}, u'9': {u'State': u'finished'}, u'146': {u'State': u'running'}, u'147': {u'State': u'transferring'}, u'144': {u'State': u'transferring'}, u'145': {u'State': u'transferring'}, u'142': {u'State': u'transferring'}, u'143': {u'State': u'transferring'}, u'140': {u'State': u'running'}, u'141': {u'State': u'transferring'}, u'148': {u'State': u'running'}, u'149': {u'State': u'transferring'}, u'77': {u'State': u'finished'}, u'76': {u'State': u'finished'}, u'75': {u'State': u'finished'}, u'74': {u'State': u'finished'}, u'73': {u'State': u'finished'}, u'72': {u'State': u'finished'}, u'71': {u'State': u'finished'}, u'70': {u'State': u'finished'}, u'79': {u'State': u'finished'}, u'78': {u'State': u'finished'}, u'41': {u'State': u'finished'}, u'47': {u'State': u'finished'}}, u'publication': {u'disabled': []}, u'taskWarningMsg': [], u'schedd': u'crab3@vocms0137.cern.ch', u'publicationFailures': {}, u'outdatasets': None, u'statusFailureMsg': u'', u'taskFailureMsg': u'', u'failedJobdefs': 0, u'ASOURL': u'https://cmsweb.cern.ch/couchdb2', u'command': u'SUBMIT', u'totalJobdefs': 0, u'submissionTime': 1481540962, u'jobdefErrors': [], u'collector': u'cmsgwms-collector-global.cern.ch,cmssrv221.fnal.gov', u'jobList': [[u'finished', 165], [u'transferring', 133], [u'finished', 132], [u'transferring', 131], [u'transferring', 130], [u'running', 137], [u'transferring', 136], [u'running', 135], [u'running', 134], [u'transferring', 139], [u'transferring', 138], [u'finished', 166], [u'finished', 24], [u'finished', 25], [u'finished', 26], [u'finished', 27], [u'finished', 20], [u'finished', 21], [u'finished', 22], [u'finished', 23], [u'transferring', 160], [u'finished', 28], [u'finished', 29], [u'finished', 161], [u'finished', 4], [u'finished', 8], [u'transferring', 163], [u'finished', 119], [u'transferring', 120], [u'running', 121], [u'transferring', 122], [u'transferring', 123], [u'running', 124], [u'finished', 125], [u'finished', 126], [u'transferring', 127], [u'transferring', 128], [u'transferring', 129], [u'finished', 167], [u'transferring', 118], [u'finished', 59], [u'finished', 58], [u'finished', 55], [u'finished', 54], [u'finished', 57], [u'finished', 56], [u'finished', 51], [u'finished', 50], [u'finished', 53], [u'finished', 52], [u'finished', 164], [u'running', 115], [u'transferring', 114], [u'finished', 88], [u'finished', 89], [u'transferring', 111], [u'finished', 110], [u'transferring', 113], [u'finished', 112], [u'finished', 82], [u'finished', 83], [u'finished', 80], [u'finished', 81], [u'finished', 86], [u'finished', 87], [u'finished', 84], [u'finished', 85], [u'finished', 3], [u'finished', 7], [u'finished', 108], [u'finished', 109], [u'finished', 102], [u'finished', 103], [u'finished', 100], [u'finished', 101], [u'finished', 106], [u'finished', 107], [u'finished', 104], [u'finished', 105], [u'finished', 39], [u'finished', 38], [u'finished', 33], [u'finished', 32], [u'finished', 31], [u'finished', 30], [u'finished', 37], [u'finished', 36], [u'finished', 35], [u'finished', 34], [u'finished', 60], [u'finished', 61], [u'finished', 62], [u'finished', 63], [u'finished', 64], [u'finished', 65], [u'finished', 66], [u'finished', 67], [u'finished', 68], [u'finished', 69], [u'finished', 175], [u'finished', 174], [u'finished', 173], [u'finished', 172], [u'finished', 171], [u'transferring', 170], [u'finished', 2], [u'transferring', 162], [u'finished', 6], [u'finished', 99], [u'finished', 98], [u'transferring', 168], [u'finished', 169], [u'finished', 91], [u'finished', 90], [u'finished', 93], [u'finished', 92], [u'finished', 95], [u'finished', 94], [u'finished', 97], [u'finished', 96], [u'finished', 11], [u'finished', 10], [u'finished', 13], [u'finished', 12], [u'finished', 15], [u'finished', 14], [u'finished', 17], [u'finished', 16], [u'finished', 19], [u'finished', 18], [u'transferring', 117], [u'transferring', 116], [u'transferring', 151], [u'finished', 150], [u'finished', 153], [u'transferring', 152], [u'transferring', 155], [u'transferring', 154], [u'transferring', 157], [u'transferring', 156], [u'transferring', 159], [u'finished', 158], [u'finished', 48], [u'finished', 49], [u'finished', 46], [u'finished', 47], [u'finished', 44], [u'finished', 45], [u'finished', 42], [u'finished', 43], [u'finished', 40], [u'finished', 41], [u'finished', 1], [u'finished', 5], [u'finished', 9], [u'running', 146], [u'transferring', 147], [u'transferring', 144], [u'transferring', 145], [u'transferring', 142], [u'transferring', 143], [u'running', 140], [u'transferring', 141], [u'running', 148], [u'transferring', 149], [u'finished', 77], [u'finished', 76], [u'finished', 75], [u'finished', 74], [u'finished', 73], [u'finished', 72], [u'finished', 71], [u'finished', 70], [u'finished', 79], [u'finished', 78]]}
INFO 2016-12-12 15:27:05,063: 	 CRAB project directory:		/grid_mnt/data__data.polcms/cms/lisniak/btgtrain/CMSSW_7_5_8_patch3/src/RecoBTag/PerformanceMeasurements/test/crab_btagana_qcd30
INFO 2016-12-12 15:27:05,063: 	 Task name:			161212_110922:istaslis_crab_btagana_qcd30
INFO 2016-12-12 15:27:05,063: 	 Grid scheduler:			crab3@vocms0137.cern.ch
INFO 2016-12-12 15:27:05,063: 	 Task status:			SUBMITTED
INFO 2016-12-12 15:27:05,063: 	 Dashboard monitoring URL:	http://dashb-cms-job.cern.ch/dashboard/templates/task-analysis/#user=istaslis&table=Mains&pattern=161212_110922%3Aistaslis_crab_btagana_qcd30
INFO 2016-12-12 15:27:05,064: 	 
Jobs status:			finished       73.7% (129/175)
INFO 2016-12-12 15:27:05,064: 	 				running         5.1% (  9/175)
INFO 2016-12-12 15:27:05,064: 	 				transferring   21.1% ( 37/175)
INFO 2016-12-12 15:27:05,064: 	 
No publication information (publication has been disabled in the CRAB configuration file)
INFO 2016-12-12 15:27:05,067: 	 Log file is /grid_mnt/data__data.polcms/cms/lisniak/btgtrain/CMSSW_7_5_8_patch3/src/RecoBTag/PerformanceMeasurements/test/crab_btagana_qcd30/crab.log
DEBUG 2016-12-12 15:31:18,193: 	 Executing command: 'status'
DEBUG 2016-12-12 15:31:18,193: 	 Found CRAB cache file /home/llr/cms/lisniak/.crab3
DEBUG 2016-12-12 15:31:18,199: 	 Checking credentials
DEBUG 2016-12-12 15:31:18,199: 	 Found proxy file /tmp/x509up_u837
DEBUG 2016-12-12 15:31:18,199: 	 Getting proxy life time left
DEBUG 2016-12-12 15:31:18,702: 	 Executing : 
 command : voms-proxy-info -file /tmp/x509up_u837 -timeleft
 output : 74096

 error: 
 retcode : 0
DEBUG 2016-12-12 15:31:19,206: 	 Executing : 
 command : voms-proxy-info -file /tmp/x509up_u837 -actimeleft
 output : 74095

 error: 
 retcode : 0
DEBUG 2016-12-12 15:31:19,206: 	 Proxy valid for 20:34:56 hours
DEBUG 2016-12-12 15:31:19,316: 	 Executing : 
 command : openssl x509 -in ~/.globus/usercert.pem -subject -noout
 output : subject= /DC=ch/DC=cern/OU=Organic Units/OU=Users/CN=istaslis/CN=747350/CN=Stanislav Lisniak

 error: 
 retcode : 0
DEBUG 2016-12-12 15:31:19,316: 	 Checking credentials
DEBUG 2016-12-12 15:31:19,316: 	 Found proxy file /tmp/x509up_u837
DEBUG 2016-12-12 15:31:19,316: 	 Getting proxy life time left
DEBUG 2016-12-12 15:31:19,819: 	 Executing : 
 command : voms-proxy-info -file /tmp/x509up_u837 -timeleft
 output : 74095

 error: 
 retcode : 0
DEBUG 2016-12-12 15:31:20,322: 	 Executing : 
 command : voms-proxy-info -file /tmp/x509up_u837 -actimeleft
 output : 74094

 error: 
 retcode : 0
DEBUG 2016-12-12 15:31:20,323: 	 Proxy valid for 20:34:55 hours
DEBUG 2016-12-12 15:31:20,786: 	 Registering user credentials for server /DC=ch/DC=cern/OU=computers/CN=vocms(045|052|021|031|0118|0118a|0119|0108|0105).cern.ch
DEBUG 2016-12-12 15:31:20,893: 	 Executing : 
 command : openssl x509 -in ~/.globus/usercert.pem -subject -noout
 output : subject= /DC=ch/DC=cern/OU=Organic Units/OU=Users/CN=istaslis/CN=747350/CN=Stanislav Lisniak

 error: 
 retcode : 0
DEBUG 2016-12-12 15:31:20,893: 	 Getting myproxy life time left for myproxy.cern.ch
DEBUG 2016-12-12 15:31:20,893: 	 Calculating hash of /DC=ch/DC=cern/OU=Organic Units/OU=Users/CN=istaslis/CN=747350/CN=Stanislav Lisniak_cmsweb.cern.ch for credential name
DEBUG 2016-12-12 15:31:21,196: 	 Executing : 
 command : myproxy-info -l fb080dc7d4e0790beaeb2d952381dd7a3f1f2fd6 -s myproxy.cern.ch
 output : username: fb080dc7d4e0790beaeb2d952381dd7a3f1f2fd6
owner: /DC=ch/DC=cern/OU=Organic Units/OU=Users/CN=istaslis/CN=747350/CN=Stanislav Lisniak
  renewal policy: /DC=ch/DC=cern/OU=computers/CN=vocms(045|052|021|031|0118|0118a|0119|0108|0105).cern.ch
  trusted retrieval policy: /DC=ch/DC=cern/OU=computers/CN=vocms(045|052|021|031|0118|0118a|0119|0108|0105).cern.ch
  timeleft: 462:44:28  (19.3 days)

 error: 
 retcode : 0
DEBUG 2016-12-12 15:31:21,197: 	 Myproxy is valid: 1665868
DEBUG 2016-12-12 15:31:21,197: 	 Command use: status
DEBUG 2016-12-12 15:31:21,197: 	 Options use: ['-d', 'crab_btagana_qcd30']
DEBUG 2016-12-12 15:31:21,697: 	 CRABClient version: 3.3.1611
DEBUG 2016-12-12 15:31:21,697: 	 Instance is prod
DEBUG 2016-12-12 15:31:21,697: 	 Server base url is cmsweb.cern.ch
DEBUG 2016-12-12 15:31:21,697: 	 Command url /crabserver/prod/workflow
DEBUG 2016-12-12 15:31:21,697: 	 Looking up detailed status of task 161212_110922:istaslis_crab_btagana_qcd30
DEBUG 2016-12-12 15:31:23,039: 	 {u'status': u'SUBMITTED', u'username': u'istaslis', u'jobsPerStatus': {u'finished': 130, u'transferring': 39, u'running': 6}, u'jobs': {u'133': {u'State': u'transferring'}, u'132': {u'State': u'finished'}, u'131': {u'State': u'transferring'}, u'130': {u'State': u'transferring'}, u'137': {u'State': u'running'}, u'136': {u'State': u'transferring'}, u'135': {u'State': u'running'}, u'134': {u'State': u'running'}, u'139': {u'State': u'transferring'}, u'138': {u'State': u'transferring'}, u'93': {u'State': u'finished'}, u'24': {u'State': u'finished'}, u'25': {u'State': u'finished'}, u'26': {u'State': u'finished'}, u'27': {u'State': u'finished'}, u'20': {u'State': u'finished'}, u'21': {u'State': u'finished'}, u'22': {u'State': u'finished'}, u'23': {u'State': u'finished'}, u'95': {u'State': u'finished'}, u'28': {u'State': u'finished'}, u'29': {u'State': u'finished'}, u'94': {u'State': u'finished'}, u'4': {u'State': u'finished'}, u'8': {u'State': u'finished'}, u'96': {u'State': u'finished'}, u'120': {u'State': u'transferring'}, u'121': {u'State': u'running'}, u'122': {u'State': u'transferring'}, u'123': {u'State': u'finished'}, u'124': {u'State': u'running'}, u'125': {u'State': u'finished'}, u'126': {u'State': u'finished'}, u'127': {u'State': u'transferring'}, u'128': {u'State': u'transferring'}, u'129': {u'State': u'transferring'}, u'91': {u'State': u'finished'}, u'59': {u'State': u'finished'}, u'58': {u'State': u'finished'}, u'55': {u'State': u'finished'}, u'54': {u'State': u'finished'}, u'57': {u'State': u'finished'}, u'56': {u'State': u'finished'}, u'51': {u'State': u'finished'}, u'50': {u'State': u'finished'}, u'53': {u'State': u'finished'}, u'52': {u'State': u'finished'}, u'90': {u'State': u'finished'}, u'115': {u'State': u'transferring'}, u'114': {u'State': u'transferring'}, u'88': {u'State': u'finished'}, u'89': {u'State': u'finished'}, u'111': {u'State': u'transferring'}, u'110': {u'State': u'finished'}, u'113': {u'State': u'transferring'}, u'112': {u'State': u'finished'}, u'82': {u'State': u'finished'}, u'83': {u'State': u'finished'}, u'80': {u'State': u'finished'}, u'81': {u'State': u'finished'}, u'119': {u'State': u'finished'}, u'118': {u'State': u'transferring'}, u'84': {u'State': u'finished'}, u'85': {u'State': u'finished'}, u'3': {u'State': u'finished'}, u'7': {u'State': u'finished'}, u'92': {u'State': u'finished'}, u'108': {u'State': u'finished'}, u'109': {u'State': u'finished'}, u'102': {u'State': u'finished'}, u'103': {u'State': u'finished'}, u'100': {u'State': u'finished'}, u'101': {u'State': u'finished'}, u'106': {u'State': u'finished'}, u'107': {u'State': u'finished'}, u'104': {u'State': u'finished'}, u'105': {u'State': u'finished'}, u'39': {u'State': u'finished'}, u'38': {u'State': u'finished'}, u'33': {u'State': u'finished'}, u'32': {u'State': u'finished'}, u'31': {u'State': u'finished'}, u'30': {u'State': u'finished'}, u'37': {u'State': u'finished'}, u'36': {u'State': u'finished'}, u'35': {u'State': u'finished'}, u'34': {u'State': u'finished'}, u'60': {u'State': u'finished'}, u'61': {u'State': u'finished'}, u'62': {u'State': u'finished'}, u'63': {u'State': u'finished'}, u'64': {u'State': u'finished'}, u'65': {u'State': u'finished'}, u'66': {u'State': u'finished'}, u'67': {u'State': u'finished'}, u'68': {u'State': u'finished'}, u'69': {u'State': u'finished'}, u'175': {u'State': u'finished'}, u'174': {u'State': u'finished'}, u'173': {u'State': u'finished'}, u'172': {u'State': u'finished'}, u'171': {u'State': u'finished'}, u'170': {u'State': u'transferring'}, u'2': {u'State': u'finished'}, u'6': {u'State': u'finished'}, u'97': {u'State': u'finished'}, u'99': {u'State': u'finished'}, u'98': {u'State': u'finished'}, u'168': {u'State': u'transferring'}, u'169': {u'State': u'finished'}, u'164': {u'State': u'finished'}, u'165': {u'State': u'finished'}, u'166': {u'State': u'finished'}, u'167': {u'State': u'finished'}, u'160': {u'State': u'transferring'}, u'161': {u'State': u'finished'}, u'162': {u'State': u'transferring'}, u'163': {u'State': u'transferring'}, u'11': {u'State': u'finished'}, u'10': {u'State': u'finished'}, u'13': {u'State': u'finished'}, u'12': {u'State': u'finished'}, u'15': {u'State': u'finished'}, u'14': {u'State': u'finished'}, u'17': {u'State': u'finished'}, u'16': {u'State': u'finished'}, u'19': {u'State': u'finished'}, u'18': {u'State': u'finished'}, u'117': {u'State': u'transferring'}, u'116': {u'State': u'transferring'}, u'151': {u'State': u'transferring'}, u'150': {u'State': u'finished'}, u'153': {u'State': u'finished'}, u'152': {u'State': u'transferring'}, u'155': {u'State': u'transferring'}, u'154': {u'State': u'transferring'}, u'157': {u'State': u'transferring'}, u'156': {u'State': u'transferring'}, u'159': {u'State': u'transferring'}, u'158': {u'State': u'finished'}, u'48': {u'State': u'finished'}, u'49': {u'State': u'finished'}, u'46': {u'State': u'finished'}, u'86': {u'State': u'finished'}, u'44': {u'State': u'finished'}, u'45': {u'State': u'finished'}, u'42': {u'State': u'finished'}, u'43': {u'State': u'finished'}, u'40': {u'State': u'finished'}, u'87': {u'State': u'finished'}, u'1': {u'State': u'finished'}, u'5': {u'State': u'finished'}, u'9': {u'State': u'finished'}, u'146': {u'State': u'running'}, u'147': {u'State': u'transferring'}, u'144': {u'State': u'transferring'}, u'145': {u'State': u'transferring'}, u'142': {u'State': u'transferring'}, u'143': {u'State': u'transferring'}, u'140': {u'State': u'transferring'}, u'141': {u'State': u'transferring'}, u'148': {u'State': u'transferring'}, u'149': {u'State': u'transferring'}, u'77': {u'State': u'finished'}, u'76': {u'State': u'finished'}, u'75': {u'State': u'finished'}, u'74': {u'State': u'finished'}, u'73': {u'State': u'finished'}, u'72': {u'State': u'finished'}, u'71': {u'State': u'finished'}, u'70': {u'State': u'finished'}, u'79': {u'State': u'finished'}, u'78': {u'State': u'finished'}, u'41': {u'State': u'finished'}, u'47': {u'State': u'finished'}}, u'publication': {u'disabled': []}, u'taskWarningMsg': [], u'schedd': u'crab3@vocms0137.cern.ch', u'publicationFailures': {}, u'outdatasets': None, u'statusFailureMsg': u'', u'taskFailureMsg': u'', u'failedJobdefs': 0, u'ASOURL': u'https://cmsweb.cern.ch/couchdb2', u'command': u'SUBMIT', u'totalJobdefs': 0, u'submissionTime': 1481540962, u'jobdefErrors': [], u'collector': u'cmsgwms-collector-global.cern.ch,cmssrv221.fnal.gov', u'jobList': [[u'finished', 165], [u'transferring', 133], [u'finished', 132], [u'transferring', 131], [u'transferring', 130], [u'running', 137], [u'transferring', 136], [u'running', 135], [u'running', 134], [u'transferring', 139], [u'transferring', 138], [u'finished', 166], [u'finished', 24], [u'finished', 25], [u'finished', 26], [u'finished', 27], [u'finished', 20], [u'finished', 21], [u'finished', 22], [u'finished', 23], [u'transferring', 160], [u'finished', 28], [u'finished', 29], [u'finished', 161], [u'finished', 4], [u'finished', 8], [u'transferring', 163], [u'finished', 119], [u'transferring', 120], [u'running', 121], [u'transferring', 122], [u'finished', 123], [u'running', 124], [u'finished', 125], [u'finished', 126], [u'transferring', 127], [u'transferring', 128], [u'transferring', 129], [u'finished', 167], [u'transferring', 118], [u'finished', 59], [u'finished', 58], [u'finished', 55], [u'finished', 54], [u'finished', 57], [u'finished', 56], [u'finished', 51], [u'finished', 50], [u'finished', 53], [u'finished', 52], [u'finished', 164], [u'transferring', 115], [u'transferring', 114], [u'finished', 88], [u'finished', 89], [u'transferring', 111], [u'finished', 110], [u'transferring', 113], [u'finished', 112], [u'finished', 82], [u'finished', 83], [u'finished', 80], [u'finished', 81], [u'finished', 86], [u'finished', 87], [u'finished', 84], [u'finished', 85], [u'finished', 3], [u'finished', 7], [u'finished', 108], [u'finished', 109], [u'finished', 102], [u'finished', 103], [u'finished', 100], [u'finished', 101], [u'finished', 106], [u'finished', 107], [u'finished', 104], [u'finished', 105], [u'finished', 39], [u'finished', 38], [u'finished', 33], [u'finished', 32], [u'finished', 31], [u'finished', 30], [u'finished', 37], [u'finished', 36], [u'finished', 35], [u'finished', 34], [u'finished', 60], [u'finished', 61], [u'finished', 62], [u'finished', 63], [u'finished', 64], [u'finished', 65], [u'finished', 66], [u'finished', 67], [u'finished', 68], [u'finished', 69], [u'finished', 175], [u'finished', 174], [u'finished', 173], [u'finished', 172], [u'finished', 171], [u'transferring', 170], [u'finished', 2], [u'transferring', 162], [u'finished', 6], [u'finished', 99], [u'finished', 98], [u'transferring', 168], [u'finished', 169], [u'finished', 91], [u'finished', 90], [u'finished', 93], [u'finished', 92], [u'finished', 95], [u'finished', 94], [u'finished', 97], [u'finished', 96], [u'finished', 11], [u'finished', 10], [u'finished', 13], [u'finished', 12], [u'finished', 15], [u'finished', 14], [u'finished', 17], [u'finished', 16], [u'finished', 19], [u'finished', 18], [u'transferring', 117], [u'transferring', 116], [u'transferring', 151], [u'finished', 150], [u'finished', 153], [u'transferring', 152], [u'transferring', 155], [u'transferring', 154], [u'transferring', 157], [u'transferring', 156], [u'transferring', 159], [u'finished', 158], [u'finished', 48], [u'finished', 49], [u'finished', 46], [u'finished', 47], [u'finished', 44], [u'finished', 45], [u'finished', 42], [u'finished', 43], [u'finished', 40], [u'finished', 41], [u'finished', 1], [u'finished', 5], [u'finished', 9], [u'running', 146], [u'transferring', 147], [u'transferring', 144], [u'transferring', 145], [u'transferring', 142], [u'transferring', 143], [u'transferring', 140], [u'transferring', 141], [u'transferring', 148], [u'transferring', 149], [u'finished', 77], [u'finished', 76], [u'finished', 75], [u'finished', 74], [u'finished', 73], [u'finished', 72], [u'finished', 71], [u'finished', 70], [u'finished', 79], [u'finished', 78]]}
INFO 2016-12-12 15:31:23,039: 	 CRAB project directory:		/grid_mnt/data__data.polcms/cms/lisniak/btgtrain/CMSSW_7_5_8_patch3/src/RecoBTag/PerformanceMeasurements/test/crab_btagana_qcd30
INFO 2016-12-12 15:31:23,039: 	 Task name:			161212_110922:istaslis_crab_btagana_qcd30
INFO 2016-12-12 15:31:23,039: 	 Grid scheduler:			crab3@vocms0137.cern.ch
INFO 2016-12-12 15:31:23,039: 	 Task status:			SUBMITTED
INFO 2016-12-12 15:31:23,039: 	 Dashboard monitoring URL:	http://dashb-cms-job.cern.ch/dashboard/templates/task-analysis/#user=istaslis&table=Mains&pattern=161212_110922%3Aistaslis_crab_btagana_qcd30
INFO 2016-12-12 15:31:23,039: 	 
Jobs status:			finished       74.3% (130/175)
INFO 2016-12-12 15:31:23,039: 	 				running         3.4% (  6/175)
INFO 2016-12-12 15:31:23,040: 	 				transferring   22.3% ( 39/175)
INFO 2016-12-12 15:31:23,040: 	 
No publication information (publication has been disabled in the CRAB configuration file)
INFO 2016-12-12 15:31:23,043: 	 Log file is /grid_mnt/data__data.polcms/cms/lisniak/btgtrain/CMSSW_7_5_8_patch3/src/RecoBTag/PerformanceMeasurements/test/crab_btagana_qcd30/crab.log
DEBUG 2016-12-12 15:42:22,887: 	 Executing command: 'status'
DEBUG 2016-12-12 15:42:22,888: 	 Found CRAB cache file /home/llr/cms/lisniak/.crab3
DEBUG 2016-12-12 15:42:22,894: 	 Checking credentials
DEBUG 2016-12-12 15:42:22,894: 	 Found proxy file /tmp/x509up_u837
DEBUG 2016-12-12 15:42:22,894: 	 Getting proxy life time left
DEBUG 2016-12-12 15:42:23,397: 	 Executing : 
 command : voms-proxy-info -file /tmp/x509up_u837 -timeleft
 output : 73431

 error: 
 retcode : 0
DEBUG 2016-12-12 15:42:23,901: 	 Executing : 
 command : voms-proxy-info -file /tmp/x509up_u837 -actimeleft
 output : 73431

 error: 
 retcode : 0
DEBUG 2016-12-12 15:42:23,901: 	 Proxy valid for 20:23:51 hours
DEBUG 2016-12-12 15:42:24,011: 	 Executing : 
 command : openssl x509 -in ~/.globus/usercert.pem -subject -noout
 output : subject= /DC=ch/DC=cern/OU=Organic Units/OU=Users/CN=istaslis/CN=747350/CN=Stanislav Lisniak

 error: 
 retcode : 0
DEBUG 2016-12-12 15:42:24,011: 	 Checking credentials
DEBUG 2016-12-12 15:42:24,011: 	 Found proxy file /tmp/x509up_u837
DEBUG 2016-12-12 15:42:24,011: 	 Getting proxy life time left
DEBUG 2016-12-12 15:42:24,514: 	 Executing : 
 command : voms-proxy-info -file /tmp/x509up_u837 -timeleft
 output : 73430

 error: 
 retcode : 0
DEBUG 2016-12-12 15:42:25,018: 	 Executing : 
 command : voms-proxy-info -file /tmp/x509up_u837 -actimeleft
 output : 73430

 error: 
 retcode : 0
DEBUG 2016-12-12 15:42:25,018: 	 Proxy valid for 20:23:50 hours
DEBUG 2016-12-12 15:42:25,503: 	 Registering user credentials for server /DC=ch/DC=cern/OU=computers/CN=vocms(045|052|021|031|0118|0118a|0119|0108|0105).cern.ch
DEBUG 2016-12-12 15:42:25,609: 	 Executing : 
 command : openssl x509 -in ~/.globus/usercert.pem -subject -noout
 output : subject= /DC=ch/DC=cern/OU=Organic Units/OU=Users/CN=istaslis/CN=747350/CN=Stanislav Lisniak

 error: 
 retcode : 0
DEBUG 2016-12-12 15:42:25,610: 	 Getting myproxy life time left for myproxy.cern.ch
DEBUG 2016-12-12 15:42:25,610: 	 Calculating hash of /DC=ch/DC=cern/OU=Organic Units/OU=Users/CN=istaslis/CN=747350/CN=Stanislav Lisniak_cmsweb.cern.ch for credential name
DEBUG 2016-12-12 15:42:25,912: 	 Executing : 
 command : myproxy-info -l fb080dc7d4e0790beaeb2d952381dd7a3f1f2fd6 -s myproxy.cern.ch
 output : username: fb080dc7d4e0790beaeb2d952381dd7a3f1f2fd6
owner: /DC=ch/DC=cern/OU=Organic Units/OU=Users/CN=istaslis/CN=747350/CN=Stanislav Lisniak
  renewal policy: /DC=ch/DC=cern/OU=computers/CN=vocms(045|052|021|031|0118|0118a|0119|0108|0105).cern.ch
  trusted retrieval policy: /DC=ch/DC=cern/OU=computers/CN=vocms(045|052|021|031|0118|0118a|0119|0108|0105).cern.ch
  timeleft: 462:33:24  (19.3 days)

 error: 
 retcode : 0
DEBUG 2016-12-12 15:42:25,913: 	 Myproxy is valid: 1665204
DEBUG 2016-12-12 15:42:25,914: 	 Command use: status
DEBUG 2016-12-12 15:42:25,914: 	 Options use: ['-d', 'crab_btagana_qcd30']
DEBUG 2016-12-12 15:42:26,386: 	 CRABClient version: 3.3.1611
DEBUG 2016-12-12 15:42:26,386: 	 Instance is prod
DEBUG 2016-12-12 15:42:26,386: 	 Server base url is cmsweb.cern.ch
DEBUG 2016-12-12 15:42:26,386: 	 Command url /crabserver/prod/workflow
DEBUG 2016-12-12 15:42:26,386: 	 Looking up detailed status of task 161212_110922:istaslis_crab_btagana_qcd30
DEBUG 2016-12-12 15:42:29,274: 	 {u'status': u'SUBMITTED', u'username': u'istaslis', u'jobsPerStatus': {u'finished': 139, u'transferring': 32, u'running': 4}, u'jobs': {u'133': {u'State': u'transferring'}, u'132': {u'State': u'finished'}, u'131': {u'State': u'transferring'}, u'130': {u'State': u'transferring'}, u'137': {u'State': u'transferring'}, u'136': {u'State': u'transferring'}, u'135': {u'State': u'transferring'}, u'134': {u'State': u'running'}, u'139': {u'State': u'transferring'}, u'138': {u'State': u'transferring'}, u'93': {u'State': u'finished'}, u'24': {u'State': u'finished'}, u'25': {u'State': u'finished'}, u'26': {u'State': u'finished'}, u'27': {u'State': u'finished'}, u'20': {u'State': u'finished'}, u'21': {u'State': u'finished'}, u'22': {u'State': u'finished'}, u'23': {u'State': u'finished'}, u'95': {u'State': u'finished'}, u'28': {u'State': u'finished'}, u'29': {u'State': u'finished'}, u'94': {u'State': u'finished'}, u'4': {u'State': u'finished'}, u'8': {u'State': u'finished'}, u'96': {u'State': u'finished'}, u'120': {u'State': u'transferring'}, u'121': {u'State': u'running'}, u'122': {u'State': u'transferring'}, u'123': {u'State': u'finished'}, u'124': {u'State': u'running'}, u'125': {u'State': u'finished'}, u'126': {u'State': u'finished'}, u'127': {u'State': u'finished'}, u'128': {u'State': u'finished'}, u'129': {u'State': u'finished'}, u'91': {u'State': u'finished'}, u'59': {u'State': u'finished'}, u'58': {u'State': u'finished'}, u'55': {u'State': u'finished'}, u'54': {u'State': u'finished'}, u'57': {u'State': u'finished'}, u'56': {u'State': u'finished'}, u'51': {u'State': u'finished'}, u'50': {u'State': u'finished'}, u'53': {u'State': u'finished'}, u'52': {u'State': u'finished'}, u'90': {u'State': u'finished'}, u'115': {u'State': u'transferring'}, u'114': {u'State': u'transferring'}, u'88': {u'State': u'finished'}, u'89': {u'State': u'finished'}, u'111': {u'State': u'finished'}, u'110': {u'State': u'finished'}, u'113': {u'State': u'transferring'}, u'112': {u'State': u'finished'}, u'82': {u'State': u'finished'}, u'83': {u'State': u'finished'}, u'80': {u'State': u'finished'}, u'81': {u'State': u'finished'}, u'119': {u'State': u'finished'}, u'118': {u'State': u'transferring'}, u'84': {u'State': u'finished'}, u'85': {u'State': u'finished'}, u'3': {u'State': u'finished'}, u'7': {u'State': u'finished'}, u'92': {u'State': u'finished'}, u'108': {u'State': u'finished'}, u'109': {u'State': u'finished'}, u'102': {u'State': u'finished'}, u'103': {u'State': u'finished'}, u'100': {u'State': u'finished'}, u'101': {u'State': u'finished'}, u'106': {u'State': u'finished'}, u'107': {u'State': u'finished'}, u'104': {u'State': u'finished'}, u'105': {u'State': u'finished'}, u'39': {u'State': u'finished'}, u'38': {u'State': u'finished'}, u'33': {u'State': u'finished'}, u'32': {u'State': u'finished'}, u'31': {u'State': u'finished'}, u'30': {u'State': u'finished'}, u'37': {u'State': u'finished'}, u'36': {u'State': u'finished'}, u'35': {u'State': u'finished'}, u'34': {u'State': u'finished'}, u'60': {u'State': u'finished'}, u'61': {u'State': u'finished'}, u'62': {u'State': u'finished'}, u'63': {u'State': u'finished'}, u'64': {u'State': u'finished'}, u'65': {u'State': u'finished'}, u'66': {u'State': u'finished'}, u'67': {u'State': u'finished'}, u'68': {u'State': u'finished'}, u'69': {u'State': u'finished'}, u'175': {u'State': u'finished'}, u'174': {u'State': u'finished'}, u'173': {u'State': u'finished'}, u'172': {u'State': u'finished'}, u'171': {u'State': u'finished'}, u'170': {u'State': u'finished'}, u'2': {u'State': u'finished'}, u'6': {u'State': u'finished'}, u'97': {u'State': u'finished'}, u'99': {u'State': u'finished'}, u'98': {u'State': u'finished'}, u'168': {u'State': u'transferring'}, u'169': {u'State': u'finished'}, u'164': {u'State': u'finished'}, u'165': {u'State': u'finished'}, u'166': {u'State': u'finished'}, u'167': {u'State': u'finished'}, u'160': {u'State': u'finished'}, u'161': {u'State': u'finished'}, u'162': {u'State': u'transferring'}, u'163': {u'State': u'finished'}, u'11': {u'State': u'finished'}, u'10': {u'State': u'finished'}, u'13': {u'State': u'finished'}, u'12': {u'State': u'finished'}, u'15': {u'State': u'finished'}, u'14': {u'State': u'finished'}, u'17': {u'State': u'finished'}, u'16': {u'State': u'finished'}, u'19': {u'State': u'finished'}, u'18': {u'State': u'finished'}, u'117': {u'State': u'transferring'}, u'116': {u'State': u'transferring'}, u'151': {u'State': u'transferring'}, u'150': {u'State': u'finished'}, u'153': {u'State': u'finished'}, u'152': {u'State': u'transferring'}, u'155': {u'State': u'transferring'}, u'154': {u'State': u'transferring'}, u'157': {u'State': u'finished'}, u'156': {u'State': u'transferring'}, u'159': {u'State': u'transferring'}, u'158': {u'State': u'finished'}, u'48': {u'State': u'finished'}, u'49': {u'State': u'finished'}, u'46': {u'State': u'finished'}, u'86': {u'State': u'finished'}, u'44': {u'State': u'finished'}, u'45': {u'State': u'finished'}, u'42': {u'State': u'finished'}, u'43': {u'State': u'finished'}, u'40': {u'State': u'finished'}, u'87': {u'State': u'finished'}, u'1': {u'State': u'finished'}, u'5': {u'State': u'finished'}, u'9': {u'State': u'finished'}, u'146': {u'State': u'running'}, u'147': {u'State': u'transferring'}, u'144': {u'State': u'transferring'}, u'145': {u'State': u'transferring'}, u'142': {u'State': u'transferring'}, u'143': {u'State': u'finished'}, u'140': {u'State': u'transferring'}, u'141': {u'State': u'transferring'}, u'148': {u'State': u'transferring'}, u'149': {u'State': u'transferring'}, u'77': {u'State': u'finished'}, u'76': {u'State': u'finished'}, u'75': {u'State': u'finished'}, u'74': {u'State': u'finished'}, u'73': {u'State': u'finished'}, u'72': {u'State': u'finished'}, u'71': {u'State': u'finished'}, u'70': {u'State': u'finished'}, u'79': {u'State': u'finished'}, u'78': {u'State': u'finished'}, u'41': {u'State': u'finished'}, u'47': {u'State': u'finished'}}, u'publication': {u'disabled': []}, u'taskWarningMsg': [], u'schedd': u'crab3@vocms0137.cern.ch', u'publicationFailures': {}, u'outdatasets': None, u'statusFailureMsg': u'', u'taskFailureMsg': u'', u'failedJobdefs': 0, u'ASOURL': u'https://cmsweb.cern.ch/couchdb2', u'command': u'SUBMIT', u'totalJobdefs': 0, u'submissionTime': 1481540962, u'jobdefErrors': [], u'collector': u'cmsgwms-collector-global.cern.ch,cmssrv221.fnal.gov', u'jobList': [[u'finished', 165], [u'transferring', 133], [u'finished', 132], [u'transferring', 131], [u'transferring', 130], [u'transferring', 137], [u'transferring', 136], [u'transferring', 135], [u'running', 134], [u'transferring', 139], [u'transferring', 138], [u'finished', 166], [u'finished', 24], [u'finished', 25], [u'finished', 26], [u'finished', 27], [u'finished', 20], [u'finished', 21], [u'finished', 22], [u'finished', 23], [u'finished', 160], [u'finished', 28], [u'finished', 29], [u'finished', 161], [u'finished', 4], [u'finished', 8], [u'finished', 163], [u'finished', 119], [u'transferring', 120], [u'running', 121], [u'transferring', 122], [u'finished', 123], [u'running', 124], [u'finished', 125], [u'finished', 126], [u'finished', 127], [u'finished', 128], [u'finished', 129], [u'finished', 167], [u'transferring', 118], [u'finished', 59], [u'finished', 58], [u'finished', 55], [u'finished', 54], [u'finished', 57], [u'finished', 56], [u'finished', 51], [u'finished', 50], [u'finished', 53], [u'finished', 52], [u'finished', 164], [u'transferring', 115], [u'transferring', 114], [u'finished', 88], [u'finished', 89], [u'finished', 111], [u'finished', 110], [u'transferring', 113], [u'finished', 112], [u'finished', 82], [u'finished', 83], [u'finished', 80], [u'finished', 81], [u'finished', 86], [u'finished', 87], [u'finished', 84], [u'finished', 85], [u'finished', 3], [u'finished', 7], [u'finished', 108], [u'finished', 109], [u'finished', 102], [u'finished', 103], [u'finished', 100], [u'finished', 101], [u'finished', 106], [u'finished', 107], [u'finished', 104], [u'finished', 105], [u'finished', 39], [u'finished', 38], [u'finished', 33], [u'finished', 32], [u'finished', 31], [u'finished', 30], [u'finished', 37], [u'finished', 36], [u'finished', 35], [u'finished', 34], [u'finished', 60], [u'finished', 61], [u'finished', 62], [u'finished', 63], [u'finished', 64], [u'finished', 65], [u'finished', 66], [u'finished', 67], [u'finished', 68], [u'finished', 69], [u'finished', 175], [u'finished', 174], [u'finished', 173], [u'finished', 172], [u'finished', 171], [u'finished', 170], [u'finished', 2], [u'transferring', 162], [u'finished', 6], [u'finished', 99], [u'finished', 98], [u'transferring', 168], [u'finished', 169], [u'finished', 91], [u'finished', 90], [u'finished', 93], [u'finished', 92], [u'finished', 95], [u'finished', 94], [u'finished', 97], [u'finished', 96], [u'finished', 11], [u'finished', 10], [u'finished', 13], [u'finished', 12], [u'finished', 15], [u'finished', 14], [u'finished', 17], [u'finished', 16], [u'finished', 19], [u'finished', 18], [u'transferring', 117], [u'transferring', 116], [u'transferring', 151], [u'finished', 150], [u'finished', 153], [u'transferring', 152], [u'transferring', 155], [u'transferring', 154], [u'finished', 157], [u'transferring', 156], [u'transferring', 159], [u'finished', 158], [u'finished', 48], [u'finished', 49], [u'finished', 46], [u'finished', 47], [u'finished', 44], [u'finished', 45], [u'finished', 42], [u'finished', 43], [u'finished', 40], [u'finished', 41], [u'finished', 1], [u'finished', 5], [u'finished', 9], [u'running', 146], [u'transferring', 147], [u'transferring', 144], [u'transferring', 145], [u'transferring', 142], [u'finished', 143], [u'transferring', 140], [u'transferring', 141], [u'transferring', 148], [u'transferring', 149], [u'finished', 77], [u'finished', 76], [u'finished', 75], [u'finished', 74], [u'finished', 73], [u'finished', 72], [u'finished', 71], [u'finished', 70], [u'finished', 79], [u'finished', 78]]}
INFO 2016-12-12 15:42:29,274: 	 CRAB project directory:		/grid_mnt/data__data.polcms/cms/lisniak/btgtrain/CMSSW_7_5_8_patch3/src/RecoBTag/PerformanceMeasurements/test/crab_btagana_qcd30
INFO 2016-12-12 15:42:29,274: 	 Task name:			161212_110922:istaslis_crab_btagana_qcd30
INFO 2016-12-12 15:42:29,274: 	 Grid scheduler:			crab3@vocms0137.cern.ch
INFO 2016-12-12 15:42:29,274: 	 Task status:			SUBMITTED
INFO 2016-12-12 15:42:29,275: 	 Dashboard monitoring URL:	http://dashb-cms-job.cern.ch/dashboard/templates/task-analysis/#user=istaslis&table=Mains&pattern=161212_110922%3Aistaslis_crab_btagana_qcd30
INFO 2016-12-12 15:42:29,275: 	 
Jobs status:			finished       79.4% (139/175)
INFO 2016-12-12 15:42:29,275: 	 				running         2.3% (  4/175)
INFO 2016-12-12 15:42:29,275: 	 				transferring   18.3% ( 32/175)
INFO 2016-12-12 15:42:29,275: 	 
No publication information (publication has been disabled in the CRAB configuration file)
INFO 2016-12-12 15:42:29,278: 	 Log file is /grid_mnt/data__data.polcms/cms/lisniak/btgtrain/CMSSW_7_5_8_patch3/src/RecoBTag/PerformanceMeasurements/test/crab_btagana_qcd30/crab.log
DEBUG 2016-12-12 16:14:49,088: 	 Executing command: 'status'
DEBUG 2016-12-12 16:14:49,088: 	 Found CRAB cache file /home/llr/cms/lisniak/.crab3
DEBUG 2016-12-12 16:14:49,103: 	 Checking credentials
DEBUG 2016-12-12 16:14:49,103: 	 Found proxy file /tmp/x509up_u837
DEBUG 2016-12-12 16:14:49,103: 	 Getting proxy life time left
DEBUG 2016-12-12 16:14:49,606: 	 Executing : 
 command : voms-proxy-info -file /tmp/x509up_u837 -timeleft
 output : 71485

 error: 
 retcode : 0
DEBUG 2016-12-12 16:14:50,110: 	 Executing : 
 command : voms-proxy-info -file /tmp/x509up_u837 -actimeleft
 output : 71484

 error: 
 retcode : 0
DEBUG 2016-12-12 16:14:50,110: 	 Proxy valid for 19:51:25 hours
DEBUG 2016-12-12 16:14:50,220: 	 Executing : 
 command : openssl x509 -in ~/.globus/usercert.pem -subject -noout
 output : subject= /DC=ch/DC=cern/OU=Organic Units/OU=Users/CN=istaslis/CN=747350/CN=Stanislav Lisniak

 error: 
 retcode : 0
DEBUG 2016-12-12 16:14:50,220: 	 Checking credentials
DEBUG 2016-12-12 16:14:50,220: 	 Found proxy file /tmp/x509up_u837
DEBUG 2016-12-12 16:14:50,220: 	 Getting proxy life time left
DEBUG 2016-12-12 16:14:50,723: 	 Executing : 
 command : voms-proxy-info -file /tmp/x509up_u837 -timeleft
 output : 71484

 error: 
 retcode : 0
DEBUG 2016-12-12 16:14:51,227: 	 Executing : 
 command : voms-proxy-info -file /tmp/x509up_u837 -actimeleft
 output : 71483

 error: 
 retcode : 0
DEBUG 2016-12-12 16:14:51,227: 	 Proxy valid for 19:51:24 hours
DEBUG 2016-12-12 16:14:51,678: 	 Registering user credentials for server /DC=ch/DC=cern/OU=computers/CN=vocms(045|052|021|031|0118|0118a|0119|0108|0105).cern.ch
DEBUG 2016-12-12 16:14:51,785: 	 Executing : 
 command : openssl x509 -in ~/.globus/usercert.pem -subject -noout
 output : subject= /DC=ch/DC=cern/OU=Organic Units/OU=Users/CN=istaslis/CN=747350/CN=Stanislav Lisniak

 error: 
 retcode : 0
DEBUG 2016-12-12 16:14:51,785: 	 Getting myproxy life time left for myproxy.cern.ch
DEBUG 2016-12-12 16:14:51,785: 	 Calculating hash of /DC=ch/DC=cern/OU=Organic Units/OU=Users/CN=istaslis/CN=747350/CN=Stanislav Lisniak_cmsweb.cern.ch for credential name
DEBUG 2016-12-12 16:14:52,088: 	 Executing : 
 command : myproxy-info -l fb080dc7d4e0790beaeb2d952381dd7a3f1f2fd6 -s myproxy.cern.ch
 output : username: fb080dc7d4e0790beaeb2d952381dd7a3f1f2fd6
owner: /DC=ch/DC=cern/OU=Organic Units/OU=Users/CN=istaslis/CN=747350/CN=Stanislav Lisniak
  renewal policy: /DC=ch/DC=cern/OU=computers/CN=vocms(045|052|021|031|0118|0118a|0119|0108|0105).cern.ch
  trusted retrieval policy: /DC=ch/DC=cern/OU=computers/CN=vocms(045|052|021|031|0118|0118a|0119|0108|0105).cern.ch
  timeleft: 462:00:57  (19.3 days)

 error: 
 retcode : 0
DEBUG 2016-12-12 16:14:52,089: 	 Myproxy is valid: 1663257
DEBUG 2016-12-12 16:14:52,089: 	 Command use: status
DEBUG 2016-12-12 16:14:52,089: 	 Options use: ['-d', 'crab_btagana_qcd30']
DEBUG 2016-12-12 16:14:52,559: 	 CRABClient version: 3.3.1611
DEBUG 2016-12-12 16:14:52,559: 	 Instance is prod
DEBUG 2016-12-12 16:14:52,559: 	 Server base url is cmsweb.cern.ch
DEBUG 2016-12-12 16:14:52,559: 	 Command url /crabserver/prod/workflow
DEBUG 2016-12-12 16:14:52,559: 	 Looking up detailed status of task 161212_110922:istaslis_crab_btagana_qcd30
DEBUG 2016-12-12 16:14:57,363: 	 {u'status': u'SUBMITTED', u'username': u'istaslis', u'jobsPerStatus': {u'finished': 158, u'transferring': 14, u'running': 3}, u'jobs': {u'133': {u'State': u'finished'}, u'132': {u'State': u'finished'}, u'131': {u'State': u'finished'}, u'130': {u'State': u'finished'}, u'137': {u'State': u'transferring'}, u'136': {u'State': u'transferring'}, u'135': {u'State': u'transferring'}, u'134': {u'State': u'transferring'}, u'139': {u'State': u'finished'}, u'138': {u'State': u'finished'}, u'93': {u'State': u'finished'}, u'24': {u'State': u'finished'}, u'25': {u'State': u'finished'}, u'26': {u'State': u'finished'}, u'27': {u'State': u'finished'}, u'20': {u'State': u'finished'}, u'21': {u'State': u'finished'}, u'22': {u'State': u'finished'}, u'23': {u'State': u'finished'}, u'95': {u'State': u'finished'}, u'28': {u'State': u'finished'}, u'29': {u'State': u'finished'}, u'94': {u'State': u'finished'}, u'4': {u'State': u'finished'}, u'8': {u'State': u'finished'}, u'96': {u'State': u'finished'}, u'120': {u'State': u'transferring'}, u'121': {u'State': u'running'}, u'122': {u'State': u'finished'}, u'123': {u'State': u'finished'}, u'124': {u'State': u'running'}, u'125': {u'State': u'finished'}, u'126': {u'State': u'finished'}, u'127': {u'State': u'finished'}, u'128': {u'State': u'finished'}, u'129': {u'State': u'finished'}, u'91': {u'State': u'finished'}, u'59': {u'State': u'finished'}, u'58': {u'State': u'finished'}, u'55': {u'State': u'finished'}, u'54': {u'State': u'finished'}, u'57': {u'State': u'finished'}, u'56': {u'State': u'finished'}, u'51': {u'State': u'finished'}, u'50': {u'State': u'finished'}, u'53': {u'State': u'finished'}, u'52': {u'State': u'finished'}, u'90': {u'State': u'finished'}, u'115': {u'State': u'transferring'}, u'114': {u'State': u'transferring'}, u'88': {u'State': u'finished'}, u'89': {u'State': u'finished'}, u'111': {u'State': u'finished'}, u'110': {u'State': u'finished'}, u'113': {u'State': u'finished'}, u'112': {u'State': u'finished'}, u'82': {u'State': u'finished'}, u'83': {u'State': u'finished'}, u'80': {u'State': u'finished'}, u'81': {u'State': u'finished'}, u'119': {u'State': u'finished'}, u'118': {u'State': u'finished'}, u'84': {u'State': u'finished'}, u'85': {u'State': u'finished'}, u'3': {u'State': u'finished'}, u'7': {u'State': u'finished'}, u'92': {u'State': u'finished'}, u'108': {u'State': u'finished'}, u'109': {u'State': u'finished'}, u'102': {u'State': u'finished'}, u'103': {u'State': u'finished'}, u'100': {u'State': u'finished'}, u'101': {u'State': u'finished'}, u'106': {u'State': u'finished'}, u'107': {u'State': u'finished'}, u'104': {u'State': u'finished'}, u'105': {u'State': u'finished'}, u'39': {u'State': u'finished'}, u'38': {u'State': u'finished'}, u'33': {u'State': u'finished'}, u'32': {u'State': u'finished'}, u'31': {u'State': u'finished'}, u'30': {u'State': u'finished'}, u'37': {u'State': u'finished'}, u'36': {u'State': u'finished'}, u'35': {u'State': u'finished'}, u'34': {u'State': u'finished'}, u'60': {u'State': u'finished'}, u'61': {u'State': u'finished'}, u'62': {u'State': u'finished'}, u'63': {u'State': u'finished'}, u'64': {u'State': u'finished'}, u'65': {u'State': u'finished'}, u'66': {u'State': u'finished'}, u'67': {u'State': u'finished'}, u'68': {u'State': u'finished'}, u'69': {u'State': u'finished'}, u'175': {u'State': u'finished'}, u'174': {u'State': u'finished'}, u'173': {u'State': u'finished'}, u'172': {u'State': u'finished'}, u'171': {u'State': u'finished'}, u'170': {u'State': u'finished'}, u'2': {u'State': u'finished'}, u'6': {u'State': u'finished'}, u'97': {u'State': u'finished'}, u'99': {u'State': u'finished'}, u'98': {u'State': u'finished'}, u'168': {u'State': u'finished'}, u'169': {u'State': u'finished'}, u'164': {u'State': u'finished'}, u'165': {u'State': u'finished'}, u'166': {u'State': u'finished'}, u'167': {u'State': u'finished'}, u'160': {u'State': u'finished'}, u'161': {u'State': u'finished'}, u'162': {u'State': u'transferring'}, u'163': {u'State': u'finished'}, u'11': {u'State': u'finished'}, u'10': {u'State': u'finished'}, u'13': {u'State': u'finished'}, u'12': {u'State': u'finished'}, u'15': {u'State': u'finished'}, u'14': {u'State': u'finished'}, u'17': {u'State': u'finished'}, u'16': {u'State': u'finished'}, u'19': {u'State': u'finished'}, u'18': {u'State': u'finished'}, u'117': {u'State': u'finished'}, u'116': {u'State': u'finished'}, u'151': {u'State': u'finished'}, u'150': {u'State': u'finished'}, u'153': {u'State': u'finished'}, u'152': {u'State': u'transferring'}, u'155': {u'State': u'transferring'}, u'154': {u'State': u'finished'}, u'157': {u'State': u'finished'}, u'156': {u'State': u'finished'}, u'159': {u'State': u'finished'}, u'158': {u'State': u'finished'}, u'48': {u'State': u'finished'}, u'49': {u'State': u'finished'}, u'46': {u'State': u'finished'}, u'86': {u'State': u'finished'}, u'44': {u'State': u'finished'}, u'45': {u'State': u'finished'}, u'42': {u'State': u'finished'}, u'43': {u'State': u'finished'}, u'40': {u'State': u'finished'}, u'87': {u'State': u'finished'}, u'1': {u'State': u'finished'}, u'5': {u'State': u'finished'}, u'9': {u'State': u'finished'}, u'146': {u'State': u'running'}, u'147': {u'State': u'finished'}, u'144': {u'State': u'transferring'}, u'145': {u'State': u'finished'}, u'142': {u'State': u'transferring'}, u'143': {u'State': u'finished'}, u'140': {u'State': u'transferring'}, u'141': {u'State': u'finished'}, u'148': {u'State': u'transferring'}, u'149': {u'State': u'finished'}, u'77': {u'State': u'finished'}, u'76': {u'State': u'finished'}, u'75': {u'State': u'finished'}, u'74': {u'State': u'finished'}, u'73': {u'State': u'finished'}, u'72': {u'State': u'finished'}, u'71': {u'State': u'finished'}, u'70': {u'State': u'finished'}, u'79': {u'State': u'finished'}, u'78': {u'State': u'finished'}, u'41': {u'State': u'finished'}, u'47': {u'State': u'finished'}}, u'publication': {u'disabled': []}, u'taskWarningMsg': [], u'schedd': u'crab3@vocms0137.cern.ch', u'publicationFailures': {}, u'outdatasets': None, u'statusFailureMsg': u'', u'taskFailureMsg': u'', u'failedJobdefs': 0, u'ASOURL': u'https://cmsweb.cern.ch/couchdb2', u'command': u'SUBMIT', u'totalJobdefs': 0, u'submissionTime': 1481540962, u'jobdefErrors': [], u'collector': u'cmsgwms-collector-global.cern.ch,cmssrv221.fnal.gov', u'jobList': [[u'finished', 165], [u'finished', 133], [u'finished', 132], [u'finished', 131], [u'finished', 130], [u'transferring', 137], [u'transferring', 136], [u'transferring', 135], [u'transferring', 134], [u'finished', 139], [u'finished', 138], [u'finished', 166], [u'finished', 24], [u'finished', 25], [u'finished', 26], [u'finished', 27], [u'finished', 20], [u'finished', 21], [u'finished', 22], [u'finished', 23], [u'finished', 160], [u'finished', 28], [u'finished', 29], [u'finished', 161], [u'finished', 4], [u'finished', 8], [u'finished', 163], [u'finished', 119], [u'transferring', 120], [u'running', 121], [u'finished', 122], [u'finished', 123], [u'running', 124], [u'finished', 125], [u'finished', 126], [u'finished', 127], [u'finished', 128], [u'finished', 129], [u'finished', 167], [u'finished', 118], [u'finished', 59], [u'finished', 58], [u'finished', 55], [u'finished', 54], [u'finished', 57], [u'finished', 56], [u'finished', 51], [u'finished', 50], [u'finished', 53], [u'finished', 52], [u'finished', 164], [u'transferring', 115], [u'transferring', 114], [u'finished', 88], [u'finished', 89], [u'finished', 111], [u'finished', 110], [u'finished', 113], [u'finished', 112], [u'finished', 82], [u'finished', 83], [u'finished', 80], [u'finished', 81], [u'finished', 86], [u'finished', 87], [u'finished', 84], [u'finished', 85], [u'finished', 3], [u'finished', 7], [u'finished', 108], [u'finished', 109], [u'finished', 102], [u'finished', 103], [u'finished', 100], [u'finished', 101], [u'finished', 106], [u'finished', 107], [u'finished', 104], [u'finished', 105], [u'finished', 39], [u'finished', 38], [u'finished', 33], [u'finished', 32], [u'finished', 31], [u'finished', 30], [u'finished', 37], [u'finished', 36], [u'finished', 35], [u'finished', 34], [u'finished', 60], [u'finished', 61], [u'finished', 62], [u'finished', 63], [u'finished', 64], [u'finished', 65], [u'finished', 66], [u'finished', 67], [u'finished', 68], [u'finished', 69], [u'finished', 175], [u'finished', 174], [u'finished', 173], [u'finished', 172], [u'finished', 171], [u'finished', 170], [u'finished', 2], [u'transferring', 162], [u'finished', 6], [u'finished', 99], [u'finished', 98], [u'finished', 168], [u'finished', 169], [u'finished', 91], [u'finished', 90], [u'finished', 93], [u'finished', 92], [u'finished', 95], [u'finished', 94], [u'finished', 97], [u'finished', 96], [u'finished', 11], [u'finished', 10], [u'finished', 13], [u'finished', 12], [u'finished', 15], [u'finished', 14], [u'finished', 17], [u'finished', 16], [u'finished', 19], [u'finished', 18], [u'finished', 117], [u'finished', 116], [u'finished', 151], [u'finished', 150], [u'finished', 153], [u'transferring', 152], [u'transferring', 155], [u'finished', 154], [u'finished', 157], [u'finished', 156], [u'finished', 159], [u'finished', 158], [u'finished', 48], [u'finished', 49], [u'finished', 46], [u'finished', 47], [u'finished', 44], [u'finished', 45], [u'finished', 42], [u'finished', 43], [u'finished', 40], [u'finished', 41], [u'finished', 1], [u'finished', 5], [u'finished', 9], [u'running', 146], [u'finished', 147], [u'transferring', 144], [u'finished', 145], [u'transferring', 142], [u'finished', 143], [u'transferring', 140], [u'finished', 141], [u'transferring', 148], [u'finished', 149], [u'finished', 77], [u'finished', 76], [u'finished', 75], [u'finished', 74], [u'finished', 73], [u'finished', 72], [u'finished', 71], [u'finished', 70], [u'finished', 79], [u'finished', 78]]}
INFO 2016-12-12 16:14:57,363: 	 CRAB project directory:		/grid_mnt/data__data.polcms/cms/lisniak/btgtrain/CMSSW_7_5_8_patch3/src/RecoBTag/PerformanceMeasurements/test/crab_btagana_qcd30
INFO 2016-12-12 16:14:57,363: 	 Task name:			161212_110922:istaslis_crab_btagana_qcd30
INFO 2016-12-12 16:14:57,364: 	 Grid scheduler:			crab3@vocms0137.cern.ch
INFO 2016-12-12 16:14:57,364: 	 Task status:			SUBMITTED
INFO 2016-12-12 16:14:57,364: 	 Dashboard monitoring URL:	http://dashb-cms-job.cern.ch/dashboard/templates/task-analysis/#user=istaslis&table=Mains&pattern=161212_110922%3Aistaslis_crab_btagana_qcd30
INFO 2016-12-12 16:14:57,364: 	 
Jobs status:			finished       90.3% (158/175)
INFO 2016-12-12 16:14:57,364: 	 				running         1.7% (  3/175)
INFO 2016-12-12 16:14:57,364: 	 				transferring    8.0% ( 14/175)
INFO 2016-12-12 16:14:57,364: 	 
No publication information (publication has been disabled in the CRAB configuration file)
INFO 2016-12-12 16:14:57,368: 	 Log file is /grid_mnt/data__data.polcms/cms/lisniak/btgtrain/CMSSW_7_5_8_patch3/src/RecoBTag/PerformanceMeasurements/test/crab_btagana_qcd30/crab.log
DEBUG 2016-12-12 17:20:34,120: 	 Executing command: 'status'
DEBUG 2016-12-12 17:20:34,121: 	 Found CRAB cache file /home/llr/cms/lisniak/.crab3
DEBUG 2016-12-12 17:20:34,138: 	 Checking credentials
DEBUG 2016-12-12 17:20:34,138: 	 Found proxy file /tmp/x509up_u837
DEBUG 2016-12-12 17:20:34,138: 	 Getting proxy life time left
DEBUG 2016-12-12 17:20:34,641: 	 Executing : 
 command : voms-proxy-info -file /tmp/x509up_u837 -timeleft
 output : 67540

 error: 
 retcode : 0
DEBUG 2016-12-12 17:20:35,144: 	 Executing : 
 command : voms-proxy-info -file /tmp/x509up_u837 -actimeleft
 output : 67539

 error: 
 retcode : 0
DEBUG 2016-12-12 17:20:35,144: 	 Proxy valid for 18:45:40 hours
DEBUG 2016-12-12 17:20:35,255: 	 Executing : 
 command : openssl x509 -in ~/.globus/usercert.pem -subject -noout
 output : subject= /DC=ch/DC=cern/OU=Organic Units/OU=Users/CN=istaslis/CN=747350/CN=Stanislav Lisniak

 error: 
 retcode : 0
DEBUG 2016-12-12 17:20:35,256: 	 Checking credentials
DEBUG 2016-12-12 17:20:35,256: 	 Found proxy file /tmp/x509up_u837
DEBUG 2016-12-12 17:20:35,256: 	 Getting proxy life time left
DEBUG 2016-12-12 17:20:35,759: 	 Executing : 
 command : voms-proxy-info -file /tmp/x509up_u837 -timeleft
 output : 67539

 error: 
 retcode : 0
DEBUG 2016-12-12 17:20:36,262: 	 Executing : 
 command : voms-proxy-info -file /tmp/x509up_u837 -actimeleft
 output : 67538

 error: 
 retcode : 0
DEBUG 2016-12-12 17:20:36,262: 	 Proxy valid for 18:45:39 hours
DEBUG 2016-12-12 17:20:36,777: 	 Registering user credentials for server /DC=ch/DC=cern/OU=computers/CN=vocms(045|052|021|031|0118|0118a|0119|0108|0105).cern.ch
DEBUG 2016-12-12 17:20:36,884: 	 Executing : 
 command : openssl x509 -in ~/.globus/usercert.pem -subject -noout
 output : subject= /DC=ch/DC=cern/OU=Organic Units/OU=Users/CN=istaslis/CN=747350/CN=Stanislav Lisniak

 error: 
 retcode : 0
DEBUG 2016-12-12 17:20:36,885: 	 Getting myproxy life time left for myproxy.cern.ch
DEBUG 2016-12-12 17:20:36,885: 	 Calculating hash of /DC=ch/DC=cern/OU=Organic Units/OU=Users/CN=istaslis/CN=747350/CN=Stanislav Lisniak_cmsweb.cern.ch for credential name
DEBUG 2016-12-12 17:20:37,187: 	 Executing : 
 command : myproxy-info -l fb080dc7d4e0790beaeb2d952381dd7a3f1f2fd6 -s myproxy.cern.ch
 output : username: fb080dc7d4e0790beaeb2d952381dd7a3f1f2fd6
owner: /DC=ch/DC=cern/OU=Organic Units/OU=Users/CN=istaslis/CN=747350/CN=Stanislav Lisniak
  renewal policy: /DC=ch/DC=cern/OU=computers/CN=vocms(045|052|021|031|0118|0118a|0119|0108|0105).cern.ch
  trusted retrieval policy: /DC=ch/DC=cern/OU=computers/CN=vocms(045|052|021|031|0118|0118a|0119|0108|0105).cern.ch
  timeleft: 460:55:12  (19.2 days)

 error: 
 retcode : 0
DEBUG 2016-12-12 17:20:37,188: 	 Myproxy is valid: 1659312
DEBUG 2016-12-12 17:20:37,188: 	 Command use: status
DEBUG 2016-12-12 17:20:37,188: 	 Options use: ['-d', 'crab_btagana_qcd30']
DEBUG 2016-12-12 17:20:39,690: 	 CRABClient version: 3.3.1611
DEBUG 2016-12-12 17:20:39,690: 	 Instance is prod
DEBUG 2016-12-12 17:20:39,690: 	 Server base url is cmsweb.cern.ch
DEBUG 2016-12-12 17:20:39,690: 	 Command url /crabserver/prod/workflow
DEBUG 2016-12-12 17:20:39,690: 	 Looking up detailed status of task 161212_110922:istaslis_crab_btagana_qcd30
DEBUG 2016-12-12 17:20:42,478: 	 {u'status': u'SUBMITTED', u'username': u'istaslis', u'jobsPerStatus': {u'finished': 172, u'transferring': 3}, u'jobs': {u'133': {u'State': u'finished'}, u'132': {u'State': u'finished'}, u'131': {u'State': u'finished'}, u'130': {u'State': u'finished'}, u'137': {u'State': u'finished'}, u'136': {u'State': u'finished'}, u'135': {u'State': u'finished'}, u'134': {u'State': u'finished'}, u'139': {u'State': u'finished'}, u'138': {u'State': u'finished'}, u'93': {u'State': u'finished'}, u'24': {u'State': u'finished'}, u'25': {u'State': u'finished'}, u'26': {u'State': u'finished'}, u'27': {u'State': u'finished'}, u'20': {u'State': u'finished'}, u'21': {u'State': u'finished'}, u'22': {u'State': u'finished'}, u'23': {u'State': u'finished'}, u'95': {u'State': u'finished'}, u'28': {u'State': u'finished'}, u'29': {u'State': u'finished'}, u'94': {u'State': u'finished'}, u'4': {u'State': u'finished'}, u'8': {u'State': u'finished'}, u'96': {u'State': u'finished'}, u'120': {u'State': u'finished'}, u'121': {u'State': u'transferring'}, u'122': {u'State': u'finished'}, u'123': {u'State': u'finished'}, u'124': {u'State': u'transferring'}, u'125': {u'State': u'finished'}, u'126': {u'State': u'finished'}, u'127': {u'State': u'finished'}, u'128': {u'State': u'finished'}, u'129': {u'State': u'finished'}, u'91': {u'State': u'finished'}, u'59': {u'State': u'finished'}, u'58': {u'State': u'finished'}, u'55': {u'State': u'finished'}, u'54': {u'State': u'finished'}, u'57': {u'State': u'finished'}, u'56': {u'State': u'finished'}, u'51': {u'State': u'finished'}, u'50': {u'State': u'finished'}, u'53': {u'State': u'finished'}, u'52': {u'State': u'finished'}, u'90': {u'State': u'finished'}, u'115': {u'State': u'finished'}, u'114': {u'State': u'finished'}, u'88': {u'State': u'finished'}, u'89': {u'State': u'finished'}, u'111': {u'State': u'finished'}, u'110': {u'State': u'finished'}, u'113': {u'State': u'finished'}, u'112': {u'State': u'finished'}, u'82': {u'State': u'finished'}, u'83': {u'State': u'finished'}, u'80': {u'State': u'finished'}, u'81': {u'State': u'finished'}, u'119': {u'State': u'finished'}, u'118': {u'State': u'finished'}, u'84': {u'State': u'finished'}, u'85': {u'State': u'finished'}, u'3': {u'State': u'finished'}, u'7': {u'State': u'finished'}, u'92': {u'State': u'finished'}, u'108': {u'State': u'finished'}, u'109': {u'State': u'finished'}, u'102': {u'State': u'finished'}, u'103': {u'State': u'finished'}, u'100': {u'State': u'finished'}, u'101': {u'State': u'finished'}, u'106': {u'State': u'finished'}, u'107': {u'State': u'finished'}, u'104': {u'State': u'finished'}, u'105': {u'State': u'finished'}, u'39': {u'State': u'finished'}, u'38': {u'State': u'finished'}, u'33': {u'State': u'finished'}, u'32': {u'State': u'finished'}, u'31': {u'State': u'finished'}, u'30': {u'State': u'finished'}, u'37': {u'State': u'finished'}, u'36': {u'State': u'finished'}, u'35': {u'State': u'finished'}, u'34': {u'State': u'finished'}, u'60': {u'State': u'finished'}, u'61': {u'State': u'finished'}, u'62': {u'State': u'finished'}, u'63': {u'State': u'finished'}, u'64': {u'State': u'finished'}, u'65': {u'State': u'finished'}, u'66': {u'State': u'finished'}, u'67': {u'State': u'finished'}, u'68': {u'State': u'finished'}, u'69': {u'State': u'finished'}, u'175': {u'State': u'finished'}, u'174': {u'State': u'finished'}, u'173': {u'State': u'finished'}, u'172': {u'State': u'finished'}, u'171': {u'State': u'finished'}, u'170': {u'State': u'finished'}, u'2': {u'State': u'finished'}, u'6': {u'State': u'finished'}, u'97': {u'State': u'finished'}, u'99': {u'State': u'finished'}, u'98': {u'State': u'finished'}, u'168': {u'State': u'finished'}, u'169': {u'State': u'finished'}, u'164': {u'State': u'finished'}, u'165': {u'State': u'finished'}, u'166': {u'State': u'finished'}, u'167': {u'State': u'finished'}, u'160': {u'State': u'finished'}, u'161': {u'State': u'finished'}, u'162': {u'State': u'finished'}, u'163': {u'State': u'finished'}, u'11': {u'State': u'finished'}, u'10': {u'State': u'finished'}, u'13': {u'State': u'finished'}, u'12': {u'State': u'finished'}, u'15': {u'State': u'finished'}, u'14': {u'State': u'finished'}, u'17': {u'State': u'finished'}, u'16': {u'State': u'finished'}, u'19': {u'State': u'finished'}, u'18': {u'State': u'finished'}, u'117': {u'State': u'finished'}, u'116': {u'State': u'finished'}, u'151': {u'State': u'finished'}, u'150': {u'State': u'finished'}, u'153': {u'State': u'finished'}, u'152': {u'State': u'finished'}, u'155': {u'State': u'finished'}, u'154': {u'State': u'finished'}, u'157': {u'State': u'finished'}, u'156': {u'State': u'finished'}, u'159': {u'State': u'finished'}, u'158': {u'State': u'finished'}, u'48': {u'State': u'finished'}, u'49': {u'State': u'finished'}, u'46': {u'State': u'finished'}, u'86': {u'State': u'finished'}, u'44': {u'State': u'finished'}, u'45': {u'State': u'finished'}, u'42': {u'State': u'finished'}, u'43': {u'State': u'finished'}, u'40': {u'State': u'finished'}, u'87': {u'State': u'finished'}, u'1': {u'State': u'finished'}, u'5': {u'State': u'finished'}, u'9': {u'State': u'finished'}, u'146': {u'State': u'transferring'}, u'147': {u'State': u'finished'}, u'144': {u'State': u'finished'}, u'145': {u'State': u'finished'}, u'142': {u'State': u'finished'}, u'143': {u'State': u'finished'}, u'140': {u'State': u'finished'}, u'141': {u'State': u'finished'}, u'148': {u'State': u'finished'}, u'149': {u'State': u'finished'}, u'77': {u'State': u'finished'}, u'76': {u'State': u'finished'}, u'75': {u'State': u'finished'}, u'74': {u'State': u'finished'}, u'73': {u'State': u'finished'}, u'72': {u'State': u'finished'}, u'71': {u'State': u'finished'}, u'70': {u'State': u'finished'}, u'79': {u'State': u'finished'}, u'78': {u'State': u'finished'}, u'41': {u'State': u'finished'}, u'47': {u'State': u'finished'}}, u'publication': {u'disabled': []}, u'taskWarningMsg': [], u'schedd': u'crab3@vocms0137.cern.ch', u'publicationFailures': {}, u'outdatasets': None, u'statusFailureMsg': u'', u'taskFailureMsg': u'', u'failedJobdefs': 0, u'ASOURL': u'https://cmsweb.cern.ch/couchdb2', u'command': u'SUBMIT', u'totalJobdefs': 0, u'submissionTime': 1481540962, u'jobdefErrors': [], u'collector': u'cmsgwms-collector-global.cern.ch,cmssrv221.fnal.gov', u'jobList': [[u'finished', 165], [u'finished', 133], [u'finished', 132], [u'finished', 131], [u'finished', 130], [u'finished', 137], [u'finished', 136], [u'finished', 135], [u'finished', 134], [u'finished', 139], [u'finished', 138], [u'finished', 166], [u'finished', 24], [u'finished', 25], [u'finished', 26], [u'finished', 27], [u'finished', 20], [u'finished', 21], [u'finished', 22], [u'finished', 23], [u'finished', 160], [u'finished', 28], [u'finished', 29], [u'finished', 161], [u'finished', 4], [u'finished', 8], [u'finished', 163], [u'finished', 119], [u'finished', 120], [u'transferring', 121], [u'finished', 122], [u'finished', 123], [u'transferring', 124], [u'finished', 125], [u'finished', 126], [u'finished', 127], [u'finished', 128], [u'finished', 129], [u'finished', 167], [u'finished', 118], [u'finished', 59], [u'finished', 58], [u'finished', 55], [u'finished', 54], [u'finished', 57], [u'finished', 56], [u'finished', 51], [u'finished', 50], [u'finished', 53], [u'finished', 52], [u'finished', 164], [u'finished', 115], [u'finished', 114], [u'finished', 88], [u'finished', 89], [u'finished', 111], [u'finished', 110], [u'finished', 113], [u'finished', 112], [u'finished', 82], [u'finished', 83], [u'finished', 80], [u'finished', 81], [u'finished', 86], [u'finished', 87], [u'finished', 84], [u'finished', 85], [u'finished', 3], [u'finished', 7], [u'finished', 108], [u'finished', 109], [u'finished', 102], [u'finished', 103], [u'finished', 100], [u'finished', 101], [u'finished', 106], [u'finished', 107], [u'finished', 104], [u'finished', 105], [u'finished', 39], [u'finished', 38], [u'finished', 33], [u'finished', 32], [u'finished', 31], [u'finished', 30], [u'finished', 37], [u'finished', 36], [u'finished', 35], [u'finished', 34], [u'finished', 60], [u'finished', 61], [u'finished', 62], [u'finished', 63], [u'finished', 64], [u'finished', 65], [u'finished', 66], [u'finished', 67], [u'finished', 68], [u'finished', 69], [u'finished', 175], [u'finished', 174], [u'finished', 173], [u'finished', 172], [u'finished', 171], [u'finished', 170], [u'finished', 2], [u'finished', 162], [u'finished', 6], [u'finished', 99], [u'finished', 98], [u'finished', 168], [u'finished', 169], [u'finished', 91], [u'finished', 90], [u'finished', 93], [u'finished', 92], [u'finished', 95], [u'finished', 94], [u'finished', 97], [u'finished', 96], [u'finished', 11], [u'finished', 10], [u'finished', 13], [u'finished', 12], [u'finished', 15], [u'finished', 14], [u'finished', 17], [u'finished', 16], [u'finished', 19], [u'finished', 18], [u'finished', 117], [u'finished', 116], [u'finished', 151], [u'finished', 150], [u'finished', 153], [u'finished', 152], [u'finished', 155], [u'finished', 154], [u'finished', 157], [u'finished', 156], [u'finished', 159], [u'finished', 158], [u'finished', 48], [u'finished', 49], [u'finished', 46], [u'finished', 47], [u'finished', 44], [u'finished', 45], [u'finished', 42], [u'finished', 43], [u'finished', 40], [u'finished', 41], [u'finished', 1], [u'finished', 5], [u'finished', 9], [u'transferring', 146], [u'finished', 147], [u'finished', 144], [u'finished', 145], [u'finished', 142], [u'finished', 143], [u'finished', 140], [u'finished', 141], [u'finished', 148], [u'finished', 149], [u'finished', 77], [u'finished', 76], [u'finished', 75], [u'finished', 74], [u'finished', 73], [u'finished', 72], [u'finished', 71], [u'finished', 70], [u'finished', 79], [u'finished', 78]]}
INFO 2016-12-12 17:20:42,478: 	 CRAB project directory:		/grid_mnt/data__data.polcms/cms/lisniak/btgtrain/CMSSW_7_5_8_patch3/src/RecoBTag/PerformanceMeasurements/test/crab_btagana_qcd30
INFO 2016-12-12 17:20:42,478: 	 Task name:			161212_110922:istaslis_crab_btagana_qcd30
INFO 2016-12-12 17:20:42,478: 	 Grid scheduler:			crab3@vocms0137.cern.ch
INFO 2016-12-12 17:20:42,478: 	 Task status:			SUBMITTED
INFO 2016-12-12 17:20:42,479: 	 Dashboard monitoring URL:	http://dashb-cms-job.cern.ch/dashboard/templates/task-analysis/#user=istaslis&table=Mains&pattern=161212_110922%3Aistaslis_crab_btagana_qcd30
INFO 2016-12-12 17:20:42,479: 	 
Jobs status:			finished       98.3% (172/175)
INFO 2016-12-12 17:20:42,479: 	 				transferring    1.7% (  3/175)
INFO 2016-12-12 17:20:42,479: 	 
No publication information (publication has been disabled in the CRAB configuration file)
INFO 2016-12-12 17:20:42,482: 	 Log file is /grid_mnt/data__data.polcms/cms/lisniak/btgtrain/CMSSW_7_5_8_patch3/src/RecoBTag/PerformanceMeasurements/test/crab_btagana_qcd30/crab.log
DEBUG 2016-12-12 18:21:08,036: 	 Executing command: 'status'
DEBUG 2016-12-12 18:21:08,037: 	 Found CRAB cache file /home/llr/cms/lisniak/.crab3
DEBUG 2016-12-12 18:21:08,057: 	 Checking credentials
DEBUG 2016-12-12 18:21:08,057: 	 Found proxy file /tmp/x509up_u837
DEBUG 2016-12-12 18:21:08,057: 	 Getting proxy life time left
DEBUG 2016-12-12 18:21:08,560: 	 Executing : 
 command : voms-proxy-info -file /tmp/x509up_u837 -timeleft
 output : 63906

 error: 
 retcode : 0
DEBUG 2016-12-12 18:21:09,064: 	 Executing : 
 command : voms-proxy-info -file /tmp/x509up_u837 -actimeleft
 output : 63906

 error: 
 retcode : 0
DEBUG 2016-12-12 18:21:09,064: 	 Proxy valid for 17:45:06 hours
DEBUG 2016-12-12 18:21:09,174: 	 Executing : 
 command : openssl x509 -in ~/.globus/usercert.pem -subject -noout
 output : subject= /DC=ch/DC=cern/OU=Organic Units/OU=Users/CN=istaslis/CN=747350/CN=Stanislav Lisniak

 error: 
 retcode : 0
DEBUG 2016-12-12 18:21:09,174: 	 Checking credentials
DEBUG 2016-12-12 18:21:09,174: 	 Found proxy file /tmp/x509up_u837
DEBUG 2016-12-12 18:21:09,175: 	 Getting proxy life time left
DEBUG 2016-12-12 18:21:09,677: 	 Executing : 
 command : voms-proxy-info -file /tmp/x509up_u837 -timeleft
 output : 63905

 error: 
 retcode : 0
DEBUG 2016-12-12 18:21:10,181: 	 Executing : 
 command : voms-proxy-info -file /tmp/x509up_u837 -actimeleft
 output : 63904

 error: 
 retcode : 0
DEBUG 2016-12-12 18:21:10,181: 	 Proxy valid for 17:45:05 hours
DEBUG 2016-12-12 18:21:21,975: 	 Registering user credentials for server /DC=ch/DC=cern/OU=computers/CN=vocms(045|052|021|031|0118|0118a|0119|0108|0105).cern.ch
DEBUG 2016-12-12 18:21:22,082: 	 Executing : 
 command : openssl x509 -in ~/.globus/usercert.pem -subject -noout
 output : subject= /DC=ch/DC=cern/OU=Organic Units/OU=Users/CN=istaslis/CN=747350/CN=Stanislav Lisniak

 error: 
 retcode : 0
DEBUG 2016-12-12 18:21:22,082: 	 Getting myproxy life time left for myproxy.cern.ch
DEBUG 2016-12-12 18:21:22,082: 	 Calculating hash of /DC=ch/DC=cern/OU=Organic Units/OU=Users/CN=istaslis/CN=747350/CN=Stanislav Lisniak_cmsweb.cern.ch for credential name
DEBUG 2016-12-12 18:21:22,384: 	 Executing : 
 command : myproxy-info -l fb080dc7d4e0790beaeb2d952381dd7a3f1f2fd6 -s myproxy.cern.ch
 output : username: fb080dc7d4e0790beaeb2d952381dd7a3f1f2fd6
owner: /DC=ch/DC=cern/OU=Organic Units/OU=Users/CN=istaslis/CN=747350/CN=Stanislav Lisniak
  renewal policy: /DC=ch/DC=cern/OU=computers/CN=vocms(045|052|021|031|0118|0118a|0119|0108|0105).cern.ch
  trusted retrieval policy: /DC=ch/DC=cern/OU=computers/CN=vocms(045|052|021|031|0118|0118a|0119|0108|0105).cern.ch
  timeleft: 459:54:27  (19.2 days)

 error: 
 retcode : 0
DEBUG 2016-12-12 18:21:22,386: 	 Myproxy is valid: 1655667
DEBUG 2016-12-12 18:21:22,386: 	 Command use: status
DEBUG 2016-12-12 18:21:22,386: 	 Options use: ['-d', 'crab_btagana_qcd30']
DEBUG 2016-12-12 18:21:22,910: 	 CRABClient version: 3.3.1611
DEBUG 2016-12-12 18:21:22,910: 	 Instance is prod
DEBUG 2016-12-12 18:21:22,910: 	 Server base url is cmsweb.cern.ch
DEBUG 2016-12-12 18:21:22,910: 	 Command url /crabserver/prod/workflow
DEBUG 2016-12-12 18:21:22,910: 	 Looking up detailed status of task 161212_110922:istaslis_crab_btagana_qcd30
DEBUG 2016-12-12 18:21:23,445: 	 {u'status': u'COMPLETED', u'username': u'istaslis', u'jobsPerStatus': {u'finished': 175}, u'jobs': {u'133': {u'State': u'finished'}, u'132': {u'State': u'finished'}, u'131': {u'State': u'finished'}, u'130': {u'State': u'finished'}, u'137': {u'State': u'finished'}, u'136': {u'State': u'finished'}, u'135': {u'State': u'finished'}, u'134': {u'State': u'finished'}, u'139': {u'State': u'finished'}, u'138': {u'State': u'finished'}, u'93': {u'State': u'finished'}, u'24': {u'State': u'finished'}, u'25': {u'State': u'finished'}, u'26': {u'State': u'finished'}, u'27': {u'State': u'finished'}, u'20': {u'State': u'finished'}, u'21': {u'State': u'finished'}, u'22': {u'State': u'finished'}, u'23': {u'State': u'finished'}, u'95': {u'State': u'finished'}, u'28': {u'State': u'finished'}, u'29': {u'State': u'finished'}, u'94': {u'State': u'finished'}, u'4': {u'State': u'finished'}, u'8': {u'State': u'finished'}, u'96': {u'State': u'finished'}, u'120': {u'State': u'finished'}, u'121': {u'State': u'finished'}, u'122': {u'State': u'finished'}, u'123': {u'State': u'finished'}, u'124': {u'State': u'finished'}, u'125': {u'State': u'finished'}, u'126': {u'State': u'finished'}, u'127': {u'State': u'finished'}, u'128': {u'State': u'finished'}, u'129': {u'State': u'finished'}, u'91': {u'State': u'finished'}, u'59': {u'State': u'finished'}, u'58': {u'State': u'finished'}, u'55': {u'State': u'finished'}, u'54': {u'State': u'finished'}, u'57': {u'State': u'finished'}, u'56': {u'State': u'finished'}, u'51': {u'State': u'finished'}, u'50': {u'State': u'finished'}, u'53': {u'State': u'finished'}, u'52': {u'State': u'finished'}, u'90': {u'State': u'finished'}, u'115': {u'State': u'finished'}, u'114': {u'State': u'finished'}, u'88': {u'State': u'finished'}, u'89': {u'State': u'finished'}, u'111': {u'State': u'finished'}, u'110': {u'State': u'finished'}, u'113': {u'State': u'finished'}, u'112': {u'State': u'finished'}, u'82': {u'State': u'finished'}, u'83': {u'State': u'finished'}, u'80': {u'State': u'finished'}, u'81': {u'State': u'finished'}, u'119': {u'State': u'finished'}, u'118': {u'State': u'finished'}, u'84': {u'State': u'finished'}, u'85': {u'State': u'finished'}, u'3': {u'State': u'finished'}, u'7': {u'State': u'finished'}, u'92': {u'State': u'finished'}, u'108': {u'State': u'finished'}, u'109': {u'State': u'finished'}, u'102': {u'State': u'finished'}, u'103': {u'State': u'finished'}, u'100': {u'State': u'finished'}, u'101': {u'State': u'finished'}, u'106': {u'State': u'finished'}, u'107': {u'State': u'finished'}, u'104': {u'State': u'finished'}, u'105': {u'State': u'finished'}, u'39': {u'State': u'finished'}, u'38': {u'State': u'finished'}, u'33': {u'State': u'finished'}, u'32': {u'State': u'finished'}, u'31': {u'State': u'finished'}, u'30': {u'State': u'finished'}, u'37': {u'State': u'finished'}, u'36': {u'State': u'finished'}, u'35': {u'State': u'finished'}, u'34': {u'State': u'finished'}, u'60': {u'State': u'finished'}, u'61': {u'State': u'finished'}, u'62': {u'State': u'finished'}, u'63': {u'State': u'finished'}, u'64': {u'State': u'finished'}, u'65': {u'State': u'finished'}, u'66': {u'State': u'finished'}, u'67': {u'State': u'finished'}, u'68': {u'State': u'finished'}, u'69': {u'State': u'finished'}, u'175': {u'State': u'finished'}, u'174': {u'State': u'finished'}, u'173': {u'State': u'finished'}, u'172': {u'State': u'finished'}, u'171': {u'State': u'finished'}, u'170': {u'State': u'finished'}, u'2': {u'State': u'finished'}, u'6': {u'State': u'finished'}, u'97': {u'State': u'finished'}, u'99': {u'State': u'finished'}, u'98': {u'State': u'finished'}, u'168': {u'State': u'finished'}, u'169': {u'State': u'finished'}, u'164': {u'State': u'finished'}, u'165': {u'State': u'finished'}, u'166': {u'State': u'finished'}, u'167': {u'State': u'finished'}, u'160': {u'State': u'finished'}, u'161': {u'State': u'finished'}, u'162': {u'State': u'finished'}, u'163': {u'State': u'finished'}, u'11': {u'State': u'finished'}, u'10': {u'State': u'finished'}, u'13': {u'State': u'finished'}, u'12': {u'State': u'finished'}, u'15': {u'State': u'finished'}, u'14': {u'State': u'finished'}, u'17': {u'State': u'finished'}, u'16': {u'State': u'finished'}, u'19': {u'State': u'finished'}, u'18': {u'State': u'finished'}, u'117': {u'State': u'finished'}, u'116': {u'State': u'finished'}, u'151': {u'State': u'finished'}, u'150': {u'State': u'finished'}, u'153': {u'State': u'finished'}, u'152': {u'State': u'finished'}, u'155': {u'State': u'finished'}, u'154': {u'State': u'finished'}, u'157': {u'State': u'finished'}, u'156': {u'State': u'finished'}, u'159': {u'State': u'finished'}, u'158': {u'State': u'finished'}, u'48': {u'State': u'finished'}, u'49': {u'State': u'finished'}, u'46': {u'State': u'finished'}, u'86': {u'State': u'finished'}, u'44': {u'State': u'finished'}, u'45': {u'State': u'finished'}, u'42': {u'State': u'finished'}, u'43': {u'State': u'finished'}, u'40': {u'State': u'finished'}, u'87': {u'State': u'finished'}, u'1': {u'State': u'finished'}, u'5': {u'State': u'finished'}, u'9': {u'State': u'finished'}, u'146': {u'State': u'finished'}, u'147': {u'State': u'finished'}, u'144': {u'State': u'finished'}, u'145': {u'State': u'finished'}, u'142': {u'State': u'finished'}, u'143': {u'State': u'finished'}, u'140': {u'State': u'finished'}, u'141': {u'State': u'finished'}, u'148': {u'State': u'finished'}, u'149': {u'State': u'finished'}, u'77': {u'State': u'finished'}, u'76': {u'State': u'finished'}, u'75': {u'State': u'finished'}, u'74': {u'State': u'finished'}, u'73': {u'State': u'finished'}, u'72': {u'State': u'finished'}, u'71': {u'State': u'finished'}, u'70': {u'State': u'finished'}, u'79': {u'State': u'finished'}, u'78': {u'State': u'finished'}, u'41': {u'State': u'finished'}, u'47': {u'State': u'finished'}}, u'publication': {u'disabled': []}, u'taskWarningMsg': [], u'schedd': u'crab3@vocms0137.cern.ch', u'publicationFailures': {}, u'outdatasets': None, u'statusFailureMsg': u'', u'taskFailureMsg': u'', u'failedJobdefs': 0, u'ASOURL': u'https://cmsweb.cern.ch/couchdb2', u'command': u'SUBMIT', u'totalJobdefs': 0, u'submissionTime': 1481540962, u'jobdefErrors': [], u'collector': u'cmsgwms-collector-global.cern.ch,cmssrv221.fnal.gov', u'jobList': [[u'finished', 165], [u'finished', 133], [u'finished', 132], [u'finished', 131], [u'finished', 130], [u'finished', 137], [u'finished', 136], [u'finished', 135], [u'finished', 134], [u'finished', 139], [u'finished', 138], [u'finished', 166], [u'finished', 24], [u'finished', 25], [u'finished', 26], [u'finished', 27], [u'finished', 20], [u'finished', 21], [u'finished', 22], [u'finished', 23], [u'finished', 160], [u'finished', 28], [u'finished', 29], [u'finished', 161], [u'finished', 4], [u'finished', 8], [u'finished', 163], [u'finished', 119], [u'finished', 120], [u'finished', 121], [u'finished', 122], [u'finished', 123], [u'finished', 124], [u'finished', 125], [u'finished', 126], [u'finished', 127], [u'finished', 128], [u'finished', 129], [u'finished', 167], [u'finished', 118], [u'finished', 59], [u'finished', 58], [u'finished', 55], [u'finished', 54], [u'finished', 57], [u'finished', 56], [u'finished', 51], [u'finished', 50], [u'finished', 53], [u'finished', 52], [u'finished', 164], [u'finished', 115], [u'finished', 114], [u'finished', 88], [u'finished', 89], [u'finished', 111], [u'finished', 110], [u'finished', 113], [u'finished', 112], [u'finished', 82], [u'finished', 83], [u'finished', 80], [u'finished', 81], [u'finished', 86], [u'finished', 87], [u'finished', 84], [u'finished', 85], [u'finished', 3], [u'finished', 7], [u'finished', 108], [u'finished', 109], [u'finished', 102], [u'finished', 103], [u'finished', 100], [u'finished', 101], [u'finished', 106], [u'finished', 107], [u'finished', 104], [u'finished', 105], [u'finished', 39], [u'finished', 38], [u'finished', 33], [u'finished', 32], [u'finished', 31], [u'finished', 30], [u'finished', 37], [u'finished', 36], [u'finished', 35], [u'finished', 34], [u'finished', 60], [u'finished', 61], [u'finished', 62], [u'finished', 63], [u'finished', 64], [u'finished', 65], [u'finished', 66], [u'finished', 67], [u'finished', 68], [u'finished', 69], [u'finished', 175], [u'finished', 174], [u'finished', 173], [u'finished', 172], [u'finished', 171], [u'finished', 170], [u'finished', 2], [u'finished', 162], [u'finished', 6], [u'finished', 99], [u'finished', 98], [u'finished', 168], [u'finished', 169], [u'finished', 91], [u'finished', 90], [u'finished', 93], [u'finished', 92], [u'finished', 95], [u'finished', 94], [u'finished', 97], [u'finished', 96], [u'finished', 11], [u'finished', 10], [u'finished', 13], [u'finished', 12], [u'finished', 15], [u'finished', 14], [u'finished', 17], [u'finished', 16], [u'finished', 19], [u'finished', 18], [u'finished', 117], [u'finished', 116], [u'finished', 151], [u'finished', 150], [u'finished', 153], [u'finished', 152], [u'finished', 155], [u'finished', 154], [u'finished', 157], [u'finished', 156], [u'finished', 159], [u'finished', 158], [u'finished', 48], [u'finished', 49], [u'finished', 46], [u'finished', 47], [u'finished', 44], [u'finished', 45], [u'finished', 42], [u'finished', 43], [u'finished', 40], [u'finished', 41], [u'finished', 1], [u'finished', 5], [u'finished', 9], [u'finished', 146], [u'finished', 147], [u'finished', 144], [u'finished', 145], [u'finished', 142], [u'finished', 143], [u'finished', 140], [u'finished', 141], [u'finished', 148], [u'finished', 149], [u'finished', 77], [u'finished', 76], [u'finished', 75], [u'finished', 74], [u'finished', 73], [u'finished', 72], [u'finished', 71], [u'finished', 70], [u'finished', 79], [u'finished', 78]]}
INFO 2016-12-12 18:21:23,445: 	 CRAB project directory:		/grid_mnt/data__data.polcms/cms/lisniak/btgtrain/CMSSW_7_5_8_patch3/src/RecoBTag/PerformanceMeasurements/test/crab_btagana_qcd30
INFO 2016-12-12 18:21:23,445: 	 Task name:			161212_110922:istaslis_crab_btagana_qcd30
INFO 2016-12-12 18:21:23,445: 	 Grid scheduler:			crab3@vocms0137.cern.ch
INFO 2016-12-12 18:21:23,445: 	 Task status:			COMPLETED
INFO 2016-12-12 18:21:23,445: 	 Dashboard monitoring URL:	http://dashb-cms-job.cern.ch/dashboard/templates/task-analysis/#user=istaslis&table=Mains&pattern=161212_110922%3Aistaslis_crab_btagana_qcd30
INFO 2016-12-12 18:21:23,445: 	 
Jobs status:			finished      100.0% (175/175)
INFO 2016-12-12 18:21:23,445: 	 
No publication information (publication has been disabled in the CRAB configuration file)
INFO 2016-12-12 18:21:23,449: 	 Log file is /grid_mnt/data__data.polcms/cms/lisniak/btgtrain/CMSSW_7_5_8_patch3/src/RecoBTag/PerformanceMeasurements/test/crab_btagana_qcd30/crab.log
