('Running on files ', ['fcr_99.root'])
('Output file ', 'JetTree_fcr.root')
('N events ', -1)
# Conditions read from  CMS_CONDITIONS  via FrontierProd 
DEBUG 2016-11-23 00:21:20,531: 	 Executing command: 'submit'
DEBUG 2016-11-23 00:21:20,628: 	 Found CRAB cache file /home/llr/cms/lisniak/.crab3
DEBUG 2016-11-23 00:21:20,656: 	 Checking credentials
DEBUG 2016-11-23 00:21:20,656: 	 Found proxy file /tmp/x509up_u837
DEBUG 2016-11-23 00:21:20,657: 	 Getting proxy life time left
DEBUG 2016-11-23 00:21:23,565: 	 Executing : 
 command : voms-proxy-info -file /tmp/x509up_u837 -timeleft
 output : 8894

 error: 
 retcode : 0
DEBUG 2016-11-23 00:21:24,571: 	 Executing : 
 command : voms-proxy-info -file /tmp/x509up_u837 -actimeleft
 output : 8893

 error: 
 retcode : 0
DEBUG 2016-11-23 00:21:24,571: 	 Proxy valid for 02:28:14 hours
INFO 2016-11-23 00:21:24,572: 	 Will use CRAB configuration file crabConfigFCR.py
DEBUG 2016-11-23 00:21:24,572: 	 Loading CRAB configuration file.
DEBUG 2016-11-23 00:21:29,578: 	 Will use CRAB Analysis plugin (i.e. will run an analysis job type).
DEBUG 2016-11-23 00:21:29,923: 	 Executing : 
 command : openssl x509 -in ~/.globus/usercert.pem -subject -noout
 output : subject= /DC=ch/DC=cern/OU=Organic Units/OU=Users/CN=istaslis/CN=747350/CN=Stanislav Lisniak

 error: 
 retcode : 0
DEBUG 2016-11-23 00:21:29,924: 	 Checking credentials
DEBUG 2016-11-23 00:21:29,924: 	 Found proxy file /tmp/x509up_u837
DEBUG 2016-11-23 00:21:29,924: 	 Getting proxy life time left
DEBUG 2016-11-23 00:21:31,129: 	 Executing : 
 command : voms-proxy-info -file /tmp/x509up_u837 -timeleft
 output : 8886

 error: 
 retcode : 0
DEBUG 2016-11-23 00:21:32,235: 	 Executing : 
 command : voms-proxy-info -file /tmp/x509up_u837 -actimeleft
 output : 8885

 error: 
 retcode : 0
DEBUG 2016-11-23 00:21:32,236: 	 Proxy valid for 02:28:06 hours
DEBUG 2016-11-23 00:21:33,542: 	 Executing : 
 command : env X509_USER_PROXY=/tmp/x509up_u837 voms-proxy-info -fqan
 output : /cms/Role=NULL/Capability=NULL

 error: 
 retcode : 0
DEBUG 2016-11-23 00:21:34,389: 	 Registering user credentials for server /DC=ch/DC=cern/OU=computers/CN=vocms(045|052|021|031|0118|0118a|0119|0108).cern.ch
DEBUG 2016-11-23 00:21:34,500: 	 Executing : 
 command : openssl x509 -in ~/.globus/usercert.pem -subject -noout
 output : subject= /DC=ch/DC=cern/OU=Organic Units/OU=Users/CN=istaslis/CN=747350/CN=Stanislav Lisniak

 error: 
 retcode : 0
DEBUG 2016-11-23 00:21:34,500: 	 Getting myproxy life time left for myproxy.cern.ch
DEBUG 2016-11-23 00:21:34,500: 	 Calculating hash of /DC=ch/DC=cern/OU=Organic Units/OU=Users/CN=istaslis/CN=747350/CN=Stanislav Lisniak_cmsweb.cern.ch for credential name
DEBUG 2016-11-23 00:21:35,305: 	 Executing : 
 command : myproxy-info -l fb080dc7d4e0790beaeb2d952381dd7a3f1f2fd6 -s myproxy.cern.ch
 output : username: fb080dc7d4e0790beaeb2d952381dd7a3f1f2fd6
owner: /DC=ch/DC=cern/OU=Organic Units/OU=Users/CN=istaslis/CN=747350/CN=Stanislav Lisniak
  renewal policy: /DC=ch/DC=cern/OU=computers/CN=vocms(045|052|021|031|0118|0118a|0119|0108).cern.ch
  trusted retrieval policy: /DC=ch/DC=cern/OU=computers/CN=vocms(045|052|021|031|0118|0118a|0119|0108).cern.ch
  timeleft: 521:03:13  (21.7 days)

 error: 
 retcode : 0
DEBUG 2016-11-23 00:21:35,307: 	 Myproxy is valid: 1875793
DEBUG 2016-11-23 00:21:35,307: 	 Command use: submit
DEBUG 2016-11-23 00:21:35,307: 	 Options use: ['-c', 'crabConfigFCR.py']
DEBUG 2016-11-23 00:21:36,097: 	 CRABClient version: 3.3.1611
DEBUG 2016-11-23 00:21:36,097: 	 Instance is prod
DEBUG 2016-11-23 00:21:36,097: 	 Server base url is cmsweb.cern.ch
DEBUG 2016-11-23 00:21:36,097: 	 Command url /crabserver/prod/workflow
DEBUG 2016-11-23 00:21:36,097: 	 Started submission
DEBUG 2016-11-23 00:21:36,097: 	 Working on /grid_mnt/data__data.polcms/cms/lisniak/btgtrain/CMSSW_7_5_8_patch3/src/RecoBTag/PerformanceMeasurements/test/crab_btagana_fcr80v3
DEBUG 2016-11-23 00:21:37,201: 	 Loading required information from the environment
DEBUG 2016-11-23 00:21:37,201: 	 Found CMSSW_7_5_8_patch3 for slc6_amd64_gcc491 with base /grid_mnt/data__data.polcms/cms/lisniak/btgtrain/CMSSW_7_5_8_patch3
DEBUG 2016-11-23 00:21:37,201: 	 Loading required information from the environment
DEBUG 2016-11-23 00:21:37,201: 	 Found CMSSW_7_5_8_patch3 for slc6_amd64_gcc491 with base /grid_mnt/data__data.polcms/cms/lisniak/btgtrain/CMSSW_7_5_8_patch3
DEBUG 2016-11-23 00:21:37,233: 	 UNIQUE NAME: tarUUID 8e148f81-d16e-4f79-87a3-4901b99b194f 
DEBUG 2016-11-23 00:21:37,234: 	 self.config: from WMCore.Configuration import Configuration
config = Configuration()
config.section_('General')
config.General.transferOutputs = True
config.General.transferLogs = True
config.General.requestName = 'btagana_fcr80v3'
config.section_('JobType')
config.JobType.psetName = 'runForestAOD_PbPb_MIX_75X.py'
config.JobType.pluginName = 'Analysis'
config.JobType.maxMemoryMB = 2400
config.section_('Data')
config.Data.inputDataset = '/Pythia6_bJetFCR80_pp502_Hydjet_MB/HINPbPbWinter16DR-75X_mcRun2_HeavyIon_v13-v1/AODSIM'
config.Data.outputDatasetTag = 'btagana_fcr80v3'
config.Data.totalUnits = 165
config.Data.unitsPerJob = 1
config.Data.splitting = 'FileBased'
config.Data.inputDBS = 'global'
config.Data.outLFNDirBase = '/store/user/istaslis/btagana_fcr80v3'
config.Data.publication = False
config.section_('Site')
config.Site.storageSite = 'T2_FR_GRIF_LLR'
config.section_('User')
config.section_('Debug')

DEBUG 2016-11-23 00:21:37,234: 	 self.config.JobType.psetName: runForestAOD_PbPb_MIX_75X.py
INFO 2016-11-23 00:21:37,235: 	 Importing CMSSW configuration runForestAOD_PbPb_MIX_75X.py
INFO 2016-11-23 00:21:56,777: 	 Finished importing CMSSW configuration runForestAOD_PbPb_MIX_75X.py
DEBUG 2016-11-23 00:21:56,778: 	 Writing CMSSW configuration to /grid_mnt/data__data.polcms/cms/lisniak/btgtrain/CMSSW_7_5_8_patch3/src/RecoBTag/PerformanceMeasurements/test/crab_btagana_fcr80v3/inputs/PSet.py
DEBUG 2016-11-23 00:22:01,453: 	 The following EDM output files will be collected: []
DEBUG 2016-11-23 00:22:01,453: 	 The following TFile output files will be collected: ['JetTree_fcr.root']
DEBUG 2016-11-23 00:22:01,453: 	 The following user output files will be collected: []
DEBUG 2016-11-23 00:22:01,453: 	 Loading required information from the environment
DEBUG 2016-11-23 00:22:01,454: 	 Found CMSSW_7_5_8_patch3 for slc6_amd64_gcc491 with base /grid_mnt/data__data.polcms/cms/lisniak/btgtrain/CMSSW_7_5_8_patch3
DEBUG 2016-11-23 00:22:01,454: 	 Making tarball in /grid_mnt/data__data.polcms/cms/lisniak/btgtrain/CMSSW_7_5_8_patch3/src/RecoBTag/PerformanceMeasurements/test/crab_btagana_fcr80v3/inputs/8e148f81-d16e-4f79-87a3-4901b99b194fdefault.tgz
DEBUG 2016-11-23 00:22:01,539: 	 Checking directory /grid_mnt/data__data.polcms/cms/lisniak/btgtrain/CMSSW_7_5_8_patch3/lib
DEBUG 2016-11-23 00:22:01,539: 	 Adding directory /grid_mnt/data__data.polcms/cms/lisniak/btgtrain/CMSSW_7_5_8_patch3/lib to tarball
DEBUG 2016-11-23 00:22:08,434: 	 Checking directory /grid_mnt/data__data.polcms/cms/lisniak/btgtrain/CMSSW_7_5_8_patch3/biglib
DEBUG 2016-11-23 00:22:08,434: 	 Adding directory /grid_mnt/data__data.polcms/cms/lisniak/btgtrain/CMSSW_7_5_8_patch3/biglib to tarball
DEBUG 2016-11-23 00:22:08,452: 	 Checking directory /grid_mnt/data__data.polcms/cms/lisniak/btgtrain/CMSSW_7_5_8_patch3/module
DEBUG 2016-11-23 00:22:10,624: 	 Adding data directory /grid_mnt/data__data.polcms/cms/lisniak/btgtrain/CMSSW_7_5_8_patch3/src/HeavyIonsAnalysis/Configuration/data to tarball
DEBUG 2016-11-23 00:22:10,848: 	 Adding data directory /grid_mnt/data__data.polcms/cms/lisniak/btgtrain/CMSSW_7_5_8_patch3/src/HeavyIonsAnalysis/EventAnalysis/interface to tarball
DEBUG 2016-11-23 00:22:10,900: 	 Adding data directory /grid_mnt/data__data.polcms/cms/lisniak/btgtrain/CMSSW_7_5_8_patch3/src/HeavyIonsAnalysis/JetAnalysis/data to tarball
DEBUG 2016-11-23 00:22:12,301: 	 Adding data directory /grid_mnt/data__data.polcms/cms/lisniak/btgtrain/CMSSW_7_5_8_patch3/src/HeavyIonsAnalysis/JetAnalysis/interface to tarball
DEBUG 2016-11-23 00:22:12,796: 	 Adding data directory /grid_mnt/data__data.polcms/cms/lisniak/btgtrain/CMSSW_7_5_8_patch3/src/HeavyIonsAnalysis/MuonAnalysis/interface to tarball
DEBUG 2016-11-23 00:22:12,818: 	 Adding data directory /grid_mnt/data__data.polcms/cms/lisniak/btgtrain/CMSSW_7_5_8_patch3/src/HeavyIonsAnalysis/PhotonAnalysis/interface to tarball
DEBUG 2016-11-23 00:22:12,866: 	 Adding data directory /grid_mnt/data__data.polcms/cms/lisniak/btgtrain/CMSSW_7_5_8_patch3/src/HeavyIonsAnalysis/TrackAnalysis/interface to tarball
DEBUG 2016-11-23 00:22:12,902: 	 Adding data directory /grid_mnt/data__data.polcms/cms/lisniak/btgtrain/CMSSW_7_5_8_patch3/src/HeavyIonsAnalysis/VertexAnalysis/interface to tarball
DEBUG 2016-11-23 00:22:12,943: 	 Adding data directory /grid_mnt/data__data.polcms/cms/lisniak/btgtrain/CMSSW_7_5_8_patch3/src/RecoHI/HiJetAlgos/interface to tarball
DEBUG 2016-11-23 00:22:13,073: 	 Adding data directory /grid_mnt/data__data.polcms/cms/lisniak/btgtrain/CMSSW_7_5_8_patch3/src/RecoJets/JetProducers/data to tarball
DEBUG 2016-11-23 00:22:13,123: 	 Adding data directory /grid_mnt/data__data.polcms/cms/lisniak/btgtrain/CMSSW_7_5_8_patch3/src/RecoJets/JetProducers/interface to tarball
DEBUG 2016-11-23 00:22:13,538: 	 Adding data directory /grid_mnt/data__data.polcms/cms/lisniak/btgtrain/CMSSW_7_5_8_patch3/src/RecoBTag/PerformanceMeasurements/data to tarball
DEBUG 2016-11-23 00:22:14,815: 	 Adding data directory /grid_mnt/data__data.polcms/cms/lisniak/btgtrain/CMSSW_7_5_8_patch3/src/RecoBTag/PerformanceMeasurements/interface to tarball
DEBUG 2016-11-23 00:22:15,173: 	 Adding data directory /grid_mnt/data__data.polcms/cms/lisniak/btgtrain/CMSSW_7_5_8_patch3/src/RecoBTag/PerformanceMeasurements/test/ttbar/data to tarball
DEBUG 2016-11-23 00:22:15,982: 	 Adding data directory /grid_mnt/data__data.polcms/cms/lisniak/btgtrain/CMSSW_7_5_8_patch3/src/RecoBTag/TagVarExtractor/interface to tarball
DEBUG 2016-11-23 00:22:16,026: 	 Adding data directory /grid_mnt/data__data.polcms/cms/lisniak/btgtrain/CMSSW_7_5_8_patch3/src/RecoBTag/SecondaryVertex/interface to tarball
DEBUG 2016-11-23 00:22:17,233: 	 Uploading archive /grid_mnt/data__data.polcms/cms/lisniak/btgtrain/CMSSW_7_5_8_patch3/src/RecoBTag/PerformanceMeasurements/test/crab_btagana_fcr80v3/inputs/8e148f81-d16e-4f79-87a3-4901b99b194fdefault.tgz to the CRAB cache. Using URI https://cmsweb.cern.ch/crabcache
DEBUG 2016-11-23 00:22:21,837: 	 Loading required information from the environment
DEBUG 2016-11-23 00:22:21,838: 	 Found CMSSW_7_5_8_patch3 for slc6_amd64_gcc491 with base /grid_mnt/data__data.polcms/cms/lisniak/btgtrain/CMSSW_7_5_8_patch3
DEBUG 2016-11-23 00:22:21,838: 	 Making tarball in /grid_mnt/data__data.polcms/cms/lisniak/btgtrain/CMSSW_7_5_8_patch3/src/RecoBTag/PerformanceMeasurements/test/crab_btagana_fcr80v3/inputs/debugFiles.tgz
DEBUG 2016-11-23 00:22:21,859: 	 Uploading archive /grid_mnt/data__data.polcms/cms/lisniak/btgtrain/CMSSW_7_5_8_patch3/src/RecoBTag/PerformanceMeasurements/test/crab_btagana_fcr80v3/inputs/debugFiles.tgz to the CRAB cache. Using URI https://cmsweb.cern.ch/crabcache
DEBUG 2016-11-23 00:22:22,716: 	 Result uploading input files: 12a4903fcc64f84c4345db52de568d31aff8762685dab5805730880fe3741e13.tar.gz 
INFO 2016-11-23 00:22:22,716: 	 Sending the request to the server
DEBUG 2016-11-23 00:22:22,716: 	 Submitting {'maxjobruntime': 1250, 'extrajdl': [], 'ignorelocality': 0, 'savelogsflag': 1, 'useparent': 0, 'asyncdest': 'T2_FR_GRIF_LLR', 'algoargs': 1, 'cachefilename': '12a4903fcc64f84c4345db52de568d31aff8762685dab5805730880fe3741e13.tar.gz', 'numcores': 1, 'addoutputfiles': [], 'generator': 'pythia', 'maxmemory': 2400, 'publishdbsurl': 'https://cmsweb.cern.ch/dbs/prod/phys03/DBSWriter', 'priority': 10, 'jobsw': 'CMSSW_7_5_8_patch3', 'edmoutfiles': [], 'userfiles': [], 'primarydataset': '', 'inputdata': '/Pythia6_bJetFCR80_pp502_Hydjet_MB/HINPbPbWinter16DR-75X_mcRun2_HeavyIon_v13-v1/AODSIM', 'lfn': '/store/user/istaslis/btagana_fcr80v3', 'dryrun': 0, 'workflow': 'crab_btagana_fcr80v3', 'adduserfiles': [], 'nonprodsw': 0, 'tfileoutfiles': ['JetTree_fcr.root'], 'oneEventMode': 0, 'debugfilename': 'af2ed008d6ba12fc3102e01b3f3e9889d74f1d5cf5bb5df6b299592b262258dd.tar.gz', 'cacheurl': u'https://cmsweb.cern.ch/crabcache', 'saveoutput': 1, 'publication': 0, 'jobarch': 'slc6_amd64_gcc491', 'totalunits': 165, 'splitalgo': 'FileBased', 'ignoreglobalblacklist': 0, 'nonvaliddata': 0, 'dbsurl': 'https://cmsweb.cern.ch/dbs/prod/global/DBSReader', 'publishgroupname': 0, 'jobtype': 'Analysis', 'publishname2': 'btagana_fcr80v3'} 
DEBUG 2016-11-23 00:22:22,717: 	 Encoded submit request: maxjobruntime=1250&ignorelocality=0&savelogsflag=1&useparent=0&asyncdest=T2_FR_GRIF_LLR&algoargs=1&cachefilename=12a4903fcc64f84c4345db52de568d31aff8762685dab5805730880fe3741e13.tar.gz&numcores=1&generator=pythia&maxmemory=2400&publishdbsurl=https%3A%2F%2Fcmsweb.cern.ch%2Fdbs%2Fprod%2Fphys03%2FDBSWriter&priority=10&jobsw=CMSSW_7_5_8_patch3&primarydataset=&inputdata=%2FPythia6_bJetFCR80_pp502_Hydjet_MB%2FHINPbPbWinter16DR-75X_mcRun2_HeavyIon_v13-v1%2FAODSIM&lfn=%2Fstore%2Fuser%2Fistaslis%2Fbtagana_fcr80v3&dryrun=0&workflow=crab_btagana_fcr80v3&nonprodsw=0&oneEventMode=0&debugfilename=af2ed008d6ba12fc3102e01b3f3e9889d74f1d5cf5bb5df6b299592b262258dd.tar.gz&cacheurl=https%3A%2F%2Fcmsweb.cern.ch%2Fcrabcache&saveoutput=1&publication=0&jobarch=slc6_amd64_gcc491&totalunits=165&splitalgo=FileBased&ignoreglobalblacklist=0&nonvaliddata=0&dbsurl=https%3A%2F%2Fcmsweb.cern.ch%2Fdbs%2Fprod%2Fglobal%2FDBSReader&publishgroupname=0&jobtype=Analysis&publishname2=btagana_fcr80v3&tfileoutfiles=JetTree_fcr.root
DEBUG 2016-11-23 00:22:24,003: 	 Result: {u'result': [{u'RequestName': u'161122_232223:istaslis_crab_btagana_fcr80v3'}]}
INFO 2016-11-23 00:22:24,006: 	 Success: Your task has been delivered to the CRAB3 server.
INFO 2016-11-23 00:22:24,006: 	 Task name: 161122_232223:istaslis_crab_btagana_fcr80v3
INFO 2016-11-23 00:22:24,006: 	 Please use 'crab status' to check how the submission process proceeds.
DEBUG 2016-11-23 00:22:24,007: 	 About to return
INFO 2016-11-23 00:22:24,015: 	 Log file is /grid_mnt/data__data.polcms/cms/lisniak/btgtrain/CMSSW_7_5_8_patch3/src/RecoBTag/PerformanceMeasurements/test/crab_btagana_fcr80v3/crab.log
DEBUG 2016-11-23 00:32:03,093: 	 Executing command: 'status'
DEBUG 2016-11-23 00:32:03,094: 	 Found CRAB cache file /home/llr/cms/lisniak/.crab3
DEBUG 2016-11-23 00:32:03,117: 	 Checking credentials
DEBUG 2016-11-23 00:32:03,117: 	 Found proxy file /tmp/x509up_u837
DEBUG 2016-11-23 00:32:03,117: 	 Getting proxy life time left
DEBUG 2016-11-23 00:32:04,022: 	 Executing : 
 command : voms-proxy-info -file /tmp/x509up_u837 -timeleft
 output : 8253

 error: 
 retcode : 0
DEBUG 2016-11-23 00:32:04,928: 	 Executing : 
 command : voms-proxy-info -file /tmp/x509up_u837 -actimeleft
 output : 8253

 error: 
 retcode : 0
DEBUG 2016-11-23 00:32:04,929: 	 Proxy valid for 02:17:33 hours
DEBUG 2016-11-23 00:32:05,045: 	 Executing : 
 command : openssl x509 -in ~/.globus/usercert.pem -subject -noout
 output : subject= /DC=ch/DC=cern/OU=Organic Units/OU=Users/CN=istaslis/CN=747350/CN=Stanislav Lisniak

 error: 
 retcode : 0
DEBUG 2016-11-23 00:32:05,045: 	 Checking credentials
DEBUG 2016-11-23 00:32:05,045: 	 Found proxy file /tmp/x509up_u837
DEBUG 2016-11-23 00:32:05,045: 	 Getting proxy life time left
DEBUG 2016-11-23 00:32:05,950: 	 Executing : 
 command : voms-proxy-info -file /tmp/x509up_u837 -timeleft
 output : 8252

 error: 
 retcode : 0
DEBUG 2016-11-23 00:32:06,956: 	 Executing : 
 command : voms-proxy-info -file /tmp/x509up_u837 -actimeleft
 output : 8251

 error: 
 retcode : 0
DEBUG 2016-11-23 00:32:06,957: 	 Proxy valid for 02:17:32 hours
DEBUG 2016-11-23 00:32:07,804: 	 Registering user credentials for server /DC=ch/DC=cern/OU=computers/CN=vocms(045|052|021|031|0118|0118a|0119|0108).cern.ch
DEBUG 2016-11-23 00:32:07,915: 	 Executing : 
 command : openssl x509 -in ~/.globus/usercert.pem -subject -noout
 output : subject= /DC=ch/DC=cern/OU=Organic Units/OU=Users/CN=istaslis/CN=747350/CN=Stanislav Lisniak

 error: 
 retcode : 0
DEBUG 2016-11-23 00:32:07,916: 	 Getting myproxy life time left for myproxy.cern.ch
DEBUG 2016-11-23 00:32:07,916: 	 Calculating hash of /DC=ch/DC=cern/OU=Organic Units/OU=Users/CN=istaslis/CN=747350/CN=Stanislav Lisniak_cmsweb.cern.ch for credential name
DEBUG 2016-11-23 00:32:10,423: 	 Executing : 
 command : myproxy-info -l fb080dc7d4e0790beaeb2d952381dd7a3f1f2fd6 -s myproxy.cern.ch
 output : username: fb080dc7d4e0790beaeb2d952381dd7a3f1f2fd6
owner: /DC=ch/DC=cern/OU=Organic Units/OU=Users/CN=istaslis/CN=747350/CN=Stanislav Lisniak
  renewal policy: /DC=ch/DC=cern/OU=computers/CN=vocms(045|052|021|031|0118|0118a|0119|0108).cern.ch
  trusted retrieval policy: /DC=ch/DC=cern/OU=computers/CN=vocms(045|052|021|031|0118|0118a|0119|0108).cern.ch
  timeleft: 520:52:38  (21.7 days)

 error: 
 retcode : 0
DEBUG 2016-11-23 00:32:10,425: 	 Myproxy is valid: 1875158
DEBUG 2016-11-23 00:32:10,425: 	 Command use: status
DEBUG 2016-11-23 00:32:10,425: 	 Options use: ['-d', 'crab_btagana_fcr80v3/']
DEBUG 2016-11-23 00:32:11,234: 	 CRABClient version: 3.3.1611
DEBUG 2016-11-23 00:32:11,234: 	 Instance is prod
DEBUG 2016-11-23 00:32:11,234: 	 Server base url is cmsweb.cern.ch
DEBUG 2016-11-23 00:32:11,234: 	 Command url /crabserver/prod/workflow
DEBUG 2016-11-23 00:32:11,234: 	 Looking up detailed status of task 161122_232223:istaslis_crab_btagana_fcr80v3
DEBUG 2016-11-23 00:32:13,821: 	 {u'status': u'SUBMITTED', u'username': u'istaslis', u'jobsPerStatus': {u'idle': 14, u'running': 151}, u'jobs': {u'133': {u'State': u'running'}, u'132': {u'State': u'running'}, u'131': {u'State': u'running'}, u'130': {u'State': u'running'}, u'137': {u'State': u'running'}, u'136': {u'State': u'running'}, u'135': {u'State': u'running'}, u'134': {u'State': u'running'}, u'139': {u'State': u'running'}, u'138': {u'State': u'running'}, u'24': {u'State': u'running'}, u'25': {u'State': u'running'}, u'26': {u'State': u'running'}, u'27': {u'State': u'running'}, u'20': {u'State': u'running'}, u'21': {u'State': u'running'}, u'22': {u'State': u'running'}, u'23': {u'State': u'running'}, u'95': {u'State': u'running'}, u'28': {u'State': u'running'}, u'29': {u'State': u'running'}, u'94': {u'State': u'running'}, u'4': {u'State': u'idle'}, u'8': {u'State': u'running'}, u'96': {u'State': u'running'}, u'120': {u'State': u'running'}, u'121': {u'State': u'running'}, u'122': {u'State': u'running'}, u'123': {u'State': u'running'}, u'124': {u'State': u'running'}, u'125': {u'State': u'running'}, u'126': {u'State': u'running'}, u'127': {u'State': u'running'}, u'128': {u'State': u'running'}, u'129': {u'State': u'running'}, u'91': {u'State': u'running'}, u'59': {u'State': u'running'}, u'58': {u'State': u'running'}, u'55': {u'State': u'running'}, u'54': {u'State': u'running'}, u'57': {u'State': u'idle'}, u'56': {u'State': u'running'}, u'51': {u'State': u'running'}, u'50': {u'State': u'running'}, u'53': {u'State': u'running'}, u'52': {u'State': u'running'}, u'90': {u'State': u'running'}, u'115': {u'State': u'running'}, u'114': {u'State': u'running'}, u'88': {u'State': u'running'}, u'89': {u'State': u'running'}, u'111': {u'State': u'running'}, u'110': {u'State': u'running'}, u'113': {u'State': u'running'}, u'112': {u'State': u'running'}, u'82': {u'State': u'running'}, u'83': {u'State': u'running'}, u'80': {u'State': u'running'}, u'81': {u'State': u'running'}, u'119': {u'State': u'running'}, u'118': {u'State': u'running'}, u'84': {u'State': u'running'}, u'85': {u'State': u'running'}, u'3': {u'State': u'running'}, u'7': {u'State': u'running'}, u'108': {u'State': u'running'}, u'109': {u'State': u'running'}, u'102': {u'State': u'running'}, u'103': {u'State': u'running'}, u'100': {u'State': u'running'}, u'101': {u'State': u'running'}, u'106': {u'State': u'running'}, u'107': {u'State': u'running'}, u'104': {u'State': u'running'}, u'105': {u'State': u'running'}, u'39': {u'State': u'running'}, u'38': {u'State': u'running'}, u'33': {u'State': u'running'}, u'32': {u'State': u'running'}, u'31': {u'State': u'running'}, u'30': {u'State': u'running'}, u'37': {u'State': u'running'}, u'36': {u'State': u'running'}, u'35': {u'State': u'running'}, u'34': {u'State': u'running'}, u'60': {u'State': u'idle'}, u'61': {u'State': u'running'}, u'62': {u'State': u'running'}, u'63': {u'State': u'running'}, u'64': {u'State': u'running'}, u'65': {u'State': u'running'}, u'66': {u'State': u'running'}, u'67': {u'State': u'running'}, u'68': {u'State': u'running'}, u'69': {u'State': u'running'}, u'2': {u'State': u'running'}, u'6': {u'State': u'running'}, u'97': {u'State': u'running'}, u'99': {u'State': u'running'}, u'98': {u'State': u'running'}, u'164': {u'State': u'idle'}, u'165': {u'State': u'idle'}, u'93': {u'State': u'running'}, u'92': {u'State': u'running'}, u'160': {u'State': u'idle'}, u'161': {u'State': u'idle'}, u'162': {u'State': u'running'}, u'163': {u'State': u'idle'}, u'11': {u'State': u'running'}, u'10': {u'State': u'running'}, u'13': {u'State': u'running'}, u'12': {u'State': u'running'}, u'15': {u'State': u'running'}, u'14': {u'State': u'running'}, u'17': {u'State': u'running'}, u'16': {u'State': u'running'}, u'19': {u'State': u'running'}, u'18': {u'State': u'running'}, u'117': {u'State': u'running'}, u'116': {u'State': u'running'}, u'151': {u'State': u'running'}, u'150': {u'State': u'running'}, u'153': {u'State': u'running'}, u'152': {u'State': u'running'}, u'155': {u'State': u'idle'}, u'154': {u'State': u'running'}, u'157': {u'State': u'idle'}, u'156': {u'State': u'idle'}, u'159': {u'State': u'idle'}, u'158': {u'State': u'idle'}, u'48': {u'State': u'running'}, u'49': {u'State': u'running'}, u'46': {u'State': u'running'}, u'86': {u'State': u'running'}, u'44': {u'State': u'running'}, u'45': {u'State': u'running'}, u'42': {u'State': u'running'}, u'43': {u'State': u'running'}, u'40': {u'State': u'running'}, u'87': {u'State': u'running'}, u'1': {u'State': u'idle'}, u'5': {u'State': u'running'}, u'9': {u'State': u'running'}, u'146': {u'State': u'running'}, u'147': {u'State': u'running'}, u'144': {u'State': u'running'}, u'145': {u'State': u'running'}, u'142': {u'State': u'running'}, u'143': {u'State': u'running'}, u'140': {u'State': u'running'}, u'141': {u'State': u'running'}, u'148': {u'State': u'running'}, u'149': {u'State': u'running'}, u'77': {u'State': u'running'}, u'76': {u'State': u'running'}, u'75': {u'State': u'running'}, u'74': {u'State': u'running'}, u'73': {u'State': u'running'}, u'72': {u'State': u'running'}, u'71': {u'State': u'running'}, u'70': {u'State': u'running'}, u'79': {u'State': u'running'}, u'78': {u'State': u'running'}, u'41': {u'State': u'running'}, u'47': {u'State': u'running'}}, u'publication': {u'disabled': []}, u'taskWarningMsg': [], u'schedd': u'crab3@vocms0106.cern.ch', u'publicationFailures': {}, u'outdatasets': None, u'statusFailureMsg': u'', u'taskFailureMsg': u'', u'failedJobdefs': 0, u'ASOURL': u'https://cmsweb.cern.ch/couchdb2', u'command': u'SUBMIT', u'totalJobdefs': 0, u'submissionTime': 1479856943, u'jobdefErrors': [], u'collector': u'cmsgwms-collector-global.cern.ch,cmssrv221.fnal.gov', u'jobList': [[u'idle', 165], [u'running', 133], [u'running', 132], [u'running', 131], [u'running', 130], [u'running', 137], [u'running', 136], [u'running', 135], [u'running', 134], [u'running', 139], [u'running', 138], [u'running', 24], [u'running', 25], [u'running', 26], [u'running', 27], [u'running', 20], [u'running', 21], [u'running', 22], [u'running', 23], [u'idle', 160], [u'running', 28], [u'running', 29], [u'idle', 161], [u'idle', 4], [u'running', 8], [u'idle', 163], [u'running', 119], [u'running', 120], [u'running', 121], [u'running', 122], [u'running', 123], [u'running', 124], [u'running', 125], [u'running', 126], [u'running', 127], [u'running', 128], [u'running', 129], [u'running', 118], [u'running', 59], [u'running', 58], [u'running', 55], [u'running', 54], [u'idle', 57], [u'running', 56], [u'running', 51], [u'running', 50], [u'running', 53], [u'running', 52], [u'idle', 164], [u'running', 115], [u'running', 114], [u'running', 88], [u'running', 89], [u'running', 111], [u'running', 110], [u'running', 113], [u'running', 112], [u'running', 82], [u'running', 83], [u'running', 80], [u'running', 81], [u'running', 86], [u'running', 87], [u'running', 84], [u'running', 85], [u'running', 3], [u'running', 7], [u'running', 108], [u'running', 109], [u'running', 102], [u'running', 103], [u'running', 100], [u'running', 101], [u'running', 106], [u'running', 107], [u'running', 104], [u'running', 105], [u'running', 39], [u'running', 38], [u'running', 33], [u'running', 32], [u'running', 31], [u'running', 30], [u'running', 37], [u'running', 36], [u'running', 35], [u'running', 34], [u'idle', 60], [u'running', 61], [u'running', 62], [u'running', 63], [u'running', 64], [u'running', 65], [u'running', 66], [u'running', 67], [u'running', 68], [u'running', 69], [u'running', 2], [u'running', 162], [u'running', 6], [u'running', 99], [u'running', 98], [u'running', 91], [u'running', 90], [u'running', 93], [u'running', 92], [u'running', 95], [u'running', 94], [u'running', 97], [u'running', 96], [u'running', 11], [u'running', 10], [u'running', 13], [u'running', 12], [u'running', 15], [u'running', 14], [u'running', 17], [u'running', 16], [u'running', 19], [u'running', 18], [u'running', 117], [u'running', 116], [u'running', 151], [u'running', 150], [u'running', 153], [u'running', 152], [u'idle', 155], [u'running', 154], [u'idle', 157], [u'idle', 156], [u'idle', 159], [u'idle', 158], [u'running', 48], [u'running', 49], [u'running', 46], [u'running', 47], [u'running', 44], [u'running', 45], [u'running', 42], [u'running', 43], [u'running', 40], [u'running', 41], [u'idle', 1], [u'running', 5], [u'running', 9], [u'running', 146], [u'running', 147], [u'running', 144], [u'running', 145], [u'running', 142], [u'running', 143], [u'running', 140], [u'running', 141], [u'running', 148], [u'running', 149], [u'running', 77], [u'running', 76], [u'running', 75], [u'running', 74], [u'running', 73], [u'running', 72], [u'running', 71], [u'running', 70], [u'running', 79], [u'running', 78]]}
INFO 2016-11-23 00:32:13,821: 	 CRAB project directory:		/grid_mnt/data__data.polcms/cms/lisniak/btgtrain/CMSSW_7_5_8_patch3/src/RecoBTag/PerformanceMeasurements/test/crab_btagana_fcr80v3
INFO 2016-11-23 00:32:13,822: 	 Task name:			161122_232223:istaslis_crab_btagana_fcr80v3
INFO 2016-11-23 00:32:13,822: 	 Grid scheduler:			crab3@vocms0106.cern.ch
INFO 2016-11-23 00:32:13,822: 	 Task status:			SUBMITTED
INFO 2016-11-23 00:32:13,822: 	 Dashboard monitoring URL:	http://dashb-cms-job.cern.ch/dashboard/templates/task-analysis/#user=istaslis&table=Mains&pattern=161122_232223%3Aistaslis_crab_btagana_fcr80v3
INFO 2016-11-23 00:32:13,822: 	 
Jobs status:			idle            8.5% ( 14/165)
INFO 2016-11-23 00:32:13,823: 	 				running        91.5% (151/165)
INFO 2016-11-23 00:32:13,823: 	 
No publication information (publication has been disabled in the CRAB configuration file)
INFO 2016-11-23 00:32:13,828: 	 Log file is /grid_mnt/data__data.polcms/cms/lisniak/btgtrain/CMSSW_7_5_8_patch3/src/RecoBTag/PerformanceMeasurements/test/crab_btagana_fcr80v3/crab.log
DEBUG 2016-11-23 00:42:38,833: 	 Executing command: 'status'
DEBUG 2016-11-23 00:42:38,834: 	 Found CRAB cache file /home/llr/cms/lisniak/.crab3
DEBUG 2016-11-23 00:42:38,853: 	 Checking credentials
DEBUG 2016-11-23 00:42:38,854: 	 Found proxy file /tmp/x509up_u837
DEBUG 2016-11-23 00:42:38,854: 	 Getting proxy life time left
DEBUG 2016-11-23 00:42:39,759: 	 Executing : 
 command : voms-proxy-info -file /tmp/x509up_u837 -timeleft
 output : 7618

 error: 
 retcode : 0
DEBUG 2016-11-23 00:42:40,765: 	 Executing : 
 command : voms-proxy-info -file /tmp/x509up_u837 -actimeleft
 output : 7617

 error: 
 retcode : 0
DEBUG 2016-11-23 00:42:40,766: 	 Proxy valid for 02:06:58 hours
DEBUG 2016-11-23 00:42:40,882: 	 Executing : 
 command : openssl x509 -in ~/.globus/usercert.pem -subject -noout
 output : subject= /DC=ch/DC=cern/OU=Organic Units/OU=Users/CN=istaslis/CN=747350/CN=Stanislav Lisniak

 error: 
 retcode : 0
DEBUG 2016-11-23 00:42:40,882: 	 Checking credentials
DEBUG 2016-11-23 00:42:40,882: 	 Found proxy file /tmp/x509up_u837
DEBUG 2016-11-23 00:42:40,882: 	 Getting proxy life time left
DEBUG 2016-11-23 00:42:41,787: 	 Executing : 
 command : voms-proxy-info -file /tmp/x509up_u837 -timeleft
 output : 7616

 error: 
 retcode : 0
DEBUG 2016-11-23 00:42:42,894: 	 Executing : 
 command : voms-proxy-info -file /tmp/x509up_u837 -actimeleft
 output : 7615

 error: 
 retcode : 0
DEBUG 2016-11-23 00:42:42,894: 	 Proxy valid for 02:06:56 hours
DEBUG 2016-11-23 00:42:43,732: 	 Registering user credentials for server /DC=ch/DC=cern/OU=computers/CN=vocms(045|052|021|031|0118|0118a|0119|0108).cern.ch
DEBUG 2016-11-23 00:42:43,844: 	 Executing : 
 command : openssl x509 -in ~/.globus/usercert.pem -subject -noout
 output : subject= /DC=ch/DC=cern/OU=Organic Units/OU=Users/CN=istaslis/CN=747350/CN=Stanislav Lisniak

 error: 
 retcode : 0
DEBUG 2016-11-23 00:42:43,844: 	 Getting myproxy life time left for myproxy.cern.ch
DEBUG 2016-11-23 00:42:43,844: 	 Calculating hash of /DC=ch/DC=cern/OU=Organic Units/OU=Users/CN=istaslis/CN=747350/CN=Stanislav Lisniak_cmsweb.cern.ch for credential name
DEBUG 2016-11-23 00:42:44,449: 	 Executing : 
 command : myproxy-info -l fb080dc7d4e0790beaeb2d952381dd7a3f1f2fd6 -s myproxy.cern.ch
 output : username: fb080dc7d4e0790beaeb2d952381dd7a3f1f2fd6
owner: /DC=ch/DC=cern/OU=Organic Units/OU=Users/CN=istaslis/CN=747350/CN=Stanislav Lisniak
  renewal policy: /DC=ch/DC=cern/OU=computers/CN=vocms(045|052|021|031|0118|0118a|0119|0108).cern.ch
  trusted retrieval policy: /DC=ch/DC=cern/OU=computers/CN=vocms(045|052|021|031|0118|0118a|0119|0108).cern.ch
  timeleft: 520:42:04  (21.7 days)

 error: 
 retcode : 0
DEBUG 2016-11-23 00:42:44,451: 	 Myproxy is valid: 1874524
DEBUG 2016-11-23 00:42:44,451: 	 Command use: status
DEBUG 2016-11-23 00:42:44,451: 	 Options use: ['-d', 'crab_btagana_fcr80v3/']
DEBUG 2016-11-23 00:42:45,541: 	 CRABClient version: 3.3.1611
DEBUG 2016-11-23 00:42:45,541: 	 Instance is prod
DEBUG 2016-11-23 00:42:45,541: 	 Server base url is cmsweb.cern.ch
DEBUG 2016-11-23 00:42:45,541: 	 Command url /crabserver/prod/workflow
DEBUG 2016-11-23 00:42:45,542: 	 Looking up detailed status of task 161122_232223:istaslis_crab_btagana_fcr80v3
DEBUG 2016-11-23 00:42:50,883: 	 {u'status': u'SUBMITTED', u'username': u'istaslis', u'jobsPerStatus': {u'running': 165}, u'jobs': {u'133': {u'State': u'running'}, u'132': {u'State': u'running'}, u'131': {u'State': u'running'}, u'130': {u'State': u'running'}, u'137': {u'State': u'running'}, u'136': {u'State': u'running'}, u'135': {u'State': u'running'}, u'134': {u'State': u'running'}, u'139': {u'State': u'running'}, u'138': {u'State': u'running'}, u'24': {u'State': u'running'}, u'25': {u'State': u'running'}, u'26': {u'State': u'running'}, u'27': {u'State': u'running'}, u'20': {u'State': u'running'}, u'21': {u'State': u'running'}, u'22': {u'State': u'running'}, u'23': {u'State': u'running'}, u'95': {u'State': u'running'}, u'28': {u'State': u'running'}, u'29': {u'State': u'running'}, u'94': {u'State': u'running'}, u'4': {u'State': u'running'}, u'8': {u'State': u'running'}, u'96': {u'State': u'running'}, u'120': {u'State': u'running'}, u'121': {u'State': u'running'}, u'122': {u'State': u'running'}, u'123': {u'State': u'running'}, u'124': {u'State': u'running'}, u'125': {u'State': u'running'}, u'126': {u'State': u'running'}, u'127': {u'State': u'running'}, u'128': {u'State': u'running'}, u'129': {u'State': u'running'}, u'91': {u'State': u'running'}, u'59': {u'State': u'running'}, u'58': {u'State': u'running'}, u'55': {u'State': u'running'}, u'54': {u'State': u'running'}, u'57': {u'State': u'running'}, u'56': {u'State': u'running'}, u'51': {u'State': u'running'}, u'50': {u'State': u'running'}, u'53': {u'State': u'running'}, u'52': {u'State': u'running'}, u'90': {u'State': u'running'}, u'115': {u'State': u'running'}, u'114': {u'State': u'running'}, u'88': {u'State': u'running'}, u'89': {u'State': u'running'}, u'111': {u'State': u'running'}, u'110': {u'State': u'running'}, u'113': {u'State': u'running'}, u'112': {u'State': u'running'}, u'82': {u'State': u'running'}, u'83': {u'State': u'running'}, u'80': {u'State': u'running'}, u'81': {u'State': u'running'}, u'119': {u'State': u'running'}, u'118': {u'State': u'running'}, u'84': {u'State': u'running'}, u'85': {u'State': u'running'}, u'3': {u'State': u'running'}, u'7': {u'State': u'running'}, u'108': {u'State': u'running'}, u'109': {u'State': u'running'}, u'102': {u'State': u'running'}, u'103': {u'State': u'running'}, u'100': {u'State': u'running'}, u'101': {u'State': u'running'}, u'106': {u'State': u'running'}, u'107': {u'State': u'running'}, u'104': {u'State': u'running'}, u'105': {u'State': u'running'}, u'39': {u'State': u'running'}, u'38': {u'State': u'running'}, u'33': {u'State': u'running'}, u'32': {u'State': u'running'}, u'31': {u'State': u'running'}, u'30': {u'State': u'running'}, u'37': {u'State': u'running'}, u'36': {u'State': u'running'}, u'35': {u'State': u'running'}, u'34': {u'State': u'running'}, u'60': {u'State': u'running'}, u'61': {u'State': u'running'}, u'62': {u'State': u'running'}, u'63': {u'State': u'running'}, u'64': {u'State': u'running'}, u'65': {u'State': u'running'}, u'66': {u'State': u'running'}, u'67': {u'State': u'running'}, u'68': {u'State': u'running'}, u'69': {u'State': u'running'}, u'2': {u'State': u'running'}, u'6': {u'State': u'running'}, u'97': {u'State': u'running'}, u'99': {u'State': u'running'}, u'98': {u'State': u'running'}, u'164': {u'State': u'running'}, u'165': {u'State': u'running'}, u'93': {u'State': u'running'}, u'92': {u'State': u'running'}, u'160': {u'State': u'running'}, u'161': {u'State': u'running'}, u'162': {u'State': u'running'}, u'163': {u'State': u'running'}, u'11': {u'State': u'running'}, u'10': {u'State': u'running'}, u'13': {u'State': u'running'}, u'12': {u'State': u'running'}, u'15': {u'State': u'running'}, u'14': {u'State': u'running'}, u'17': {u'State': u'running'}, u'16': {u'State': u'running'}, u'19': {u'State': u'running'}, u'18': {u'State': u'running'}, u'117': {u'State': u'running'}, u'116': {u'State': u'running'}, u'151': {u'State': u'running'}, u'150': {u'State': u'running'}, u'153': {u'State': u'running'}, u'152': {u'State': u'running'}, u'155': {u'State': u'running'}, u'154': {u'State': u'running'}, u'157': {u'State': u'running'}, u'156': {u'State': u'running'}, u'159': {u'State': u'running'}, u'158': {u'State': u'running'}, u'48': {u'State': u'running'}, u'49': {u'State': u'running'}, u'46': {u'State': u'running'}, u'86': {u'State': u'running'}, u'44': {u'State': u'running'}, u'45': {u'State': u'running'}, u'42': {u'State': u'running'}, u'43': {u'State': u'running'}, u'40': {u'State': u'running'}, u'87': {u'State': u'running'}, u'1': {u'State': u'running'}, u'5': {u'State': u'running'}, u'9': {u'State': u'running'}, u'146': {u'State': u'running'}, u'147': {u'State': u'running'}, u'144': {u'State': u'running'}, u'145': {u'State': u'running'}, u'142': {u'State': u'running'}, u'143': {u'State': u'running'}, u'140': {u'State': u'running'}, u'141': {u'State': u'running'}, u'148': {u'State': u'running'}, u'149': {u'State': u'running'}, u'77': {u'State': u'running'}, u'76': {u'State': u'running'}, u'75': {u'State': u'running'}, u'74': {u'State': u'running'}, u'73': {u'State': u'running'}, u'72': {u'State': u'running'}, u'71': {u'State': u'running'}, u'70': {u'State': u'running'}, u'79': {u'State': u'running'}, u'78': {u'State': u'running'}, u'41': {u'State': u'running'}, u'47': {u'State': u'running'}}, u'publication': {u'disabled': []}, u'taskWarningMsg': [], u'schedd': u'crab3@vocms0106.cern.ch', u'publicationFailures': {}, u'outdatasets': None, u'statusFailureMsg': u'', u'taskFailureMsg': u'', u'failedJobdefs': 0, u'ASOURL': u'https://cmsweb.cern.ch/couchdb2', u'command': u'SUBMIT', u'totalJobdefs': 0, u'submissionTime': 1479856943, u'jobdefErrors': [], u'collector': u'cmsgwms-collector-global.cern.ch,cmssrv221.fnal.gov', u'jobList': [[u'running', 165], [u'running', 133], [u'running', 132], [u'running', 131], [u'running', 130], [u'running', 137], [u'running', 136], [u'running', 135], [u'running', 134], [u'running', 139], [u'running', 138], [u'running', 24], [u'running', 25], [u'running', 26], [u'running', 27], [u'running', 20], [u'running', 21], [u'running', 22], [u'running', 23], [u'running', 160], [u'running', 28], [u'running', 29], [u'running', 161], [u'running', 4], [u'running', 8], [u'running', 163], [u'running', 119], [u'running', 120], [u'running', 121], [u'running', 122], [u'running', 123], [u'running', 124], [u'running', 125], [u'running', 126], [u'running', 127], [u'running', 128], [u'running', 129], [u'running', 118], [u'running', 59], [u'running', 58], [u'running', 55], [u'running', 54], [u'running', 57], [u'running', 56], [u'running', 51], [u'running', 50], [u'running', 53], [u'running', 52], [u'running', 164], [u'running', 115], [u'running', 114], [u'running', 88], [u'running', 89], [u'running', 111], [u'running', 110], [u'running', 113], [u'running', 112], [u'running', 82], [u'running', 83], [u'running', 80], [u'running', 81], [u'running', 86], [u'running', 87], [u'running', 84], [u'running', 85], [u'running', 3], [u'running', 7], [u'running', 108], [u'running', 109], [u'running', 102], [u'running', 103], [u'running', 100], [u'running', 101], [u'running', 106], [u'running', 107], [u'running', 104], [u'running', 105], [u'running', 39], [u'running', 38], [u'running', 33], [u'running', 32], [u'running', 31], [u'running', 30], [u'running', 37], [u'running', 36], [u'running', 35], [u'running', 34], [u'running', 60], [u'running', 61], [u'running', 62], [u'running', 63], [u'running', 64], [u'running', 65], [u'running', 66], [u'running', 67], [u'running', 68], [u'running', 69], [u'running', 2], [u'running', 162], [u'running', 6], [u'running', 99], [u'running', 98], [u'running', 91], [u'running', 90], [u'running', 93], [u'running', 92], [u'running', 95], [u'running', 94], [u'running', 97], [u'running', 96], [u'running', 11], [u'running', 10], [u'running', 13], [u'running', 12], [u'running', 15], [u'running', 14], [u'running', 17], [u'running', 16], [u'running', 19], [u'running', 18], [u'running', 117], [u'running', 116], [u'running', 151], [u'running', 150], [u'running', 153], [u'running', 152], [u'running', 155], [u'running', 154], [u'running', 157], [u'running', 156], [u'running', 159], [u'running', 158], [u'running', 48], [u'running', 49], [u'running', 46], [u'running', 47], [u'running', 44], [u'running', 45], [u'running', 42], [u'running', 43], [u'running', 40], [u'running', 41], [u'running', 1], [u'running', 5], [u'running', 9], [u'running', 146], [u'running', 147], [u'running', 144], [u'running', 145], [u'running', 142], [u'running', 143], [u'running', 140], [u'running', 141], [u'running', 148], [u'running', 149], [u'running', 77], [u'running', 76], [u'running', 75], [u'running', 74], [u'running', 73], [u'running', 72], [u'running', 71], [u'running', 70], [u'running', 79], [u'running', 78]]}
INFO 2016-11-23 00:42:50,883: 	 CRAB project directory:		/grid_mnt/data__data.polcms/cms/lisniak/btgtrain/CMSSW_7_5_8_patch3/src/RecoBTag/PerformanceMeasurements/test/crab_btagana_fcr80v3
INFO 2016-11-23 00:42:50,883: 	 Task name:			161122_232223:istaslis_crab_btagana_fcr80v3
INFO 2016-11-23 00:42:50,883: 	 Grid scheduler:			crab3@vocms0106.cern.ch
INFO 2016-11-23 00:42:50,883: 	 Task status:			SUBMITTED
INFO 2016-11-23 00:42:50,884: 	 Dashboard monitoring URL:	http://dashb-cms-job.cern.ch/dashboard/templates/task-analysis/#user=istaslis&table=Mains&pattern=161122_232223%3Aistaslis_crab_btagana_fcr80v3
INFO 2016-11-23 00:42:50,884: 	 
Jobs status:			running       100.0% (165/165)
INFO 2016-11-23 00:42:50,884: 	 
No publication information (publication has been disabled in the CRAB configuration file)
INFO 2016-11-23 00:42:50,889: 	 Log file is /grid_mnt/data__data.polcms/cms/lisniak/btgtrain/CMSSW_7_5_8_patch3/src/RecoBTag/PerformanceMeasurements/test/crab_btagana_fcr80v3/crab.log
DEBUG 2016-11-23 02:02:53,835: 	 Executing command: 'status'
DEBUG 2016-11-23 02:02:53,836: 	 Found CRAB cache file /home/llr/cms/lisniak/.crab3
DEBUG 2016-11-23 02:02:53,860: 	 Checking credentials
DEBUG 2016-11-23 02:02:53,860: 	 Found proxy file /tmp/x509up_u837
DEBUG 2016-11-23 02:02:53,860: 	 Getting proxy life time left
DEBUG 2016-11-23 02:02:54,866: 	 Executing : 
 command : voms-proxy-info -file /tmp/x509up_u837 -timeleft
 output : 2803

 error: 
 retcode : 0
DEBUG 2016-11-23 02:02:55,772: 	 Executing : 
 command : voms-proxy-info -file /tmp/x509up_u837 -actimeleft
 output : 2802

 error: 
 retcode : 0
DEBUG 2016-11-23 02:02:55,772: 	 Proxy valid for 00:46:43 hours
DEBUG 2016-11-23 02:02:55,888: 	 Executing : 
 command : openssl x509 -in ~/.globus/usercert.pem -subject -noout
 output : subject= /DC=ch/DC=cern/OU=Organic Units/OU=Users/CN=istaslis/CN=747350/CN=Stanislav Lisniak

 error: 
 retcode : 0
DEBUG 2016-11-23 02:02:55,888: 	 Checking credentials
DEBUG 2016-11-23 02:02:55,888: 	 Found proxy file /tmp/x509up_u837
DEBUG 2016-11-23 02:02:55,889: 	 Getting proxy life time left
DEBUG 2016-11-23 02:02:56,794: 	 Executing : 
 command : voms-proxy-info -file /tmp/x509up_u837 -timeleft
 output : 2801

 error: 
 retcode : 0
DEBUG 2016-11-23 02:02:57,800: 	 Executing : 
 command : voms-proxy-info -file /tmp/x509up_u837 -actimeleft
 output : 2800

 error: 
 retcode : 0
DEBUG 2016-11-23 02:02:57,800: 	 Proxy valid for 00:46:41 hours
DEBUG 2016-11-23 02:02:58,648: 	 Registering user credentials for server /DC=ch/DC=cern/OU=computers/CN=vocms(045|052|021|031|0118|0118a|0119|0108).cern.ch
DEBUG 2016-11-23 02:02:58,759: 	 Executing : 
 command : openssl x509 -in ~/.globus/usercert.pem -subject -noout
 output : subject= /DC=ch/DC=cern/OU=Organic Units/OU=Users/CN=istaslis/CN=747350/CN=Stanislav Lisniak

 error: 
 retcode : 0
DEBUG 2016-11-23 02:02:58,759: 	 Getting myproxy life time left for myproxy.cern.ch
DEBUG 2016-11-23 02:02:58,759: 	 Calculating hash of /DC=ch/DC=cern/OU=Organic Units/OU=Users/CN=istaslis/CN=747350/CN=Stanislav Lisniak_cmsweb.cern.ch for credential name
DEBUG 2016-11-23 02:03:00,165: 	 Executing : 
 command : myproxy-info -l fb080dc7d4e0790beaeb2d952381dd7a3f1f2fd6 -s myproxy.cern.ch
 output : username: fb080dc7d4e0790beaeb2d952381dd7a3f1f2fd6
owner: /DC=ch/DC=cern/OU=Organic Units/OU=Users/CN=istaslis/CN=747350/CN=Stanislav Lisniak
  renewal policy: /DC=ch/DC=cern/OU=computers/CN=vocms(045|052|021|031|0118|0118a|0119|0108).cern.ch
  trusted retrieval policy: /DC=ch/DC=cern/OU=computers/CN=vocms(045|052|021|031|0118|0118a|0119|0108).cern.ch
  timeleft: 519:21:48  (21.6 days)

 error: 
 retcode : 0
DEBUG 2016-11-23 02:03:00,167: 	 Myproxy is valid: 1869708
DEBUG 2016-11-23 02:03:00,167: 	 Command use: status
DEBUG 2016-11-23 02:03:00,167: 	 Options use: ['-d', 'crab_btagana_fcr80v3/']
DEBUG 2016-11-23 02:03:00,967: 	 CRABClient version: 3.3.1611
DEBUG 2016-11-23 02:03:00,967: 	 Instance is prod
DEBUG 2016-11-23 02:03:00,967: 	 Server base url is cmsweb.cern.ch
DEBUG 2016-11-23 02:03:00,967: 	 Command url /crabserver/prod/workflow
DEBUG 2016-11-23 02:03:00,967: 	 Looking up detailed status of task 161122_232223:istaslis_crab_btagana_fcr80v3
DEBUG 2016-11-23 02:03:02,645: 	 {u'status': u'SUBMITTED', u'username': u'istaslis', u'jobsPerStatus': {u'failed': 3, u'running': 150, u'transferring': 2, u'finished': 10}, u'jobs': {u'133': {u'State': u'running'}, u'132': {u'State': u'running'}, u'131': {u'State': u'running'}, u'130': {u'State': u'running'}, u'137': {u'State': u'running'}, u'136': {u'State': u'running'}, u'135': {u'State': u'running'}, u'134': {u'State': u'running'}, u'139': {u'State': u'finished'}, u'138': {u'State': u'transferring'}, u'24': {u'State': u'running'}, u'25': {u'State': u'running'}, u'26': {u'State': u'running'}, u'27': {u'State': u'running'}, u'20': {u'State': u'running'}, u'21': {u'State': u'running'}, u'22': {u'State': u'running'}, u'23': {u'State': u'running'}, u'95': {u'State': u'running'}, u'28': {u'State': u'running'}, u'29': {u'State': u'running'}, u'94': {u'State': u'running'}, u'4': {u'State': u'running'}, u'8': {u'State': u'running'}, u'96': {u'State': u'running'}, u'120': {u'State': u'running'}, u'121': {u'State': u'running'}, u'122': {u'State': u'running'}, u'123': {u'State': u'running'}, u'124': {u'State': u'running'}, u'125': {u'State': u'running'}, u'126': {u'State': u'running'}, u'127': {u'State': u'running'}, u'128': {u'State': u'running'}, u'129': {u'State': u'running'}, u'91': {u'State': u'running'}, u'59': {u'State': u'running'}, u'58': {u'State': u'running'}, u'55': {u'State': u'running'}, u'54': {u'State': u'running'}, u'57': {u'State': u'running'}, u'56': {u'State': u'running'}, u'51': {u'State': u'running'}, u'50': {u'State': u'running'}, u'53': {u'State': u'running'}, u'52': {u'State': u'running'}, u'90': {u'State': u'failed', u'Error': [8028, u"CmsRunFailure\nCMSSW error message follows.\nFatal Exception\nAn exception of category 'FallbackFileOpenError' occurred while\n   [0] Constructing the EventProcessor\n   [1] Constructing input source of type PoolSource\n   [2] Calling RootFileSequenceBase::initTheFile()\n   [3] Calling StorageFactory::open()\n   [4] Calling XrdFile::open()\nException Message:\nFailed to open the file 'root://cmsxrootd.fnal.gov//store/himc/HINPbPbWinter16DR/Pythia6_bJetFCR80_pp502_Hydjet_MB/AODSIM/75X_mcRun2_HeavyIon_v13-v1/50000/A832D614-580E-E611-9966-02163E01262F.root'\n   Additional Info:\n      [a] open() failed with system error 'No such file or directory' (error code 2)\n      [b] Input file /cms/store/himc/HINPbPbWinter16DR/Pythia6_bJetFCR80_pp502_Hydjet_MB/AODSIM/75X_mcRun2_HeavyIon_v13-v1/50000/A832D614-580E-E611-9966-02163E01262F.root could not be opened.\nFallback Input file root://cmsxrootd.fnal.gov//store/himc/HINPbPbWinter16DR/Pythia6_bJetFCR80_pp502_Hydjet_MB/AODSIM/75X_mcRun2_HeavyIon_v13-v1/50000/A832D614-580E-E611-9966-02163E01262F.root also could not be opened.\nOriginal exception info is above; fallback exception info is below.\n      [c] XrdCl::File::Open(name='root://cmsxrootd.fnal.gov//store/himc/HINPbPbWinter16DR/Pythia6_bJetFCR80_pp502_Hydjet_MB/AODSIM/75X_mcRun2_HeavyIon_v13-v1/50000/A832D614-580E-E611-9966-02163E01262F.root', flags=0x10, permissions=0660) => error '[ERROR] Server responded with an error: [3011] Too many attempts to gain dfs read access to the file\n' (errno=3011, code=400). No additional data servers were found.\n      [d] Last URL tried: root://xrootd.rcac.purdue.edu:1094//store/himc/HINPbPbWinter16DR/Pythia6_bJetFCR80_pp502_Hydjet_MB/AODSIM/75X_mcRun2_HeavyIon_v13-v1/50000/A832D614-580E-E611-9966-02163E01262F.root?tried=\n      [e] Problematic data server: xrootd.rcac.purdue.edu:1094\n      [f] Disabled source: xrootd.rcac.purdue.edu:1094\n", {u'type': u'Fatal Exception', u'details': u"An exception of category 'FallbackFileOpenError' occurred while\n   [0] Constructing the EventProcessor\n   [1] Constructing input source of type PoolSource\n   [2] Calling RootFileSequenceBase::initTheFile()\n   [3] Calling StorageFactory::open()\n   [4] Calling XrdFile::open()\nException Message:\nFailed to open the file 'root://cmsxrootd.fnal.gov//store/himc/HINPbPbWinter16DR/Pythia6_bJetFCR80_pp502_Hydjet_MB/AODSIM/75X_mcRun2_HeavyIon_v13-v1/50000/A832D614-580E-E611-9966-02163E01262F.root'\n   Additional Info:\n      [a] open() failed with system error 'No such file or directory' (error code 2)\n      [b] Input file /cms/store/himc/HINPbPbWinter16DR/Pythia6_bJetFCR80_pp502_Hydjet_MB/AODSIM/75X_mcRun2_HeavyIon_v13-v1/50000/A832D614-580E-E611-9966-02163E01262F.root could not be opened.\nFallback Input file root://cmsxrootd.fnal.gov//store/himc/HINPbPbWinter16DR/Pythia6_bJetFCR80_pp502_Hydjet_MB/AODSIM/75X_mcRun2_HeavyIon_v13-v1/50000/A832D614-580E-E611-9966-02163E01262F.root also could not be opened.\nOriginal exception info is above; fallback exception info is below.\n      [c] XrdCl::File::Open(name='root://cmsxrootd.fnal.gov//store/himc/HINPbPbWinter16DR/Pythia6_bJetFCR80_pp502_Hydjet_MB/AODSIM/75X_mcRun2_HeavyIon_v13-v1/50000/A832D614-580E-E611-9966-02163E01262F.root', flags=0x10, permissions=0660) => error '[ERROR] Server responded with an error: [3011] Too many attempts to gain dfs read access to the file\n' (errno=3011, code=400). No additional data servers were found.\n      [d] Last URL tried: root://xrootd.rcac.purdue.edu:1094//store/himc/HINPbPbWinter16DR/Pythia6_bJetFCR80_pp502_Hydjet_MB/AODSIM/75X_mcRun2_HeavyIon_v13-v1/50000/A832D614-580E-E611-9966-02163E01262F.root?tried=\n      [e] Problematic data server: xrootd.rcac.purdue.edu:1094\n      [f] Disabled source: xrootd.rcac.purdue.edu:1094", u'exitCode': u'8028'}]}, u'115': {u'State': u'running'}, u'114': {u'State': u'running'}, u'88': {u'State': u'running'}, u'89': {u'State': u'running'}, u'111': {u'State': u'running'}, u'110': {u'State': u'running'}, u'113': {u'State': u'running'}, u'112': {u'State': u'running'}, u'82': {u'State': u'running'}, u'83': {u'State': u'running'}, u'80': {u'State': u'running'}, u'81': {u'State': u'running'}, u'119': {u'State': u'running'}, u'118': {u'State': u'running'}, u'84': {u'State': u'running'}, u'85': {u'State': u'running'}, u'3': {u'State': u'running'}, u'7': {u'State': u'failed', u'Error': [8028, u"CmsRunFailure\nCMSSW error message follows.\nFatal Exception\nAn exception of category 'FallbackFileOpenError' occurred while\n   [0] Constructing the EventProcessor\n   [1] Constructing input source of type PoolSource\n   [2] Calling RootFileSequenceBase::initTheFile()\n   [3] Calling StorageFactory::open()\n   [4] Calling XrdFile::open()\nException Message:\nFailed to open the file 'root://cmsxrootd.fnal.gov//store/himc/HINPbPbWinter16DR/Pythia6_bJetFCR80_pp502_Hydjet_MB/AODSIM/75X_mcRun2_HeavyIon_v13-v1/50000/0AF83C37-340E-E611-A437-3417EBE64B85.root'\n   Additional Info:\n      [a] open() failed with system error 'No such file or directory' (error code 2)\n      [b] Input file /cms/store/himc/HINPbPbWinter16DR/Pythia6_bJetFCR80_pp502_Hydjet_MB/AODSIM/75X_mcRun2_HeavyIon_v13-v1/50000/0AF83C37-340E-E611-A437-3417EBE64B85.root could not be opened.\nFallback Input file root://cmsxrootd.fnal.gov//store/himc/HINPbPbWinter16DR/Pythia6_bJetFCR80_pp502_Hydjet_MB/AODSIM/75X_mcRun2_HeavyIon_v13-v1/50000/0AF83C37-340E-E611-A437-3417EBE64B85.root also could not be opened.\nOriginal exception info is above; fallback exception info is below.\n      [c] XrdCl::File::Open(name='root://cmsxrootd.fnal.gov//store/himc/HINPbPbWinter16DR/Pythia6_bJetFCR80_pp502_Hydjet_MB/AODSIM/75X_mcRun2_HeavyIon_v13-v1/50000/0AF83C37-340E-E611-A437-3417EBE64B85.root', flags=0x10, permissions=0660) => error '[ERROR] Server responded with an error: [3011] Too many attempts to gain dfs read access to the file\n' (errno=3011, code=400). No additional data servers were found.\n      [d] Last URL tried: root://xrootd.rcac.purdue.edu:1094//store/himc/HINPbPbWinter16DR/Pythia6_bJetFCR80_pp502_Hydjet_MB/AODSIM/75X_mcRun2_HeavyIon_v13-v1/50000/0AF83C37-340E-E611-A437-3417EBE64B85.root?tried=\n      [e] Problematic data server: xrootd.rcac.purdue.edu:1094\n      [f] Disabled source: xrootd.rcac.purdue.edu:1094\n", {u'type': u'Fatal Exception', u'details': u"An exception of category 'FallbackFileOpenError' occurred while\n   [0] Constructing the EventProcessor\n   [1] Constructing input source of type PoolSource\n   [2] Calling RootFileSequenceBase::initTheFile()\n   [3] Calling StorageFactory::open()\n   [4] Calling XrdFile::open()\nException Message:\nFailed to open the file 'root://cmsxrootd.fnal.gov//store/himc/HINPbPbWinter16DR/Pythia6_bJetFCR80_pp502_Hydjet_MB/AODSIM/75X_mcRun2_HeavyIon_v13-v1/50000/0AF83C37-340E-E611-A437-3417EBE64B85.root'\n   Additional Info:\n      [a] open() failed with system error 'No such file or directory' (error code 2)\n      [b] Input file /cms/store/himc/HINPbPbWinter16DR/Pythia6_bJetFCR80_pp502_Hydjet_MB/AODSIM/75X_mcRun2_HeavyIon_v13-v1/50000/0AF83C37-340E-E611-A437-3417EBE64B85.root could not be opened.\nFallback Input file root://cmsxrootd.fnal.gov//store/himc/HINPbPbWinter16DR/Pythia6_bJetFCR80_pp502_Hydjet_MB/AODSIM/75X_mcRun2_HeavyIon_v13-v1/50000/0AF83C37-340E-E611-A437-3417EBE64B85.root also could not be opened.\nOriginal exception info is above; fallback exception info is below.\n      [c] XrdCl::File::Open(name='root://cmsxrootd.fnal.gov//store/himc/HINPbPbWinter16DR/Pythia6_bJetFCR80_pp502_Hydjet_MB/AODSIM/75X_mcRun2_HeavyIon_v13-v1/50000/0AF83C37-340E-E611-A437-3417EBE64B85.root', flags=0x10, permissions=0660) => error '[ERROR] Server responded with an error: [3011] Too many attempts to gain dfs read access to the file\n' (errno=3011, code=400). No additional data servers were found.\n      [d] Last URL tried: root://xrootd.rcac.purdue.edu:1094//store/himc/HINPbPbWinter16DR/Pythia6_bJetFCR80_pp502_Hydjet_MB/AODSIM/75X_mcRun2_HeavyIon_v13-v1/50000/0AF83C37-340E-E611-A437-3417EBE64B85.root?tried=\n      [e] Problematic data server: xrootd.rcac.purdue.edu:1094\n      [f] Disabled source: xrootd.rcac.purdue.edu:1094", u'exitCode': u'8028'}]}, u'108': {u'State': u'running'}, u'109': {u'State': u'running'}, u'102': {u'State': u'running'}, u'103': {u'State': u'running'}, u'100': {u'State': u'running'}, u'101': {u'State': u'running'}, u'106': {u'State': u'running'}, u'107': {u'State': u'running'}, u'104': {u'State': u'running'}, u'105': {u'State': u'running'}, u'39': {u'State': u'running'}, u'38': {u'State': u'running'}, u'33': {u'State': u'running'}, u'32': {u'State': u'running'}, u'31': {u'State': u'running'}, u'30': {u'State': u'running'}, u'37': {u'State': u'running'}, u'36': {u'State': u'running'}, u'35': {u'State': u'running'}, u'34': {u'State': u'running'}, u'60': {u'State': u'running'}, u'61': {u'State': u'running'}, u'62': {u'State': u'running'}, u'63': {u'State': u'running'}, u'64': {u'State': u'running'}, u'65': {u'State': u'running'}, u'66': {u'State': u'running'}, u'67': {u'State': u'running'}, u'68': {u'State': u'running'}, u'69': {u'State': u'running'}, u'2': {u'State': u'running'}, u'6': {u'State': u'transferring'}, u'97': {u'State': u'running'}, u'99': {u'State': u'running'}, u'98': {u'State': u'running'}, u'164': {u'State': u'finished'}, u'165': {u'State': u'running'}, u'93': {u'State': u'running'}, u'92': {u'State': u'running'}, u'160': {u'State': u'running'}, u'161': {u'State': u'finished'}, u'162': {u'State': u'running'}, u'163': {u'State': u'running'}, u'11': {u'State': u'running'}, u'10': {u'State': u'running'}, u'13': {u'State': u'running'}, u'12': {u'State': u'running'}, u'15': {u'State': u'running'}, u'14': {u'State': u'running'}, u'17': {u'State': u'running'}, u'16': {u'State': u'running'}, u'19': {u'State': u'running'}, u'18': {u'State': u'running'}, u'117': {u'State': u'running'}, u'116': {u'State': u'running'}, u'151': {u'State': u'running'}, u'150': {u'State': u'running'}, u'153': {u'State': u'running'}, u'152': {u'State': u'running'}, u'155': {u'State': u'finished'}, u'154': {u'State': u'running'}, u'157': {u'State': u'running'}, u'156': {u'State': u'finished'}, u'159': {u'State': u'finished'}, u'158': {u'State': u'running'}, u'48': {u'State': u'running'}, u'49': {u'State': u'running'}, u'46': {u'State': u'running'}, u'86': {u'State': u'running'}, u'44': {u'State': u'running'}, u'45': {u'State': u'running'}, u'42': {u'State': u'finished'}, u'43': {u'State': u'running'}, u'40': {u'State': u'running'}, u'87': {u'State': u'failed', u'Error': [8028, u"CmsRunFailure\nCMSSW error message follows.\nFatal Exception\nAn exception of category 'FallbackFileOpenError' occurred while\n   [0] Constructing the EventProcessor\n   [1] Constructing input source of type PoolSource\n   [2] Calling RootFileSequenceBase::initTheFile()\n   [3] Calling StorageFactory::open()\n   [4] Calling XrdFile::open()\nException Message:\nFailed to open the file 'root://cmsxrootd.fnal.gov//store/himc/HINPbPbWinter16DR/Pythia6_bJetFCR80_pp502_Hydjet_MB/AODSIM/75X_mcRun2_HeavyIon_v13-v1/50000/A0CDB96B-580E-E611-B8D9-02163E013760.root'\n   Additional Info:\n      [a] open() failed with system error 'No such file or directory' (error code 2)\n      [b] Input file /cms/store/himc/HINPbPbWinter16DR/Pythia6_bJetFCR80_pp502_Hydjet_MB/AODSIM/75X_mcRun2_HeavyIon_v13-v1/50000/A0CDB96B-580E-E611-B8D9-02163E013760.root could not be opened.\nFallback Input file root://cmsxrootd.fnal.gov//store/himc/HINPbPbWinter16DR/Pythia6_bJetFCR80_pp502_Hydjet_MB/AODSIM/75X_mcRun2_HeavyIon_v13-v1/50000/A0CDB96B-580E-E611-B8D9-02163E013760.root also could not be opened.\nOriginal exception info is above; fallback exception info is below.\n      [c] XrdCl::File::Open(name='root://cmsxrootd.fnal.gov//store/himc/HINPbPbWinter16DR/Pythia6_bJetFCR80_pp502_Hydjet_MB/AODSIM/75X_mcRun2_HeavyIon_v13-v1/50000/A0CDB96B-580E-E611-B8D9-02163E013760.root', flags=0x10, permissions=0660) => error '[ERROR] Server responded with an error: [3011] Too many attempts to gain dfs read access to the file\n' (errno=3011, code=400). No additional data servers were found.\n      [d] Last URL tried: root://xrootd.rcac.purdue.edu:1094//store/himc/HINPbPbWinter16DR/Pythia6_bJetFCR80_pp502_Hydjet_MB/AODSIM/75X_mcRun2_HeavyIon_v13-v1/50000/A0CDB96B-580E-E611-B8D9-02163E013760.root?tried=\n      [e] Problematic data server: xrootd.rcac.purdue.edu:1094\n      [f] Disabled source: xrootd.rcac.purdue.edu:1094\n", {u'type': u'Fatal Exception', u'details': u"An exception of category 'FallbackFileOpenError' occurred while\n   [0] Constructing the EventProcessor\n   [1] Constructing input source of type PoolSource\n   [2] Calling RootFileSequenceBase::initTheFile()\n   [3] Calling StorageFactory::open()\n   [4] Calling XrdFile::open()\nException Message:\nFailed to open the file 'root://cmsxrootd.fnal.gov//store/himc/HINPbPbWinter16DR/Pythia6_bJetFCR80_pp502_Hydjet_MB/AODSIM/75X_mcRun2_HeavyIon_v13-v1/50000/A0CDB96B-580E-E611-B8D9-02163E013760.root'\n   Additional Info:\n      [a] open() failed with system error 'No such file or directory' (error code 2)\n      [b] Input file /cms/store/himc/HINPbPbWinter16DR/Pythia6_bJetFCR80_pp502_Hydjet_MB/AODSIM/75X_mcRun2_HeavyIon_v13-v1/50000/A0CDB96B-580E-E611-B8D9-02163E013760.root could not be opened.\nFallback Input file root://cmsxrootd.fnal.gov//store/himc/HINPbPbWinter16DR/Pythia6_bJetFCR80_pp502_Hydjet_MB/AODSIM/75X_mcRun2_HeavyIon_v13-v1/50000/A0CDB96B-580E-E611-B8D9-02163E013760.root also could not be opened.\nOriginal exception info is above; fallback exception info is below.\n      [c] XrdCl::File::Open(name='root://cmsxrootd.fnal.gov//store/himc/HINPbPbWinter16DR/Pythia6_bJetFCR80_pp502_Hydjet_MB/AODSIM/75X_mcRun2_HeavyIon_v13-v1/50000/A0CDB96B-580E-E611-B8D9-02163E013760.root', flags=0x10, permissions=0660) => error '[ERROR] Server responded with an error: [3011] Too many attempts to gain dfs read access to the file\n' (errno=3011, code=400). No additional data servers were found.\n      [d] Last URL tried: root://xrootd.rcac.purdue.edu:1094//store/himc/HINPbPbWinter16DR/Pythia6_bJetFCR80_pp502_Hydjet_MB/AODSIM/75X_mcRun2_HeavyIon_v13-v1/50000/A0CDB96B-580E-E611-B8D9-02163E013760.root?tried=\n      [e] Problematic data server: xrootd.rcac.purdue.edu:1094\n      [f] Disabled source: xrootd.rcac.purdue.edu:1094", u'exitCode': u'8028'}]}, u'1': {u'State': u'running'}, u'5': {u'State': u'running'}, u'9': {u'State': u'running'}, u'146': {u'State': u'running'}, u'147': {u'State': u'running'}, u'144': {u'State': u'finished'}, u'145': {u'State': u'running'}, u'142': {u'State': u'running'}, u'143': {u'State': u'running'}, u'140': {u'State': u'running'}, u'141': {u'State': u'finished'}, u'148': {u'State': u'finished'}, u'149': {u'State': u'running'}, u'77': {u'State': u'running'}, u'76': {u'State': u'running'}, u'75': {u'State': u'running'}, u'74': {u'State': u'running'}, u'73': {u'State': u'running'}, u'72': {u'State': u'running'}, u'71': {u'State': u'running'}, u'70': {u'State': u'running'}, u'79': {u'State': u'running'}, u'78': {u'State': u'running'}, u'41': {u'State': u'running'}, u'47': {u'State': u'running'}}, u'publication': {u'disabled': []}, u'taskWarningMsg': [], u'schedd': u'crab3@vocms0106.cern.ch', u'publicationFailures': {}, u'outdatasets': None, u'statusFailureMsg': u'', u'taskFailureMsg': u'', u'failedJobdefs': 0, u'ASOURL': u'https://cmsweb.cern.ch/couchdb2', u'command': u'SUBMIT', u'totalJobdefs': 0, u'submissionTime': 1479856943, u'jobdefErrors': [], u'collector': u'cmsgwms-collector-global.cern.ch,cmssrv221.fnal.gov', u'jobList': [[u'running', 165], [u'running', 133], [u'running', 132], [u'running', 131], [u'running', 130], [u'running', 137], [u'running', 136], [u'running', 135], [u'running', 134], [u'finished', 139], [u'transferring', 138], [u'running', 24], [u'running', 25], [u'running', 26], [u'running', 27], [u'running', 20], [u'running', 21], [u'running', 22], [u'running', 23], [u'running', 160], [u'running', 28], [u'running', 29], [u'finished', 161], [u'running', 4], [u'running', 8], [u'running', 163], [u'running', 119], [u'running', 120], [u'running', 121], [u'running', 122], [u'running', 123], [u'running', 124], [u'running', 125], [u'running', 126], [u'running', 127], [u'running', 128], [u'running', 129], [u'running', 118], [u'running', 59], [u'running', 58], [u'running', 55], [u'running', 54], [u'running', 57], [u'running', 56], [u'running', 51], [u'running', 50], [u'running', 53], [u'running', 52], [u'finished', 164], [u'running', 115], [u'running', 114], [u'running', 88], [u'running', 89], [u'running', 111], [u'running', 110], [u'running', 113], [u'running', 112], [u'running', 82], [u'running', 83], [u'running', 80], [u'running', 81], [u'running', 86], [u'failed', 87], [u'running', 84], [u'running', 85], [u'running', 3], [u'failed', 7], [u'running', 108], [u'running', 109], [u'running', 102], [u'running', 103], [u'running', 100], [u'running', 101], [u'running', 106], [u'running', 107], [u'running', 104], [u'running', 105], [u'running', 39], [u'running', 38], [u'running', 33], [u'running', 32], [u'running', 31], [u'running', 30], [u'running', 37], [u'running', 36], [u'running', 35], [u'running', 34], [u'running', 60], [u'running', 61], [u'running', 62], [u'running', 63], [u'running', 64], [u'running', 65], [u'running', 66], [u'running', 67], [u'running', 68], [u'running', 69], [u'running', 2], [u'running', 162], [u'transferring', 6], [u'running', 99], [u'running', 98], [u'running', 91], [u'failed', 90], [u'running', 93], [u'running', 92], [u'running', 95], [u'running', 94], [u'running', 97], [u'running', 96], [u'running', 11], [u'running', 10], [u'running', 13], [u'running', 12], [u'running', 15], [u'running', 14], [u'running', 17], [u'running', 16], [u'running', 19], [u'running', 18], [u'running', 117], [u'running', 116], [u'running', 151], [u'running', 150], [u'running', 153], [u'running', 152], [u'finished', 155], [u'running', 154], [u'running', 157], [u'finished', 156], [u'finished', 159], [u'running', 158], [u'running', 48], [u'running', 49], [u'running', 46], [u'running', 47], [u'running', 44], [u'running', 45], [u'finished', 42], [u'running', 43], [u'running', 40], [u'running', 41], [u'running', 1], [u'running', 5], [u'running', 9], [u'running', 146], [u'running', 147], [u'finished', 144], [u'running', 145], [u'running', 142], [u'running', 143], [u'running', 140], [u'finished', 141], [u'finished', 148], [u'running', 149], [u'running', 77], [u'running', 76], [u'running', 75], [u'running', 74], [u'running', 73], [u'running', 72], [u'running', 71], [u'running', 70], [u'running', 79], [u'running', 78]]}
INFO 2016-11-23 02:03:02,646: 	 CRAB project directory:		/grid_mnt/data__data.polcms/cms/lisniak/btgtrain/CMSSW_7_5_8_patch3/src/RecoBTag/PerformanceMeasurements/test/crab_btagana_fcr80v3
INFO 2016-11-23 02:03:02,646: 	 Task name:			161122_232223:istaslis_crab_btagana_fcr80v3
INFO 2016-11-23 02:03:02,646: 	 Grid scheduler:			crab3@vocms0106.cern.ch
INFO 2016-11-23 02:03:02,646: 	 Task status:			SUBMITTED
INFO 2016-11-23 02:03:02,646: 	 Dashboard monitoring URL:	http://dashb-cms-job.cern.ch/dashboard/templates/task-analysis/#user=istaslis&table=Mains&pattern=161122_232223%3Aistaslis_crab_btagana_fcr80v3
INFO 2016-11-23 02:03:02,647: 	 
Jobs status:			failed          1.8% (  3/165)
INFO 2016-11-23 02:03:02,647: 	 				finished        6.1% ( 10/165)
INFO 2016-11-23 02:03:02,647: 	 				running        90.9% (150/165)
INFO 2016-11-23 02:03:02,647: 	 				transferring    1.2% (  2/165)
INFO 2016-11-23 02:03:02,647: 	 
No publication information (publication has been disabled in the CRAB configuration file)
INFO 2016-11-23 02:03:02,648: 	 
Error Summary: (use crab status --verboseErrors for details about the errors)

  3 jobs failed with exit code 8028

Have a look at https://twiki.cern.ch/twiki/bin/viewauth/CMSPublic/JobExitCodes for a description of the exit codes.
INFO 2016-11-23 02:03:02,653: 	 Log file is /grid_mnt/data__data.polcms/cms/lisniak/btgtrain/CMSSW_7_5_8_patch3/src/RecoBTag/PerformanceMeasurements/test/crab_btagana_fcr80v3/crab.log
DEBUG 2016-11-23 09:46:09,529: 	 Executing command: 'status'
DEBUG 2016-11-23 09:46:09,530: 	 Found CRAB cache file /home/llr/cms/lisniak/.crab3
DEBUG 2016-11-23 09:46:09,550: 	 Checking credentials
DEBUG 2016-11-23 09:46:09,550: 	 Found proxy file /tmp/x509up_u837
DEBUG 2016-11-23 09:46:09,550: 	 Getting proxy life time left
DEBUG 2016-11-23 09:46:10,556: 	 Executing : 
 command : voms-proxy-info -file /tmp/x509up_u837 -timeleft
 output : 0

 error: 
 retcode : 0
DEBUG 2016-11-23 09:46:10,556: 	 Proxy valid for 00:00:00 hours
DEBUG 2016-11-23 09:46:10,556: 	 Creating new proxy for 24:00 hours with VO group '' and VO role 'NULL'.
DEBUG 2016-11-23 09:46:55,025: 	 Executing : 
 command : voms-proxy-init -voms cms:/cms -valid 24:00 -rfc
 output : None
 error: None
 retcode : 0
DEBUG 2016-11-23 09:46:55,932: 	 Executing : 
 command : voms-proxy-info -file /tmp/x509up_u837 -timeleft
 output : 86398

 error: 
 retcode : 0
DEBUG 2016-11-23 09:46:56,838: 	 Executing : 
 command : voms-proxy-info -file /tmp/x509up_u837 -actimeleft
 output : 86396

 error: 
 retcode : 0
DEBUG 2016-11-23 09:46:57,744: 	 Executing : 
 command : env X509_USER_PROXY=/tmp/x509up_u837 voms-proxy-info -fqan
 output : /cms/Role=NULL/Capability=NULL

 error: 
 retcode : 0
DEBUG 2016-11-23 09:46:57,744: 	 Proxy created.
DEBUG 2016-11-23 09:46:57,861: 	 Executing : 
 command : openssl x509 -in ~/.globus/usercert.pem -subject -noout
 output : subject= /DC=ch/DC=cern/OU=Organic Units/OU=Users/CN=istaslis/CN=747350/CN=Stanislav Lisniak

 error: 
 retcode : 0
DEBUG 2016-11-23 09:46:57,861: 	 Checking credentials
DEBUG 2016-11-23 09:46:57,861: 	 Found proxy file /tmp/x509up_u837
DEBUG 2016-11-23 09:46:57,861: 	 Getting proxy life time left
DEBUG 2016-11-23 09:46:58,867: 	 Executing : 
 command : voms-proxy-info -file /tmp/x509up_u837 -timeleft
 output : 86395

 error: 
 retcode : 0
DEBUG 2016-11-23 09:46:59,773: 	 Executing : 
 command : voms-proxy-info -file /tmp/x509up_u837 -actimeleft
 output : 86393

 error: 
 retcode : 0
DEBUG 2016-11-23 09:46:59,773: 	 Proxy valid for 23:59:55 hours
DEBUG 2016-11-23 09:47:00,614: 	 Registering user credentials for server /DC=ch/DC=cern/OU=computers/CN=vocms(045|052|021|031|0118|0118a|0119|0108).cern.ch
DEBUG 2016-11-23 09:47:00,725: 	 Executing : 
 command : openssl x509 -in ~/.globus/usercert.pem -subject -noout
 output : subject= /DC=ch/DC=cern/OU=Organic Units/OU=Users/CN=istaslis/CN=747350/CN=Stanislav Lisniak

 error: 
 retcode : 0
DEBUG 2016-11-23 09:47:00,725: 	 Getting myproxy life time left for myproxy.cern.ch
DEBUG 2016-11-23 09:47:00,726: 	 Calculating hash of /DC=ch/DC=cern/OU=Organic Units/OU=Users/CN=istaslis/CN=747350/CN=Stanislav Lisniak_cmsweb.cern.ch for credential name
DEBUG 2016-11-23 09:47:01,230: 	 Executing : 
 command : myproxy-info -l fb080dc7d4e0790beaeb2d952381dd7a3f1f2fd6 -s myproxy.cern.ch
 output : username: fb080dc7d4e0790beaeb2d952381dd7a3f1f2fd6
owner: /DC=ch/DC=cern/OU=Organic Units/OU=Users/CN=istaslis/CN=747350/CN=Stanislav Lisniak
  renewal policy: /DC=ch/DC=cern/OU=computers/CN=vocms(045|052|021|031|0118|0118a|0119|0108).cern.ch
  trusted retrieval policy: /DC=ch/DC=cern/OU=computers/CN=vocms(045|052|021|031|0118|0118a|0119|0108).cern.ch
  timeleft: 511:37:47  (21.3 days)

 error: 
 retcode : 0
DEBUG 2016-11-23 09:47:01,232: 	 Myproxy is valid: 1841867
DEBUG 2016-11-23 09:47:01,232: 	 Command use: status
DEBUG 2016-11-23 09:47:01,232: 	 Options use: ['-d', 'crab_btagana_fcr80v3/']
DEBUG 2016-11-23 09:47:02,330: 	 CRABClient version: 3.3.1611
DEBUG 2016-11-23 09:47:02,330: 	 Instance is prod
DEBUG 2016-11-23 09:47:02,331: 	 Server base url is cmsweb.cern.ch
DEBUG 2016-11-23 09:47:02,331: 	 Command url /crabserver/prod/workflow
DEBUG 2016-11-23 09:47:02,331: 	 Looking up detailed status of task 161122_232223:istaslis_crab_btagana_fcr80v3
DEBUG 2016-11-23 09:47:04,210: 	 {u'status': u'FAILED', u'username': u'istaslis', u'jobsPerStatus': {u'failed': 3, u'finished': 162}, u'jobs': {u'133': {u'State': u'finished'}, u'132': {u'State': u'finished'}, u'131': {u'State': u'finished'}, u'130': {u'State': u'finished'}, u'137': {u'State': u'finished'}, u'136': {u'State': u'finished'}, u'135': {u'State': u'finished'}, u'134': {u'State': u'finished'}, u'139': {u'State': u'finished'}, u'138': {u'State': u'finished'}, u'24': {u'State': u'finished'}, u'25': {u'State': u'finished'}, u'26': {u'State': u'finished'}, u'27': {u'State': u'finished'}, u'20': {u'State': u'finished'}, u'21': {u'State': u'finished'}, u'22': {u'State': u'finished'}, u'23': {u'State': u'finished'}, u'95': {u'State': u'finished'}, u'28': {u'State': u'finished'}, u'29': {u'State': u'finished'}, u'94': {u'State': u'finished'}, u'4': {u'State': u'finished'}, u'8': {u'State': u'finished'}, u'96': {u'State': u'finished'}, u'120': {u'State': u'finished'}, u'121': {u'State': u'finished'}, u'122': {u'State': u'finished'}, u'123': {u'State': u'finished'}, u'124': {u'State': u'finished'}, u'125': {u'State': u'finished'}, u'126': {u'State': u'finished'}, u'127': {u'State': u'finished'}, u'128': {u'State': u'finished'}, u'129': {u'State': u'finished'}, u'91': {u'State': u'finished'}, u'59': {u'State': u'finished'}, u'58': {u'State': u'finished'}, u'55': {u'State': u'finished'}, u'54': {u'State': u'finished'}, u'57': {u'State': u'finished'}, u'56': {u'State': u'finished'}, u'51': {u'State': u'finished'}, u'50': {u'State': u'finished'}, u'53': {u'State': u'finished'}, u'52': {u'State': u'finished'}, u'90': {u'State': u'failed', u'Error': [8028, u"CmsRunFailure\nCMSSW error message follows.\nFatal Exception\nAn exception of category 'FallbackFileOpenError' occurred while\n   [0] Constructing the EventProcessor\n   [1] Constructing input source of type PoolSource\n   [2] Calling RootFileSequenceBase::initTheFile()\n   [3] Calling StorageFactory::open()\n   [4] Calling XrdFile::open()\nException Message:\nFailed to open the file 'root://cmsxrootd.fnal.gov//store/himc/HINPbPbWinter16DR/Pythia6_bJetFCR80_pp502_Hydjet_MB/AODSIM/75X_mcRun2_HeavyIon_v13-v1/50000/A832D614-580E-E611-9966-02163E01262F.root'\n   Additional Info:\n      [a] open() failed with system error 'No such file or directory' (error code 2)\n      [b] Input file /cms/store/himc/HINPbPbWinter16DR/Pythia6_bJetFCR80_pp502_Hydjet_MB/AODSIM/75X_mcRun2_HeavyIon_v13-v1/50000/A832D614-580E-E611-9966-02163E01262F.root could not be opened.\nFallback Input file root://cmsxrootd.fnal.gov//store/himc/HINPbPbWinter16DR/Pythia6_bJetFCR80_pp502_Hydjet_MB/AODSIM/75X_mcRun2_HeavyIon_v13-v1/50000/A832D614-580E-E611-9966-02163E01262F.root also could not be opened.\nOriginal exception info is above; fallback exception info is below.\n      [c] XrdCl::File::Open(name='root://cmsxrootd.fnal.gov//store/himc/HINPbPbWinter16DR/Pythia6_bJetFCR80_pp502_Hydjet_MB/AODSIM/75X_mcRun2_HeavyIon_v13-v1/50000/A832D614-580E-E611-9966-02163E01262F.root', flags=0x10, permissions=0660) => error '[ERROR] Server responded with an error: [3011] Too many attempts to gain dfs read access to the file\n' (errno=3011, code=400). No additional data servers were found.\n      [d] Last URL tried: root://xrootd.rcac.purdue.edu:1094//store/himc/HINPbPbWinter16DR/Pythia6_bJetFCR80_pp502_Hydjet_MB/AODSIM/75X_mcRun2_HeavyIon_v13-v1/50000/A832D614-580E-E611-9966-02163E01262F.root?tried=\n      [e] Problematic data server: xrootd.rcac.purdue.edu:1094\n      [f] Disabled source: xrootd.rcac.purdue.edu:1094\n", {u'type': u'Fatal Exception', u'details': u"An exception of category 'FallbackFileOpenError' occurred while\n   [0] Constructing the EventProcessor\n   [1] Constructing input source of type PoolSource\n   [2] Calling RootFileSequenceBase::initTheFile()\n   [3] Calling StorageFactory::open()\n   [4] Calling XrdFile::open()\nException Message:\nFailed to open the file 'root://cmsxrootd.fnal.gov//store/himc/HINPbPbWinter16DR/Pythia6_bJetFCR80_pp502_Hydjet_MB/AODSIM/75X_mcRun2_HeavyIon_v13-v1/50000/A832D614-580E-E611-9966-02163E01262F.root'\n   Additional Info:\n      [a] open() failed with system error 'No such file or directory' (error code 2)\n      [b] Input file /cms/store/himc/HINPbPbWinter16DR/Pythia6_bJetFCR80_pp502_Hydjet_MB/AODSIM/75X_mcRun2_HeavyIon_v13-v1/50000/A832D614-580E-E611-9966-02163E01262F.root could not be opened.\nFallback Input file root://cmsxrootd.fnal.gov//store/himc/HINPbPbWinter16DR/Pythia6_bJetFCR80_pp502_Hydjet_MB/AODSIM/75X_mcRun2_HeavyIon_v13-v1/50000/A832D614-580E-E611-9966-02163E01262F.root also could not be opened.\nOriginal exception info is above; fallback exception info is below.\n      [c] XrdCl::File::Open(name='root://cmsxrootd.fnal.gov//store/himc/HINPbPbWinter16DR/Pythia6_bJetFCR80_pp502_Hydjet_MB/AODSIM/75X_mcRun2_HeavyIon_v13-v1/50000/A832D614-580E-E611-9966-02163E01262F.root', flags=0x10, permissions=0660) => error '[ERROR] Server responded with an error: [3011] Too many attempts to gain dfs read access to the file\n' (errno=3011, code=400). No additional data servers were found.\n      [d] Last URL tried: root://xrootd.rcac.purdue.edu:1094//store/himc/HINPbPbWinter16DR/Pythia6_bJetFCR80_pp502_Hydjet_MB/AODSIM/75X_mcRun2_HeavyIon_v13-v1/50000/A832D614-580E-E611-9966-02163E01262F.root?tried=\n      [e] Problematic data server: xrootd.rcac.purdue.edu:1094\n      [f] Disabled source: xrootd.rcac.purdue.edu:1094", u'exitCode': u'8028'}]}, u'115': {u'State': u'finished'}, u'114': {u'State': u'finished'}, u'88': {u'State': u'finished'}, u'89': {u'State': u'finished'}, u'111': {u'State': u'finished'}, u'110': {u'State': u'finished'}, u'113': {u'State': u'finished'}, u'112': {u'State': u'finished'}, u'82': {u'State': u'finished'}, u'83': {u'State': u'finished'}, u'80': {u'State': u'finished'}, u'81': {u'State': u'finished'}, u'119': {u'State': u'finished'}, u'118': {u'State': u'finished'}, u'84': {u'State': u'finished'}, u'85': {u'State': u'finished'}, u'3': {u'State': u'finished'}, u'7': {u'State': u'failed', u'Error': [8028, u"CmsRunFailure\nCMSSW error message follows.\nFatal Exception\nAn exception of category 'FallbackFileOpenError' occurred while\n   [0] Constructing the EventProcessor\n   [1] Constructing input source of type PoolSource\n   [2] Calling RootFileSequenceBase::initTheFile()\n   [3] Calling StorageFactory::open()\n   [4] Calling XrdFile::open()\nException Message:\nFailed to open the file 'root://cmsxrootd.fnal.gov//store/himc/HINPbPbWinter16DR/Pythia6_bJetFCR80_pp502_Hydjet_MB/AODSIM/75X_mcRun2_HeavyIon_v13-v1/50000/0AF83C37-340E-E611-A437-3417EBE64B85.root'\n   Additional Info:\n      [a] open() failed with system error 'No such file or directory' (error code 2)\n      [b] Input file /cms/store/himc/HINPbPbWinter16DR/Pythia6_bJetFCR80_pp502_Hydjet_MB/AODSIM/75X_mcRun2_HeavyIon_v13-v1/50000/0AF83C37-340E-E611-A437-3417EBE64B85.root could not be opened.\nFallback Input file root://cmsxrootd.fnal.gov//store/himc/HINPbPbWinter16DR/Pythia6_bJetFCR80_pp502_Hydjet_MB/AODSIM/75X_mcRun2_HeavyIon_v13-v1/50000/0AF83C37-340E-E611-A437-3417EBE64B85.root also could not be opened.\nOriginal exception info is above; fallback exception info is below.\n      [c] XrdCl::File::Open(name='root://cmsxrootd.fnal.gov//store/himc/HINPbPbWinter16DR/Pythia6_bJetFCR80_pp502_Hydjet_MB/AODSIM/75X_mcRun2_HeavyIon_v13-v1/50000/0AF83C37-340E-E611-A437-3417EBE64B85.root', flags=0x10, permissions=0660) => error '[ERROR] Server responded with an error: [3011] Too many attempts to gain dfs read access to the file\n' (errno=3011, code=400). No additional data servers were found.\n      [d] Last URL tried: root://xrootd.rcac.purdue.edu:1094//store/himc/HINPbPbWinter16DR/Pythia6_bJetFCR80_pp502_Hydjet_MB/AODSIM/75X_mcRun2_HeavyIon_v13-v1/50000/0AF83C37-340E-E611-A437-3417EBE64B85.root?tried=\n      [e] Problematic data server: xrootd.rcac.purdue.edu:1094\n      [f] Disabled source: xrootd.rcac.purdue.edu:1094\n", {u'type': u'Fatal Exception', u'details': u"An exception of category 'FallbackFileOpenError' occurred while\n   [0] Constructing the EventProcessor\n   [1] Constructing input source of type PoolSource\n   [2] Calling RootFileSequenceBase::initTheFile()\n   [3] Calling StorageFactory::open()\n   [4] Calling XrdFile::open()\nException Message:\nFailed to open the file 'root://cmsxrootd.fnal.gov//store/himc/HINPbPbWinter16DR/Pythia6_bJetFCR80_pp502_Hydjet_MB/AODSIM/75X_mcRun2_HeavyIon_v13-v1/50000/0AF83C37-340E-E611-A437-3417EBE64B85.root'\n   Additional Info:\n      [a] open() failed with system error 'No such file or directory' (error code 2)\n      [b] Input file /cms/store/himc/HINPbPbWinter16DR/Pythia6_bJetFCR80_pp502_Hydjet_MB/AODSIM/75X_mcRun2_HeavyIon_v13-v1/50000/0AF83C37-340E-E611-A437-3417EBE64B85.root could not be opened.\nFallback Input file root://cmsxrootd.fnal.gov//store/himc/HINPbPbWinter16DR/Pythia6_bJetFCR80_pp502_Hydjet_MB/AODSIM/75X_mcRun2_HeavyIon_v13-v1/50000/0AF83C37-340E-E611-A437-3417EBE64B85.root also could not be opened.\nOriginal exception info is above; fallback exception info is below.\n      [c] XrdCl::File::Open(name='root://cmsxrootd.fnal.gov//store/himc/HINPbPbWinter16DR/Pythia6_bJetFCR80_pp502_Hydjet_MB/AODSIM/75X_mcRun2_HeavyIon_v13-v1/50000/0AF83C37-340E-E611-A437-3417EBE64B85.root', flags=0x10, permissions=0660) => error '[ERROR] Server responded with an error: [3011] Too many attempts to gain dfs read access to the file\n' (errno=3011, code=400). No additional data servers were found.\n      [d] Last URL tried: root://xrootd.rcac.purdue.edu:1094//store/himc/HINPbPbWinter16DR/Pythia6_bJetFCR80_pp502_Hydjet_MB/AODSIM/75X_mcRun2_HeavyIon_v13-v1/50000/0AF83C37-340E-E611-A437-3417EBE64B85.root?tried=\n      [e] Problematic data server: xrootd.rcac.purdue.edu:1094\n      [f] Disabled source: xrootd.rcac.purdue.edu:1094", u'exitCode': u'8028'}]}, u'108': {u'State': u'finished'}, u'109': {u'State': u'finished'}, u'102': {u'State': u'finished'}, u'103': {u'State': u'finished'}, u'100': {u'State': u'finished'}, u'101': {u'State': u'finished'}, u'106': {u'State': u'finished'}, u'107': {u'State': u'finished'}, u'104': {u'State': u'finished'}, u'105': {u'State': u'finished'}, u'39': {u'State': u'finished'}, u'38': {u'State': u'finished'}, u'33': {u'State': u'finished'}, u'32': {u'State': u'finished'}, u'31': {u'State': u'finished'}, u'30': {u'State': u'finished'}, u'37': {u'State': u'finished'}, u'36': {u'State': u'finished'}, u'35': {u'State': u'finished'}, u'34': {u'State': u'finished'}, u'60': {u'State': u'finished'}, u'61': {u'State': u'finished'}, u'62': {u'State': u'finished'}, u'63': {u'State': u'finished'}, u'64': {u'State': u'finished'}, u'65': {u'State': u'finished'}, u'66': {u'State': u'finished'}, u'67': {u'State': u'finished'}, u'68': {u'State': u'finished'}, u'69': {u'State': u'finished'}, u'2': {u'State': u'finished'}, u'6': {u'State': u'finished'}, u'97': {u'State': u'finished'}, u'99': {u'State': u'finished'}, u'98': {u'State': u'finished'}, u'164': {u'State': u'finished'}, u'165': {u'State': u'finished'}, u'93': {u'State': u'finished'}, u'92': {u'State': u'finished'}, u'160': {u'State': u'finished'}, u'161': {u'State': u'finished'}, u'162': {u'State': u'finished'}, u'163': {u'State': u'finished'}, u'11': {u'State': u'finished'}, u'10': {u'State': u'finished'}, u'13': {u'State': u'finished'}, u'12': {u'State': u'finished'}, u'15': {u'State': u'finished'}, u'14': {u'State': u'finished'}, u'17': {u'State': u'finished'}, u'16': {u'State': u'finished'}, u'19': {u'State': u'finished'}, u'18': {u'State': u'finished'}, u'117': {u'State': u'finished'}, u'116': {u'State': u'finished'}, u'151': {u'State': u'finished'}, u'150': {u'State': u'finished'}, u'153': {u'State': u'finished'}, u'152': {u'State': u'finished'}, u'155': {u'State': u'finished'}, u'154': {u'State': u'finished'}, u'157': {u'State': u'finished'}, u'156': {u'State': u'finished'}, u'159': {u'State': u'finished'}, u'158': {u'State': u'finished'}, u'48': {u'State': u'finished'}, u'49': {u'State': u'finished'}, u'46': {u'State': u'finished'}, u'86': {u'State': u'finished'}, u'44': {u'State': u'finished'}, u'45': {u'State': u'finished'}, u'42': {u'State': u'finished'}, u'43': {u'State': u'finished'}, u'40': {u'State': u'finished'}, u'87': {u'State': u'failed', u'Error': [8028, u"CmsRunFailure\nCMSSW error message follows.\nFatal Exception\nAn exception of category 'FallbackFileOpenError' occurred while\n   [0] Constructing the EventProcessor\n   [1] Constructing input source of type PoolSource\n   [2] Calling RootFileSequenceBase::initTheFile()\n   [3] Calling StorageFactory::open()\n   [4] Calling XrdFile::open()\nException Message:\nFailed to open the file 'root://cmsxrootd.fnal.gov//store/himc/HINPbPbWinter16DR/Pythia6_bJetFCR80_pp502_Hydjet_MB/AODSIM/75X_mcRun2_HeavyIon_v13-v1/50000/A0CDB96B-580E-E611-B8D9-02163E013760.root'\n   Additional Info:\n      [a] open() failed with system error 'No such file or directory' (error code 2)\n      [b] Input file /cms/store/himc/HINPbPbWinter16DR/Pythia6_bJetFCR80_pp502_Hydjet_MB/AODSIM/75X_mcRun2_HeavyIon_v13-v1/50000/A0CDB96B-580E-E611-B8D9-02163E013760.root could not be opened.\nFallback Input file root://cmsxrootd.fnal.gov//store/himc/HINPbPbWinter16DR/Pythia6_bJetFCR80_pp502_Hydjet_MB/AODSIM/75X_mcRun2_HeavyIon_v13-v1/50000/A0CDB96B-580E-E611-B8D9-02163E013760.root also could not be opened.\nOriginal exception info is above; fallback exception info is below.\n      [c] XrdCl::File::Open(name='root://cmsxrootd.fnal.gov//store/himc/HINPbPbWinter16DR/Pythia6_bJetFCR80_pp502_Hydjet_MB/AODSIM/75X_mcRun2_HeavyIon_v13-v1/50000/A0CDB96B-580E-E611-B8D9-02163E013760.root', flags=0x10, permissions=0660) => error '[ERROR] Server responded with an error: [3011] Too many attempts to gain dfs read access to the file\n' (errno=3011, code=400). No additional data servers were found.\n      [d] Last URL tried: root://xrootd.rcac.purdue.edu:1094//store/himc/HINPbPbWinter16DR/Pythia6_bJetFCR80_pp502_Hydjet_MB/AODSIM/75X_mcRun2_HeavyIon_v13-v1/50000/A0CDB96B-580E-E611-B8D9-02163E013760.root?tried=\n      [e] Problematic data server: xrootd.rcac.purdue.edu:1094\n      [f] Disabled source: xrootd.rcac.purdue.edu:1094\n", {u'type': u'Fatal Exception', u'details': u"An exception of category 'FallbackFileOpenError' occurred while\n   [0] Constructing the EventProcessor\n   [1] Constructing input source of type PoolSource\n   [2] Calling RootFileSequenceBase::initTheFile()\n   [3] Calling StorageFactory::open()\n   [4] Calling XrdFile::open()\nException Message:\nFailed to open the file 'root://cmsxrootd.fnal.gov//store/himc/HINPbPbWinter16DR/Pythia6_bJetFCR80_pp502_Hydjet_MB/AODSIM/75X_mcRun2_HeavyIon_v13-v1/50000/A0CDB96B-580E-E611-B8D9-02163E013760.root'\n   Additional Info:\n      [a] open() failed with system error 'No such file or directory' (error code 2)\n      [b] Input file /cms/store/himc/HINPbPbWinter16DR/Pythia6_bJetFCR80_pp502_Hydjet_MB/AODSIM/75X_mcRun2_HeavyIon_v13-v1/50000/A0CDB96B-580E-E611-B8D9-02163E013760.root could not be opened.\nFallback Input file root://cmsxrootd.fnal.gov//store/himc/HINPbPbWinter16DR/Pythia6_bJetFCR80_pp502_Hydjet_MB/AODSIM/75X_mcRun2_HeavyIon_v13-v1/50000/A0CDB96B-580E-E611-B8D9-02163E013760.root also could not be opened.\nOriginal exception info is above; fallback exception info is below.\n      [c] XrdCl::File::Open(name='root://cmsxrootd.fnal.gov//store/himc/HINPbPbWinter16DR/Pythia6_bJetFCR80_pp502_Hydjet_MB/AODSIM/75X_mcRun2_HeavyIon_v13-v1/50000/A0CDB96B-580E-E611-B8D9-02163E013760.root', flags=0x10, permissions=0660) => error '[ERROR] Server responded with an error: [3011] Too many attempts to gain dfs read access to the file\n' (errno=3011, code=400). No additional data servers were found.\n      [d] Last URL tried: root://xrootd.rcac.purdue.edu:1094//store/himc/HINPbPbWinter16DR/Pythia6_bJetFCR80_pp502_Hydjet_MB/AODSIM/75X_mcRun2_HeavyIon_v13-v1/50000/A0CDB96B-580E-E611-B8D9-02163E013760.root?tried=\n      [e] Problematic data server: xrootd.rcac.purdue.edu:1094\n      [f] Disabled source: xrootd.rcac.purdue.edu:1094", u'exitCode': u'8028'}]}, u'1': {u'State': u'finished'}, u'5': {u'State': u'finished'}, u'9': {u'State': u'finished'}, u'146': {u'State': u'finished'}, u'147': {u'State': u'finished'}, u'144': {u'State': u'finished'}, u'145': {u'State': u'finished'}, u'142': {u'State': u'finished'}, u'143': {u'State': u'finished'}, u'140': {u'State': u'finished'}, u'141': {u'State': u'finished'}, u'148': {u'State': u'finished'}, u'149': {u'State': u'finished'}, u'77': {u'State': u'finished'}, u'76': {u'State': u'finished'}, u'75': {u'State': u'finished'}, u'74': {u'State': u'finished'}, u'73': {u'State': u'finished'}, u'72': {u'State': u'finished'}, u'71': {u'State': u'finished'}, u'70': {u'State': u'finished'}, u'79': {u'State': u'finished'}, u'78': {u'State': u'finished'}, u'41': {u'State': u'finished'}, u'47': {u'State': u'finished'}}, u'publication': {u'disabled': []}, u'taskWarningMsg': [], u'schedd': u'crab3@vocms0106.cern.ch', u'publicationFailures': {}, u'outdatasets': None, u'statusFailureMsg': u'', u'taskFailureMsg': u'', u'failedJobdefs': 0, u'ASOURL': u'https://cmsweb.cern.ch/couchdb2', u'command': u'SUBMIT', u'totalJobdefs': 0, u'submissionTime': 1479856943, u'jobdefErrors': [], u'collector': u'cmsgwms-collector-global.cern.ch,cmssrv221.fnal.gov', u'jobList': [[u'finished', 165], [u'finished', 133], [u'finished', 132], [u'finished', 131], [u'finished', 130], [u'finished', 137], [u'finished', 136], [u'finished', 135], [u'finished', 134], [u'finished', 139], [u'finished', 138], [u'finished', 24], [u'finished', 25], [u'finished', 26], [u'finished', 27], [u'finished', 20], [u'finished', 21], [u'finished', 22], [u'finished', 23], [u'finished', 160], [u'finished', 28], [u'finished', 29], [u'finished', 161], [u'finished', 4], [u'finished', 8], [u'finished', 163], [u'finished', 119], [u'finished', 120], [u'finished', 121], [u'finished', 122], [u'finished', 123], [u'finished', 124], [u'finished', 125], [u'finished', 126], [u'finished', 127], [u'finished', 128], [u'finished', 129], [u'finished', 118], [u'finished', 59], [u'finished', 58], [u'finished', 55], [u'finished', 54], [u'finished', 57], [u'finished', 56], [u'finished', 51], [u'finished', 50], [u'finished', 53], [u'finished', 52], [u'finished', 164], [u'finished', 115], [u'finished', 114], [u'finished', 88], [u'finished', 89], [u'finished', 111], [u'finished', 110], [u'finished', 113], [u'finished', 112], [u'finished', 82], [u'finished', 83], [u'finished', 80], [u'finished', 81], [u'finished', 86], [u'failed', 87], [u'finished', 84], [u'finished', 85], [u'finished', 3], [u'failed', 7], [u'finished', 108], [u'finished', 109], [u'finished', 102], [u'finished', 103], [u'finished', 100], [u'finished', 101], [u'finished', 106], [u'finished', 107], [u'finished', 104], [u'finished', 105], [u'finished', 39], [u'finished', 38], [u'finished', 33], [u'finished', 32], [u'finished', 31], [u'finished', 30], [u'finished', 37], [u'finished', 36], [u'finished', 35], [u'finished', 34], [u'finished', 60], [u'finished', 61], [u'finished', 62], [u'finished', 63], [u'finished', 64], [u'finished', 65], [u'finished', 66], [u'finished', 67], [u'finished', 68], [u'finished', 69], [u'finished', 2], [u'finished', 162], [u'finished', 6], [u'finished', 99], [u'finished', 98], [u'finished', 91], [u'failed', 90], [u'finished', 93], [u'finished', 92], [u'finished', 95], [u'finished', 94], [u'finished', 97], [u'finished', 96], [u'finished', 11], [u'finished', 10], [u'finished', 13], [u'finished', 12], [u'finished', 15], [u'finished', 14], [u'finished', 17], [u'finished', 16], [u'finished', 19], [u'finished', 18], [u'finished', 117], [u'finished', 116], [u'finished', 151], [u'finished', 150], [u'finished', 153], [u'finished', 152], [u'finished', 155], [u'finished', 154], [u'finished', 157], [u'finished', 156], [u'finished', 159], [u'finished', 158], [u'finished', 48], [u'finished', 49], [u'finished', 46], [u'finished', 47], [u'finished', 44], [u'finished', 45], [u'finished', 42], [u'finished', 43], [u'finished', 40], [u'finished', 41], [u'finished', 1], [u'finished', 5], [u'finished', 9], [u'finished', 146], [u'finished', 147], [u'finished', 144], [u'finished', 145], [u'finished', 142], [u'finished', 143], [u'finished', 140], [u'finished', 141], [u'finished', 148], [u'finished', 149], [u'finished', 77], [u'finished', 76], [u'finished', 75], [u'finished', 74], [u'finished', 73], [u'finished', 72], [u'finished', 71], [u'finished', 70], [u'finished', 79], [u'finished', 78]]}
INFO 2016-11-23 09:47:04,210: 	 CRAB project directory:		/grid_mnt/data__data.polcms/cms/lisniak/btgtrain/CMSSW_7_5_8_patch3/src/RecoBTag/PerformanceMeasurements/test/crab_btagana_fcr80v3
INFO 2016-11-23 09:47:04,210: 	 Task name:			161122_232223:istaslis_crab_btagana_fcr80v3
INFO 2016-11-23 09:47:04,210: 	 Grid scheduler:			crab3@vocms0106.cern.ch
INFO 2016-11-23 09:47:04,211: 	 Task status:			FAILED
INFO 2016-11-23 09:47:04,211: 	 Dashboard monitoring URL:	http://dashb-cms-job.cern.ch/dashboard/templates/task-analysis/#user=istaslis&table=Mains&pattern=161122_232223%3Aistaslis_crab_btagana_fcr80v3
INFO 2016-11-23 09:47:04,211: 	 
Jobs status:			failed          1.8% (  3/165)
INFO 2016-11-23 09:47:04,211: 	 				finished       98.2% (162/165)
INFO 2016-11-23 09:47:04,211: 	 
No publication information (publication has been disabled in the CRAB configuration file)
INFO 2016-11-23 09:47:04,212: 	 
Error Summary: (use crab status --verboseErrors for details about the errors)

  3 jobs failed with exit code 8028

Have a look at https://twiki.cern.ch/twiki/bin/viewauth/CMSPublic/JobExitCodes for a description of the exit codes.
INFO 2016-11-23 09:47:04,218: 	 Log file is /grid_mnt/data__data.polcms/cms/lisniak/btgtrain/CMSSW_7_5_8_patch3/src/RecoBTag/PerformanceMeasurements/test/crab_btagana_fcr80v3/crab.log
