('Running on files ', ['file:fcr_99.root'])
('Output file ', 'JetTree_fcr_numEvent1.root')
('N events ', 1)
# Conditions read from  CMS_CONDITIONS  via FrontierProd 
DEBUG 2017-01-24 20:02:25,445: 	 Executing command: 'submit'
DEBUG 2017-01-24 20:02:25,460: 	 Found CRAB cache file /home/llr/cms/lisniak/.crab3
DEBUG 2017-01-24 20:02:25,482: 	 Checking credentials
DEBUG 2017-01-24 20:02:25,482: 	 Proxy file /tmp/x509up_u837 not found
DEBUG 2017-01-24 20:02:25,482: 	 Creating new proxy for 24:00 hours with VO group '' and VO role 'NULL'.
DEBUG 2017-01-24 20:02:30,791: 	 Executing : 
 command : voms-proxy-init -voms cms:/cms -valid 24:00 -rfc
 output : None
 error: None
 retcode : 0
DEBUG 2017-01-24 20:02:31,295: 	 Executing : 
 command : voms-proxy-info -file /tmp/x509up_u837 -timeleft
 output : 86398

 error: 
 retcode : 0
DEBUG 2017-01-24 20:02:31,799: 	 Executing : 
 command : voms-proxy-info -file /tmp/x509up_u837 -actimeleft
 output : 86398

 error: 
 retcode : 0
DEBUG 2017-01-24 20:02:32,302: 	 Executing : 
 command : env X509_USER_PROXY=/tmp/x509up_u837 voms-proxy-info -fqan
 output : /cms/Role=NULL/Capability=NULL

 error: 
 retcode : 0
DEBUG 2017-01-24 20:02:32,302: 	 Proxy created.
INFO 2017-01-24 20:02:32,303: 	 Will use CRAB configuration file crabConfigQCD.py
DEBUG 2017-01-24 20:02:32,303: 	 Loading CRAB configuration file.
DEBUG 2017-01-24 20:02:35,436: 	 Will use CRAB Analysis plugin (i.e. will run an analysis job type).
DEBUG 2017-01-24 20:02:35,642: 	 Executing : 
 command : openssl x509 -in ~/.globus/usercert.pem -subject -noout
 output : subject= /DC=ch/DC=cern/OU=Organic Units/OU=Users/CN=istaslis/CN=747350/CN=Stanislav Lisniak

 error: 
 retcode : 0
DEBUG 2017-01-24 20:02:35,643: 	 Checking credentials
DEBUG 2017-01-24 20:02:35,643: 	 Found proxy file /tmp/x509up_u837
DEBUG 2017-01-24 20:02:35,643: 	 Getting proxy life time left
DEBUG 2017-01-24 20:02:36,246: 	 Executing : 
 command : voms-proxy-info -file /tmp/x509up_u837 -timeleft
 output : 86393

 error: 
 retcode : 0
DEBUG 2017-01-24 20:02:36,850: 	 Executing : 
 command : voms-proxy-info -file /tmp/x509up_u837 -actimeleft
 output : 86393

 error: 
 retcode : 0
DEBUG 2017-01-24 20:02:36,850: 	 Proxy valid for 23:59:53 hours
DEBUG 2017-01-24 20:02:37,454: 	 Executing : 
 command : env X509_USER_PROXY=/tmp/x509up_u837 voms-proxy-info -fqan
 output : /cms/Role=NULL/Capability=NULL

 error: 
 retcode : 0
DEBUG 2017-01-24 20:02:38,010: 	 Registering user credentials for server /DC=ch/DC=cern/OU=computers/CN=vocms(045|052|021|031|0118|0118a|0119|0108|0105).cern.ch
DEBUG 2017-01-24 20:02:38,138: 	 Executing : 
 command : openssl x509 -in ~/.globus/usercert.pem -subject -noout
 output : subject= /DC=ch/DC=cern/OU=Organic Units/OU=Users/CN=istaslis/CN=747350/CN=Stanislav Lisniak

 error: 
 retcode : 0
DEBUG 2017-01-24 20:02:38,138: 	 Getting myproxy life time left for myproxy.cern.ch
DEBUG 2017-01-24 20:02:38,138: 	 Calculating hash of /DC=ch/DC=cern/OU=Organic Units/OU=Users/CN=istaslis/CN=747350/CN=Stanislav Lisniak_cmsweb.cern.ch for credential name
DEBUG 2017-01-24 20:02:38,540: 	 Executing : 
 command : myproxy-info -l fb080dc7d4e0790beaeb2d952381dd7a3f1f2fd6 -s myproxy.cern.ch
 output : username: fb080dc7d4e0790beaeb2d952381dd7a3f1f2fd6
owner: /DC=ch/DC=cern/OU=Organic Units/OU=Users/CN=istaslis/CN=747350/CN=Stanislav Lisniak
  renewal policy: /DC=ch/DC=cern/OU=computers/CN=vocms(045|052|021|031|0118|0118a|0119|0108|0105).cern.ch
  trusted retrieval policy: /DC=ch/DC=cern/OU=computers/CN=vocms(045|052|021|031|0118|0118a|0119|0108|0105).cern.ch
  timeleft: 505:56:48  (21.1 days)

 error: 
 retcode : 0
DEBUG 2017-01-24 20:02:38,542: 	 Myproxy is valid: 1821408
DEBUG 2017-01-24 20:02:38,542: 	 Command use: submit
DEBUG 2017-01-24 20:02:38,542: 	 Options use: ['-c', 'crabConfigQCD.py']
DEBUG 2017-01-24 20:02:39,161: 	 CRABClient version: 3.3.1611
DEBUG 2017-01-24 20:02:39,161: 	 Instance is prod
DEBUG 2017-01-24 20:02:39,162: 	 Server base url is cmsweb.cern.ch
DEBUG 2017-01-24 20:02:39,162: 	 Command url /crabserver/prod/workflow
DEBUG 2017-01-24 20:02:39,162: 	 Started submission
DEBUG 2017-01-24 20:02:39,162: 	 Working on /grid_mnt/data__data.polcms/cms/lisniak/btgtrain/CMSSW_7_5_8_patch3/src/RecoBTag/PerformanceMeasurements/test/crab_btagCSVv3_qcd170v2
DEBUG 2017-01-24 20:02:40,096: 	 Loading required information from the environment
DEBUG 2017-01-24 20:02:40,096: 	 Found CMSSW_7_5_8_patch3 for slc6_amd64_gcc491 with base /grid_mnt/data__data.polcms/cms/lisniak/btgtrain/CMSSW_7_5_8_patch3
DEBUG 2017-01-24 20:02:40,097: 	 Loading required information from the environment
DEBUG 2017-01-24 20:02:40,097: 	 Found CMSSW_7_5_8_patch3 for slc6_amd64_gcc491 with base /grid_mnt/data__data.polcms/cms/lisniak/btgtrain/CMSSW_7_5_8_patch3
DEBUG 2017-01-24 20:02:40,195: 	 UNIQUE NAME: tarUUID c0196ad6-d28b-4e54-9b21-8f1130ad7805 
DEBUG 2017-01-24 20:02:40,195: 	 self.config: from WMCore.Configuration import Configuration
config = Configuration()
config.section_('General')
config.General.transferOutputs = True
config.General.transferLogs = True
config.General.requestName = 'btagCSVv3_qcd170v2'
config.section_('JobType')
config.JobType.psetName = 'runForestAOD_PbPb_MIX_75X.py'
config.JobType.pluginName = 'Analysis'
config.JobType.maxMemoryMB = 2400
config.section_('Data')
config.Data.inputDataset = '/Pythia6_Dijet170_pp502_Hydjet_MB/HINPbPbWinter16DR-75X_mcRun2_HeavyIon_v13-v1/AODSIM'
config.Data.outputDatasetTag = 'btagCSVv3_qcd170v2'
config.Data.totalUnits = 200
config.Data.unitsPerJob = 1
config.Data.splitting = 'FileBased'
config.Data.inputDBS = 'global'
config.Data.outLFNDirBase = '/store/user/istaslis/btagCSVv3_qcd170v2'
config.Data.publication = False
config.section_('Site')
config.Site.storageSite = 'T2_FR_GRIF_LLR'
config.section_('User')
config.section_('Debug')

DEBUG 2017-01-24 20:02:40,195: 	 self.config.JobType.psetName: runForestAOD_PbPb_MIX_75X.py
INFO 2017-01-24 20:02:40,195: 	 Importing CMSSW configuration runForestAOD_PbPb_MIX_75X.py
INFO 2017-01-24 20:03:00,837: 	 Finished importing CMSSW configuration runForestAOD_PbPb_MIX_75X.py
DEBUG 2017-01-24 20:03:00,837: 	 Writing CMSSW configuration to /grid_mnt/data__data.polcms/cms/lisniak/btgtrain/CMSSW_7_5_8_patch3/src/RecoBTag/PerformanceMeasurements/test/crab_btagCSVv3_qcd170v2/inputs/PSet.py
DEBUG 2017-01-24 20:03:02,992: 	 The following EDM output files will be collected: []
DEBUG 2017-01-24 20:03:02,993: 	 The following TFile output files will be collected: ['JetTree_fcr_numEvent1.root']
DEBUG 2017-01-24 20:03:02,993: 	 The following user output files will be collected: []
DEBUG 2017-01-24 20:03:02,993: 	 Loading required information from the environment
DEBUG 2017-01-24 20:03:02,993: 	 Found CMSSW_7_5_8_patch3 for slc6_amd64_gcc491 with base /grid_mnt/data__data.polcms/cms/lisniak/btgtrain/CMSSW_7_5_8_patch3
DEBUG 2017-01-24 20:03:02,993: 	 Making tarball in /grid_mnt/data__data.polcms/cms/lisniak/btgtrain/CMSSW_7_5_8_patch3/src/RecoBTag/PerformanceMeasurements/test/crab_btagCSVv3_qcd170v2/inputs/c0196ad6-d28b-4e54-9b21-8f1130ad7805default.tgz
DEBUG 2017-01-24 20:03:03,035: 	 Checking directory /grid_mnt/data__data.polcms/cms/lisniak/btgtrain/CMSSW_7_5_8_patch3/lib
DEBUG 2017-01-24 20:03:03,035: 	 Adding directory /grid_mnt/data__data.polcms/cms/lisniak/btgtrain/CMSSW_7_5_8_patch3/lib to tarball
DEBUG 2017-01-24 20:03:06,236: 	 Checking directory /grid_mnt/data__data.polcms/cms/lisniak/btgtrain/CMSSW_7_5_8_patch3/biglib
DEBUG 2017-01-24 20:03:06,237: 	 Adding directory /grid_mnt/data__data.polcms/cms/lisniak/btgtrain/CMSSW_7_5_8_patch3/biglib to tarball
DEBUG 2017-01-24 20:03:06,251: 	 Checking directory /grid_mnt/data__data.polcms/cms/lisniak/btgtrain/CMSSW_7_5_8_patch3/module
DEBUG 2017-01-24 20:03:06,496: 	 Adding data directory /grid_mnt/data__data.polcms/cms/lisniak/btgtrain/CMSSW_7_5_8_patch3/src/HeavyIonsAnalysis/Configuration/data to tarball
DEBUG 2017-01-24 20:03:06,638: 	 Adding data directory /grid_mnt/data__data.polcms/cms/lisniak/btgtrain/CMSSW_7_5_8_patch3/src/HeavyIonsAnalysis/EventAnalysis/interface to tarball
DEBUG 2017-01-24 20:03:06,669: 	 Adding data directory /grid_mnt/data__data.polcms/cms/lisniak/btgtrain/CMSSW_7_5_8_patch3/src/HeavyIonsAnalysis/JetAnalysis/data to tarball
DEBUG 2017-01-24 20:03:07,288: 	 Adding data directory /grid_mnt/data__data.polcms/cms/lisniak/btgtrain/CMSSW_7_5_8_patch3/src/HeavyIonsAnalysis/JetAnalysis/interface to tarball
DEBUG 2017-01-24 20:03:07,561: 	 Adding data directory /grid_mnt/data__data.polcms/cms/lisniak/btgtrain/CMSSW_7_5_8_patch3/src/HeavyIonsAnalysis/MuonAnalysis/interface to tarball
DEBUG 2017-01-24 20:03:07,589: 	 Adding data directory /grid_mnt/data__data.polcms/cms/lisniak/btgtrain/CMSSW_7_5_8_patch3/src/HeavyIonsAnalysis/PhotonAnalysis/interface to tarball
DEBUG 2017-01-24 20:03:07,636: 	 Adding data directory /grid_mnt/data__data.polcms/cms/lisniak/btgtrain/CMSSW_7_5_8_patch3/src/HeavyIonsAnalysis/TrackAnalysis/interface to tarball
DEBUG 2017-01-24 20:03:07,665: 	 Adding data directory /grid_mnt/data__data.polcms/cms/lisniak/btgtrain/CMSSW_7_5_8_patch3/src/HeavyIonsAnalysis/VertexAnalysis/interface to tarball
DEBUG 2017-01-24 20:03:07,694: 	 Adding data directory /grid_mnt/data__data.polcms/cms/lisniak/btgtrain/CMSSW_7_5_8_patch3/src/RecoHI/HiJetAlgos/interface to tarball
DEBUG 2017-01-24 20:03:07,766: 	 Adding data directory /grid_mnt/data__data.polcms/cms/lisniak/btgtrain/CMSSW_7_5_8_patch3/src/RecoJets/JetProducers/data to tarball
DEBUG 2017-01-24 20:03:07,791: 	 Adding data directory /grid_mnt/data__data.polcms/cms/lisniak/btgtrain/CMSSW_7_5_8_patch3/src/RecoJets/JetProducers/interface to tarball
DEBUG 2017-01-24 20:03:07,985: 	 Adding data directory /grid_mnt/data__data.polcms/cms/lisniak/btgtrain/CMSSW_7_5_8_patch3/src/RecoBTag/PerformanceMeasurements/data to tarball
DEBUG 2017-01-24 20:03:09,016: 	 Adding data directory /grid_mnt/data__data.polcms/cms/lisniak/btgtrain/CMSSW_7_5_8_patch3/src/RecoBTag/PerformanceMeasurements/interface to tarball
DEBUG 2017-01-24 20:03:09,304: 	 Adding data directory /grid_mnt/data__data.polcms/cms/lisniak/btgtrain/CMSSW_7_5_8_patch3/src/RecoBTag/PerformanceMeasurements/test/ttbar/data to tarball
DEBUG 2017-01-24 20:03:09,839: 	 Adding data directory /grid_mnt/data__data.polcms/cms/lisniak/btgtrain/CMSSW_7_5_8_patch3/src/RecoBTag/TagVarExtractor/interface to tarball
DEBUG 2017-01-24 20:03:09,866: 	 Adding data directory /grid_mnt/data__data.polcms/cms/lisniak/btgtrain/CMSSW_7_5_8_patch3/src/RecoBTag/SecondaryVertex/interface to tarball
DEBUG 2017-01-24 20:03:10,021: 	 Adding data directory /grid_mnt/data__data.polcms/cms/lisniak/btgtrain/CMSSW_7_5_8_patch3/src/RecoBTag/CSVscikit/interface to tarball
DEBUG 2017-01-24 20:03:10,040: 	 Adding data directory /grid_mnt/data__data.polcms/cms/lisniak/btgtrain/CMSSW_7_5_8_patch3/src/RecoBTag/CTagging/interface to tarball
DEBUG 2017-01-24 20:03:10,451: 	 Uploading archive /grid_mnt/data__data.polcms/cms/lisniak/btgtrain/CMSSW_7_5_8_patch3/src/RecoBTag/PerformanceMeasurements/test/crab_btagCSVv3_qcd170v2/inputs/c0196ad6-d28b-4e54-9b21-8f1130ad7805default.tgz to the CRAB cache. Using URI https://cmsweb.cern.ch/crabcache
DEBUG 2017-01-24 20:03:22,124: 	 Loading required information from the environment
DEBUG 2017-01-24 20:03:22,124: 	 Found CMSSW_7_5_8_patch3 for slc6_amd64_gcc491 with base /grid_mnt/data__data.polcms/cms/lisniak/btgtrain/CMSSW_7_5_8_patch3
DEBUG 2017-01-24 20:03:22,124: 	 Making tarball in /grid_mnt/data__data.polcms/cms/lisniak/btgtrain/CMSSW_7_5_8_patch3/src/RecoBTag/PerformanceMeasurements/test/crab_btagCSVv3_qcd170v2/inputs/debugFiles.tgz
DEBUG 2017-01-24 20:03:22,141: 	 Uploading archive /grid_mnt/data__data.polcms/cms/lisniak/btgtrain/CMSSW_7_5_8_patch3/src/RecoBTag/PerformanceMeasurements/test/crab_btagCSVv3_qcd170v2/inputs/debugFiles.tgz to the CRAB cache. Using URI https://cmsweb.cern.ch/crabcache
DEBUG 2017-01-24 20:03:22,621: 	 Result uploading input files: 07198a06836f7224e45facc6206bac898e343bf48d203048618eeb8f5728dcbe.tar.gz 
INFO 2017-01-24 20:03:22,621: 	 Sending the request to the server
DEBUG 2017-01-24 20:03:22,621: 	 Submitting {'maxjobruntime': 1250, 'extrajdl': [], 'ignorelocality': 0, 'savelogsflag': 1, 'useparent': 0, 'asyncdest': 'T2_FR_GRIF_LLR', 'algoargs': 1, 'cachefilename': '07198a06836f7224e45facc6206bac898e343bf48d203048618eeb8f5728dcbe.tar.gz', 'numcores': 1, 'addoutputfiles': [], 'generator': 'pythia', 'maxmemory': 2400, 'publishdbsurl': 'https://cmsweb.cern.ch/dbs/prod/phys03/DBSWriter', 'priority': 10, 'jobsw': 'CMSSW_7_5_8_patch3', 'edmoutfiles': [], 'userfiles': [], 'primarydataset': '', 'inputdata': '/Pythia6_Dijet170_pp502_Hydjet_MB/HINPbPbWinter16DR-75X_mcRun2_HeavyIon_v13-v1/AODSIM', 'lfn': '/store/user/istaslis/btagCSVv3_qcd170v2', 'dryrun': 0, 'workflow': 'crab_btagCSVv3_qcd170v2', 'adduserfiles': [], 'nonprodsw': 0, 'tfileoutfiles': ['JetTree_fcr_numEvent1.root'], 'oneEventMode': 0, 'debugfilename': 'cabf58c3329fc87a8d1a85343c04287d2396b4df3ac4f9d4d3bdfc370d37fd02.tar.gz', 'cacheurl': u'https://cmsweb.cern.ch/crabcache', 'saveoutput': 1, 'publication': 0, 'jobarch': 'slc6_amd64_gcc491', 'totalunits': 200, 'splitalgo': 'FileBased', 'ignoreglobalblacklist': 0, 'nonvaliddata': 0, 'dbsurl': 'https://cmsweb.cern.ch/dbs/prod/global/DBSReader', 'publishgroupname': 0, 'jobtype': 'Analysis', 'publishname2': 'btagCSVv3_qcd170v2'} 
DEBUG 2017-01-24 20:03:22,621: 	 Encoded submit request: maxjobruntime=1250&ignorelocality=0&savelogsflag=1&useparent=0&asyncdest=T2_FR_GRIF_LLR&algoargs=1&cachefilename=07198a06836f7224e45facc6206bac898e343bf48d203048618eeb8f5728dcbe.tar.gz&numcores=1&generator=pythia&maxmemory=2400&publishdbsurl=https%3A%2F%2Fcmsweb.cern.ch%2Fdbs%2Fprod%2Fphys03%2FDBSWriter&priority=10&jobsw=CMSSW_7_5_8_patch3&primarydataset=&inputdata=%2FPythia6_Dijet170_pp502_Hydjet_MB%2FHINPbPbWinter16DR-75X_mcRun2_HeavyIon_v13-v1%2FAODSIM&lfn=%2Fstore%2Fuser%2Fistaslis%2FbtagCSVv3_qcd170v2&dryrun=0&workflow=crab_btagCSVv3_qcd170v2&nonprodsw=0&oneEventMode=0&debugfilename=cabf58c3329fc87a8d1a85343c04287d2396b4df3ac4f9d4d3bdfc370d37fd02.tar.gz&cacheurl=https%3A%2F%2Fcmsweb.cern.ch%2Fcrabcache&saveoutput=1&publication=0&jobarch=slc6_amd64_gcc491&totalunits=200&splitalgo=FileBased&ignoreglobalblacklist=0&nonvaliddata=0&dbsurl=https%3A%2F%2Fcmsweb.cern.ch%2Fdbs%2Fprod%2Fglobal%2FDBSReader&publishgroupname=0&jobtype=Analysis&publishname2=btagCSVv3_qcd170v2&tfileoutfiles=JetTree_fcr_numEvent1.root
DEBUG 2017-01-24 20:03:23,394: 	 Result: {u'result': [{u'RequestName': u'170124_190323:istaslis_crab_btagCSVv3_qcd170v2'}]}
INFO 2017-01-24 20:03:23,396: 	 Success: Your task has been delivered to the CRAB3 server.
INFO 2017-01-24 20:03:23,396: 	 Task name: 170124_190323:istaslis_crab_btagCSVv3_qcd170v2
INFO 2017-01-24 20:03:23,396: 	 Please use 'crab status' to check how the submission process proceeds.
DEBUG 2017-01-24 20:03:23,396: 	 About to return
INFO 2017-01-24 20:03:23,401: 	 Log file is /grid_mnt/data__data.polcms/cms/lisniak/btgtrain/CMSSW_7_5_8_patch3/src/RecoBTag/PerformanceMeasurements/test/crab_btagCSVv3_qcd170v2/crab.log
DEBUG 2017-01-24 22:27:07,747: 	 Executing command: 'status'
DEBUG 2017-01-24 22:27:07,760: 	 Found CRAB cache file /home/llr/cms/lisniak/.crab3
DEBUG 2017-01-24 22:27:07,783: 	 Checking credentials
DEBUG 2017-01-24 22:27:07,783: 	 Found proxy file /tmp/x509up_u837
DEBUG 2017-01-24 22:27:07,783: 	 Getting proxy life time left
DEBUG 2017-01-24 22:27:08,286: 	 Executing : 
 command : voms-proxy-info -file /tmp/x509up_u837 -timeleft
 output : 77721

 error: 
 retcode : 0
DEBUG 2017-01-24 22:27:08,790: 	 Executing : 
 command : voms-proxy-info -file /tmp/x509up_u837 -actimeleft
 output : 77721

 error: 
 retcode : 0
DEBUG 2017-01-24 22:27:08,790: 	 Proxy valid for 21:35:21 hours
DEBUG 2017-01-24 22:27:08,903: 	 Executing : 
 command : openssl x509 -in ~/.globus/usercert.pem -subject -noout
 output : subject= /DC=ch/DC=cern/OU=Organic Units/OU=Users/CN=istaslis/CN=747350/CN=Stanislav Lisniak

 error: 
 retcode : 0
DEBUG 2017-01-24 22:27:08,904: 	 Checking credentials
DEBUG 2017-01-24 22:27:08,904: 	 Found proxy file /tmp/x509up_u837
DEBUG 2017-01-24 22:27:08,904: 	 Getting proxy life time left
DEBUG 2017-01-24 22:27:09,407: 	 Executing : 
 command : voms-proxy-info -file /tmp/x509up_u837 -timeleft
 output : 77720

 error: 
 retcode : 0
DEBUG 2017-01-24 22:27:09,910: 	 Executing : 
 command : voms-proxy-info -file /tmp/x509up_u837 -actimeleft
 output : 77720

 error: 
 retcode : 0
DEBUG 2017-01-24 22:27:09,911: 	 Proxy valid for 21:35:20 hours
DEBUG 2017-01-24 22:27:10,411: 	 Registering user credentials for server /DC=ch/DC=cern/OU=computers/CN=vocms(045|052|021|031|0118|0118a|0119|0108|0105).cern.ch
DEBUG 2017-01-24 22:27:10,519: 	 Executing : 
 command : openssl x509 -in ~/.globus/usercert.pem -subject -noout
 output : subject= /DC=ch/DC=cern/OU=Organic Units/OU=Users/CN=istaslis/CN=747350/CN=Stanislav Lisniak

 error: 
 retcode : 0
DEBUG 2017-01-24 22:27:10,519: 	 Getting myproxy life time left for myproxy.cern.ch
DEBUG 2017-01-24 22:27:10,519: 	 Calculating hash of /DC=ch/DC=cern/OU=Organic Units/OU=Users/CN=istaslis/CN=747350/CN=Stanislav Lisniak_cmsweb.cern.ch for credential name
DEBUG 2017-01-24 22:27:10,822: 	 Executing : 
 command : myproxy-info -l fb080dc7d4e0790beaeb2d952381dd7a3f1f2fd6 -s myproxy.cern.ch
 output : username: fb080dc7d4e0790beaeb2d952381dd7a3f1f2fd6
owner: /DC=ch/DC=cern/OU=Organic Units/OU=Users/CN=istaslis/CN=747350/CN=Stanislav Lisniak
  renewal policy: /DC=ch/DC=cern/OU=computers/CN=vocms(045|052|021|031|0118|0118a|0119|0108|0105).cern.ch
  trusted retrieval policy: /DC=ch/DC=cern/OU=computers/CN=vocms(045|052|021|031|0118|0118a|0119|0108|0105).cern.ch
  timeleft: 503:32:16  (21.0 days)

 error: 
 retcode : 0
DEBUG 2017-01-24 22:27:10,823: 	 Myproxy is valid: 1812736
DEBUG 2017-01-24 22:27:10,823: 	 Command use: status
DEBUG 2017-01-24 22:27:10,823: 	 Options use: []
DEBUG 2017-01-24 22:27:11,309: 	 CRABClient version: 3.3.1611
DEBUG 2017-01-24 22:27:11,309: 	 Instance is prod
DEBUG 2017-01-24 22:27:11,309: 	 Server base url is cmsweb.cern.ch
DEBUG 2017-01-24 22:27:11,309: 	 Command url /crabserver/prod/workflow
DEBUG 2017-01-24 22:27:11,309: 	 Looking up detailed status of task 170124_190323:istaslis_crab_btagCSVv3_qcd170v2
DEBUG 2017-01-24 22:27:12,967: 	 {u'status': u'SUBMITTED', u'username': u'istaslis', u'jobsPerStatus': {u'failed': 2, u'running': 158, u'transferring': 7}, u'jobs': {u'133': {u'State': u'running'}, u'132': {u'State': u'running'}, u'131': {u'State': u'running'}, u'130': {u'State': u'running'}, u'137': {u'State': u'running'}, u'136': {u'State': u'running'}, u'135': {u'State': u'running'}, u'134': {u'State': u'running'}, u'139': {u'State': u'running'}, u'138': {u'State': u'running'}, u'93': {u'State': u'running'}, u'24': {u'State': u'running'}, u'25': {u'State': u'running'}, u'26': {u'State': u'running'}, u'27': {u'State': u'running'}, u'20': {u'State': u'running'}, u'21': {u'State': u'running'}, u'22': {u'State': u'running'}, u'23': {u'State': u'running'}, u'95': {u'State': u'running'}, u'28': {u'State': u'running'}, u'29': {u'State': u'running'}, u'94': {u'State': u'running'}, u'4': {u'State': u'running'}, u'8': {u'State': u'running'}, u'96': {u'State': u'running'}, u'120': {u'State': u'running'}, u'121': {u'State': u'running'}, u'122': {u'State': u'running'}, u'123': {u'State': u'running'}, u'124': {u'State': u'running'}, u'125': {u'State': u'running'}, u'126': {u'State': u'running'}, u'127': {u'State': u'running'}, u'128': {u'State': u'running'}, u'129': {u'State': u'running'}, u'91': {u'State': u'running'}, u'59': {u'State': u'running'}, u'58': {u'State': u'running'}, u'55': {u'State': u'running'}, u'54': {u'State': u'running'}, u'57': {u'State': u'running'}, u'56': {u'State': u'running'}, u'51': {u'State': u'running'}, u'50': {u'State': u'running'}, u'53': {u'State': u'running'}, u'52': {u'State': u'running'}, u'90': {u'State': u'running'}, u'115': {u'State': u'running'}, u'114': {u'State': u'running'}, u'88': {u'State': u'running'}, u'89': {u'State': u'running'}, u'111': {u'State': u'running'}, u'110': {u'State': u'running'}, u'113': {u'State': u'running'}, u'112': {u'State': u'running'}, u'82': {u'State': u'running'}, u'83': {u'State': u'failed', u'Error': [8001, u"CmsRunFailure\nCMSSW error message follows.\nFatal Exception\nAn exception of category 'PluginLibraryLoadError' occurred while\n   [0] Constructing the EventProcessor\nException Message:\nunable to load /cvmfs/cms.cern.ch/slc6_amd64_gcc491/cms/cmssw/CMSSW_7_5_8/lib/slc6_amd64_gcc491/pluginPhysicsToolsJetMCAlgosPlugins.so because /cvmfs/cms.cern.ch/slc6_amd64_gcc491/cms/cmssw/CMSSW_7_5_8/lib/slc6_amd64_gcc491/pluginPhysicsToolsJetMCAlgosPlugins.so: cannot open shared object file: Input/output error\n", {u'type': u'Fatal Exception', u'details': u"An exception of category 'PluginLibraryLoadError' occurred while\n   [0] Constructing the EventProcessor\nException Message:\nunable to load /cvmfs/cms.cern.ch/slc6_amd64_gcc491/cms/cmssw/CMSSW_7_5_8/lib/slc6_amd64_gcc491/pluginPhysicsToolsJetMCAlgosPlugins.so because /cvmfs/cms.cern.ch/slc6_amd64_gcc491/cms/cmssw/CMSSW_7_5_8/lib/slc6_amd64_gcc491/pluginPhysicsToolsJetMCAlgosPlugins.so: cannot open shared object file: Input/output error", u'exitCode': u'8001'}]}, u'80': {u'State': u'running'}, u'81': {u'State': u'running'}, u'119': {u'State': u'running'}, u'118': {u'State': u'running'}, u'84': {u'State': u'running'}, u'85': {u'State': u'running'}, u'3': {u'State': u'running'}, u'7': {u'State': u'running'}, u'92': {u'State': u'running'}, u'108': {u'State': u'running'}, u'109': {u'State': u'running'}, u'102': {u'State': u'running'}, u'103': {u'State': u'running'}, u'100': {u'State': u'running'}, u'101': {u'State': u'running'}, u'106': {u'State': u'running'}, u'107': {u'State': u'running'}, u'104': {u'State': u'running'}, u'105': {u'State': u'running'}, u'39': {u'State': u'running'}, u'38': {u'State': u'running'}, u'33': {u'State': u'running'}, u'32': {u'State': u'running'}, u'31': {u'State': u'running'}, u'30': {u'State': u'running'}, u'37': {u'State': u'running'}, u'36': {u'State': u'running'}, u'35': {u'State': u'running'}, u'34': {u'State': u'running'}, u'60': {u'State': u'running'}, u'61': {u'State': u'running'}, u'62': {u'State': u'running'}, u'63': {u'State': u'running'}, u'64': {u'State': u'running'}, u'65': {u'State': u'running'}, u'66': {u'State': u'running'}, u'67': {u'State': u'running'}, u'68': {u'State': u'running'}, u'69': {u'State': u'running'}, u'2': {u'State': u'running'}, u'6': {u'State': u'transferring'}, u'97': {u'State': u'running'}, u'99': {u'State': u'running'}, u'98': {u'State': u'running'}, u'164': {u'State': u'running'}, u'165': {u'State': u'running'}, u'166': {u'State': u'running'}, u'167': {u'State': u'transferring'}, u'160': {u'State': u'running'}, u'161': {u'State': u'running'}, u'162': {u'State': u'running'}, u'163': {u'State': u'running'}, u'11': {u'State': u'running'}, u'10': {u'State': u'running'}, u'13': {u'State': u'running'}, u'12': {u'State': u'running'}, u'15': {u'State': u'running'}, u'14': {u'State': u'running'}, u'17': {u'State': u'running'}, u'16': {u'State': u'running'}, u'19': {u'State': u'running'}, u'18': {u'State': u'running'}, u'117': {u'State': u'running'}, u'116': {u'State': u'running'}, u'151': {u'State': u'running'}, u'150': {u'State': u'transferring'}, u'153': {u'State': u'transferring'}, u'152': {u'State': u'running'}, u'155': {u'State': u'running'}, u'154': {u'State': u'running'}, u'157': {u'State': u'running'}, u'156': {u'State': u'running'}, u'159': {u'State': u'running'}, u'158': {u'State': u'running'}, u'48': {u'State': u'running'}, u'49': {u'State': u'transferring'}, u'46': {u'State': u'running'}, u'86': {u'State': u'running'}, u'44': {u'State': u'running'}, u'45': {u'State': u'running'}, u'42': {u'State': u'running'}, u'43': {u'State': u'running'}, u'40': {u'State': u'running'}, u'87': {u'State': u'running'}, u'1': {u'State': u'running'}, u'5': {u'State': u'running'}, u'9': {u'State': u'running'}, u'146': {u'State': u'running'}, u'147': {u'State': u'transferring'}, u'144': {u'State': u'running'}, u'145': {u'State': u'running'}, u'142': {u'State': u'running'}, u'143': {u'State': u'running'}, u'140': {u'State': u'running'}, u'141': {u'State': u'running'}, u'148': {u'State': u'running'}, u'149': {u'State': u'running'}, u'77': {u'State': u'running'}, u'76': {u'State': u'running'}, u'75': {u'State': u'running'}, u'74': {u'State': u'running'}, u'73': {u'State': u'running'}, u'72': {u'State': u'running'}, u'71': {u'State': u'running'}, u'70': {u'State': u'running'}, u'79': {u'State': u'running'}, u'78': {u'State': u'transferring'}, u'41': {u'State': u'running'}, u'47': {u'State': u'failed', u'Error': [8001, u"CmsRunFailure\nCMSSW error message follows.\nFatal Exception\nAn exception of category 'PluginLibraryLoadError' occurred while\n   [0] Constructing the EventProcessor\nException Message:\nunable to load /cvmfs/cms.cern.ch/slc6_amd64_gcc491/cms/cmssw/CMSSW_7_5_8/lib/slc6_amd64_gcc491/pluginPhysicsToolsJetMCAlgosPlugins.so because /cvmfs/cms.cern.ch/slc6_amd64_gcc491/cms/cmssw/CMSSW_7_5_8/lib/slc6_amd64_gcc491/pluginPhysicsToolsJetMCAlgosPlugins.so: cannot open shared object file: Input/output error\n", {u'type': u'Fatal Exception', u'details': u"An exception of category 'PluginLibraryLoadError' occurred while\n   [0] Constructing the EventProcessor\nException Message:\nunable to load /cvmfs/cms.cern.ch/slc6_amd64_gcc491/cms/cmssw/CMSSW_7_5_8/lib/slc6_amd64_gcc491/pluginPhysicsToolsJetMCAlgosPlugins.so because /cvmfs/cms.cern.ch/slc6_amd64_gcc491/cms/cmssw/CMSSW_7_5_8/lib/slc6_amd64_gcc491/pluginPhysicsToolsJetMCAlgosPlugins.so: cannot open shared object file: Input/output error", u'exitCode': u'8001'}]}}, u'publication': {u'disabled': []}, u'taskWarningMsg': [], u'schedd': u'crab3@vocms0119.cern.ch', u'publicationFailures': {}, u'outdatasets': None, u'statusFailureMsg': u'', u'taskFailureMsg': u'', u'failedJobdefs': 0, u'ASOURL': u'https://cmsweb.cern.ch/couchdb2', u'command': u'SUBMIT', u'totalJobdefs': 0, u'submissionTime': 1485284603, u'jobdefErrors': [], u'collector': u'cmsgwms-collector-global.cern.ch,cmssrv221.fnal.gov', u'jobList': [[u'running', 165], [u'running', 133], [u'running', 132], [u'running', 131], [u'running', 130], [u'running', 137], [u'running', 136], [u'running', 135], [u'running', 134], [u'running', 139], [u'running', 138], [u'running', 166], [u'running', 24], [u'running', 25], [u'running', 26], [u'running', 27], [u'running', 20], [u'running', 21], [u'running', 22], [u'running', 23], [u'running', 160], [u'running', 28], [u'running', 29], [u'running', 161], [u'running', 4], [u'running', 8], [u'running', 163], [u'running', 119], [u'running', 120], [u'running', 121], [u'running', 122], [u'running', 123], [u'running', 124], [u'running', 125], [u'running', 126], [u'running', 127], [u'running', 128], [u'running', 129], [u'transferring', 167], [u'running', 118], [u'running', 59], [u'running', 58], [u'running', 55], [u'running', 54], [u'running', 57], [u'running', 56], [u'running', 51], [u'running', 50], [u'running', 53], [u'running', 52], [u'running', 164], [u'running', 115], [u'running', 114], [u'running', 88], [u'running', 89], [u'running', 111], [u'running', 110], [u'running', 113], [u'running', 112], [u'running', 82], [u'failed', 83], [u'running', 80], [u'running', 81], [u'running', 86], [u'running', 87], [u'running', 84], [u'running', 85], [u'running', 3], [u'running', 7], [u'running', 108], [u'running', 109], [u'running', 102], [u'running', 103], [u'running', 100], [u'running', 101], [u'running', 106], [u'running', 107], [u'running', 104], [u'running', 105], [u'running', 39], [u'running', 38], [u'running', 33], [u'running', 32], [u'running', 31], [u'running', 30], [u'running', 37], [u'running', 36], [u'running', 35], [u'running', 34], [u'running', 60], [u'running', 61], [u'running', 62], [u'running', 63], [u'running', 64], [u'running', 65], [u'running', 66], [u'running', 67], [u'running', 68], [u'running', 69], [u'running', 2], [u'running', 162], [u'transferring', 6], [u'running', 99], [u'running', 98], [u'running', 91], [u'running', 90], [u'running', 93], [u'running', 92], [u'running', 95], [u'running', 94], [u'running', 97], [u'running', 96], [u'running', 11], [u'running', 10], [u'running', 13], [u'running', 12], [u'running', 15], [u'running', 14], [u'running', 17], [u'running', 16], [u'running', 19], [u'running', 18], [u'running', 117], [u'running', 116], [u'running', 151], [u'transferring', 150], [u'transferring', 153], [u'running', 152], [u'running', 155], [u'running', 154], [u'running', 157], [u'running', 156], [u'running', 159], [u'running', 158], [u'running', 48], [u'transferring', 49], [u'running', 46], [u'failed', 47], [u'running', 44], [u'running', 45], [u'running', 42], [u'running', 43], [u'running', 40], [u'running', 41], [u'running', 1], [u'running', 5], [u'running', 9], [u'running', 146], [u'transferring', 147], [u'running', 144], [u'running', 145], [u'running', 142], [u'running', 143], [u'running', 140], [u'running', 141], [u'running', 148], [u'running', 149], [u'running', 77], [u'running', 76], [u'running', 75], [u'running', 74], [u'running', 73], [u'running', 72], [u'running', 71], [u'running', 70], [u'running', 79], [u'transferring', 78]]}
INFO 2017-01-24 22:27:12,967: 	 CRAB project directory:		/grid_mnt/data__data.polcms/cms/lisniak/btgtrain/CMSSW_7_5_8_patch3/src/RecoBTag/PerformanceMeasurements/test/crab_btagCSVv3_qcd170v2
INFO 2017-01-24 22:27:12,967: 	 Task name:			170124_190323:istaslis_crab_btagCSVv3_qcd170v2
INFO 2017-01-24 22:27:12,967: 	 Grid scheduler:			crab3@vocms0119.cern.ch
INFO 2017-01-24 22:27:12,967: 	 Task status:			SUBMITTED
INFO 2017-01-24 22:27:12,967: 	 Dashboard monitoring URL:	http://dashb-cms-job.cern.ch/dashboard/templates/task-analysis/#user=istaslis&table=Mains&pattern=170124_190323%3Aistaslis_crab_btagCSVv3_qcd170v2
INFO 2017-01-24 22:27:12,967: 	 
Jobs status:			failed          1.2% (  2/167)
INFO 2017-01-24 22:27:12,968: 	 				running        94.6% (158/167)
INFO 2017-01-24 22:27:12,968: 	 				transferring    4.2% (  7/167)
INFO 2017-01-24 22:27:12,968: 	 
No publication information (publication has been disabled in the CRAB configuration file)
INFO 2017-01-24 22:27:12,968: 	 
Error Summary: (use crab status --verboseErrors for details about the errors)

  2 jobs failed with exit code 8001

Have a look at https://twiki.cern.ch/twiki/bin/viewauth/CMSPublic/JobExitCodes for a description of the exit codes.
INFO 2017-01-24 22:27:12,971: 	 Log file is /grid_mnt/data__data.polcms/cms/lisniak/btgtrain/CMSSW_7_5_8_patch3/src/RecoBTag/PerformanceMeasurements/test/crab_btagCSVv3_qcd170v2/crab.log
DEBUG 2017-01-24 22:31:32,863: 	 Executing command: 'status'
DEBUG 2017-01-24 22:31:32,863: 	 Found CRAB cache file /home/llr/cms/lisniak/.crab3
DEBUG 2017-01-24 22:31:32,884: 	 Checking credentials
DEBUG 2017-01-24 22:31:32,884: 	 Found proxy file /tmp/x509up_u837
DEBUG 2017-01-24 22:31:32,885: 	 Getting proxy life time left
DEBUG 2017-01-24 22:31:33,388: 	 Executing : 
 command : voms-proxy-info -file /tmp/x509up_u837 -timeleft
 output : 77456

 error: 
 retcode : 0
DEBUG 2017-01-24 22:31:33,891: 	 Executing : 
 command : voms-proxy-info -file /tmp/x509up_u837 -actimeleft
 output : 77456

 error: 
 retcode : 0
DEBUG 2017-01-24 22:31:33,891: 	 Proxy valid for 21:30:56 hours
DEBUG 2017-01-24 22:31:34,002: 	 Executing : 
 command : openssl x509 -in ~/.globus/usercert.pem -subject -noout
 output : subject= /DC=ch/DC=cern/OU=Organic Units/OU=Users/CN=istaslis/CN=747350/CN=Stanislav Lisniak

 error: 
 retcode : 0
DEBUG 2017-01-24 22:31:34,002: 	 Checking credentials
DEBUG 2017-01-24 22:31:34,003: 	 Found proxy file /tmp/x509up_u837
DEBUG 2017-01-24 22:31:34,003: 	 Getting proxy life time left
DEBUG 2017-01-24 22:31:34,506: 	 Executing : 
 command : voms-proxy-info -file /tmp/x509up_u837 -timeleft
 output : 77455

 error: 
 retcode : 0
DEBUG 2017-01-24 22:31:35,010: 	 Executing : 
 command : voms-proxy-info -file /tmp/x509up_u837 -actimeleft
 output : 77455

 error: 
 retcode : 0
DEBUG 2017-01-24 22:31:35,010: 	 Proxy valid for 21:30:55 hours
DEBUG 2017-01-24 22:31:36,330: 	 Registering user credentials for server /DC=ch/DC=cern/OU=computers/CN=vocms(045|052|021|031|0118|0118a|0119|0108|0105).cern.ch
DEBUG 2017-01-24 22:31:36,437: 	 Executing : 
 command : openssl x509 -in ~/.globus/usercert.pem -subject -noout
 output : subject= /DC=ch/DC=cern/OU=Organic Units/OU=Users/CN=istaslis/CN=747350/CN=Stanislav Lisniak

 error: 
 retcode : 0
DEBUG 2017-01-24 22:31:36,437: 	 Getting myproxy life time left for myproxy.cern.ch
DEBUG 2017-01-24 22:31:36,438: 	 Calculating hash of /DC=ch/DC=cern/OU=Organic Units/OU=Users/CN=istaslis/CN=747350/CN=Stanislav Lisniak_cmsweb.cern.ch for credential name
DEBUG 2017-01-24 22:31:36,740: 	 Executing : 
 command : myproxy-info -l fb080dc7d4e0790beaeb2d952381dd7a3f1f2fd6 -s myproxy.cern.ch
 output : username: fb080dc7d4e0790beaeb2d952381dd7a3f1f2fd6
owner: /DC=ch/DC=cern/OU=Organic Units/OU=Users/CN=istaslis/CN=747350/CN=Stanislav Lisniak
  renewal policy: /DC=ch/DC=cern/OU=computers/CN=vocms(045|052|021|031|0118|0118a|0119|0108|0105).cern.ch
  trusted retrieval policy: /DC=ch/DC=cern/OU=computers/CN=vocms(045|052|021|031|0118|0118a|0119|0108|0105).cern.ch
  timeleft: 503:27:50  (21.0 days)

 error: 
 retcode : 0
DEBUG 2017-01-24 22:31:36,741: 	 Myproxy is valid: 1812470
DEBUG 2017-01-24 22:31:36,742: 	 Command use: status
DEBUG 2017-01-24 22:31:36,742: 	 Options use: []
DEBUG 2017-01-24 22:31:37,314: 	 CRABClient version: 3.3.1611
DEBUG 2017-01-24 22:31:37,314: 	 Instance is prod
DEBUG 2017-01-24 22:31:37,314: 	 Server base url is cmsweb.cern.ch
DEBUG 2017-01-24 22:31:37,314: 	 Command url /crabserver/prod/workflow
DEBUG 2017-01-24 22:31:37,314: 	 Looking up detailed status of task 170124_190323:istaslis_crab_btagCSVv3_qcd170v2
DEBUG 2017-01-24 22:31:38,821: 	 {u'status': u'SUBMITTED', u'username': u'istaslis', u'jobsPerStatus': {u'failed': 2, u'running': 157, u'transferring': 8}, u'jobs': {u'133': {u'State': u'running'}, u'132': {u'State': u'running'}, u'131': {u'State': u'running'}, u'130': {u'State': u'running'}, u'137': {u'State': u'running'}, u'136': {u'State': u'running'}, u'135': {u'State': u'running'}, u'134': {u'State': u'running'}, u'139': {u'State': u'running'}, u'138': {u'State': u'running'}, u'93': {u'State': u'running'}, u'24': {u'State': u'running'}, u'25': {u'State': u'running'}, u'26': {u'State': u'running'}, u'27': {u'State': u'running'}, u'20': {u'State': u'running'}, u'21': {u'State': u'running'}, u'22': {u'State': u'running'}, u'23': {u'State': u'running'}, u'95': {u'State': u'running'}, u'28': {u'State': u'running'}, u'29': {u'State': u'running'}, u'94': {u'State': u'running'}, u'4': {u'State': u'running'}, u'8': {u'State': u'transferring'}, u'96': {u'State': u'running'}, u'120': {u'State': u'running'}, u'121': {u'State': u'running'}, u'122': {u'State': u'running'}, u'123': {u'State': u'running'}, u'124': {u'State': u'running'}, u'125': {u'State': u'running'}, u'126': {u'State': u'running'}, u'127': {u'State': u'running'}, u'128': {u'State': u'running'}, u'129': {u'State': u'running'}, u'91': {u'State': u'running'}, u'59': {u'State': u'running'}, u'58': {u'State': u'running'}, u'55': {u'State': u'running'}, u'54': {u'State': u'running'}, u'57': {u'State': u'running'}, u'56': {u'State': u'running'}, u'51': {u'State': u'running'}, u'50': {u'State': u'running'}, u'53': {u'State': u'running'}, u'52': {u'State': u'running'}, u'90': {u'State': u'running'}, u'115': {u'State': u'running'}, u'114': {u'State': u'running'}, u'88': {u'State': u'running'}, u'89': {u'State': u'running'}, u'111': {u'State': u'running'}, u'110': {u'State': u'running'}, u'113': {u'State': u'running'}, u'112': {u'State': u'running'}, u'82': {u'State': u'running'}, u'83': {u'State': u'failed', u'Error': [8001, u"CmsRunFailure\nCMSSW error message follows.\nFatal Exception\nAn exception of category 'PluginLibraryLoadError' occurred while\n   [0] Constructing the EventProcessor\nException Message:\nunable to load /cvmfs/cms.cern.ch/slc6_amd64_gcc491/cms/cmssw/CMSSW_7_5_8/lib/slc6_amd64_gcc491/pluginPhysicsToolsJetMCAlgosPlugins.so because /cvmfs/cms.cern.ch/slc6_amd64_gcc491/cms/cmssw/CMSSW_7_5_8/lib/slc6_amd64_gcc491/pluginPhysicsToolsJetMCAlgosPlugins.so: cannot open shared object file: Input/output error\n", {u'type': u'Fatal Exception', u'details': u"An exception of category 'PluginLibraryLoadError' occurred while\n   [0] Constructing the EventProcessor\nException Message:\nunable to load /cvmfs/cms.cern.ch/slc6_amd64_gcc491/cms/cmssw/CMSSW_7_5_8/lib/slc6_amd64_gcc491/pluginPhysicsToolsJetMCAlgosPlugins.so because /cvmfs/cms.cern.ch/slc6_amd64_gcc491/cms/cmssw/CMSSW_7_5_8/lib/slc6_amd64_gcc491/pluginPhysicsToolsJetMCAlgosPlugins.so: cannot open shared object file: Input/output error", u'exitCode': u'8001'}]}, u'80': {u'State': u'running'}, u'81': {u'State': u'running'}, u'119': {u'State': u'running'}, u'118': {u'State': u'running'}, u'84': {u'State': u'running'}, u'85': {u'State': u'running'}, u'3': {u'State': u'running'}, u'7': {u'State': u'running'}, u'92': {u'State': u'running'}, u'108': {u'State': u'running'}, u'109': {u'State': u'running'}, u'102': {u'State': u'running'}, u'103': {u'State': u'running'}, u'100': {u'State': u'running'}, u'101': {u'State': u'running'}, u'106': {u'State': u'running'}, u'107': {u'State': u'running'}, u'104': {u'State': u'running'}, u'105': {u'State': u'running'}, u'39': {u'State': u'running'}, u'38': {u'State': u'running'}, u'33': {u'State': u'running'}, u'32': {u'State': u'running'}, u'31': {u'State': u'running'}, u'30': {u'State': u'running'}, u'37': {u'State': u'running'}, u'36': {u'State': u'running'}, u'35': {u'State': u'running'}, u'34': {u'State': u'running'}, u'60': {u'State': u'running'}, u'61': {u'State': u'running'}, u'62': {u'State': u'running'}, u'63': {u'State': u'running'}, u'64': {u'State': u'running'}, u'65': {u'State': u'running'}, u'66': {u'State': u'running'}, u'67': {u'State': u'running'}, u'68': {u'State': u'running'}, u'69': {u'State': u'running'}, u'2': {u'State': u'running'}, u'6': {u'State': u'transferring'}, u'97': {u'State': u'running'}, u'99': {u'State': u'running'}, u'98': {u'State': u'running'}, u'164': {u'State': u'running'}, u'165': {u'State': u'running'}, u'166': {u'State': u'running'}, u'167': {u'State': u'transferring'}, u'160': {u'State': u'running'}, u'161': {u'State': u'running'}, u'162': {u'State': u'running'}, u'163': {u'State': u'running'}, u'11': {u'State': u'running'}, u'10': {u'State': u'running'}, u'13': {u'State': u'running'}, u'12': {u'State': u'running'}, u'15': {u'State': u'running'}, u'14': {u'State': u'running'}, u'17': {u'State': u'running'}, u'16': {u'State': u'running'}, u'19': {u'State': u'running'}, u'18': {u'State': u'running'}, u'117': {u'State': u'running'}, u'116': {u'State': u'running'}, u'151': {u'State': u'running'}, u'150': {u'State': u'transferring'}, u'153': {u'State': u'transferring'}, u'152': {u'State': u'running'}, u'155': {u'State': u'running'}, u'154': {u'State': u'running'}, u'157': {u'State': u'running'}, u'156': {u'State': u'running'}, u'159': {u'State': u'running'}, u'158': {u'State': u'running'}, u'48': {u'State': u'running'}, u'49': {u'State': u'transferring'}, u'46': {u'State': u'running'}, u'86': {u'State': u'running'}, u'44': {u'State': u'running'}, u'45': {u'State': u'running'}, u'42': {u'State': u'running'}, u'43': {u'State': u'running'}, u'40': {u'State': u'running'}, u'87': {u'State': u'running'}, u'1': {u'State': u'running'}, u'5': {u'State': u'running'}, u'9': {u'State': u'running'}, u'146': {u'State': u'running'}, u'147': {u'State': u'transferring'}, u'144': {u'State': u'running'}, u'145': {u'State': u'running'}, u'142': {u'State': u'running'}, u'143': {u'State': u'running'}, u'140': {u'State': u'running'}, u'141': {u'State': u'running'}, u'148': {u'State': u'running'}, u'149': {u'State': u'running'}, u'77': {u'State': u'running'}, u'76': {u'State': u'running'}, u'75': {u'State': u'running'}, u'74': {u'State': u'running'}, u'73': {u'State': u'running'}, u'72': {u'State': u'running'}, u'71': {u'State': u'running'}, u'70': {u'State': u'running'}, u'79': {u'State': u'running'}, u'78': {u'State': u'transferring'}, u'41': {u'State': u'running'}, u'47': {u'State': u'failed', u'Error': [8001, u"CmsRunFailure\nCMSSW error message follows.\nFatal Exception\nAn exception of category 'PluginLibraryLoadError' occurred while\n   [0] Constructing the EventProcessor\nException Message:\nunable to load /cvmfs/cms.cern.ch/slc6_amd64_gcc491/cms/cmssw/CMSSW_7_5_8/lib/slc6_amd64_gcc491/pluginPhysicsToolsJetMCAlgosPlugins.so because /cvmfs/cms.cern.ch/slc6_amd64_gcc491/cms/cmssw/CMSSW_7_5_8/lib/slc6_amd64_gcc491/pluginPhysicsToolsJetMCAlgosPlugins.so: cannot open shared object file: Input/output error\n", {u'type': u'Fatal Exception', u'details': u"An exception of category 'PluginLibraryLoadError' occurred while\n   [0] Constructing the EventProcessor\nException Message:\nunable to load /cvmfs/cms.cern.ch/slc6_amd64_gcc491/cms/cmssw/CMSSW_7_5_8/lib/slc6_amd64_gcc491/pluginPhysicsToolsJetMCAlgosPlugins.so because /cvmfs/cms.cern.ch/slc6_amd64_gcc491/cms/cmssw/CMSSW_7_5_8/lib/slc6_amd64_gcc491/pluginPhysicsToolsJetMCAlgosPlugins.so: cannot open shared object file: Input/output error", u'exitCode': u'8001'}]}}, u'publication': {u'disabled': []}, u'taskWarningMsg': [], u'schedd': u'crab3@vocms0119.cern.ch', u'publicationFailures': {}, u'outdatasets': None, u'statusFailureMsg': u'', u'taskFailureMsg': u'', u'failedJobdefs': 0, u'ASOURL': u'https://cmsweb.cern.ch/couchdb2', u'command': u'SUBMIT', u'totalJobdefs': 0, u'submissionTime': 1485284603, u'jobdefErrors': [], u'collector': u'cmsgwms-collector-global.cern.ch,cmssrv221.fnal.gov', u'jobList': [[u'running', 165], [u'running', 133], [u'running', 132], [u'running', 131], [u'running', 130], [u'running', 137], [u'running', 136], [u'running', 135], [u'running', 134], [u'running', 139], [u'running', 138], [u'running', 166], [u'running', 24], [u'running', 25], [u'running', 26], [u'running', 27], [u'running', 20], [u'running', 21], [u'running', 22], [u'running', 23], [u'running', 160], [u'running', 28], [u'running', 29], [u'running', 161], [u'running', 4], [u'transferring', 8], [u'running', 163], [u'running', 119], [u'running', 120], [u'running', 121], [u'running', 122], [u'running', 123], [u'running', 124], [u'running', 125], [u'running', 126], [u'running', 127], [u'running', 128], [u'running', 129], [u'transferring', 167], [u'running', 118], [u'running', 59], [u'running', 58], [u'running', 55], [u'running', 54], [u'running', 57], [u'running', 56], [u'running', 51], [u'running', 50], [u'running', 53], [u'running', 52], [u'running', 164], [u'running', 115], [u'running', 114], [u'running', 88], [u'running', 89], [u'running', 111], [u'running', 110], [u'running', 113], [u'running', 112], [u'running', 82], [u'failed', 83], [u'running', 80], [u'running', 81], [u'running', 86], [u'running', 87], [u'running', 84], [u'running', 85], [u'running', 3], [u'running', 7], [u'running', 108], [u'running', 109], [u'running', 102], [u'running', 103], [u'running', 100], [u'running', 101], [u'running', 106], [u'running', 107], [u'running', 104], [u'running', 105], [u'running', 39], [u'running', 38], [u'running', 33], [u'running', 32], [u'running', 31], [u'running', 30], [u'running', 37], [u'running', 36], [u'running', 35], [u'running', 34], [u'running', 60], [u'running', 61], [u'running', 62], [u'running', 63], [u'running', 64], [u'running', 65], [u'running', 66], [u'running', 67], [u'running', 68], [u'running', 69], [u'running', 2], [u'running', 162], [u'transferring', 6], [u'running', 99], [u'running', 98], [u'running', 91], [u'running', 90], [u'running', 93], [u'running', 92], [u'running', 95], [u'running', 94], [u'running', 97], [u'running', 96], [u'running', 11], [u'running', 10], [u'running', 13], [u'running', 12], [u'running', 15], [u'running', 14], [u'running', 17], [u'running', 16], [u'running', 19], [u'running', 18], [u'running', 117], [u'running', 116], [u'running', 151], [u'transferring', 150], [u'transferring', 153], [u'running', 152], [u'running', 155], [u'running', 154], [u'running', 157], [u'running', 156], [u'running', 159], [u'running', 158], [u'running', 48], [u'transferring', 49], [u'running', 46], [u'failed', 47], [u'running', 44], [u'running', 45], [u'running', 42], [u'running', 43], [u'running', 40], [u'running', 41], [u'running', 1], [u'running', 5], [u'running', 9], [u'running', 146], [u'transferring', 147], [u'running', 144], [u'running', 145], [u'running', 142], [u'running', 143], [u'running', 140], [u'running', 141], [u'running', 148], [u'running', 149], [u'running', 77], [u'running', 76], [u'running', 75], [u'running', 74], [u'running', 73], [u'running', 72], [u'running', 71], [u'running', 70], [u'running', 79], [u'transferring', 78]]}
INFO 2017-01-24 22:31:38,821: 	 CRAB project directory:		/grid_mnt/data__data.polcms/cms/lisniak/btgtrain/CMSSW_7_5_8_patch3/src/RecoBTag/PerformanceMeasurements/test/crab_btagCSVv3_qcd170v2
INFO 2017-01-24 22:31:38,821: 	 Task name:			170124_190323:istaslis_crab_btagCSVv3_qcd170v2
INFO 2017-01-24 22:31:38,821: 	 Grid scheduler:			crab3@vocms0119.cern.ch
INFO 2017-01-24 22:31:38,821: 	 Task status:			SUBMITTED
INFO 2017-01-24 22:31:38,821: 	 Dashboard monitoring URL:	http://dashb-cms-job.cern.ch/dashboard/templates/task-analysis/#user=istaslis&table=Mains&pattern=170124_190323%3Aistaslis_crab_btagCSVv3_qcd170v2
INFO 2017-01-24 22:31:38,821: 	 
Jobs status:			failed          1.2% (  2/167)
INFO 2017-01-24 22:31:38,822: 	 				running        94.0% (157/167)
INFO 2017-01-24 22:31:38,822: 	 				transferring    4.8% (  8/167)
INFO 2017-01-24 22:31:38,822: 	 
No publication information (publication has been disabled in the CRAB configuration file)
INFO 2017-01-24 22:31:38,822: 	 
Error Summary: (use crab status --verboseErrors for details about the errors)

  2 jobs failed with exit code 8001

Have a look at https://twiki.cern.ch/twiki/bin/viewauth/CMSPublic/JobExitCodes for a description of the exit codes.
INFO 2017-01-24 22:31:38,825: 	 Log file is /grid_mnt/data__data.polcms/cms/lisniak/btgtrain/CMSSW_7_5_8_patch3/src/RecoBTag/PerformanceMeasurements/test/crab_btagCSVv3_qcd170v2/crab.log
DEBUG 2017-01-24 22:38:05,813: 	 Executing command: 'status'
DEBUG 2017-01-24 22:38:05,814: 	 Found CRAB cache file /home/llr/cms/lisniak/.crab3
DEBUG 2017-01-24 22:38:05,840: 	 Checking credentials
DEBUG 2017-01-24 22:38:05,840: 	 Found proxy file /tmp/x509up_u837
DEBUG 2017-01-24 22:38:05,840: 	 Getting proxy life time left
DEBUG 2017-01-24 22:38:06,344: 	 Executing : 
 command : voms-proxy-info -file /tmp/x509up_u837 -timeleft
 output : 77063

 error: 
 retcode : 0
DEBUG 2017-01-24 22:38:06,847: 	 Executing : 
 command : voms-proxy-info -file /tmp/x509up_u837 -actimeleft
 output : 77063

 error: 
 retcode : 0
DEBUG 2017-01-24 22:38:06,847: 	 Proxy valid for 21:24:23 hours
DEBUG 2017-01-24 22:38:06,959: 	 Executing : 
 command : openssl x509 -in ~/.globus/usercert.pem -subject -noout
 output : subject= /DC=ch/DC=cern/OU=Organic Units/OU=Users/CN=istaslis/CN=747350/CN=Stanislav Lisniak

 error: 
 retcode : 0
DEBUG 2017-01-24 22:38:06,959: 	 Checking credentials
DEBUG 2017-01-24 22:38:06,959: 	 Found proxy file /tmp/x509up_u837
DEBUG 2017-01-24 22:38:06,959: 	 Getting proxy life time left
DEBUG 2017-01-24 22:38:07,462: 	 Executing : 
 command : voms-proxy-info -file /tmp/x509up_u837 -timeleft
 output : 77062

 error: 
 retcode : 0
DEBUG 2017-01-24 22:38:07,966: 	 Executing : 
 command : voms-proxy-info -file /tmp/x509up_u837 -actimeleft
 output : 77062

 error: 
 retcode : 0
DEBUG 2017-01-24 22:38:07,966: 	 Proxy valid for 21:24:22 hours
DEBUG 2017-01-24 22:38:08,456: 	 Registering user credentials for server /DC=ch/DC=cern/OU=computers/CN=vocms(045|052|021|031|0118|0118a|0119|0108|0105).cern.ch
DEBUG 2017-01-24 22:38:08,563: 	 Executing : 
 command : openssl x509 -in ~/.globus/usercert.pem -subject -noout
 output : subject= /DC=ch/DC=cern/OU=Organic Units/OU=Users/CN=istaslis/CN=747350/CN=Stanislav Lisniak

 error: 
 retcode : 0
DEBUG 2017-01-24 22:38:08,563: 	 Getting myproxy life time left for myproxy.cern.ch
DEBUG 2017-01-24 22:38:08,563: 	 Calculating hash of /DC=ch/DC=cern/OU=Organic Units/OU=Users/CN=istaslis/CN=747350/CN=Stanislav Lisniak_cmsweb.cern.ch for credential name
DEBUG 2017-01-24 22:38:08,965: 	 Executing : 
 command : myproxy-info -l fb080dc7d4e0790beaeb2d952381dd7a3f1f2fd6 -s myproxy.cern.ch
 output : username: fb080dc7d4e0790beaeb2d952381dd7a3f1f2fd6
owner: /DC=ch/DC=cern/OU=Organic Units/OU=Users/CN=istaslis/CN=747350/CN=Stanislav Lisniak
  renewal policy: /DC=ch/DC=cern/OU=computers/CN=vocms(045|052|021|031|0118|0118a|0119|0108|0105).cern.ch
  trusted retrieval policy: /DC=ch/DC=cern/OU=computers/CN=vocms(045|052|021|031|0118|0118a|0119|0108|0105).cern.ch
  timeleft: 503:21:18  (21.0 days)

 error: 
 retcode : 0
DEBUG 2017-01-24 22:38:08,967: 	 Myproxy is valid: 1812078
DEBUG 2017-01-24 22:38:08,967: 	 Command use: status
DEBUG 2017-01-24 22:38:08,967: 	 Options use: []
DEBUG 2017-01-24 22:38:09,465: 	 CRABClient version: 3.3.1611
DEBUG 2017-01-24 22:38:09,465: 	 Instance is prod
DEBUG 2017-01-24 22:38:09,465: 	 Server base url is cmsweb.cern.ch
DEBUG 2017-01-24 22:38:09,465: 	 Command url /crabserver/prod/workflow
DEBUG 2017-01-24 22:38:09,465: 	 Looking up detailed status of task 170124_190323:istaslis_crab_btagCSVv3_qcd170v2
DEBUG 2017-01-24 22:38:12,160: 	 {u'status': u'SUBMITTED', u'username': u'istaslis', u'jobsPerStatus': {u'failed': 2, u'running': 155, u'transferring': 10}, u'jobs': {u'133': {u'State': u'running'}, u'132': {u'State': u'running'}, u'131': {u'State': u'transferring'}, u'130': {u'State': u'running'}, u'137': {u'State': u'running'}, u'136': {u'State': u'running'}, u'135': {u'State': u'running'}, u'134': {u'State': u'running'}, u'139': {u'State': u'running'}, u'138': {u'State': u'running'}, u'93': {u'State': u'running'}, u'24': {u'State': u'running'}, u'25': {u'State': u'running'}, u'26': {u'State': u'running'}, u'27': {u'State': u'running'}, u'20': {u'State': u'running'}, u'21': {u'State': u'running'}, u'22': {u'State': u'running'}, u'23': {u'State': u'running'}, u'95': {u'State': u'running'}, u'28': {u'State': u'running'}, u'29': {u'State': u'running'}, u'94': {u'State': u'running'}, u'4': {u'State': u'running'}, u'8': {u'State': u'transferring'}, u'96': {u'State': u'running'}, u'120': {u'State': u'running'}, u'121': {u'State': u'running'}, u'122': {u'State': u'running'}, u'123': {u'State': u'running'}, u'124': {u'State': u'running'}, u'125': {u'State': u'running'}, u'126': {u'State': u'running'}, u'127': {u'State': u'running'}, u'128': {u'State': u'running'}, u'129': {u'State': u'running'}, u'91': {u'State': u'running'}, u'59': {u'State': u'running'}, u'58': {u'State': u'running'}, u'55': {u'State': u'running'}, u'54': {u'State': u'running'}, u'57': {u'State': u'running'}, u'56': {u'State': u'running'}, u'51': {u'State': u'running'}, u'50': {u'State': u'running'}, u'53': {u'State': u'running'}, u'52': {u'State': u'running'}, u'90': {u'State': u'running'}, u'115': {u'State': u'running'}, u'114': {u'State': u'running'}, u'88': {u'State': u'running'}, u'89': {u'State': u'running'}, u'111': {u'State': u'running'}, u'110': {u'State': u'running'}, u'113': {u'State': u'running'}, u'112': {u'State': u'running'}, u'82': {u'State': u'running'}, u'83': {u'State': u'failed', u'Error': [8001, u"CmsRunFailure\nCMSSW error message follows.\nFatal Exception\nAn exception of category 'PluginLibraryLoadError' occurred while\n   [0] Constructing the EventProcessor\nException Message:\nunable to load /cvmfs/cms.cern.ch/slc6_amd64_gcc491/cms/cmssw/CMSSW_7_5_8/lib/slc6_amd64_gcc491/pluginPhysicsToolsJetMCAlgosPlugins.so because /cvmfs/cms.cern.ch/slc6_amd64_gcc491/cms/cmssw/CMSSW_7_5_8/lib/slc6_amd64_gcc491/pluginPhysicsToolsJetMCAlgosPlugins.so: cannot open shared object file: Input/output error\n", {u'type': u'Fatal Exception', u'details': u"An exception of category 'PluginLibraryLoadError' occurred while\n   [0] Constructing the EventProcessor\nException Message:\nunable to load /cvmfs/cms.cern.ch/slc6_amd64_gcc491/cms/cmssw/CMSSW_7_5_8/lib/slc6_amd64_gcc491/pluginPhysicsToolsJetMCAlgosPlugins.so because /cvmfs/cms.cern.ch/slc6_amd64_gcc491/cms/cmssw/CMSSW_7_5_8/lib/slc6_amd64_gcc491/pluginPhysicsToolsJetMCAlgosPlugins.so: cannot open shared object file: Input/output error", u'exitCode': u'8001'}]}, u'80': {u'State': u'running'}, u'81': {u'State': u'running'}, u'119': {u'State': u'running'}, u'118': {u'State': u'running'}, u'84': {u'State': u'running'}, u'85': {u'State': u'running'}, u'3': {u'State': u'running'}, u'7': {u'State': u'running'}, u'92': {u'State': u'running'}, u'108': {u'State': u'running'}, u'109': {u'State': u'running'}, u'102': {u'State': u'running'}, u'103': {u'State': u'running'}, u'100': {u'State': u'running'}, u'101': {u'State': u'running'}, u'106': {u'State': u'running'}, u'107': {u'State': u'running'}, u'104': {u'State': u'running'}, u'105': {u'State': u'running'}, u'39': {u'State': u'running'}, u'38': {u'State': u'running'}, u'33': {u'State': u'running'}, u'32': {u'State': u'running'}, u'31': {u'State': u'running'}, u'30': {u'State': u'running'}, u'37': {u'State': u'running'}, u'36': {u'State': u'running'}, u'35': {u'State': u'running'}, u'34': {u'State': u'running'}, u'60': {u'State': u'running'}, u'61': {u'State': u'running'}, u'62': {u'State': u'running'}, u'63': {u'State': u'running'}, u'64': {u'State': u'running'}, u'65': {u'State': u'running'}, u'66': {u'State': u'running'}, u'67': {u'State': u'running'}, u'68': {u'State': u'running'}, u'69': {u'State': u'running'}, u'2': {u'State': u'running'}, u'6': {u'State': u'transferring'}, u'97': {u'State': u'running'}, u'99': {u'State': u'running'}, u'98': {u'State': u'running'}, u'164': {u'State': u'running'}, u'165': {u'State': u'running'}, u'166': {u'State': u'running'}, u'167': {u'State': u'transferring'}, u'160': {u'State': u'running'}, u'161': {u'State': u'running'}, u'162': {u'State': u'running'}, u'163': {u'State': u'running'}, u'11': {u'State': u'running'}, u'10': {u'State': u'running'}, u'13': {u'State': u'running'}, u'12': {u'State': u'running'}, u'15': {u'State': u'running'}, u'14': {u'State': u'running'}, u'17': {u'State': u'running'}, u'16': {u'State': u'running'}, u'19': {u'State': u'running'}, u'18': {u'State': u'running'}, u'117': {u'State': u'running'}, u'116': {u'State': u'running'}, u'151': {u'State': u'running'}, u'150': {u'State': u'transferring'}, u'153': {u'State': u'transferring'}, u'152': {u'State': u'running'}, u'155': {u'State': u'running'}, u'154': {u'State': u'running'}, u'157': {u'State': u'running'}, u'156': {u'State': u'running'}, u'159': {u'State': u'running'}, u'158': {u'State': u'running'}, u'48': {u'State': u'running'}, u'49': {u'State': u'transferring'}, u'46': {u'State': u'running'}, u'86': {u'State': u'running'}, u'44': {u'State': u'running'}, u'45': {u'State': u'running'}, u'42': {u'State': u'running'}, u'43': {u'State': u'running'}, u'40': {u'State': u'running'}, u'87': {u'State': u'running'}, u'1': {u'State': u'running'}, u'5': {u'State': u'transferring'}, u'9': {u'State': u'running'}, u'146': {u'State': u'running'}, u'147': {u'State': u'transferring'}, u'144': {u'State': u'running'}, u'145': {u'State': u'running'}, u'142': {u'State': u'running'}, u'143': {u'State': u'running'}, u'140': {u'State': u'running'}, u'141': {u'State': u'running'}, u'148': {u'State': u'running'}, u'149': {u'State': u'running'}, u'77': {u'State': u'running'}, u'76': {u'State': u'running'}, u'75': {u'State': u'running'}, u'74': {u'State': u'running'}, u'73': {u'State': u'running'}, u'72': {u'State': u'running'}, u'71': {u'State': u'running'}, u'70': {u'State': u'running'}, u'79': {u'State': u'running'}, u'78': {u'State': u'transferring'}, u'41': {u'State': u'running'}, u'47': {u'State': u'failed', u'Error': [8001, u"CmsRunFailure\nCMSSW error message follows.\nFatal Exception\nAn exception of category 'PluginLibraryLoadError' occurred while\n   [0] Constructing the EventProcessor\nException Message:\nunable to load /cvmfs/cms.cern.ch/slc6_amd64_gcc491/cms/cmssw/CMSSW_7_5_8/lib/slc6_amd64_gcc491/pluginPhysicsToolsJetMCAlgosPlugins.so because /cvmfs/cms.cern.ch/slc6_amd64_gcc491/cms/cmssw/CMSSW_7_5_8/lib/slc6_amd64_gcc491/pluginPhysicsToolsJetMCAlgosPlugins.so: cannot open shared object file: Input/output error\n", {u'type': u'Fatal Exception', u'details': u"An exception of category 'PluginLibraryLoadError' occurred while\n   [0] Constructing the EventProcessor\nException Message:\nunable to load /cvmfs/cms.cern.ch/slc6_amd64_gcc491/cms/cmssw/CMSSW_7_5_8/lib/slc6_amd64_gcc491/pluginPhysicsToolsJetMCAlgosPlugins.so because /cvmfs/cms.cern.ch/slc6_amd64_gcc491/cms/cmssw/CMSSW_7_5_8/lib/slc6_amd64_gcc491/pluginPhysicsToolsJetMCAlgosPlugins.so: cannot open shared object file: Input/output error", u'exitCode': u'8001'}]}}, u'publication': {u'disabled': []}, u'taskWarningMsg': [], u'schedd': u'crab3@vocms0119.cern.ch', u'publicationFailures': {}, u'outdatasets': None, u'statusFailureMsg': u'', u'taskFailureMsg': u'', u'failedJobdefs': 0, u'ASOURL': u'https://cmsweb.cern.ch/couchdb2', u'command': u'SUBMIT', u'totalJobdefs': 0, u'submissionTime': 1485284603, u'jobdefErrors': [], u'collector': u'cmsgwms-collector-global.cern.ch,cmssrv221.fnal.gov', u'jobList': [[u'running', 165], [u'running', 133], [u'running', 132], [u'transferring', 131], [u'running', 130], [u'running', 137], [u'running', 136], [u'running', 135], [u'running', 134], [u'running', 139], [u'running', 138], [u'running', 166], [u'running', 24], [u'running', 25], [u'running', 26], [u'running', 27], [u'running', 20], [u'running', 21], [u'running', 22], [u'running', 23], [u'running', 160], [u'running', 28], [u'running', 29], [u'running', 161], [u'running', 4], [u'transferring', 8], [u'running', 163], [u'running', 119], [u'running', 120], [u'running', 121], [u'running', 122], [u'running', 123], [u'running', 124], [u'running', 125], [u'running', 126], [u'running', 127], [u'running', 128], [u'running', 129], [u'transferring', 167], [u'running', 118], [u'running', 59], [u'running', 58], [u'running', 55], [u'running', 54], [u'running', 57], [u'running', 56], [u'running', 51], [u'running', 50], [u'running', 53], [u'running', 52], [u'running', 164], [u'running', 115], [u'running', 114], [u'running', 88], [u'running', 89], [u'running', 111], [u'running', 110], [u'running', 113], [u'running', 112], [u'running', 82], [u'failed', 83], [u'running', 80], [u'running', 81], [u'running', 86], [u'running', 87], [u'running', 84], [u'running', 85], [u'running', 3], [u'running', 7], [u'running', 108], [u'running', 109], [u'running', 102], [u'running', 103], [u'running', 100], [u'running', 101], [u'running', 106], [u'running', 107], [u'running', 104], [u'running', 105], [u'running', 39], [u'running', 38], [u'running', 33], [u'running', 32], [u'running', 31], [u'running', 30], [u'running', 37], [u'running', 36], [u'running', 35], [u'running', 34], [u'running', 60], [u'running', 61], [u'running', 62], [u'running', 63], [u'running', 64], [u'running', 65], [u'running', 66], [u'running', 67], [u'running', 68], [u'running', 69], [u'running', 2], [u'running', 162], [u'transferring', 6], [u'running', 99], [u'running', 98], [u'running', 91], [u'running', 90], [u'running', 93], [u'running', 92], [u'running', 95], [u'running', 94], [u'running', 97], [u'running', 96], [u'running', 11], [u'running', 10], [u'running', 13], [u'running', 12], [u'running', 15], [u'running', 14], [u'running', 17], [u'running', 16], [u'running', 19], [u'running', 18], [u'running', 117], [u'running', 116], [u'running', 151], [u'transferring', 150], [u'transferring', 153], [u'running', 152], [u'running', 155], [u'running', 154], [u'running', 157], [u'running', 156], [u'running', 159], [u'running', 158], [u'running', 48], [u'transferring', 49], [u'running', 46], [u'failed', 47], [u'running', 44], [u'running', 45], [u'running', 42], [u'running', 43], [u'running', 40], [u'running', 41], [u'running', 1], [u'transferring', 5], [u'running', 9], [u'running', 146], [u'transferring', 147], [u'running', 144], [u'running', 145], [u'running', 142], [u'running', 143], [u'running', 140], [u'running', 141], [u'running', 148], [u'running', 149], [u'running', 77], [u'running', 76], [u'running', 75], [u'running', 74], [u'running', 73], [u'running', 72], [u'running', 71], [u'running', 70], [u'running', 79], [u'transferring', 78]]}
INFO 2017-01-24 22:38:12,160: 	 CRAB project directory:		/grid_mnt/data__data.polcms/cms/lisniak/btgtrain/CMSSW_7_5_8_patch3/src/RecoBTag/PerformanceMeasurements/test/crab_btagCSVv3_qcd170v2
INFO 2017-01-24 22:38:12,160: 	 Task name:			170124_190323:istaslis_crab_btagCSVv3_qcd170v2
INFO 2017-01-24 22:38:12,161: 	 Grid scheduler:			crab3@vocms0119.cern.ch
INFO 2017-01-24 22:38:12,161: 	 Task status:			SUBMITTED
INFO 2017-01-24 22:38:12,161: 	 Dashboard monitoring URL:	http://dashb-cms-job.cern.ch/dashboard/templates/task-analysis/#user=istaslis&table=Mains&pattern=170124_190323%3Aistaslis_crab_btagCSVv3_qcd170v2
INFO 2017-01-24 22:38:12,161: 	 
Jobs status:			failed          1.2% (  2/167)
INFO 2017-01-24 22:38:12,161: 	 				running        92.8% (155/167)
INFO 2017-01-24 22:38:12,161: 	 				transferring    6.0% ( 10/167)
INFO 2017-01-24 22:38:12,161: 	 
No publication information (publication has been disabled in the CRAB configuration file)
INFO 2017-01-24 22:38:12,162: 	 
Error Summary: (use crab status --verboseErrors for details about the errors)

  2 jobs failed with exit code 8001

Have a look at https://twiki.cern.ch/twiki/bin/viewauth/CMSPublic/JobExitCodes for a description of the exit codes.
INFO 2017-01-24 22:38:12,165: 	 Log file is /grid_mnt/data__data.polcms/cms/lisniak/btgtrain/CMSSW_7_5_8_patch3/src/RecoBTag/PerformanceMeasurements/test/crab_btagCSVv3_qcd170v2/crab.log
DEBUG 2017-01-25 07:05:41,754: 	 Executing command: 'status'
DEBUG 2017-01-25 07:05:41,754: 	 Found CRAB cache file /home/llr/cms/lisniak/.crab3
DEBUG 2017-01-25 07:05:41,779: 	 Checking credentials
DEBUG 2017-01-25 07:05:41,779: 	 Found proxy file /tmp/x509up_u837
DEBUG 2017-01-25 07:05:41,779: 	 Getting proxy life time left
DEBUG 2017-01-25 07:05:42,282: 	 Executing : 
 command : voms-proxy-info -file /tmp/x509up_u837 -timeleft
 output : 46607

 error: 
 retcode : 0
DEBUG 2017-01-25 07:05:42,786: 	 Executing : 
 command : voms-proxy-info -file /tmp/x509up_u837 -actimeleft
 output : 46607

 error: 
 retcode : 0
DEBUG 2017-01-25 07:05:42,786: 	 Proxy valid for 12:56:47 hours
DEBUG 2017-01-25 07:05:42,897: 	 Executing : 
 command : openssl x509 -in ~/.globus/usercert.pem -subject -noout
 output : subject= /DC=ch/DC=cern/OU=Organic Units/OU=Users/CN=istaslis/CN=747350/CN=Stanislav Lisniak

 error: 
 retcode : 0
DEBUG 2017-01-25 07:05:42,897: 	 Checking credentials
DEBUG 2017-01-25 07:05:42,897: 	 Found proxy file /tmp/x509up_u837
DEBUG 2017-01-25 07:05:42,897: 	 Getting proxy life time left
DEBUG 2017-01-25 07:05:43,400: 	 Executing : 
 command : voms-proxy-info -file /tmp/x509up_u837 -timeleft
 output : 46606

 error: 
 retcode : 0
DEBUG 2017-01-25 07:05:43,904: 	 Executing : 
 command : voms-proxy-info -file /tmp/x509up_u837 -actimeleft
 output : 46606

 error: 
 retcode : 0
DEBUG 2017-01-25 07:05:43,904: 	 Proxy valid for 12:56:46 hours
DEBUG 2017-01-25 07:05:44,387: 	 Registering user credentials for server /DC=ch/DC=cern/OU=computers/CN=vocms(045|052|021|031|0118|0118a|0119|0108|0105).cern.ch
DEBUG 2017-01-25 07:05:44,494: 	 Executing : 
 command : openssl x509 -in ~/.globus/usercert.pem -subject -noout
 output : subject= /DC=ch/DC=cern/OU=Organic Units/OU=Users/CN=istaslis/CN=747350/CN=Stanislav Lisniak

 error: 
 retcode : 0
DEBUG 2017-01-25 07:05:44,495: 	 Getting myproxy life time left for myproxy.cern.ch
DEBUG 2017-01-25 07:05:44,495: 	 Calculating hash of /DC=ch/DC=cern/OU=Organic Units/OU=Users/CN=istaslis/CN=747350/CN=Stanislav Lisniak_cmsweb.cern.ch for credential name
DEBUG 2017-01-25 07:05:44,797: 	 Executing : 
 command : myproxy-info -l fb080dc7d4e0790beaeb2d952381dd7a3f1f2fd6 -s myproxy.cern.ch
 output : username: fb080dc7d4e0790beaeb2d952381dd7a3f1f2fd6
owner: /DC=ch/DC=cern/OU=Organic Units/OU=Users/CN=istaslis/CN=747350/CN=Stanislav Lisniak
  renewal policy: /DC=ch/DC=cern/OU=computers/CN=vocms(045|052|021|031|0118|0118a|0119|0108|0105).cern.ch
  trusted retrieval policy: /DC=ch/DC=cern/OU=computers/CN=vocms(045|052|021|031|0118|0118a|0119|0108|0105).cern.ch
  timeleft: 494:53:42  (20.6 days)

 error: 
 retcode : 0
DEBUG 2017-01-25 07:05:44,798: 	 Myproxy is valid: 1781622
DEBUG 2017-01-25 07:05:44,799: 	 Command use: status
DEBUG 2017-01-25 07:05:44,799: 	 Options use: []
DEBUG 2017-01-25 07:05:45,336: 	 CRABClient version: 3.3.1611
DEBUG 2017-01-25 07:05:45,336: 	 Instance is prod
DEBUG 2017-01-25 07:05:45,336: 	 Server base url is cmsweb.cern.ch
DEBUG 2017-01-25 07:05:45,336: 	 Command url /crabserver/prod/workflow
DEBUG 2017-01-25 07:05:45,336: 	 Looking up detailed status of task 170124_190323:istaslis_crab_btagCSVv3_qcd170v2
DEBUG 2017-01-25 07:05:45,847: 	 {u'status': u'FAILED', u'username': u'istaslis', u'jobsPerStatus': {u'failed': 4, u'finished': 163}, u'jobs': {u'133': {u'State': u'finished'}, u'132': {u'State': u'finished'}, u'131': {u'State': u'finished'}, u'130': {u'State': u'finished'}, u'137': {u'State': u'finished'}, u'136': {u'State': u'finished'}, u'135': {u'State': u'finished'}, u'134': {u'State': u'finished'}, u'139': {u'State': u'finished'}, u'138': {u'State': u'finished'}, u'93': {u'State': u'finished'}, u'24': {u'State': u'finished'}, u'25': {u'State': u'finished'}, u'26': {u'State': u'finished'}, u'27': {u'State': u'finished'}, u'20': {u'State': u'finished'}, u'21': {u'State': u'finished'}, u'22': {u'State': u'finished'}, u'23': {u'State': u'finished'}, u'95': {u'State': u'finished'}, u'28': {u'State': u'finished'}, u'29': {u'State': u'finished'}, u'94': {u'State': u'finished'}, u'4': {u'State': u'finished'}, u'8': {u'State': u'finished'}, u'96': {u'State': u'finished'}, u'120': {u'State': u'finished'}, u'121': {u'State': u'finished'}, u'122': {u'State': u'finished'}, u'123': {u'State': u'finished'}, u'124': {u'State': u'finished'}, u'125': {u'State': u'finished'}, u'126': {u'State': u'finished'}, u'127': {u'State': u'finished'}, u'128': {u'State': u'finished'}, u'129': {u'State': u'finished'}, u'91': {u'State': u'finished'}, u'59': {u'State': u'finished'}, u'58': {u'State': u'finished'}, u'55': {u'State': u'finished'}, u'54': {u'State': u'finished'}, u'57': {u'State': u'finished'}, u'56': {u'State': u'finished'}, u'51': {u'State': u'finished'}, u'50': {u'State': u'finished'}, u'53': {u'State': u'finished'}, u'52': {u'State': u'finished'}, u'90': {u'State': u'finished'}, u'115': {u'State': u'finished'}, u'114': {u'State': u'finished'}, u'88': {u'State': u'finished'}, u'89': {u'State': u'finished'}, u'111': {u'State': u'finished'}, u'110': {u'State': u'finished'}, u'113': {u'State': u'finished'}, u'112': {u'State': u'finished'}, u'82': {u'State': u'finished'}, u'83': {u'State': u'failed', u'Error': [8001, u"CmsRunFailure\nCMSSW error message follows.\nFatal Exception\nAn exception of category 'PluginLibraryLoadError' occurred while\n   [0] Constructing the EventProcessor\nException Message:\nunable to load /cvmfs/cms.cern.ch/slc6_amd64_gcc491/cms/cmssw/CMSSW_7_5_8/lib/slc6_amd64_gcc491/pluginPhysicsToolsJetMCAlgosPlugins.so because /cvmfs/cms.cern.ch/slc6_amd64_gcc491/cms/cmssw/CMSSW_7_5_8/lib/slc6_amd64_gcc491/pluginPhysicsToolsJetMCAlgosPlugins.so: cannot open shared object file: Input/output error\n", {u'type': u'Fatal Exception', u'details': u"An exception of category 'PluginLibraryLoadError' occurred while\n   [0] Constructing the EventProcessor\nException Message:\nunable to load /cvmfs/cms.cern.ch/slc6_amd64_gcc491/cms/cmssw/CMSSW_7_5_8/lib/slc6_amd64_gcc491/pluginPhysicsToolsJetMCAlgosPlugins.so because /cvmfs/cms.cern.ch/slc6_amd64_gcc491/cms/cmssw/CMSSW_7_5_8/lib/slc6_amd64_gcc491/pluginPhysicsToolsJetMCAlgosPlugins.so: cannot open shared object file: Input/output error", u'exitCode': u'8001'}]}, u'80': {u'State': u'finished'}, u'81': {u'State': u'finished'}, u'119': {u'State': u'finished'}, u'118': {u'State': u'finished'}, u'84': {u'State': u'finished'}, u'85': {u'State': u'finished'}, u'3': {u'State': u'finished'}, u'7': {u'State': u'finished'}, u'92': {u'State': u'finished'}, u'108': {u'State': u'finished'}, u'109': {u'State': u'finished'}, u'102': {u'State': u'finished'}, u'103': {u'State': u'finished'}, u'100': {u'State': u'failed', u'Error': [90000, u"Got fatal stageout exception:\nStageout failed with code 1.\nThere were 1 failed/killed stageout jobs. 1 of those jobs had a permanent failure.\nFailure reasons (per document) follow:\n- 5fd0a2e73b67dd39a79d1149e802dc33be32e56b1fab25dc4f757cfd:\n  -----> ASO log start -----\n  ['TRANSFER DESTINATION SRM_PUT_TURL error on the turl request : [SE][StatusOfPutRequest][SRM_FAILURE] error chowning polgrfs15.in2p3.fr:/data1/cms/2017-01-25: Operation not permitted (error 1 on polgrfs15.in2p3.fr) ']\n  <----- ASO log finish ----\n  The last failure reason is permanent.", {}]}, u'101': {u'State': u'finished'}, u'106': {u'State': u'finished'}, u'107': {u'State': u'finished'}, u'104': {u'State': u'finished'}, u'105': {u'State': u'finished'}, u'39': {u'State': u'failed', u'Error': [90000, u"Got fatal stageout exception:\nStageout failed with code 1.\nThere were 2 failed/killed stageout jobs. 2 of those jobs had a permanent failure.\nFailure reasons (per document) follow:\n- c8ce1164abee2093461dbd180c5993d2e8e23f5a4acc78d124b1405a:\n  -----> ASO log start -----\n  ['TRANSFER DESTINATION SRM_PUT_TURL error on the turl request : [SE][StatusOfPutRequest][SRM_FAILURE] error chowning polgrfs14.in2p3.fr:/data1/cms/2017-01-25: Operation not permitted (error 1 on polgrfs14.in2p3.fr) ']\n  <----- ASO log finish ----\n  The last failure reason is permanent.\n- f6bb6f674e0c9bf97a1b0c0c30edbc8f233ef3b8834a11acc0a91ee8:\n  -----> ASO log start -----\n  ['TRANSFER DESTINATION SRM_PUT_TURL error on the turl request : [SE][StatusOfPutRequest][SRM_FAILURE] error chowning polgrfs14.in2p3.fr:/data10/cms/2017-01-25: Operation not permitted (error 1 on polgrfs14.in2p3.fr) ']\n  <----- ASO log finish ----\n  The last failure reason is permanent.", {}]}, u'38': {u'State': u'finished'}, u'33': {u'State': u'finished'}, u'32': {u'State': u'finished'}, u'31': {u'State': u'finished'}, u'30': {u'State': u'finished'}, u'37': {u'State': u'finished'}, u'36': {u'State': u'finished'}, u'35': {u'State': u'finished'}, u'34': {u'State': u'finished'}, u'60': {u'State': u'finished'}, u'61': {u'State': u'finished'}, u'62': {u'State': u'finished'}, u'63': {u'State': u'finished'}, u'64': {u'State': u'finished'}, u'65': {u'State': u'finished'}, u'66': {u'State': u'finished'}, u'67': {u'State': u'finished'}, u'68': {u'State': u'finished'}, u'69': {u'State': u'finished'}, u'2': {u'State': u'finished'}, u'6': {u'State': u'finished'}, u'97': {u'State': u'finished'}, u'99': {u'State': u'finished'}, u'98': {u'State': u'finished'}, u'164': {u'State': u'finished'}, u'165': {u'State': u'finished'}, u'166': {u'State': u'finished'}, u'167': {u'State': u'finished'}, u'160': {u'State': u'finished'}, u'161': {u'State': u'finished'}, u'162': {u'State': u'finished'}, u'163': {u'State': u'finished'}, u'11': {u'State': u'finished'}, u'10': {u'State': u'finished'}, u'13': {u'State': u'finished'}, u'12': {u'State': u'finished'}, u'15': {u'State': u'finished'}, u'14': {u'State': u'finished'}, u'17': {u'State': u'finished'}, u'16': {u'State': u'finished'}, u'19': {u'State': u'finished'}, u'18': {u'State': u'finished'}, u'117': {u'State': u'finished'}, u'116': {u'State': u'finished'}, u'151': {u'State': u'finished'}, u'150': {u'State': u'finished'}, u'153': {u'State': u'finished'}, u'152': {u'State': u'finished'}, u'155': {u'State': u'finished'}, u'154': {u'State': u'finished'}, u'157': {u'State': u'finished'}, u'156': {u'State': u'finished'}, u'159': {u'State': u'finished'}, u'158': {u'State': u'finished'}, u'48': {u'State': u'finished'}, u'49': {u'State': u'finished'}, u'46': {u'State': u'finished'}, u'86': {u'State': u'finished'}, u'44': {u'State': u'finished'}, u'45': {u'State': u'finished'}, u'42': {u'State': u'finished'}, u'43': {u'State': u'finished'}, u'40': {u'State': u'finished'}, u'87': {u'State': u'finished'}, u'1': {u'State': u'finished'}, u'5': {u'State': u'finished'}, u'9': {u'State': u'finished'}, u'146': {u'State': u'finished'}, u'147': {u'State': u'finished'}, u'144': {u'State': u'finished'}, u'145': {u'State': u'finished'}, u'142': {u'State': u'finished'}, u'143': {u'State': u'finished'}, u'140': {u'State': u'finished'}, u'141': {u'State': u'finished'}, u'148': {u'State': u'finished'}, u'149': {u'State': u'finished'}, u'77': {u'State': u'finished'}, u'76': {u'State': u'finished'}, u'75': {u'State': u'finished'}, u'74': {u'State': u'finished'}, u'73': {u'State': u'finished'}, u'72': {u'State': u'finished'}, u'71': {u'State': u'finished'}, u'70': {u'State': u'finished'}, u'79': {u'State': u'finished'}, u'78': {u'State': u'finished'}, u'41': {u'State': u'finished'}, u'47': {u'State': u'failed', u'Error': [8001, u"CmsRunFailure\nCMSSW error message follows.\nFatal Exception\nAn exception of category 'PluginLibraryLoadError' occurred while\n   [0] Constructing the EventProcessor\nException Message:\nunable to load /cvmfs/cms.cern.ch/slc6_amd64_gcc491/cms/cmssw/CMSSW_7_5_8/lib/slc6_amd64_gcc491/pluginPhysicsToolsJetMCAlgosPlugins.so because /cvmfs/cms.cern.ch/slc6_amd64_gcc491/cms/cmssw/CMSSW_7_5_8/lib/slc6_amd64_gcc491/pluginPhysicsToolsJetMCAlgosPlugins.so: cannot open shared object file: Input/output error\n", {u'type': u'Fatal Exception', u'details': u"An exception of category 'PluginLibraryLoadError' occurred while\n   [0] Constructing the EventProcessor\nException Message:\nunable to load /cvmfs/cms.cern.ch/slc6_amd64_gcc491/cms/cmssw/CMSSW_7_5_8/lib/slc6_amd64_gcc491/pluginPhysicsToolsJetMCAlgosPlugins.so because /cvmfs/cms.cern.ch/slc6_amd64_gcc491/cms/cmssw/CMSSW_7_5_8/lib/slc6_amd64_gcc491/pluginPhysicsToolsJetMCAlgosPlugins.so: cannot open shared object file: Input/output error", u'exitCode': u'8001'}]}}, u'publication': {u'disabled': []}, u'taskWarningMsg': [], u'schedd': u'crab3@vocms0119.cern.ch', u'publicationFailures': {}, u'outdatasets': None, u'statusFailureMsg': u'', u'taskFailureMsg': u'', u'failedJobdefs': 0, u'ASOURL': u'https://cmsweb.cern.ch/couchdb2', u'command': u'SUBMIT', u'totalJobdefs': 0, u'submissionTime': 1485284603, u'jobdefErrors': [], u'collector': u'cmsgwms-collector-global.cern.ch,cmssrv221.fnal.gov', u'jobList': [[u'finished', 165], [u'finished', 133], [u'finished', 132], [u'finished', 131], [u'finished', 130], [u'finished', 137], [u'finished', 136], [u'finished', 135], [u'finished', 134], [u'finished', 139], [u'finished', 138], [u'finished', 166], [u'finished', 24], [u'finished', 25], [u'finished', 26], [u'finished', 27], [u'finished', 20], [u'finished', 21], [u'finished', 22], [u'finished', 23], [u'finished', 160], [u'finished', 28], [u'finished', 29], [u'finished', 161], [u'finished', 4], [u'finished', 8], [u'finished', 163], [u'finished', 119], [u'finished', 120], [u'finished', 121], [u'finished', 122], [u'finished', 123], [u'finished', 124], [u'finished', 125], [u'finished', 126], [u'finished', 127], [u'finished', 128], [u'finished', 129], [u'finished', 167], [u'finished', 118], [u'finished', 59], [u'finished', 58], [u'finished', 55], [u'finished', 54], [u'finished', 57], [u'finished', 56], [u'finished', 51], [u'finished', 50], [u'finished', 53], [u'finished', 52], [u'finished', 164], [u'finished', 115], [u'finished', 114], [u'finished', 88], [u'finished', 89], [u'finished', 111], [u'finished', 110], [u'finished', 113], [u'finished', 112], [u'finished', 82], [u'failed', 83], [u'finished', 80], [u'finished', 81], [u'finished', 86], [u'finished', 87], [u'finished', 84], [u'finished', 85], [u'finished', 3], [u'finished', 7], [u'finished', 108], [u'finished', 109], [u'finished', 102], [u'finished', 103], [u'failed', 100], [u'finished', 101], [u'finished', 106], [u'finished', 107], [u'finished', 104], [u'finished', 105], [u'failed', 39], [u'finished', 38], [u'finished', 33], [u'finished', 32], [u'finished', 31], [u'finished', 30], [u'finished', 37], [u'finished', 36], [u'finished', 35], [u'finished', 34], [u'finished', 60], [u'finished', 61], [u'finished', 62], [u'finished', 63], [u'finished', 64], [u'finished', 65], [u'finished', 66], [u'finished', 67], [u'finished', 68], [u'finished', 69], [u'finished', 2], [u'finished', 162], [u'finished', 6], [u'finished', 99], [u'finished', 98], [u'finished', 91], [u'finished', 90], [u'finished', 93], [u'finished', 92], [u'finished', 95], [u'finished', 94], [u'finished', 97], [u'finished', 96], [u'finished', 11], [u'finished', 10], [u'finished', 13], [u'finished', 12], [u'finished', 15], [u'finished', 14], [u'finished', 17], [u'finished', 16], [u'finished', 19], [u'finished', 18], [u'finished', 117], [u'finished', 116], [u'finished', 151], [u'finished', 150], [u'finished', 153], [u'finished', 152], [u'finished', 155], [u'finished', 154], [u'finished', 157], [u'finished', 156], [u'finished', 159], [u'finished', 158], [u'finished', 48], [u'finished', 49], [u'finished', 46], [u'failed', 47], [u'finished', 44], [u'finished', 45], [u'finished', 42], [u'finished', 43], [u'finished', 40], [u'finished', 41], [u'finished', 1], [u'finished', 5], [u'finished', 9], [u'finished', 146], [u'finished', 147], [u'finished', 144], [u'finished', 145], [u'finished', 142], [u'finished', 143], [u'finished', 140], [u'finished', 141], [u'finished', 148], [u'finished', 149], [u'finished', 77], [u'finished', 76], [u'finished', 75], [u'finished', 74], [u'finished', 73], [u'finished', 72], [u'finished', 71], [u'finished', 70], [u'finished', 79], [u'finished', 78]]}
INFO 2017-01-25 07:05:45,847: 	 CRAB project directory:		/grid_mnt/data__data.polcms/cms/lisniak/btgtrain/CMSSW_7_5_8_patch3/src/RecoBTag/PerformanceMeasurements/test/crab_btagCSVv3_qcd170v2
INFO 2017-01-25 07:05:45,847: 	 Task name:			170124_190323:istaslis_crab_btagCSVv3_qcd170v2
INFO 2017-01-25 07:05:45,848: 	 Grid scheduler:			crab3@vocms0119.cern.ch
INFO 2017-01-25 07:05:45,848: 	 Task status:			FAILED
INFO 2017-01-25 07:05:45,848: 	 Dashboard monitoring URL:	http://dashb-cms-job.cern.ch/dashboard/templates/task-analysis/#user=istaslis&table=Mains&pattern=170124_190323%3Aistaslis_crab_btagCSVv3_qcd170v2
INFO 2017-01-25 07:05:45,848: 	 
Jobs status:			failed          2.4% (  4/167)
INFO 2017-01-25 07:05:45,848: 	 				finished       97.6% (163/167)
INFO 2017-01-25 07:05:45,848: 	 
No publication information (publication has been disabled in the CRAB configuration file)
INFO 2017-01-25 07:05:45,848: 	 
Error Summary: (use crab status --verboseErrors for details about the errors)

  2 jobs failed in postprocessing step

  2 jobs failed with exit code 8001

Have a look at https://twiki.cern.ch/twiki/bin/viewauth/CMSPublic/JobExitCodes for a description of the exit codes.
INFO 2017-01-25 07:05:45,852: 	 Log file is /grid_mnt/data__data.polcms/cms/lisniak/btgtrain/CMSSW_7_5_8_patch3/src/RecoBTag/PerformanceMeasurements/test/crab_btagCSVv3_qcd170v2/crab.log
