('Running on files ', ['fcr_99.root'])
('Output file ', 'JetTree_fcr.root')
('N events ', -1)
# Conditions read from  CMS_CONDITIONS  via FrontierProd 
DEBUG 2016-11-23 00:23:23,364: 	 Executing command: 'submit'
DEBUG 2016-11-23 00:23:23,366: 	 Found CRAB cache file /home/llr/cms/lisniak/.crab3
DEBUG 2016-11-23 00:23:23,399: 	 Checking credentials
DEBUG 2016-11-23 00:23:23,399: 	 Found proxy file /tmp/x509up_u837
DEBUG 2016-11-23 00:23:23,399: 	 Getting proxy life time left
DEBUG 2016-11-23 00:23:24,405: 	 Executing : 
 command : voms-proxy-info -file /tmp/x509up_u837 -timeleft
 output : 8773

 error: 
 retcode : 0
DEBUG 2016-11-23 00:23:25,311: 	 Executing : 
 command : voms-proxy-info -file /tmp/x509up_u837 -actimeleft
 output : 8772

 error: 
 retcode : 0
DEBUG 2016-11-23 00:23:25,311: 	 Proxy valid for 02:26:13 hours
INFO 2016-11-23 00:23:25,312: 	 Will use CRAB configuration file crabConfigQCD.py
DEBUG 2016-11-23 00:23:25,312: 	 Loading CRAB configuration file.
DEBUG 2016-11-23 00:23:29,771: 	 Will use CRAB Analysis plugin (i.e. will run an analysis job type).
DEBUG 2016-11-23 00:23:29,941: 	 Executing : 
 command : openssl x509 -in ~/.globus/usercert.pem -subject -noout
 output : subject= /DC=ch/DC=cern/OU=Organic Units/OU=Users/CN=istaslis/CN=747350/CN=Stanislav Lisniak

 error: 
 retcode : 0
DEBUG 2016-11-23 00:23:29,941: 	 Checking credentials
DEBUG 2016-11-23 00:23:29,942: 	 Found proxy file /tmp/x509up_u837
DEBUG 2016-11-23 00:23:29,942: 	 Getting proxy life time left
DEBUG 2016-11-23 00:23:30,847: 	 Executing : 
 command : voms-proxy-info -file /tmp/x509up_u837 -timeleft
 output : 8767

 error: 
 retcode : 0
DEBUG 2016-11-23 00:23:31,753: 	 Executing : 
 command : voms-proxy-info -file /tmp/x509up_u837 -actimeleft
 output : 8766

 error: 
 retcode : 0
DEBUG 2016-11-23 00:23:31,753: 	 Proxy valid for 02:26:07 hours
DEBUG 2016-11-23 00:23:32,658: 	 Executing : 
 command : env X509_USER_PROXY=/tmp/x509up_u837 voms-proxy-info -fqan
 output : /cms/Role=NULL/Capability=NULL

 error: 
 retcode : 0
DEBUG 2016-11-23 00:23:33,466: 	 Registering user credentials for server /DC=ch/DC=cern/OU=computers/CN=vocms(045|052|021|031|0118|0118a|0119|0108).cern.ch
DEBUG 2016-11-23 00:23:33,577: 	 Executing : 
 command : openssl x509 -in ~/.globus/usercert.pem -subject -noout
 output : subject= /DC=ch/DC=cern/OU=Organic Units/OU=Users/CN=istaslis/CN=747350/CN=Stanislav Lisniak

 error: 
 retcode : 0
DEBUG 2016-11-23 00:23:33,577: 	 Getting myproxy life time left for myproxy.cern.ch
DEBUG 2016-11-23 00:23:33,577: 	 Calculating hash of /DC=ch/DC=cern/OU=Organic Units/OU=Users/CN=istaslis/CN=747350/CN=Stanislav Lisniak_cmsweb.cern.ch for credential name
DEBUG 2016-11-23 00:23:34,182: 	 Executing : 
 command : myproxy-info -l fb080dc7d4e0790beaeb2d952381dd7a3f1f2fd6 -s myproxy.cern.ch
 output : username: fb080dc7d4e0790beaeb2d952381dd7a3f1f2fd6
owner: /DC=ch/DC=cern/OU=Organic Units/OU=Users/CN=istaslis/CN=747350/CN=Stanislav Lisniak
  renewal policy: /DC=ch/DC=cern/OU=computers/CN=vocms(045|052|021|031|0118|0118a|0119|0108).cern.ch
  trusted retrieval policy: /DC=ch/DC=cern/OU=computers/CN=vocms(045|052|021|031|0118|0118a|0119|0108).cern.ch
  timeleft: 521:01:14  (21.7 days)

 error: 
 retcode : 0
DEBUG 2016-11-23 00:23:34,184: 	 Myproxy is valid: 1875674
DEBUG 2016-11-23 00:23:34,184: 	 Command use: submit
DEBUG 2016-11-23 00:23:34,184: 	 Options use: ['-c', 'crabConfigQCD.py']
DEBUG 2016-11-23 00:23:34,989: 	 CRABClient version: 3.3.1611
DEBUG 2016-11-23 00:23:34,989: 	 Instance is prod
DEBUG 2016-11-23 00:23:34,989: 	 Server base url is cmsweb.cern.ch
DEBUG 2016-11-23 00:23:34,989: 	 Command url /crabserver/prod/workflow
DEBUG 2016-11-23 00:23:34,989: 	 Started submission
DEBUG 2016-11-23 00:23:34,989: 	 Working on /grid_mnt/data__data.polcms/cms/lisniak/btgtrain/CMSSW_7_5_8_patch3/src/RecoBTag/PerformanceMeasurements/test/crab_btagana_qcd80v3
DEBUG 2016-11-23 00:23:35,889: 	 Loading required information from the environment
DEBUG 2016-11-23 00:23:35,889: 	 Found CMSSW_7_5_8_patch3 for slc6_amd64_gcc491 with base /grid_mnt/data__data.polcms/cms/lisniak/btgtrain/CMSSW_7_5_8_patch3
DEBUG 2016-11-23 00:23:35,889: 	 Loading required information from the environment
DEBUG 2016-11-23 00:23:35,889: 	 Found CMSSW_7_5_8_patch3 for slc6_amd64_gcc491 with base /grid_mnt/data__data.polcms/cms/lisniak/btgtrain/CMSSW_7_5_8_patch3
DEBUG 2016-11-23 00:23:35,909: 	 UNIQUE NAME: tarUUID 712644a9-abe1-43c5-b45b-187fba1bf608 
DEBUG 2016-11-23 00:23:35,909: 	 self.config: from WMCore.Configuration import Configuration
config = Configuration()
config.section_('General')
config.General.transferOutputs = True
config.General.transferLogs = True
config.General.requestName = 'btagana_qcd80v3'
config.section_('JobType')
config.JobType.psetName = 'runForestAOD_PbPb_MIX_75X.py'
config.JobType.pluginName = 'Analysis'
config.JobType.maxMemoryMB = 2400
config.section_('Data')
config.Data.inputDataset = '/Pythia6_Dijet80_pp502_Hydjet_MB/HINPbPbWinter16DR-75X_mcRun2_HeavyIon_v13-v1/AODSIM'
config.Data.outputDatasetTag = 'btagana_qcd80v3'
config.Data.totalUnits = 170
config.Data.unitsPerJob = 1
config.Data.splitting = 'FileBased'
config.Data.inputDBS = 'global'
config.Data.outLFNDirBase = '/store/user/istaslis/btagana_qcd80v3'
config.Data.publication = False
config.section_('Site')
config.Site.storageSite = 'T2_FR_GRIF_LLR'
config.section_('User')
config.section_('Debug')

DEBUG 2016-11-23 00:23:35,910: 	 self.config.JobType.psetName: runForestAOD_PbPb_MIX_75X.py
INFO 2016-11-23 00:23:35,910: 	 Importing CMSSW configuration runForestAOD_PbPb_MIX_75X.py
INFO 2016-11-23 00:23:55,196: 	 Finished importing CMSSW configuration runForestAOD_PbPb_MIX_75X.py
DEBUG 2016-11-23 00:23:55,196: 	 Writing CMSSW configuration to /grid_mnt/data__data.polcms/cms/lisniak/btgtrain/CMSSW_7_5_8_patch3/src/RecoBTag/PerformanceMeasurements/test/crab_btagana_qcd80v3/inputs/PSet.py
DEBUG 2016-11-23 00:23:59,951: 	 The following EDM output files will be collected: []
DEBUG 2016-11-23 00:23:59,951: 	 The following TFile output files will be collected: ['JetTree_fcr.root']
DEBUG 2016-11-23 00:23:59,951: 	 The following user output files will be collected: []
DEBUG 2016-11-23 00:23:59,951: 	 Loading required information from the environment
DEBUG 2016-11-23 00:23:59,952: 	 Found CMSSW_7_5_8_patch3 for slc6_amd64_gcc491 with base /grid_mnt/data__data.polcms/cms/lisniak/btgtrain/CMSSW_7_5_8_patch3
DEBUG 2016-11-23 00:23:59,952: 	 Making tarball in /grid_mnt/data__data.polcms/cms/lisniak/btgtrain/CMSSW_7_5_8_patch3/src/RecoBTag/PerformanceMeasurements/test/crab_btagana_qcd80v3/inputs/712644a9-abe1-43c5-b45b-187fba1bf608default.tgz
DEBUG 2016-11-23 00:24:00,020: 	 Checking directory /grid_mnt/data__data.polcms/cms/lisniak/btgtrain/CMSSW_7_5_8_patch3/lib
DEBUG 2016-11-23 00:24:00,020: 	 Adding directory /grid_mnt/data__data.polcms/cms/lisniak/btgtrain/CMSSW_7_5_8_patch3/lib to tarball
DEBUG 2016-11-23 00:24:06,762: 	 Checking directory /grid_mnt/data__data.polcms/cms/lisniak/btgtrain/CMSSW_7_5_8_patch3/biglib
DEBUG 2016-11-23 00:24:06,762: 	 Adding directory /grid_mnt/data__data.polcms/cms/lisniak/btgtrain/CMSSW_7_5_8_patch3/biglib to tarball
DEBUG 2016-11-23 00:24:06,778: 	 Checking directory /grid_mnt/data__data.polcms/cms/lisniak/btgtrain/CMSSW_7_5_8_patch3/module
DEBUG 2016-11-23 00:24:09,046: 	 Adding data directory /grid_mnt/data__data.polcms/cms/lisniak/btgtrain/CMSSW_7_5_8_patch3/src/HeavyIonsAnalysis/Configuration/data to tarball
DEBUG 2016-11-23 00:24:09,214: 	 Adding data directory /grid_mnt/data__data.polcms/cms/lisniak/btgtrain/CMSSW_7_5_8_patch3/src/HeavyIonsAnalysis/EventAnalysis/interface to tarball
DEBUG 2016-11-23 00:24:09,246: 	 Adding data directory /grid_mnt/data__data.polcms/cms/lisniak/btgtrain/CMSSW_7_5_8_patch3/src/HeavyIonsAnalysis/JetAnalysis/data to tarball
DEBUG 2016-11-23 00:24:10,754: 	 Adding data directory /grid_mnt/data__data.polcms/cms/lisniak/btgtrain/CMSSW_7_5_8_patch3/src/HeavyIonsAnalysis/JetAnalysis/interface to tarball
DEBUG 2016-11-23 00:24:11,180: 	 Adding data directory /grid_mnt/data__data.polcms/cms/lisniak/btgtrain/CMSSW_7_5_8_patch3/src/HeavyIonsAnalysis/MuonAnalysis/interface to tarball
DEBUG 2016-11-23 00:24:11,201: 	 Adding data directory /grid_mnt/data__data.polcms/cms/lisniak/btgtrain/CMSSW_7_5_8_patch3/src/HeavyIonsAnalysis/PhotonAnalysis/interface to tarball
DEBUG 2016-11-23 00:24:11,255: 	 Adding data directory /grid_mnt/data__data.polcms/cms/lisniak/btgtrain/CMSSW_7_5_8_patch3/src/HeavyIonsAnalysis/TrackAnalysis/interface to tarball
DEBUG 2016-11-23 00:24:11,423: 	 Adding data directory /grid_mnt/data__data.polcms/cms/lisniak/btgtrain/CMSSW_7_5_8_patch3/src/HeavyIonsAnalysis/VertexAnalysis/interface to tarball
DEBUG 2016-11-23 00:24:11,535: 	 Adding data directory /grid_mnt/data__data.polcms/cms/lisniak/btgtrain/CMSSW_7_5_8_patch3/src/RecoHI/HiJetAlgos/interface to tarball
DEBUG 2016-11-23 00:24:11,620: 	 Adding data directory /grid_mnt/data__data.polcms/cms/lisniak/btgtrain/CMSSW_7_5_8_patch3/src/RecoJets/JetProducers/data to tarball
DEBUG 2016-11-23 00:24:11,641: 	 Adding data directory /grid_mnt/data__data.polcms/cms/lisniak/btgtrain/CMSSW_7_5_8_patch3/src/RecoJets/JetProducers/interface to tarball
DEBUG 2016-11-23 00:24:11,860: 	 Adding data directory /grid_mnt/data__data.polcms/cms/lisniak/btgtrain/CMSSW_7_5_8_patch3/src/RecoBTag/PerformanceMeasurements/data to tarball
DEBUG 2016-11-23 00:24:13,032: 	 Adding data directory /grid_mnt/data__data.polcms/cms/lisniak/btgtrain/CMSSW_7_5_8_patch3/src/RecoBTag/PerformanceMeasurements/interface to tarball
DEBUG 2016-11-23 00:24:13,471: 	 Adding data directory /grid_mnt/data__data.polcms/cms/lisniak/btgtrain/CMSSW_7_5_8_patch3/src/RecoBTag/PerformanceMeasurements/test/ttbar/data to tarball
DEBUG 2016-11-23 00:24:13,684: 	 Adding data directory /grid_mnt/data__data.polcms/cms/lisniak/btgtrain/CMSSW_7_5_8_patch3/src/RecoBTag/TagVarExtractor/interface to tarball
DEBUG 2016-11-23 00:24:13,711: 	 Adding data directory /grid_mnt/data__data.polcms/cms/lisniak/btgtrain/CMSSW_7_5_8_patch3/src/RecoBTag/SecondaryVertex/interface to tarball
DEBUG 2016-11-23 00:24:14,659: 	 Uploading archive /grid_mnt/data__data.polcms/cms/lisniak/btgtrain/CMSSW_7_5_8_patch3/src/RecoBTag/PerformanceMeasurements/test/crab_btagana_qcd80v3/inputs/712644a9-abe1-43c5-b45b-187fba1bf608default.tgz to the CRAB cache. Using URI https://cmsweb.cern.ch/crabcache
DEBUG 2016-11-23 00:24:19,216: 	 Loading required information from the environment
DEBUG 2016-11-23 00:24:19,217: 	 Found CMSSW_7_5_8_patch3 for slc6_amd64_gcc491 with base /grid_mnt/data__data.polcms/cms/lisniak/btgtrain/CMSSW_7_5_8_patch3
DEBUG 2016-11-23 00:24:19,217: 	 Making tarball in /grid_mnt/data__data.polcms/cms/lisniak/btgtrain/CMSSW_7_5_8_patch3/src/RecoBTag/PerformanceMeasurements/test/crab_btagana_qcd80v3/inputs/debugFiles.tgz
DEBUG 2016-11-23 00:24:19,247: 	 Uploading archive /grid_mnt/data__data.polcms/cms/lisniak/btgtrain/CMSSW_7_5_8_patch3/src/RecoBTag/PerformanceMeasurements/test/crab_btagana_qcd80v3/inputs/debugFiles.tgz to the CRAB cache. Using URI https://cmsweb.cern.ch/crabcache
DEBUG 2016-11-23 00:24:20,110: 	 Result uploading input files: 12a4903fcc64f84c4345db52de568d31aff8762685dab5805730880fe3741e13.tar.gz 
INFO 2016-11-23 00:24:20,110: 	 Sending the request to the server
DEBUG 2016-11-23 00:24:20,110: 	 Submitting {'maxjobruntime': 1250, 'extrajdl': [], 'ignorelocality': 0, 'savelogsflag': 1, 'useparent': 0, 'asyncdest': 'T2_FR_GRIF_LLR', 'algoargs': 1, 'cachefilename': '12a4903fcc64f84c4345db52de568d31aff8762685dab5805730880fe3741e13.tar.gz', 'numcores': 1, 'addoutputfiles': [], 'generator': 'pythia', 'maxmemory': 2400, 'publishdbsurl': 'https://cmsweb.cern.ch/dbs/prod/phys03/DBSWriter', 'priority': 10, 'jobsw': 'CMSSW_7_5_8_patch3', 'edmoutfiles': [], 'userfiles': [], 'primarydataset': '', 'inputdata': '/Pythia6_Dijet80_pp502_Hydjet_MB/HINPbPbWinter16DR-75X_mcRun2_HeavyIon_v13-v1/AODSIM', 'lfn': '/store/user/istaslis/btagana_qcd80v3', 'dryrun': 0, 'workflow': 'crab_btagana_qcd80v3', 'adduserfiles': [], 'nonprodsw': 0, 'tfileoutfiles': ['JetTree_fcr.root'], 'oneEventMode': 0, 'debugfilename': '7682926ea5dfdea80595e9e0f7f494a785bff5740a22f2958d3425ee2a9d3ed4.tar.gz', 'cacheurl': u'https://cmsweb.cern.ch/crabcache', 'saveoutput': 1, 'publication': 0, 'jobarch': 'slc6_amd64_gcc491', 'totalunits': 170, 'splitalgo': 'FileBased', 'ignoreglobalblacklist': 0, 'nonvaliddata': 0, 'dbsurl': 'https://cmsweb.cern.ch/dbs/prod/global/DBSReader', 'publishgroupname': 0, 'jobtype': 'Analysis', 'publishname2': 'btagana_qcd80v3'} 
DEBUG 2016-11-23 00:24:20,111: 	 Encoded submit request: maxjobruntime=1250&ignorelocality=0&savelogsflag=1&useparent=0&asyncdest=T2_FR_GRIF_LLR&algoargs=1&cachefilename=12a4903fcc64f84c4345db52de568d31aff8762685dab5805730880fe3741e13.tar.gz&numcores=1&generator=pythia&maxmemory=2400&publishdbsurl=https%3A%2F%2Fcmsweb.cern.ch%2Fdbs%2Fprod%2Fphys03%2FDBSWriter&priority=10&jobsw=CMSSW_7_5_8_patch3&primarydataset=&inputdata=%2FPythia6_Dijet80_pp502_Hydjet_MB%2FHINPbPbWinter16DR-75X_mcRun2_HeavyIon_v13-v1%2FAODSIM&lfn=%2Fstore%2Fuser%2Fistaslis%2Fbtagana_qcd80v3&dryrun=0&workflow=crab_btagana_qcd80v3&nonprodsw=0&oneEventMode=0&debugfilename=7682926ea5dfdea80595e9e0f7f494a785bff5740a22f2958d3425ee2a9d3ed4.tar.gz&cacheurl=https%3A%2F%2Fcmsweb.cern.ch%2Fcrabcache&saveoutput=1&publication=0&jobarch=slc6_amd64_gcc491&totalunits=170&splitalgo=FileBased&ignoreglobalblacklist=0&nonvaliddata=0&dbsurl=https%3A%2F%2Fcmsweb.cern.ch%2Fdbs%2Fprod%2Fglobal%2FDBSReader&publishgroupname=0&jobtype=Analysis&publishname2=btagana_qcd80v3&tfileoutfiles=JetTree_fcr.root
DEBUG 2016-11-23 00:24:21,333: 	 Result: {u'result': [{u'RequestName': u'161122_232420:istaslis_crab_btagana_qcd80v3'}]}
INFO 2016-11-23 00:24:21,336: 	 Success: Your task has been delivered to the CRAB3 server.
INFO 2016-11-23 00:24:21,336: 	 Task name: 161122_232420:istaslis_crab_btagana_qcd80v3
INFO 2016-11-23 00:24:21,337: 	 Please use 'crab status' to check how the submission process proceeds.
DEBUG 2016-11-23 00:24:21,337: 	 About to return
INFO 2016-11-23 00:24:21,345: 	 Log file is /grid_mnt/data__data.polcms/cms/lisniak/btgtrain/CMSSW_7_5_8_patch3/src/RecoBTag/PerformanceMeasurements/test/crab_btagana_qcd80v3/crab.log
DEBUG 2016-11-23 00:25:08,633: 	 Executing command: 'status'
DEBUG 2016-11-23 00:25:08,634: 	 Found CRAB cache file /home/llr/cms/lisniak/.crab3
DEBUG 2016-11-23 00:25:08,656: 	 Checking credentials
DEBUG 2016-11-23 00:25:08,657: 	 Found proxy file /tmp/x509up_u837
DEBUG 2016-11-23 00:25:08,657: 	 Getting proxy life time left
DEBUG 2016-11-23 00:25:09,662: 	 Executing : 
 command : voms-proxy-info -file /tmp/x509up_u837 -timeleft
 output : 8668

 error: 
 retcode : 0
DEBUG 2016-11-23 00:25:10,668: 	 Executing : 
 command : voms-proxy-info -file /tmp/x509up_u837 -actimeleft
 output : 8667

 error: 
 retcode : 0
DEBUG 2016-11-23 00:25:10,669: 	 Proxy valid for 02:24:28 hours
DEBUG 2016-11-23 00:25:10,786: 	 Executing : 
 command : openssl x509 -in ~/.globus/usercert.pem -subject -noout
 output : subject= /DC=ch/DC=cern/OU=Organic Units/OU=Users/CN=istaslis/CN=747350/CN=Stanislav Lisniak

 error: 
 retcode : 0
DEBUG 2016-11-23 00:25:10,786: 	 Checking credentials
DEBUG 2016-11-23 00:25:10,786: 	 Found proxy file /tmp/x509up_u837
DEBUG 2016-11-23 00:25:10,786: 	 Getting proxy life time left
DEBUG 2016-11-23 00:25:11,691: 	 Executing : 
 command : voms-proxy-info -file /tmp/x509up_u837 -timeleft
 output : 8666

 error: 
 retcode : 0
DEBUG 2016-11-23 00:25:12,597: 	 Executing : 
 command : voms-proxy-info -file /tmp/x509up_u837 -actimeleft
 output : 8665

 error: 
 retcode : 0
DEBUG 2016-11-23 00:25:12,597: 	 Proxy valid for 02:24:26 hours
DEBUG 2016-11-23 00:25:13,437: 	 Registering user credentials for server /DC=ch/DC=cern/OU=computers/CN=vocms(045|052|021|031|0118|0118a|0119|0108).cern.ch
DEBUG 2016-11-23 00:25:13,549: 	 Executing : 
 command : openssl x509 -in ~/.globus/usercert.pem -subject -noout
 output : subject= /DC=ch/DC=cern/OU=Organic Units/OU=Users/CN=istaslis/CN=747350/CN=Stanislav Lisniak

 error: 
 retcode : 0
DEBUG 2016-11-23 00:25:13,549: 	 Getting myproxy life time left for myproxy.cern.ch
DEBUG 2016-11-23 00:25:13,549: 	 Calculating hash of /DC=ch/DC=cern/OU=Organic Units/OU=Users/CN=istaslis/CN=747350/CN=Stanislav Lisniak_cmsweb.cern.ch for credential name
DEBUG 2016-11-23 00:25:14,654: 	 Executing : 
 command : myproxy-info -l fb080dc7d4e0790beaeb2d952381dd7a3f1f2fd6 -s myproxy.cern.ch
 output : username: fb080dc7d4e0790beaeb2d952381dd7a3f1f2fd6
owner: /DC=ch/DC=cern/OU=Organic Units/OU=Users/CN=istaslis/CN=747350/CN=Stanislav Lisniak
  renewal policy: /DC=ch/DC=cern/OU=computers/CN=vocms(045|052|021|031|0118|0118a|0119|0108).cern.ch
  trusted retrieval policy: /DC=ch/DC=cern/OU=computers/CN=vocms(045|052|021|031|0118|0118a|0119|0108).cern.ch
  timeleft: 520:59:34  (21.7 days)

 error: 
 retcode : 0
DEBUG 2016-11-23 00:25:14,656: 	 Myproxy is valid: 1875574
DEBUG 2016-11-23 00:25:14,656: 	 Command use: status
DEBUG 2016-11-23 00:25:14,656: 	 Options use: []
DEBUG 2016-11-23 00:25:15,532: 	 CRABClient version: 3.3.1611
DEBUG 2016-11-23 00:25:15,532: 	 Instance is prod
DEBUG 2016-11-23 00:25:15,532: 	 Server base url is cmsweb.cern.ch
DEBUG 2016-11-23 00:25:15,532: 	 Command url /crabserver/prod/workflow
DEBUG 2016-11-23 00:25:15,532: 	 Looking up detailed status of task 161122_232420:istaslis_crab_btagana_qcd80v3
DEBUG 2016-11-23 00:25:16,401: 	 {u'status': u'QUEUED', u'username': u'istaslis', u'totalJobdefs': 0, u'jobsPerStatus': {}, u'taskWarningMsg': [], u'schedd': u'', u'statusFailureMsg': u'', u'taskFailureMsg': u'', u'failedJobdefs': 0, u'command': u'SUBMIT', u'submissionTime': 1479857061, u'jobdefErrors': [], u'collector': u'cmsgwms-collector-global.cern.ch,cmssrv221.fnal.gov', u'jobList': []}
INFO 2016-11-23 00:25:16,401: 	 CRAB project directory:		/grid_mnt/data__data.polcms/cms/lisniak/btgtrain/CMSSW_7_5_8_patch3/src/RecoBTag/PerformanceMeasurements/test/crab_btagana_qcd80v3
INFO 2016-11-23 00:25:16,401: 	 Task name:			161122_232420:istaslis_crab_btagana_qcd80v3
INFO 2016-11-23 00:25:16,401: 	 Task status:			QUEUED on command SUBMIT
INFO 2016-11-23 00:25:16,401: 	 
No jobs created yet!
INFO 2016-11-23 00:25:16,405: 	 Log file is /grid_mnt/data__data.polcms/cms/lisniak/btgtrain/CMSSW_7_5_8_patch3/src/RecoBTag/PerformanceMeasurements/test/crab_btagana_qcd80v3/crab.log
DEBUG 2016-11-23 00:32:50,565: 	 Executing command: 'status'
DEBUG 2016-11-23 00:32:50,566: 	 Found CRAB cache file /home/llr/cms/lisniak/.crab3
DEBUG 2016-11-23 00:32:50,594: 	 Checking credentials
DEBUG 2016-11-23 00:32:50,595: 	 Found proxy file /tmp/x509up_u837
DEBUG 2016-11-23 00:32:50,595: 	 Getting proxy life time left
DEBUG 2016-11-23 00:32:51,500: 	 Executing : 
 command : voms-proxy-info -file /tmp/x509up_u837 -timeleft
 output : 8206

 error: 
 retcode : 0
DEBUG 2016-11-23 00:32:52,606: 	 Executing : 
 command : voms-proxy-info -file /tmp/x509up_u837 -actimeleft
 output : 8205

 error: 
 retcode : 0
DEBUG 2016-11-23 00:32:52,607: 	 Proxy valid for 02:16:46 hours
DEBUG 2016-11-23 00:32:52,723: 	 Executing : 
 command : openssl x509 -in ~/.globus/usercert.pem -subject -noout
 output : subject= /DC=ch/DC=cern/OU=Organic Units/OU=Users/CN=istaslis/CN=747350/CN=Stanislav Lisniak

 error: 
 retcode : 0
DEBUG 2016-11-23 00:32:52,723: 	 Checking credentials
DEBUG 2016-11-23 00:32:52,724: 	 Found proxy file /tmp/x509up_u837
DEBUG 2016-11-23 00:32:52,724: 	 Getting proxy life time left
DEBUG 2016-11-23 00:32:53,629: 	 Executing : 
 command : voms-proxy-info -file /tmp/x509up_u837 -timeleft
 output : 8204

 error: 
 retcode : 0
DEBUG 2016-11-23 00:32:54,535: 	 Executing : 
 command : voms-proxy-info -file /tmp/x509up_u837 -actimeleft
 output : 8203

 error: 
 retcode : 0
DEBUG 2016-11-23 00:32:54,535: 	 Proxy valid for 02:16:44 hours
DEBUG 2016-11-23 00:32:55,400: 	 Registering user credentials for server /DC=ch/DC=cern/OU=computers/CN=vocms(045|052|021|031|0118|0118a|0119|0108).cern.ch
DEBUG 2016-11-23 00:32:55,511: 	 Executing : 
 command : openssl x509 -in ~/.globus/usercert.pem -subject -noout
 output : subject= /DC=ch/DC=cern/OU=Organic Units/OU=Users/CN=istaslis/CN=747350/CN=Stanislav Lisniak

 error: 
 retcode : 0
DEBUG 2016-11-23 00:32:55,512: 	 Getting myproxy life time left for myproxy.cern.ch
DEBUG 2016-11-23 00:32:55,512: 	 Calculating hash of /DC=ch/DC=cern/OU=Organic Units/OU=Users/CN=istaslis/CN=747350/CN=Stanislav Lisniak_cmsweb.cern.ch for credential name
DEBUG 2016-11-23 00:32:56,116: 	 Executing : 
 command : myproxy-info -l fb080dc7d4e0790beaeb2d952381dd7a3f1f2fd6 -s myproxy.cern.ch
 output : username: fb080dc7d4e0790beaeb2d952381dd7a3f1f2fd6
owner: /DC=ch/DC=cern/OU=Organic Units/OU=Users/CN=istaslis/CN=747350/CN=Stanislav Lisniak
  renewal policy: /DC=ch/DC=cern/OU=computers/CN=vocms(045|052|021|031|0118|0118a|0119|0108).cern.ch
  trusted retrieval policy: /DC=ch/DC=cern/OU=computers/CN=vocms(045|052|021|031|0118|0118a|0119|0108).cern.ch
  timeleft: 520:51:52  (21.7 days)

 error: 
 retcode : 0
DEBUG 2016-11-23 00:32:56,118: 	 Myproxy is valid: 1875112
DEBUG 2016-11-23 00:32:56,118: 	 Command use: status
DEBUG 2016-11-23 00:32:56,119: 	 Options use: ['-d', 'crab_btagana_qcd80v3/']
DEBUG 2016-11-23 00:32:56,972: 	 CRABClient version: 3.3.1611
DEBUG 2016-11-23 00:32:56,972: 	 Instance is prod
DEBUG 2016-11-23 00:32:56,972: 	 Server base url is cmsweb.cern.ch
DEBUG 2016-11-23 00:32:56,973: 	 Command url /crabserver/prod/workflow
DEBUG 2016-11-23 00:32:56,973: 	 Looking up detailed status of task 161122_232420:istaslis_crab_btagana_qcd80v3
DEBUG 2016-11-23 00:33:02,273: 	 {u'status': u'SUBMITTED', u'username': u'istaslis', u'jobsPerStatus': {u'idle': 170}, u'jobs': {u'133': {u'State': u'idle'}, u'132': {u'State': u'idle'}, u'131': {u'State': u'idle'}, u'130': {u'State': u'idle'}, u'137': {u'State': u'idle'}, u'136': {u'State': u'idle'}, u'135': {u'State': u'idle'}, u'134': {u'State': u'idle'}, u'139': {u'State': u'idle'}, u'138': {u'State': u'idle'}, u'93': {u'State': u'idle'}, u'24': {u'State': u'idle'}, u'25': {u'State': u'idle'}, u'26': {u'State': u'idle'}, u'27': {u'State': u'idle'}, u'20': {u'State': u'idle'}, u'21': {u'State': u'idle'}, u'22': {u'State': u'idle'}, u'23': {u'State': u'idle'}, u'95': {u'State': u'idle'}, u'28': {u'State': u'idle'}, u'29': {u'State': u'idle'}, u'94': {u'State': u'idle'}, u'4': {u'State': u'idle'}, u'8': {u'State': u'idle'}, u'96': {u'State': u'idle'}, u'120': {u'State': u'idle'}, u'121': {u'State': u'idle'}, u'122': {u'State': u'idle'}, u'123': {u'State': u'idle'}, u'124': {u'State': u'idle'}, u'125': {u'State': u'idle'}, u'126': {u'State': u'idle'}, u'127': {u'State': u'idle'}, u'128': {u'State': u'idle'}, u'129': {u'State': u'idle'}, u'91': {u'State': u'idle'}, u'59': {u'State': u'idle'}, u'58': {u'State': u'idle'}, u'55': {u'State': u'idle'}, u'54': {u'State': u'idle'}, u'57': {u'State': u'idle'}, u'56': {u'State': u'idle'}, u'51': {u'State': u'idle'}, u'50': {u'State': u'idle'}, u'53': {u'State': u'idle'}, u'52': {u'State': u'idle'}, u'90': {u'State': u'idle'}, u'115': {u'State': u'idle'}, u'114': {u'State': u'idle'}, u'88': {u'State': u'idle'}, u'89': {u'State': u'idle'}, u'111': {u'State': u'idle'}, u'110': {u'State': u'idle'}, u'113': {u'State': u'idle'}, u'112': {u'State': u'idle'}, u'82': {u'State': u'idle'}, u'83': {u'State': u'idle'}, u'80': {u'State': u'idle'}, u'81': {u'State': u'idle'}, u'119': {u'State': u'idle'}, u'118': {u'State': u'idle'}, u'84': {u'State': u'idle'}, u'85': {u'State': u'idle'}, u'3': {u'State': u'idle'}, u'7': {u'State': u'idle'}, u'92': {u'State': u'idle'}, u'108': {u'State': u'idle'}, u'109': {u'State': u'idle'}, u'102': {u'State': u'idle'}, u'103': {u'State': u'idle'}, u'100': {u'State': u'idle'}, u'101': {u'State': u'idle'}, u'106': {u'State': u'idle'}, u'107': {u'State': u'idle'}, u'104': {u'State': u'idle'}, u'105': {u'State': u'idle'}, u'39': {u'State': u'idle'}, u'38': {u'State': u'idle'}, u'33': {u'State': u'idle'}, u'32': {u'State': u'idle'}, u'31': {u'State': u'idle'}, u'30': {u'State': u'idle'}, u'37': {u'State': u'idle'}, u'36': {u'State': u'idle'}, u'35': {u'State': u'idle'}, u'34': {u'State': u'idle'}, u'60': {u'State': u'idle'}, u'61': {u'State': u'idle'}, u'62': {u'State': u'idle'}, u'63': {u'State': u'idle'}, u'64': {u'State': u'idle'}, u'65': {u'State': u'idle'}, u'66': {u'State': u'idle'}, u'67': {u'State': u'idle'}, u'68': {u'State': u'idle'}, u'69': {u'State': u'idle'}, u'170': {u'State': u'idle'}, u'2': {u'State': u'idle'}, u'6': {u'State': u'idle'}, u'97': {u'State': u'idle'}, u'99': {u'State': u'idle'}, u'98': {u'State': u'idle'}, u'168': {u'State': u'idle'}, u'169': {u'State': u'idle'}, u'164': {u'State': u'idle'}, u'165': {u'State': u'idle'}, u'166': {u'State': u'idle'}, u'167': {u'State': u'idle'}, u'160': {u'State': u'idle'}, u'161': {u'State': u'idle'}, u'162': {u'State': u'idle'}, u'163': {u'State': u'idle'}, u'11': {u'State': u'idle'}, u'10': {u'State': u'idle'}, u'13': {u'State': u'idle'}, u'12': {u'State': u'idle'}, u'15': {u'State': u'idle'}, u'14': {u'State': u'idle'}, u'17': {u'State': u'idle'}, u'16': {u'State': u'idle'}, u'19': {u'State': u'idle'}, u'18': {u'State': u'idle'}, u'117': {u'State': u'idle'}, u'116': {u'State': u'idle'}, u'151': {u'State': u'idle'}, u'150': {u'State': u'idle'}, u'153': {u'State': u'idle'}, u'152': {u'State': u'idle'}, u'155': {u'State': u'idle'}, u'154': {u'State': u'idle'}, u'157': {u'State': u'idle'}, u'156': {u'State': u'idle'}, u'159': {u'State': u'idle'}, u'158': {u'State': u'idle'}, u'48': {u'State': u'idle'}, u'49': {u'State': u'idle'}, u'46': {u'State': u'idle'}, u'86': {u'State': u'idle'}, u'44': {u'State': u'idle'}, u'45': {u'State': u'idle'}, u'42': {u'State': u'idle'}, u'43': {u'State': u'idle'}, u'40': {u'State': u'idle'}, u'87': {u'State': u'idle'}, u'1': {u'State': u'idle'}, u'5': {u'State': u'idle'}, u'9': {u'State': u'idle'}, u'146': {u'State': u'idle'}, u'147': {u'State': u'idle'}, u'144': {u'State': u'idle'}, u'145': {u'State': u'idle'}, u'142': {u'State': u'idle'}, u'143': {u'State': u'idle'}, u'140': {u'State': u'idle'}, u'141': {u'State': u'idle'}, u'148': {u'State': u'idle'}, u'149': {u'State': u'idle'}, u'77': {u'State': u'idle'}, u'76': {u'State': u'idle'}, u'75': {u'State': u'idle'}, u'74': {u'State': u'idle'}, u'73': {u'State': u'idle'}, u'72': {u'State': u'idle'}, u'71': {u'State': u'idle'}, u'70': {u'State': u'idle'}, u'79': {u'State': u'idle'}, u'78': {u'State': u'idle'}, u'41': {u'State': u'idle'}, u'47': {u'State': u'idle'}}, u'publication': {u'disabled': []}, u'taskWarningMsg': [], u'schedd': u'crab3-1@submit-5.t2.ucsd.edu', u'publicationFailures': {}, u'outdatasets': None, u'statusFailureMsg': u'', u'taskFailureMsg': u'', u'failedJobdefs': 0, u'ASOURL': u'https://cmsweb.cern.ch/couchdb2', u'command': u'SUBMIT', u'totalJobdefs': 0, u'submissionTime': 1479857061, u'jobdefErrors': [], u'collector': u'cmsgwms-collector-global.cern.ch,cmssrv221.fnal.gov', u'jobList': [[u'idle', 165], [u'idle', 133], [u'idle', 132], [u'idle', 131], [u'idle', 130], [u'idle', 137], [u'idle', 136], [u'idle', 135], [u'idle', 134], [u'idle', 139], [u'idle', 138], [u'idle', 166], [u'idle', 24], [u'idle', 25], [u'idle', 26], [u'idle', 27], [u'idle', 20], [u'idle', 21], [u'idle', 22], [u'idle', 23], [u'idle', 160], [u'idle', 28], [u'idle', 29], [u'idle', 161], [u'idle', 4], [u'idle', 8], [u'idle', 163], [u'idle', 119], [u'idle', 120], [u'idle', 121], [u'idle', 122], [u'idle', 123], [u'idle', 124], [u'idle', 125], [u'idle', 126], [u'idle', 127], [u'idle', 128], [u'idle', 129], [u'idle', 167], [u'idle', 118], [u'idle', 59], [u'idle', 58], [u'idle', 55], [u'idle', 54], [u'idle', 57], [u'idle', 56], [u'idle', 51], [u'idle', 50], [u'idle', 53], [u'idle', 52], [u'idle', 164], [u'idle', 115], [u'idle', 114], [u'idle', 88], [u'idle', 89], [u'idle', 111], [u'idle', 110], [u'idle', 113], [u'idle', 112], [u'idle', 82], [u'idle', 83], [u'idle', 80], [u'idle', 81], [u'idle', 86], [u'idle', 87], [u'idle', 84], [u'idle', 85], [u'idle', 3], [u'idle', 7], [u'idle', 108], [u'idle', 109], [u'idle', 102], [u'idle', 103], [u'idle', 100], [u'idle', 101], [u'idle', 106], [u'idle', 107], [u'idle', 104], [u'idle', 105], [u'idle', 39], [u'idle', 38], [u'idle', 33], [u'idle', 32], [u'idle', 31], [u'idle', 30], [u'idle', 37], [u'idle', 36], [u'idle', 35], [u'idle', 34], [u'idle', 60], [u'idle', 61], [u'idle', 62], [u'idle', 63], [u'idle', 64], [u'idle', 65], [u'idle', 66], [u'idle', 67], [u'idle', 68], [u'idle', 69], [u'idle', 170], [u'idle', 2], [u'idle', 162], [u'idle', 6], [u'idle', 99], [u'idle', 98], [u'idle', 168], [u'idle', 169], [u'idle', 91], [u'idle', 90], [u'idle', 93], [u'idle', 92], [u'idle', 95], [u'idle', 94], [u'idle', 97], [u'idle', 96], [u'idle', 11], [u'idle', 10], [u'idle', 13], [u'idle', 12], [u'idle', 15], [u'idle', 14], [u'idle', 17], [u'idle', 16], [u'idle', 19], [u'idle', 18], [u'idle', 117], [u'idle', 116], [u'idle', 151], [u'idle', 150], [u'idle', 153], [u'idle', 152], [u'idle', 155], [u'idle', 154], [u'idle', 157], [u'idle', 156], [u'idle', 159], [u'idle', 158], [u'idle', 48], [u'idle', 49], [u'idle', 46], [u'idle', 47], [u'idle', 44], [u'idle', 45], [u'idle', 42], [u'idle', 43], [u'idle', 40], [u'idle', 41], [u'idle', 1], [u'idle', 5], [u'idle', 9], [u'idle', 146], [u'idle', 147], [u'idle', 144], [u'idle', 145], [u'idle', 142], [u'idle', 143], [u'idle', 140], [u'idle', 141], [u'idle', 148], [u'idle', 149], [u'idle', 77], [u'idle', 76], [u'idle', 75], [u'idle', 74], [u'idle', 73], [u'idle', 72], [u'idle', 71], [u'idle', 70], [u'idle', 79], [u'idle', 78]]}
INFO 2016-11-23 00:33:02,273: 	 CRAB project directory:		/grid_mnt/data__data.polcms/cms/lisniak/btgtrain/CMSSW_7_5_8_patch3/src/RecoBTag/PerformanceMeasurements/test/crab_btagana_qcd80v3
INFO 2016-11-23 00:33:02,274: 	 Task name:			161122_232420:istaslis_crab_btagana_qcd80v3
INFO 2016-11-23 00:33:02,274: 	 Grid scheduler:			crab3-1@submit-5.t2.ucsd.edu
INFO 2016-11-23 00:33:02,274: 	 Task status:			SUBMITTED
INFO 2016-11-23 00:33:02,274: 	 Dashboard monitoring URL:	http://dashb-cms-job.cern.ch/dashboard/templates/task-analysis/#user=istaslis&table=Mains&pattern=161122_232420%3Aistaslis_crab_btagana_qcd80v3
INFO 2016-11-23 00:33:02,274: 	 
Jobs status:			idle          100.0% (170/170)
INFO 2016-11-23 00:33:02,275: 	 
No publication information (publication has been disabled in the CRAB configuration file)
INFO 2016-11-23 00:33:02,280: 	 Log file is /grid_mnt/data__data.polcms/cms/lisniak/btgtrain/CMSSW_7_5_8_patch3/src/RecoBTag/PerformanceMeasurements/test/crab_btagana_qcd80v3/crab.log
DEBUG 2016-11-23 09:47:11,829: 	 Executing command: 'status'
DEBUG 2016-11-23 09:47:11,830: 	 Found CRAB cache file /home/llr/cms/lisniak/.crab3
DEBUG 2016-11-23 09:47:11,841: 	 Checking credentials
DEBUG 2016-11-23 09:47:11,841: 	 Found proxy file /tmp/x509up_u837
DEBUG 2016-11-23 09:47:11,841: 	 Getting proxy life time left
DEBUG 2016-11-23 09:47:12,747: 	 Executing : 
 command : voms-proxy-info -file /tmp/x509up_u837 -timeleft
 output : 86381

 error: 
 retcode : 0
DEBUG 2016-11-23 09:47:13,653: 	 Executing : 
 command : voms-proxy-info -file /tmp/x509up_u837 -actimeleft
 output : 86379

 error: 
 retcode : 0
DEBUG 2016-11-23 09:47:13,653: 	 Proxy valid for 23:59:41 hours
DEBUG 2016-11-23 09:47:13,770: 	 Executing : 
 command : openssl x509 -in ~/.globus/usercert.pem -subject -noout
 output : subject= /DC=ch/DC=cern/OU=Organic Units/OU=Users/CN=istaslis/CN=747350/CN=Stanislav Lisniak

 error: 
 retcode : 0
DEBUG 2016-11-23 09:47:13,770: 	 Checking credentials
DEBUG 2016-11-23 09:47:13,771: 	 Found proxy file /tmp/x509up_u837
DEBUG 2016-11-23 09:47:13,771: 	 Getting proxy life time left
DEBUG 2016-11-23 09:47:14,676: 	 Executing : 
 command : voms-proxy-info -file /tmp/x509up_u837 -timeleft
 output : 86379

 error: 
 retcode : 0
DEBUG 2016-11-23 09:47:15,582: 	 Executing : 
 command : voms-proxy-info -file /tmp/x509up_u837 -actimeleft
 output : 86377

 error: 
 retcode : 0
DEBUG 2016-11-23 09:47:15,582: 	 Proxy valid for 23:59:39 hours
DEBUG 2016-11-23 09:47:16,387: 	 Registering user credentials for server /DC=ch/DC=cern/OU=computers/CN=vocms(045|052|021|031|0118|0118a|0119|0108).cern.ch
DEBUG 2016-11-23 09:47:16,499: 	 Executing : 
 command : openssl x509 -in ~/.globus/usercert.pem -subject -noout
 output : subject= /DC=ch/DC=cern/OU=Organic Units/OU=Users/CN=istaslis/CN=747350/CN=Stanislav Lisniak

 error: 
 retcode : 0
DEBUG 2016-11-23 09:47:16,499: 	 Getting myproxy life time left for myproxy.cern.ch
DEBUG 2016-11-23 09:47:16,499: 	 Calculating hash of /DC=ch/DC=cern/OU=Organic Units/OU=Users/CN=istaslis/CN=747350/CN=Stanislav Lisniak_cmsweb.cern.ch for credential name
DEBUG 2016-11-23 09:47:17,004: 	 Executing : 
 command : myproxy-info -l fb080dc7d4e0790beaeb2d952381dd7a3f1f2fd6 -s myproxy.cern.ch
 output : username: fb080dc7d4e0790beaeb2d952381dd7a3f1f2fd6
owner: /DC=ch/DC=cern/OU=Organic Units/OU=Users/CN=istaslis/CN=747350/CN=Stanislav Lisniak
  renewal policy: /DC=ch/DC=cern/OU=computers/CN=vocms(045|052|021|031|0118|0118a|0119|0108).cern.ch
  trusted retrieval policy: /DC=ch/DC=cern/OU=computers/CN=vocms(045|052|021|031|0118|0118a|0119|0108).cern.ch
  timeleft: 511:37:32  (21.3 days)

 error: 
 retcode : 0
DEBUG 2016-11-23 09:47:17,005: 	 Myproxy is valid: 1841852
DEBUG 2016-11-23 09:47:17,006: 	 Command use: status
DEBUG 2016-11-23 09:47:17,006: 	 Options use: ['-d', 'crab_btagana_qcd80v3/']
DEBUG 2016-11-23 09:47:17,884: 	 CRABClient version: 3.3.1611
DEBUG 2016-11-23 09:47:17,884: 	 Instance is prod
DEBUG 2016-11-23 09:47:17,884: 	 Server base url is cmsweb.cern.ch
DEBUG 2016-11-23 09:47:17,884: 	 Command url /crabserver/prod/workflow
DEBUG 2016-11-23 09:47:17,884: 	 Looking up detailed status of task 161122_232420:istaslis_crab_btagana_qcd80v3
DEBUG 2016-11-23 09:47:19,989: 	 {u'status': u'COMPLETED', u'username': u'istaslis', u'jobsPerStatus': {u'finished': 170}, u'jobs': {u'133': {u'State': u'finished'}, u'132': {u'State': u'finished'}, u'131': {u'State': u'finished'}, u'130': {u'State': u'finished'}, u'137': {u'State': u'finished'}, u'136': {u'State': u'finished'}, u'135': {u'State': u'finished'}, u'134': {u'State': u'finished'}, u'139': {u'State': u'finished'}, u'138': {u'State': u'finished'}, u'93': {u'State': u'finished'}, u'24': {u'State': u'finished'}, u'25': {u'State': u'finished'}, u'26': {u'State': u'finished'}, u'27': {u'State': u'finished'}, u'20': {u'State': u'finished'}, u'21': {u'State': u'finished'}, u'22': {u'State': u'finished'}, u'23': {u'State': u'finished'}, u'95': {u'State': u'finished'}, u'28': {u'State': u'finished'}, u'29': {u'State': u'finished'}, u'94': {u'State': u'finished'}, u'4': {u'State': u'finished'}, u'8': {u'State': u'finished'}, u'96': {u'State': u'finished'}, u'120': {u'State': u'finished'}, u'121': {u'State': u'finished'}, u'122': {u'State': u'finished'}, u'123': {u'State': u'finished'}, u'124': {u'State': u'finished'}, u'125': {u'State': u'finished'}, u'126': {u'State': u'finished'}, u'127': {u'State': u'finished'}, u'128': {u'State': u'finished'}, u'129': {u'State': u'finished'}, u'91': {u'State': u'finished'}, u'59': {u'State': u'finished'}, u'58': {u'State': u'finished'}, u'55': {u'State': u'finished'}, u'54': {u'State': u'finished'}, u'57': {u'State': u'finished'}, u'56': {u'State': u'finished'}, u'51': {u'State': u'finished'}, u'50': {u'State': u'finished'}, u'53': {u'State': u'finished'}, u'52': {u'State': u'finished'}, u'90': {u'State': u'finished'}, u'115': {u'State': u'finished'}, u'114': {u'State': u'finished'}, u'88': {u'State': u'finished'}, u'89': {u'State': u'finished'}, u'111': {u'State': u'finished'}, u'110': {u'State': u'finished'}, u'113': {u'State': u'finished'}, u'112': {u'State': u'finished'}, u'82': {u'State': u'finished'}, u'83': {u'State': u'finished'}, u'80': {u'State': u'finished'}, u'81': {u'State': u'finished'}, u'119': {u'State': u'finished'}, u'118': {u'State': u'finished'}, u'84': {u'State': u'finished'}, u'85': {u'State': u'finished'}, u'3': {u'State': u'finished'}, u'7': {u'State': u'finished'}, u'92': {u'State': u'finished'}, u'108': {u'State': u'finished'}, u'109': {u'State': u'finished'}, u'102': {u'State': u'finished'}, u'103': {u'State': u'finished'}, u'100': {u'State': u'finished'}, u'101': {u'State': u'finished'}, u'106': {u'State': u'finished'}, u'107': {u'State': u'finished'}, u'104': {u'State': u'finished'}, u'105': {u'State': u'finished'}, u'39': {u'State': u'finished'}, u'38': {u'State': u'finished'}, u'33': {u'State': u'finished'}, u'32': {u'State': u'finished'}, u'31': {u'State': u'finished'}, u'30': {u'State': u'finished'}, u'37': {u'State': u'finished'}, u'36': {u'State': u'finished'}, u'35': {u'State': u'finished'}, u'34': {u'State': u'finished'}, u'60': {u'State': u'finished'}, u'61': {u'State': u'finished'}, u'62': {u'State': u'finished'}, u'63': {u'State': u'finished'}, u'64': {u'State': u'finished'}, u'65': {u'State': u'finished'}, u'66': {u'State': u'finished'}, u'67': {u'State': u'finished'}, u'68': {u'State': u'finished'}, u'69': {u'State': u'finished'}, u'170': {u'State': u'finished'}, u'2': {u'State': u'finished'}, u'6': {u'State': u'finished'}, u'97': {u'State': u'finished'}, u'99': {u'State': u'finished'}, u'98': {u'State': u'finished'}, u'168': {u'State': u'finished'}, u'169': {u'State': u'finished'}, u'164': {u'State': u'finished'}, u'165': {u'State': u'finished'}, u'166': {u'State': u'finished'}, u'167': {u'State': u'finished'}, u'160': {u'State': u'finished'}, u'161': {u'State': u'finished'}, u'162': {u'State': u'finished'}, u'163': {u'State': u'finished'}, u'11': {u'State': u'finished'}, u'10': {u'State': u'finished'}, u'13': {u'State': u'finished'}, u'12': {u'State': u'finished'}, u'15': {u'State': u'finished'}, u'14': {u'State': u'finished'}, u'17': {u'State': u'finished'}, u'16': {u'State': u'finished'}, u'19': {u'State': u'finished'}, u'18': {u'State': u'finished'}, u'117': {u'State': u'finished'}, u'116': {u'State': u'finished'}, u'151': {u'State': u'finished'}, u'150': {u'State': u'finished'}, u'153': {u'State': u'finished'}, u'152': {u'State': u'finished'}, u'155': {u'State': u'finished'}, u'154': {u'State': u'finished'}, u'157': {u'State': u'finished'}, u'156': {u'State': u'finished'}, u'159': {u'State': u'finished'}, u'158': {u'State': u'finished'}, u'48': {u'State': u'finished'}, u'49': {u'State': u'finished'}, u'46': {u'State': u'finished'}, u'86': {u'State': u'finished'}, u'44': {u'State': u'finished'}, u'45': {u'State': u'finished'}, u'42': {u'State': u'finished'}, u'43': {u'State': u'finished'}, u'40': {u'State': u'finished'}, u'87': {u'State': u'finished'}, u'1': {u'State': u'finished'}, u'5': {u'State': u'finished'}, u'9': {u'State': u'finished'}, u'146': {u'State': u'finished'}, u'147': {u'State': u'finished'}, u'144': {u'State': u'finished'}, u'145': {u'State': u'finished'}, u'142': {u'State': u'finished'}, u'143': {u'State': u'finished'}, u'140': {u'State': u'finished'}, u'141': {u'State': u'finished'}, u'148': {u'State': u'finished'}, u'149': {u'State': u'finished'}, u'77': {u'State': u'finished'}, u'76': {u'State': u'finished'}, u'75': {u'State': u'finished'}, u'74': {u'State': u'finished'}, u'73': {u'State': u'finished'}, u'72': {u'State': u'finished'}, u'71': {u'State': u'finished'}, u'70': {u'State': u'finished'}, u'79': {u'State': u'finished'}, u'78': {u'State': u'finished'}, u'41': {u'State': u'finished'}, u'47': {u'State': u'finished'}}, u'publication': {u'disabled': []}, u'taskWarningMsg': [], u'schedd': u'crab3-1@submit-5.t2.ucsd.edu', u'publicationFailures': {}, u'outdatasets': None, u'statusFailureMsg': u'', u'taskFailureMsg': u'', u'failedJobdefs': 0, u'ASOURL': u'https://cmsweb.cern.ch/couchdb2', u'command': u'SUBMIT', u'totalJobdefs': 0, u'submissionTime': 1479857061, u'jobdefErrors': [], u'collector': u'cmsgwms-collector-global.cern.ch,cmssrv221.fnal.gov', u'jobList': [[u'finished', 165], [u'finished', 133], [u'finished', 132], [u'finished', 131], [u'finished', 130], [u'finished', 137], [u'finished', 136], [u'finished', 135], [u'finished', 134], [u'finished', 139], [u'finished', 138], [u'finished', 166], [u'finished', 24], [u'finished', 25], [u'finished', 26], [u'finished', 27], [u'finished', 20], [u'finished', 21], [u'finished', 22], [u'finished', 23], [u'finished', 160], [u'finished', 28], [u'finished', 29], [u'finished', 161], [u'finished', 4], [u'finished', 8], [u'finished', 163], [u'finished', 119], [u'finished', 120], [u'finished', 121], [u'finished', 122], [u'finished', 123], [u'finished', 124], [u'finished', 125], [u'finished', 126], [u'finished', 127], [u'finished', 128], [u'finished', 129], [u'finished', 167], [u'finished', 118], [u'finished', 59], [u'finished', 58], [u'finished', 55], [u'finished', 54], [u'finished', 57], [u'finished', 56], [u'finished', 51], [u'finished', 50], [u'finished', 53], [u'finished', 52], [u'finished', 164], [u'finished', 115], [u'finished', 114], [u'finished', 88], [u'finished', 89], [u'finished', 111], [u'finished', 110], [u'finished', 113], [u'finished', 112], [u'finished', 82], [u'finished', 83], [u'finished', 80], [u'finished', 81], [u'finished', 86], [u'finished', 87], [u'finished', 84], [u'finished', 85], [u'finished', 3], [u'finished', 7], [u'finished', 108], [u'finished', 109], [u'finished', 102], [u'finished', 103], [u'finished', 100], [u'finished', 101], [u'finished', 106], [u'finished', 107], [u'finished', 104], [u'finished', 105], [u'finished', 39], [u'finished', 38], [u'finished', 33], [u'finished', 32], [u'finished', 31], [u'finished', 30], [u'finished', 37], [u'finished', 36], [u'finished', 35], [u'finished', 34], [u'finished', 60], [u'finished', 61], [u'finished', 62], [u'finished', 63], [u'finished', 64], [u'finished', 65], [u'finished', 66], [u'finished', 67], [u'finished', 68], [u'finished', 69], [u'finished', 170], [u'finished', 2], [u'finished', 162], [u'finished', 6], [u'finished', 99], [u'finished', 98], [u'finished', 168], [u'finished', 169], [u'finished', 91], [u'finished', 90], [u'finished', 93], [u'finished', 92], [u'finished', 95], [u'finished', 94], [u'finished', 97], [u'finished', 96], [u'finished', 11], [u'finished', 10], [u'finished', 13], [u'finished', 12], [u'finished', 15], [u'finished', 14], [u'finished', 17], [u'finished', 16], [u'finished', 19], [u'finished', 18], [u'finished', 117], [u'finished', 116], [u'finished', 151], [u'finished', 150], [u'finished', 153], [u'finished', 152], [u'finished', 155], [u'finished', 154], [u'finished', 157], [u'finished', 156], [u'finished', 159], [u'finished', 158], [u'finished', 48], [u'finished', 49], [u'finished', 46], [u'finished', 47], [u'finished', 44], [u'finished', 45], [u'finished', 42], [u'finished', 43], [u'finished', 40], [u'finished', 41], [u'finished', 1], [u'finished', 5], [u'finished', 9], [u'finished', 146], [u'finished', 147], [u'finished', 144], [u'finished', 145], [u'finished', 142], [u'finished', 143], [u'finished', 140], [u'finished', 141], [u'finished', 148], [u'finished', 149], [u'finished', 77], [u'finished', 76], [u'finished', 75], [u'finished', 74], [u'finished', 73], [u'finished', 72], [u'finished', 71], [u'finished', 70], [u'finished', 79], [u'finished', 78]]}
INFO 2016-11-23 09:47:19,989: 	 CRAB project directory:		/grid_mnt/data__data.polcms/cms/lisniak/btgtrain/CMSSW_7_5_8_patch3/src/RecoBTag/PerformanceMeasurements/test/crab_btagana_qcd80v3
INFO 2016-11-23 09:47:19,989: 	 Task name:			161122_232420:istaslis_crab_btagana_qcd80v3
INFO 2016-11-23 09:47:19,989: 	 Grid scheduler:			crab3-1@submit-5.t2.ucsd.edu
INFO 2016-11-23 09:47:19,989: 	 Task status:			COMPLETED
INFO 2016-11-23 09:47:19,990: 	 Dashboard monitoring URL:	http://dashb-cms-job.cern.ch/dashboard/templates/task-analysis/#user=istaslis&table=Mains&pattern=161122_232420%3Aistaslis_crab_btagana_qcd80v3
INFO 2016-11-23 09:47:19,990: 	 
Jobs status:			finished      100.0% (170/170)
INFO 2016-11-23 09:47:19,990: 	 
No publication information (publication has been disabled in the CRAB configuration file)
INFO 2016-11-23 09:47:19,995: 	 Log file is /grid_mnt/data__data.polcms/cms/lisniak/btgtrain/CMSSW_7_5_8_patch3/src/RecoBTag/PerformanceMeasurements/test/crab_btagana_qcd80v3/crab.log
