('Running on files ', ['fcr_99.root'])
('Output file ', 'JetTree_fcr.root')
('N events ', -1)
# Conditions read from  CMS_CONDITIONS  via FrontierProd 
DEBUG 2016-12-01 22:34:43,910: 	 Executing command: 'submit'
DEBUG 2016-12-01 22:34:43,911: 	 Found CRAB cache file /home/llr/cms/lisniak/.crab3
DEBUG 2016-12-01 22:34:43,935: 	 Checking credentials
DEBUG 2016-12-01 22:34:43,936: 	 Found proxy file /tmp/x509up_u837
DEBUG 2016-12-01 22:34:43,936: 	 Getting proxy life time left
DEBUG 2016-12-01 22:34:44,841: 	 Executing : 
 command : voms-proxy-info -file /tmp/x509up_u837 -timeleft
 output : 85236

 error: 
 retcode : 0
DEBUG 2016-12-01 22:34:45,747: 	 Executing : 
 command : voms-proxy-info -file /tmp/x509up_u837 -actimeleft
 output : 85235

 error: 
 retcode : 0
DEBUG 2016-12-01 22:34:45,747: 	 Proxy valid for 23:40:36 hours
INFO 2016-12-01 22:34:45,748: 	 Will use CRAB configuration file crabConfigFCR.py
DEBUG 2016-12-01 22:34:45,748: 	 Loading CRAB configuration file.
DEBUG 2016-12-01 22:34:50,116: 	 Will use CRAB Analysis plugin (i.e. will run an analysis job type).
DEBUG 2016-12-01 22:34:50,259: 	 Executing : 
 command : openssl x509 -in ~/.globus/usercert.pem -subject -noout
 output : subject= /DC=ch/DC=cern/OU=Organic Units/OU=Users/CN=istaslis/CN=747350/CN=Stanislav Lisniak

 error: 
 retcode : 0
DEBUG 2016-12-01 22:34:50,259: 	 Checking credentials
DEBUG 2016-12-01 22:34:50,259: 	 Found proxy file /tmp/x509up_u837
DEBUG 2016-12-01 22:34:50,259: 	 Getting proxy life time left
DEBUG 2016-12-01 22:34:51,265: 	 Executing : 
 command : voms-proxy-info -file /tmp/x509up_u837 -timeleft
 output : 85229

 error: 
 retcode : 0
DEBUG 2016-12-01 22:34:52,271: 	 Executing : 
 command : voms-proxy-info -file /tmp/x509up_u837 -actimeleft
 output : 85228

 error: 
 retcode : 0
DEBUG 2016-12-01 22:34:52,272: 	 Proxy valid for 23:40:29 hours
DEBUG 2016-12-01 22:34:53,177: 	 Executing : 
 command : env X509_USER_PROXY=/tmp/x509up_u837 voms-proxy-info -fqan
 output : /cms/Role=NULL/Capability=NULL

 error: 
 retcode : 0
DEBUG 2016-12-01 22:34:54,025: 	 Registering user credentials for server /DC=ch/DC=cern/OU=computers/CN=vocms(045|052|021|031|0118|0118a|0119|0108|0105).cern.ch
DEBUG 2016-12-01 22:34:54,137: 	 Executing : 
 command : openssl x509 -in ~/.globus/usercert.pem -subject -noout
 output : subject= /DC=ch/DC=cern/OU=Organic Units/OU=Users/CN=istaslis/CN=747350/CN=Stanislav Lisniak

 error: 
 retcode : 0
DEBUG 2016-12-01 22:34:54,137: 	 Getting myproxy life time left for myproxy.cern.ch
DEBUG 2016-12-01 22:34:54,137: 	 Calculating hash of /DC=ch/DC=cern/OU=Organic Units/OU=Users/CN=istaslis/CN=747350/CN=Stanislav Lisniak_cmsweb.cern.ch for credential name
DEBUG 2016-12-01 22:34:54,342: 	 Executing : 
 command : myproxy-info -l fb080dc7d4e0790beaeb2d952381dd7a3f1f2fd6 -s myproxy.cern.ch
 output : username: fb080dc7d4e0790beaeb2d952381dd7a3f1f2fd6
owner: /DC=ch/DC=cern/OU=Organic Units/OU=Users/CN=istaslis/CN=747350/CN=Stanislav Lisniak
  renewal policy: /DC=ch/DC=cern/OU=computers/CN=vocms(045|052|021|031|0118|0118a|0119|0108|0105).cern.ch
  trusted retrieval policy: /DC=ch/DC=cern/OU=computers/CN=vocms(045|052|021|031|0118|0118a|0119|0108|0105).cern.ch
  timeleft: 719:40:55  (30.0 days)

 error: 
 retcode : 0
DEBUG 2016-12-01 22:34:54,344: 	 Myproxy is valid: 2590855
DEBUG 2016-12-01 22:34:54,344: 	 Command use: submit
DEBUG 2016-12-01 22:34:54,344: 	 Options use: ['-c', 'crabConfigFCR.py']
DEBUG 2016-12-01 22:34:55,200: 	 CRABClient version: 3.3.1611
DEBUG 2016-12-01 22:34:55,200: 	 Instance is prod
DEBUG 2016-12-01 22:34:55,200: 	 Server base url is cmsweb.cern.ch
DEBUG 2016-12-01 22:34:55,200: 	 Command url /crabserver/prod/workflow
DEBUG 2016-12-01 22:34:55,200: 	 Started submission
DEBUG 2016-12-01 22:34:55,200: 	 Working on /grid_mnt/data__data.polcms/cms/lisniak/btgtrain/CMSSW_7_5_8_patch3/src/RecoBTag/PerformanceMeasurements/test/crab_btagana_fcr50
DEBUG 2016-12-01 22:34:56,159: 	 Loading required information from the environment
DEBUG 2016-12-01 22:34:56,159: 	 Found CMSSW_7_5_8_patch3 for slc6_amd64_gcc491 with base /grid_mnt/data__data.polcms/cms/lisniak/btgtrain/CMSSW_7_5_8_patch3
DEBUG 2016-12-01 22:34:56,159: 	 Loading required information from the environment
DEBUG 2016-12-01 22:34:56,159: 	 Found CMSSW_7_5_8_patch3 for slc6_amd64_gcc491 with base /grid_mnt/data__data.polcms/cms/lisniak/btgtrain/CMSSW_7_5_8_patch3
DEBUG 2016-12-01 22:34:56,181: 	 UNIQUE NAME: tarUUID 97e5e4cc-6112-4ac5-ba9c-63758d289d9b 
DEBUG 2016-12-01 22:34:56,181: 	 self.config: from WMCore.Configuration import Configuration
config = Configuration()
config.section_('General')
config.General.transferOutputs = True
config.General.transferLogs = True
config.General.requestName = 'btagana_fcr50'
config.section_('JobType')
config.JobType.psetName = 'runForestAOD_PbPb_MIX_75X.py'
config.JobType.pluginName = 'Analysis'
config.JobType.maxMemoryMB = 2400
config.section_('Data')
config.Data.inputDataset = '/Pythia6_bJetFCR50_pp502_Hydjet_MB/HINPbPbWinter16DR-75X_mcRun2_HeavyIon_v13-v1/AODSIM'
config.Data.outputDatasetTag = 'btagana_fcr50'
config.Data.totalUnits = 183
config.Data.unitsPerJob = 1
config.Data.splitting = 'FileBased'
config.Data.inputDBS = 'global'
config.Data.outLFNDirBase = '/store/user/istaslis/btagana_fcr50'
config.Data.publication = False
config.section_('Site')
config.Site.storageSite = 'T2_FR_GRIF_LLR'
config.section_('User')
config.section_('Debug')

DEBUG 2016-12-01 22:34:56,181: 	 self.config.JobType.psetName: runForestAOD_PbPb_MIX_75X.py
INFO 2016-12-01 22:34:56,182: 	 Importing CMSSW configuration runForestAOD_PbPb_MIX_75X.py
INFO 2016-12-01 22:35:16,567: 	 Finished importing CMSSW configuration runForestAOD_PbPb_MIX_75X.py
DEBUG 2016-12-01 22:35:16,567: 	 Writing CMSSW configuration to /grid_mnt/data__data.polcms/cms/lisniak/btgtrain/CMSSW_7_5_8_patch3/src/RecoBTag/PerformanceMeasurements/test/crab_btagana_fcr50/inputs/PSet.py
DEBUG 2016-12-01 22:35:21,310: 	 The following EDM output files will be collected: []
DEBUG 2016-12-01 22:35:21,310: 	 The following TFile output files will be collected: ['JetTree_fcr.root']
DEBUG 2016-12-01 22:35:21,310: 	 The following user output files will be collected: []
DEBUG 2016-12-01 22:35:21,310: 	 Loading required information from the environment
DEBUG 2016-12-01 22:35:21,310: 	 Found CMSSW_7_5_8_patch3 for slc6_amd64_gcc491 with base /grid_mnt/data__data.polcms/cms/lisniak/btgtrain/CMSSW_7_5_8_patch3
DEBUG 2016-12-01 22:35:21,310: 	 Making tarball in /grid_mnt/data__data.polcms/cms/lisniak/btgtrain/CMSSW_7_5_8_patch3/src/RecoBTag/PerformanceMeasurements/test/crab_btagana_fcr50/inputs/97e5e4cc-6112-4ac5-ba9c-63758d289d9bdefault.tgz
DEBUG 2016-12-01 22:35:21,385: 	 Checking directory /grid_mnt/data__data.polcms/cms/lisniak/btgtrain/CMSSW_7_5_8_patch3/lib
DEBUG 2016-12-01 22:35:21,385: 	 Adding directory /grid_mnt/data__data.polcms/cms/lisniak/btgtrain/CMSSW_7_5_8_patch3/lib to tarball
DEBUG 2016-12-01 22:35:28,010: 	 Checking directory /grid_mnt/data__data.polcms/cms/lisniak/btgtrain/CMSSW_7_5_8_patch3/biglib
DEBUG 2016-12-01 22:35:28,010: 	 Adding directory /grid_mnt/data__data.polcms/cms/lisniak/btgtrain/CMSSW_7_5_8_patch3/biglib to tarball
DEBUG 2016-12-01 22:35:28,028: 	 Checking directory /grid_mnt/data__data.polcms/cms/lisniak/btgtrain/CMSSW_7_5_8_patch3/module
DEBUG 2016-12-01 22:35:28,368: 	 Adding data directory /grid_mnt/data__data.polcms/cms/lisniak/btgtrain/CMSSW_7_5_8_patch3/src/HeavyIonsAnalysis/Configuration/data to tarball
DEBUG 2016-12-01 22:35:28,879: 	 Adding data directory /grid_mnt/data__data.polcms/cms/lisniak/btgtrain/CMSSW_7_5_8_patch3/src/HeavyIonsAnalysis/EventAnalysis/interface to tarball
DEBUG 2016-12-01 22:35:28,927: 	 Adding data directory /grid_mnt/data__data.polcms/cms/lisniak/btgtrain/CMSSW_7_5_8_patch3/src/HeavyIonsAnalysis/JetAnalysis/data to tarball
DEBUG 2016-12-01 22:35:30,288: 	 Adding data directory /grid_mnt/data__data.polcms/cms/lisniak/btgtrain/CMSSW_7_5_8_patch3/src/HeavyIonsAnalysis/JetAnalysis/interface to tarball
DEBUG 2016-12-01 22:35:30,705: 	 Adding data directory /grid_mnt/data__data.polcms/cms/lisniak/btgtrain/CMSSW_7_5_8_patch3/src/HeavyIonsAnalysis/MuonAnalysis/interface to tarball
DEBUG 2016-12-01 22:35:30,726: 	 Adding data directory /grid_mnt/data__data.polcms/cms/lisniak/btgtrain/CMSSW_7_5_8_patch3/src/HeavyIonsAnalysis/PhotonAnalysis/interface to tarball
DEBUG 2016-12-01 22:35:30,764: 	 Adding data directory /grid_mnt/data__data.polcms/cms/lisniak/btgtrain/CMSSW_7_5_8_patch3/src/HeavyIonsAnalysis/TrackAnalysis/interface to tarball
DEBUG 2016-12-01 22:35:30,793: 	 Adding data directory /grid_mnt/data__data.polcms/cms/lisniak/btgtrain/CMSSW_7_5_8_patch3/src/HeavyIonsAnalysis/VertexAnalysis/interface to tarball
DEBUG 2016-12-01 22:35:30,816: 	 Adding data directory /grid_mnt/data__data.polcms/cms/lisniak/btgtrain/CMSSW_7_5_8_patch3/src/RecoHI/HiJetAlgos/interface to tarball
DEBUG 2016-12-01 22:35:30,900: 	 Adding data directory /grid_mnt/data__data.polcms/cms/lisniak/btgtrain/CMSSW_7_5_8_patch3/src/RecoJets/JetProducers/data to tarball
DEBUG 2016-12-01 22:35:30,921: 	 Adding data directory /grid_mnt/data__data.polcms/cms/lisniak/btgtrain/CMSSW_7_5_8_patch3/src/RecoJets/JetProducers/interface to tarball
DEBUG 2016-12-01 22:35:31,140: 	 Adding data directory /grid_mnt/data__data.polcms/cms/lisniak/btgtrain/CMSSW_7_5_8_patch3/src/RecoBTag/PerformanceMeasurements/data to tarball
DEBUG 2016-12-01 22:35:32,337: 	 Adding data directory /grid_mnt/data__data.polcms/cms/lisniak/btgtrain/CMSSW_7_5_8_patch3/src/RecoBTag/PerformanceMeasurements/interface to tarball
DEBUG 2016-12-01 22:35:32,822: 	 Adding data directory /grid_mnt/data__data.polcms/cms/lisniak/btgtrain/CMSSW_7_5_8_patch3/src/RecoBTag/PerformanceMeasurements/test/ttbar/data to tarball
DEBUG 2016-12-01 22:35:33,074: 	 Adding data directory /grid_mnt/data__data.polcms/cms/lisniak/btgtrain/CMSSW_7_5_8_patch3/src/RecoBTag/TagVarExtractor/interface to tarball
DEBUG 2016-12-01 22:35:33,109: 	 Adding data directory /grid_mnt/data__data.polcms/cms/lisniak/btgtrain/CMSSW_7_5_8_patch3/src/RecoBTag/SecondaryVertex/interface to tarball
DEBUG 2016-12-01 22:35:34,104: 	 Uploading archive /grid_mnt/data__data.polcms/cms/lisniak/btgtrain/CMSSW_7_5_8_patch3/src/RecoBTag/PerformanceMeasurements/test/crab_btagana_fcr50/inputs/97e5e4cc-6112-4ac5-ba9c-63758d289d9bdefault.tgz to the CRAB cache. Using URI https://cmsweb.cern.ch/crabcache
DEBUG 2016-12-01 22:35:38,588: 	 Loading required information from the environment
DEBUG 2016-12-01 22:35:38,588: 	 Found CMSSW_7_5_8_patch3 for slc6_amd64_gcc491 with base /grid_mnt/data__data.polcms/cms/lisniak/btgtrain/CMSSW_7_5_8_patch3
DEBUG 2016-12-01 22:35:38,589: 	 Making tarball in /grid_mnt/data__data.polcms/cms/lisniak/btgtrain/CMSSW_7_5_8_patch3/src/RecoBTag/PerformanceMeasurements/test/crab_btagana_fcr50/inputs/debugFiles.tgz
DEBUG 2016-12-01 22:35:38,814: 	 Uploading archive /grid_mnt/data__data.polcms/cms/lisniak/btgtrain/CMSSW_7_5_8_patch3/src/RecoBTag/PerformanceMeasurements/test/crab_btagana_fcr50/inputs/debugFiles.tgz to the CRAB cache. Using URI https://cmsweb.cern.ch/crabcache
DEBUG 2016-12-01 22:35:39,643: 	 Result uploading input files: b6c56a71c3e149d51d4b156c6cc3f0111f9bff4b7ec45fb2dbf0fa34650a889b.tar.gz 
INFO 2016-12-01 22:35:39,644: 	 Sending the request to the server
DEBUG 2016-12-01 22:35:39,644: 	 Submitting {'maxjobruntime': 1250, 'extrajdl': [], 'ignorelocality': 0, 'savelogsflag': 1, 'useparent': 0, 'asyncdest': 'T2_FR_GRIF_LLR', 'algoargs': 1, 'cachefilename': 'b6c56a71c3e149d51d4b156c6cc3f0111f9bff4b7ec45fb2dbf0fa34650a889b.tar.gz', 'numcores': 1, 'addoutputfiles': [], 'generator': 'pythia', 'maxmemory': 2400, 'publishdbsurl': 'https://cmsweb.cern.ch/dbs/prod/phys03/DBSWriter', 'priority': 10, 'jobsw': 'CMSSW_7_5_8_patch3', 'edmoutfiles': [], 'userfiles': [], 'primarydataset': '', 'inputdata': '/Pythia6_bJetFCR50_pp502_Hydjet_MB/HINPbPbWinter16DR-75X_mcRun2_HeavyIon_v13-v1/AODSIM', 'lfn': '/store/user/istaslis/btagana_fcr50', 'dryrun': 0, 'workflow': 'crab_btagana_fcr50', 'adduserfiles': [], 'nonprodsw': 0, 'tfileoutfiles': ['JetTree_fcr.root'], 'oneEventMode': 0, 'debugfilename': '4cf69ca75a29afab4cc48e3d0af587359e4768bd9a278faae50e5680cc551996.tar.gz', 'cacheurl': u'https://cmsweb.cern.ch/crabcache', 'saveoutput': 1, 'publication': 0, 'jobarch': 'slc6_amd64_gcc491', 'totalunits': 183, 'splitalgo': 'FileBased', 'ignoreglobalblacklist': 0, 'nonvaliddata': 0, 'dbsurl': 'https://cmsweb.cern.ch/dbs/prod/global/DBSReader', 'publishgroupname': 0, 'jobtype': 'Analysis', 'publishname2': 'btagana_fcr50'} 
DEBUG 2016-12-01 22:35:39,645: 	 Encoded submit request: maxjobruntime=1250&ignorelocality=0&savelogsflag=1&useparent=0&asyncdest=T2_FR_GRIF_LLR&algoargs=1&cachefilename=b6c56a71c3e149d51d4b156c6cc3f0111f9bff4b7ec45fb2dbf0fa34650a889b.tar.gz&numcores=1&generator=pythia&maxmemory=2400&publishdbsurl=https%3A%2F%2Fcmsweb.cern.ch%2Fdbs%2Fprod%2Fphys03%2FDBSWriter&priority=10&jobsw=CMSSW_7_5_8_patch3&primarydataset=&inputdata=%2FPythia6_bJetFCR50_pp502_Hydjet_MB%2FHINPbPbWinter16DR-75X_mcRun2_HeavyIon_v13-v1%2FAODSIM&lfn=%2Fstore%2Fuser%2Fistaslis%2Fbtagana_fcr50&dryrun=0&workflow=crab_btagana_fcr50&nonprodsw=0&oneEventMode=0&debugfilename=4cf69ca75a29afab4cc48e3d0af587359e4768bd9a278faae50e5680cc551996.tar.gz&cacheurl=https%3A%2F%2Fcmsweb.cern.ch%2Fcrabcache&saveoutput=1&publication=0&jobarch=slc6_amd64_gcc491&totalunits=183&splitalgo=FileBased&ignoreglobalblacklist=0&nonvaliddata=0&dbsurl=https%3A%2F%2Fcmsweb.cern.ch%2Fdbs%2Fprod%2Fglobal%2FDBSReader&publishgroupname=0&jobtype=Analysis&publishname2=btagana_fcr50&tfileoutfiles=JetTree_fcr.root
DEBUG 2016-12-01 22:35:40,868: 	 Result: {u'result': [{u'RequestName': u'161201_213540:istaslis_crab_btagana_fcr50'}]}
INFO 2016-12-01 22:35:40,871: 	 Success: Your task has been delivered to the CRAB3 server.
INFO 2016-12-01 22:35:40,871: 	 Task name: 161201_213540:istaslis_crab_btagana_fcr50
INFO 2016-12-01 22:35:40,871: 	 Please use 'crab status' to check how the submission process proceeds.
DEBUG 2016-12-01 22:35:40,871: 	 About to return
INFO 2016-12-01 22:35:40,879: 	 Log file is /grid_mnt/data__data.polcms/cms/lisniak/btgtrain/CMSSW_7_5_8_patch3/src/RecoBTag/PerformanceMeasurements/test/crab_btagana_fcr50/crab.log
DEBUG 2016-12-08 12:59:49,204: 	 Executing command: 'resubmit'
DEBUG 2016-12-08 12:59:49,204: 	 Found CRAB cache file /home/llr/cms/lisniak/.crab3
DEBUG 2016-12-08 12:59:49,211: 	 Checking credentials
DEBUG 2016-12-08 12:59:49,211: 	 Found proxy file /tmp/x509up_u837
DEBUG 2016-12-08 12:59:49,211: 	 Getting proxy life time left
DEBUG 2016-12-08 12:59:49,714: 	 Executing : 
 command : voms-proxy-info -file /tmp/x509up_u837 -timeleft
 output : 86333

 error: 
 retcode : 0
DEBUG 2016-12-08 12:59:50,217: 	 Executing : 
 command : voms-proxy-info -file /tmp/x509up_u837 -actimeleft
 output : 86332

 error: 
 retcode : 0
DEBUG 2016-12-08 12:59:50,217: 	 Proxy valid for 23:58:53 hours
DEBUG 2016-12-08 12:59:50,345: 	 Executing : 
 command : openssl x509 -in ~/.globus/usercert.pem -subject -noout
 output : subject= /DC=ch/DC=cern/OU=Organic Units/OU=Users/CN=istaslis/CN=747350/CN=Stanislav Lisniak

 error: 
 retcode : 0
DEBUG 2016-12-08 12:59:50,345: 	 Checking credentials
DEBUG 2016-12-08 12:59:50,345: 	 Found proxy file /tmp/x509up_u837
DEBUG 2016-12-08 12:59:50,345: 	 Getting proxy life time left
DEBUG 2016-12-08 12:59:50,848: 	 Executing : 
 command : voms-proxy-info -file /tmp/x509up_u837 -timeleft
 output : 86332

 error: 
 retcode : 0
DEBUG 2016-12-08 12:59:51,351: 	 Executing : 
 command : voms-proxy-info -file /tmp/x509up_u837 -actimeleft
 output : 86331

 error: 
 retcode : 0
DEBUG 2016-12-08 12:59:51,352: 	 Proxy valid for 23:58:52 hours
DEBUG 2016-12-08 12:59:51,873: 	 Registering user credentials for server /DC=ch/DC=cern/OU=computers/CN=vocms(045|052|021|031|0118|0118a|0119|0108|0105).cern.ch
DEBUG 2016-12-08 12:59:51,980: 	 Executing : 
 command : openssl x509 -in ~/.globus/usercert.pem -subject -noout
 output : subject= /DC=ch/DC=cern/OU=Organic Units/OU=Users/CN=istaslis/CN=747350/CN=Stanislav Lisniak

 error: 
 retcode : 0
DEBUG 2016-12-08 12:59:51,980: 	 Getting myproxy life time left for myproxy.cern.ch
DEBUG 2016-12-08 12:59:51,980: 	 Calculating hash of /DC=ch/DC=cern/OU=Organic Units/OU=Users/CN=istaslis/CN=747350/CN=Stanislav Lisniak_cmsweb.cern.ch for credential name
DEBUG 2016-12-08 12:59:52,283: 	 Executing : 
 command : myproxy-info -l fb080dc7d4e0790beaeb2d952381dd7a3f1f2fd6 -s myproxy.cern.ch
 output : username: fb080dc7d4e0790beaeb2d952381dd7a3f1f2fd6
owner: /DC=ch/DC=cern/OU=Organic Units/OU=Users/CN=istaslis/CN=747350/CN=Stanislav Lisniak
  renewal policy: /DC=ch/DC=cern/OU=computers/CN=vocms(045|052|021|031|0118|0118a|0119|0108|0105).cern.ch
  trusted retrieval policy: /DC=ch/DC=cern/OU=computers/CN=vocms(045|052|021|031|0118|0118a|0119|0108|0105).cern.ch
  timeleft: 561:15:57  (23.4 days)

 error: 
 retcode : 0
DEBUG 2016-12-08 12:59:52,284: 	 Myproxy is valid: 2020557
DEBUG 2016-12-08 12:59:52,284: 	 Command use: resubmit
DEBUG 2016-12-08 12:59:52,284: 	 Options use: ['crab_btagana_fcr50']
DEBUG 2016-12-08 12:59:52,765: 	 CRABClient version: 3.3.1611
DEBUG 2016-12-08 12:59:52,765: 	 Instance is prod
DEBUG 2016-12-08 12:59:52,765: 	 Server base url is cmsweb.cern.ch
DEBUG 2016-12-08 12:59:52,765: 	 Command url /crabserver/prod/workflow
DEBUG 2016-12-08 12:59:52,765: 	 Requesting resubmission of failed jobs in task 161201_213540:istaslis_crab_btagana_fcr50
INFO 2016-12-08 12:59:52,765: 	 Sending resubmit request to the server.
DEBUG 2016-12-08 12:59:52,765: 	 Submitting {'publication': 0, 'force': 0, 'subresource': 'resubmit', 'workflow': u'161201_213540:istaslis_crab_btagana_fcr50'} 
DEBUG 2016-12-08 12:59:52,765: 	 Encoded resubmit request: publication=0&force=0&subresource=resubmit&workflow=161201_213540%3Aistaslis_crab_btagana_fcr50
DEBUG 2016-12-08 12:59:53,606: 	 Result: {u'result': [{u'result': u'ok'}], u'desc': {u'columns': [u'tm_site_blacklist', u'tm_site_whitelist', u'tm_maxjobruntime', u'tm_maxmemory', u'tm_numcores', u'tm_priority']}}
INFO 2016-12-08 12:59:53,607: 	 Resubmit request sent to the server.
INFO 2016-12-08 12:59:53,607: 	 Please use 'crab status' to check how the resubmission process proceeds.
Notice it may take a couple of minutes for the resubmission to get fully processed.
INFO 2016-12-08 12:59:53,610: 	 Log file is /grid_mnt/data__data.polcms/cms/lisniak/btgtrain/CMSSW_7_5_8_patch3/src/RecoBTag/PerformanceMeasurements/test/crab_btagana_fcr50/crab.log
DEBUG 2016-12-08 16:09:21,566: 	 Executing command: 'status'
DEBUG 2016-12-08 16:09:21,566: 	 Found CRAB cache file /home/llr/cms/lisniak/.crab3
DEBUG 2016-12-08 16:09:21,572: 	 Checking credentials
DEBUG 2016-12-08 16:09:21,572: 	 Found proxy file /tmp/x509up_u837
DEBUG 2016-12-08 16:09:21,572: 	 Getting proxy life time left
DEBUG 2016-12-08 16:09:22,075: 	 Executing : 
 command : voms-proxy-info -file /tmp/x509up_u837 -timeleft
 output : 74961

 error: 
 retcode : 0
DEBUG 2016-12-08 16:09:22,578: 	 Executing : 
 command : voms-proxy-info -file /tmp/x509up_u837 -actimeleft
 output : 74960

 error: 
 retcode : 0
DEBUG 2016-12-08 16:09:22,578: 	 Proxy valid for 20:49:21 hours
DEBUG 2016-12-08 16:09:22,688: 	 Executing : 
 command : openssl x509 -in ~/.globus/usercert.pem -subject -noout
 output : subject= /DC=ch/DC=cern/OU=Organic Units/OU=Users/CN=istaslis/CN=747350/CN=Stanislav Lisniak

 error: 
 retcode : 0
DEBUG 2016-12-08 16:09:22,689: 	 Checking credentials
DEBUG 2016-12-08 16:09:22,689: 	 Found proxy file /tmp/x509up_u837
DEBUG 2016-12-08 16:09:22,689: 	 Getting proxy life time left
DEBUG 2016-12-08 16:09:23,192: 	 Executing : 
 command : voms-proxy-info -file /tmp/x509up_u837 -timeleft
 output : 74959

 error: 
 retcode : 0
DEBUG 2016-12-08 16:09:23,695: 	 Executing : 
 command : voms-proxy-info -file /tmp/x509up_u837 -actimeleft
 output : 74959

 error: 
 retcode : 0
DEBUG 2016-12-08 16:09:23,695: 	 Proxy valid for 20:49:19 hours
DEBUG 2016-12-08 16:09:24,191: 	 Registering user credentials for server /DC=ch/DC=cern/OU=computers/CN=vocms(045|052|021|031|0118|0118a|0119|0108|0105).cern.ch
DEBUG 2016-12-08 16:09:24,298: 	 Executing : 
 command : openssl x509 -in ~/.globus/usercert.pem -subject -noout
 output : subject= /DC=ch/DC=cern/OU=Organic Units/OU=Users/CN=istaslis/CN=747350/CN=Stanislav Lisniak

 error: 
 retcode : 0
DEBUG 2016-12-08 16:09:24,298: 	 Getting myproxy life time left for myproxy.cern.ch
DEBUG 2016-12-08 16:09:24,298: 	 Calculating hash of /DC=ch/DC=cern/OU=Organic Units/OU=Users/CN=istaslis/CN=747350/CN=Stanislav Lisniak_cmsweb.cern.ch for credential name
DEBUG 2016-12-08 16:09:24,601: 	 Executing : 
 command : myproxy-info -l fb080dc7d4e0790beaeb2d952381dd7a3f1f2fd6 -s myproxy.cern.ch
 output : username: fb080dc7d4e0790beaeb2d952381dd7a3f1f2fd6
owner: /DC=ch/DC=cern/OU=Organic Units/OU=Users/CN=istaslis/CN=747350/CN=Stanislav Lisniak
  renewal policy: /DC=ch/DC=cern/OU=computers/CN=vocms(045|052|021|031|0118|0118a|0119|0108|0105).cern.ch
  trusted retrieval policy: /DC=ch/DC=cern/OU=computers/CN=vocms(045|052|021|031|0118|0118a|0119|0108|0105).cern.ch
  timeleft: 558:06:25  (23.3 days)

 error: 
 retcode : 0
DEBUG 2016-12-08 16:09:24,602: 	 Myproxy is valid: 2009185
DEBUG 2016-12-08 16:09:24,602: 	 Command use: status
DEBUG 2016-12-08 16:09:24,602: 	 Options use: ['crab_btagana_fcr50']
DEBUG 2016-12-08 16:09:25,112: 	 CRABClient version: 3.3.1611
DEBUG 2016-12-08 16:09:25,112: 	 Instance is prod
DEBUG 2016-12-08 16:09:25,112: 	 Server base url is cmsweb.cern.ch
DEBUG 2016-12-08 16:09:25,112: 	 Command url /crabserver/prod/workflow
DEBUG 2016-12-08 16:09:25,112: 	 Looking up detailed status of task 161201_213540:istaslis_crab_btagana_fcr50
DEBUG 2016-12-08 16:09:27,173: 	 {u'status': u'SUBMITTED', u'username': u'istaslis', u'jobsPerStatus': {u'finished': 132, u'transferring': 19, u'running': 32}, u'jobs': {u'133': {u'State': u'finished'}, u'132': {u'State': u'finished'}, u'131': {u'State': u'finished'}, u'130': {u'State': u'finished'}, u'137': {u'State': u'finished'}, u'136': {u'State': u'finished'}, u'135': {u'State': u'transferring'}, u'134': {u'State': u'finished'}, u'139': {u'State': u'transferring'}, u'138': {u'State': u'finished'}, u'93': {u'State': u'finished'}, u'24': {u'State': u'finished'}, u'25': {u'State': u'finished'}, u'26': {u'State': u'transferring'}, u'27': {u'State': u'running'}, u'20': {u'State': u'running'}, u'21': {u'State': u'finished'}, u'22': {u'State': u'running'}, u'23': {u'State': u'running'}, u'95': {u'State': u'finished'}, u'28': {u'State': u'transferring'}, u'29': {u'State': u'transferring'}, u'94': {u'State': u'finished'}, u'4': {u'State': u'finished'}, u'8': {u'State': u'running'}, u'96': {u'State': u'finished'}, u'68': {u'State': u'finished'}, u'120': {u'State': u'finished'}, u'121': {u'State': u'transferring'}, u'122': {u'State': u'finished'}, u'123': {u'State': u'finished'}, u'124': {u'State': u'finished'}, u'125': {u'State': u'finished'}, u'126': {u'State': u'finished'}, u'127': {u'State': u'finished'}, u'128': {u'State': u'finished'}, u'129': {u'State': u'finished'}, u'69': {u'State': u'running'}, u'91': {u'State': u'finished'}, u'59': {u'State': u'finished'}, u'58': {u'State': u'finished'}, u'55': {u'State': u'running'}, u'54': {u'State': u'transferring'}, u'57': {u'State': u'running'}, u'56': {u'State': u'finished'}, u'51': {u'State': u'running'}, u'50': {u'State': u'running'}, u'53': {u'State': u'finished'}, u'52': {u'State': u'transferring'}, u'90': {u'State': u'finished'}, u'66': {u'State': u'finished'}, u'67': {u'State': u'finished'}, u'115': {u'State': u'finished'}, u'114': {u'State': u'finished'}, u'88': {u'State': u'finished'}, u'89': {u'State': u'running'}, u'111': {u'State': u'transferring'}, u'110': {u'State': u'running'}, u'113': {u'State': u'finished'}, u'112': {u'State': u'finished'}, u'82': {u'State': u'running'}, u'83': {u'State': u'finished'}, u'80': {u'State': u'running'}, u'81': {u'State': u'running'}, u'119': {u'State': u'finished'}, u'118': {u'State': u'finished'}, u'84': {u'State': u'finished'}, u'85': {u'State': u'finished'}, u'3': {u'State': u'transferring'}, u'7': {u'State': u'finished'}, u'92': {u'State': u'finished'}, u'108': {u'State': u'finished'}, u'109': {u'State': u'finished'}, u'102': {u'State': u'transferring'}, u'103': {u'State': u'finished'}, u'100': {u'State': u'finished'}, u'101': {u'State': u'finished'}, u'106': {u'State': u'finished'}, u'107': {u'State': u'finished'}, u'104': {u'State': u'finished'}, u'105': {u'State': u'finished'}, u'39': {u'State': u'finished'}, u'38': {u'State': u'finished'}, u'33': {u'State': u'transferring'}, u'32': {u'State': u'finished'}, u'31': {u'State': u'finished'}, u'30': {u'State': u'running'}, u'37': {u'State': u'running'}, u'36': {u'State': u'finished'}, u'35': {u'State': u'finished'}, u'34': {u'State': u'finished'}, u'60': {u'State': u'finished'}, u'61': {u'State': u'running'}, u'62': {u'State': u'finished'}, u'63': {u'State': u'finished'}, u'64': {u'State': u'running'}, u'65': {u'State': u'finished'}, u'179': {u'State': u'finished'}, u'178': {u'State': u'finished'}, u'177': {u'State': u'finished'}, u'176': {u'State': u'finished'}, u'175': {u'State': u'finished'}, u'174': {u'State': u'finished'}, u'173': {u'State': u'finished'}, u'172': {u'State': u'finished'}, u'171': {u'State': u'finished'}, u'170': {u'State': u'finished'}, u'182': {u'State': u'finished'}, u'183': {u'State': u'running'}, u'180': {u'State': u'finished'}, u'181': {u'State': u'running'}, u'6': {u'State': u'transferring'}, u'97': {u'State': u'finished'}, u'99': {u'State': u'finished'}, u'98': {u'State': u'finished'}, u'168': {u'State': u'finished'}, u'169': {u'State': u'finished'}, u'164': {u'State': u'transferring'}, u'165': {u'State': u'finished'}, u'166': {u'State': u'finished'}, u'167': {u'State': u'finished'}, u'160': {u'State': u'finished'}, u'161': {u'State': u'finished'}, u'162': {u'State': u'finished'}, u'163': {u'State': u'finished'}, u'11': {u'State': u'finished'}, u'10': {u'State': u'running'}, u'13': {u'State': u'finished'}, u'12': {u'State': u'finished'}, u'15': {u'State': u'running'}, u'14': {u'State': u'finished'}, u'17': {u'State': u'finished'}, u'16': {u'State': u'finished'}, u'19': {u'State': u'running'}, u'18': {u'State': u'finished'}, u'117': {u'State': u'finished'}, u'116': {u'State': u'finished'}, u'151': {u'State': u'finished'}, u'150': {u'State': u'finished'}, u'153': {u'State': u'running'}, u'152': {u'State': u'finished'}, u'155': {u'State': u'finished'}, u'154': {u'State': u'finished'}, u'157': {u'State': u'finished'}, u'156': {u'State': u'finished'}, u'159': {u'State': u'finished'}, u'158': {u'State': u'transferring'}, u'48': {u'State': u'finished'}, u'49': {u'State': u'finished'}, u'46': {u'State': u'finished'}, u'86': {u'State': u'finished'}, u'44': {u'State': u'transferring'}, u'45': {u'State': u'transferring'}, u'42': {u'State': u'finished'}, u'43': {u'State': u'finished'}, u'40': {u'State': u'running'}, u'87': {u'State': u'finished'}, u'1': {u'State': u'finished'}, u'5': {u'State': u'finished'}, u'9': {u'State': u'finished'}, u'146': {u'State': u'finished'}, u'147': {u'State': u'finished'}, u'144': {u'State': u'finished'}, u'145': {u'State': u'transferring'}, u'142': {u'State': u'transferring'}, u'143': {u'State': u'finished'}, u'140': {u'State': u'finished'}, u'141': {u'State': u'finished'}, u'148': {u'State': u'finished'}, u'149': {u'State': u'finished'}, u'77': {u'State': u'finished'}, u'76': {u'State': u'finished'}, u'75': {u'State': u'finished'}, u'74': {u'State': u'finished'}, u'73': {u'State': u'running'}, u'72': {u'State': u'running'}, u'71': {u'State': u'finished'}, u'70': {u'State': u'running'}, u'79': {u'State': u'running'}, u'78': {u'State': u'finished'}, u'2': {u'State': u'running'}, u'41': {u'State': u'running'}, u'47': {u'State': u'finished'}}, u'publication': {u'disabled': []}, u'taskWarningMsg': [], u'schedd': u'crab3@vocms0120.cern.ch', u'publicationFailures': {}, u'outdatasets': None, u'statusFailureMsg': u'', u'taskFailureMsg': u'', u'failedJobdefs': 0, u'ASOURL': u'https://cmsweb.cern.ch/couchdb2', u'command': u'', u'totalJobdefs': 0, u'submissionTime': 1480628140, u'jobdefErrors': [], u'collector': u'cmsgwms-collector-global.cern.ch,cmssrv221.fnal.gov', u'jobList': [[u'finished', 165], [u'finished', 133], [u'finished', 132], [u'finished', 131], [u'finished', 130], [u'finished', 137], [u'finished', 136], [u'transferring', 135], [u'finished', 134], [u'transferring', 139], [u'finished', 138], [u'finished', 166], [u'finished', 24], [u'finished', 25], [u'transferring', 26], [u'running', 27], [u'running', 20], [u'finished', 21], [u'running', 22], [u'running', 23], [u'finished', 160], [u'transferring', 28], [u'transferring', 29], [u'finished', 161], [u'finished', 4], [u'running', 8], [u'finished', 163], [u'finished', 119], [u'finished', 120], [u'transferring', 121], [u'finished', 122], [u'finished', 123], [u'finished', 124], [u'finished', 125], [u'finished', 126], [u'finished', 127], [u'finished', 128], [u'finished', 129], [u'finished', 167], [u'finished', 118], [u'finished', 59], [u'finished', 58], [u'running', 55], [u'transferring', 54], [u'running', 57], [u'finished', 56], [u'running', 51], [u'running', 50], [u'finished', 53], [u'transferring', 52], [u'transferring', 164], [u'finished', 179], [u'finished', 178], [u'finished', 115], [u'finished', 114], [u'finished', 88], [u'running', 89], [u'transferring', 111], [u'running', 110], [u'finished', 113], [u'finished', 112], [u'running', 82], [u'finished', 83], [u'running', 80], [u'running', 81], [u'finished', 86], [u'finished', 87], [u'finished', 84], [u'finished', 85], [u'transferring', 3], [u'finished', 177], [u'finished', 7], [u'finished', 108], [u'finished', 109], [u'transferring', 102], [u'finished', 103], [u'finished', 100], [u'finished', 101], [u'finished', 106], [u'finished', 107], [u'finished', 104], [u'finished', 105], [u'finished', 39], [u'finished', 38], [u'transferring', 33], [u'finished', 32], [u'finished', 31], [u'running', 30], [u'running', 37], [u'finished', 36], [u'finished', 35], [u'finished', 34], [u'finished', 176], [u'finished', 60], [u'running', 61], [u'finished', 62], [u'finished', 63], [u'running', 64], [u'finished', 65], [u'finished', 66], [u'finished', 67], [u'finished', 68], [u'running', 69], [u'finished', 175], [u'finished', 174], [u'finished', 173], [u'finished', 172], [u'finished', 171], [u'finished', 170], [u'running', 181], [u'finished', 182], [u'running', 183], [u'finished', 180], [u'running', 2], [u'finished', 162], [u'transferring', 6], [u'finished', 99], [u'finished', 98], [u'finished', 168], [u'finished', 169], [u'finished', 91], [u'finished', 90], [u'finished', 93], [u'finished', 92], [u'finished', 95], [u'finished', 94], [u'finished', 97], [u'finished', 96], [u'finished', 11], [u'running', 10], [u'finished', 13], [u'finished', 12], [u'running', 15], [u'finished', 14], [u'finished', 17], [u'finished', 16], [u'running', 19], [u'finished', 18], [u'finished', 117], [u'finished', 116], [u'finished', 151], [u'finished', 150], [u'running', 153], [u'finished', 152], [u'finished', 155], [u'finished', 154], [u'finished', 157], [u'finished', 156], [u'finished', 159], [u'transferring', 158], [u'finished', 48], [u'finished', 49], [u'finished', 46], [u'finished', 47], [u'transferring', 44], [u'transferring', 45], [u'finished', 42], [u'finished', 43], [u'running', 40], [u'running', 41], [u'finished', 1], [u'finished', 5], [u'finished', 9], [u'finished', 146], [u'finished', 147], [u'finished', 144], [u'transferring', 145], [u'transferring', 142], [u'finished', 143], [u'finished', 140], [u'finished', 141], [u'finished', 148], [u'finished', 149], [u'finished', 77], [u'finished', 76], [u'finished', 75], [u'finished', 74], [u'running', 73], [u'running', 72], [u'finished', 71], [u'running', 70], [u'running', 79], [u'finished', 78]]}
INFO 2016-12-08 16:09:27,174: 	 CRAB project directory:		/grid_mnt/data__data.polcms/cms/lisniak/btgtrain/CMSSW_7_5_8_patch3/src/RecoBTag/PerformanceMeasurements/test/crab_btagana_fcr50
INFO 2016-12-08 16:09:27,174: 	 Task name:			161201_213540:istaslis_crab_btagana_fcr50
INFO 2016-12-08 16:09:27,174: 	 Grid scheduler:			crab3@vocms0120.cern.ch
INFO 2016-12-08 16:09:27,174: 	 Task status:			SUBMITTED
INFO 2016-12-08 16:09:27,174: 	 Dashboard monitoring URL:	http://dashb-cms-job.cern.ch/dashboard/templates/task-analysis/#user=istaslis&table=Mains&pattern=161201_213540%3Aistaslis_crab_btagana_fcr50
INFO 2016-12-08 16:09:27,174: 	 
Jobs status:			finished       72.1% (132/183)
INFO 2016-12-08 16:09:27,174: 	 				running        17.5% ( 32/183)
INFO 2016-12-08 16:09:27,174: 	 				transferring   10.4% ( 19/183)
INFO 2016-12-08 16:09:27,174: 	 
No publication information (publication has been disabled in the CRAB configuration file)
INFO 2016-12-08 16:09:27,178: 	 Log file is /grid_mnt/data__data.polcms/cms/lisniak/btgtrain/CMSSW_7_5_8_patch3/src/RecoBTag/PerformanceMeasurements/test/crab_btagana_fcr50/crab.log
DEBUG 2016-12-08 20:51:58,875: 	 Executing command: 'status'
DEBUG 2016-12-08 20:51:58,875: 	 Found CRAB cache file /home/llr/cms/lisniak/.crab3
DEBUG 2016-12-08 20:51:58,881: 	 Checking credentials
DEBUG 2016-12-08 20:51:58,881: 	 Found proxy file /tmp/x509up_u837
DEBUG 2016-12-08 20:51:58,881: 	 Getting proxy life time left
DEBUG 2016-12-08 20:51:59,384: 	 Executing : 
 command : voms-proxy-info -file /tmp/x509up_u837 -timeleft
 output : 58003

 error: 
 retcode : 0
DEBUG 2016-12-08 20:51:59,887: 	 Executing : 
 command : voms-proxy-info -file /tmp/x509up_u837 -actimeleft
 output : 58003

 error: 
 retcode : 0
DEBUG 2016-12-08 20:51:59,887: 	 Proxy valid for 16:06:43 hours
DEBUG 2016-12-08 20:51:59,998: 	 Executing : 
 command : openssl x509 -in ~/.globus/usercert.pem -subject -noout
 output : subject= /DC=ch/DC=cern/OU=Organic Units/OU=Users/CN=istaslis/CN=747350/CN=Stanislav Lisniak

 error: 
 retcode : 0
DEBUG 2016-12-08 20:51:59,998: 	 Checking credentials
DEBUG 2016-12-08 20:51:59,998: 	 Found proxy file /tmp/x509up_u837
DEBUG 2016-12-08 20:51:59,998: 	 Getting proxy life time left
DEBUG 2016-12-08 20:52:00,501: 	 Executing : 
 command : voms-proxy-info -file /tmp/x509up_u837 -timeleft
 output : 58002

 error: 
 retcode : 0
DEBUG 2016-12-08 20:52:01,004: 	 Executing : 
 command : voms-proxy-info -file /tmp/x509up_u837 -actimeleft
 output : 58002

 error: 
 retcode : 0
DEBUG 2016-12-08 20:52:01,004: 	 Proxy valid for 16:06:42 hours
DEBUG 2016-12-08 20:52:01,527: 	 Registering user credentials for server /DC=ch/DC=cern/OU=computers/CN=vocms(045|052|021|031|0118|0118a|0119|0108|0105).cern.ch
DEBUG 2016-12-08 20:52:01,633: 	 Executing : 
 command : openssl x509 -in ~/.globus/usercert.pem -subject -noout
 output : subject= /DC=ch/DC=cern/OU=Organic Units/OU=Users/CN=istaslis/CN=747350/CN=Stanislav Lisniak

 error: 
 retcode : 0
DEBUG 2016-12-08 20:52:01,634: 	 Getting myproxy life time left for myproxy.cern.ch
DEBUG 2016-12-08 20:52:01,634: 	 Calculating hash of /DC=ch/DC=cern/OU=Organic Units/OU=Users/CN=istaslis/CN=747350/CN=Stanislav Lisniak_cmsweb.cern.ch for credential name
DEBUG 2016-12-08 20:52:01,936: 	 Executing : 
 command : myproxy-info -l fb080dc7d4e0790beaeb2d952381dd7a3f1f2fd6 -s myproxy.cern.ch
 output : username: fb080dc7d4e0790beaeb2d952381dd7a3f1f2fd6
owner: /DC=ch/DC=cern/OU=Organic Units/OU=Users/CN=istaslis/CN=747350/CN=Stanislav Lisniak
  renewal policy: /DC=ch/DC=cern/OU=computers/CN=vocms(045|052|021|031|0118|0118a|0119|0108|0105).cern.ch
  trusted retrieval policy: /DC=ch/DC=cern/OU=computers/CN=vocms(045|052|021|031|0118|0118a|0119|0108|0105).cern.ch
  timeleft: 553:23:48  (23.1 days)

 error: 
 retcode : 0
DEBUG 2016-12-08 20:52:01,937: 	 Myproxy is valid: 1992228
DEBUG 2016-12-08 20:52:01,937: 	 Command use: status
DEBUG 2016-12-08 20:52:01,937: 	 Options use: ['crab_btagana_fcr50']
DEBUG 2016-12-08 20:52:02,427: 	 CRABClient version: 3.3.1611
DEBUG 2016-12-08 20:52:02,427: 	 Instance is prod
DEBUG 2016-12-08 20:52:02,427: 	 Server base url is cmsweb.cern.ch
DEBUG 2016-12-08 20:52:02,427: 	 Command url /crabserver/prod/workflow
DEBUG 2016-12-08 20:52:02,427: 	 Looking up detailed status of task 161201_213540:istaslis_crab_btagana_fcr50
DEBUG 2016-12-08 20:52:04,261: 	 {u'status': u'SUBMITTED', u'username': u'istaslis', u'jobsPerStatus': {u'finished': 169, u'transferring': 9, u'running': 5}, u'jobs': {u'133': {u'State': u'finished'}, u'132': {u'State': u'finished'}, u'131': {u'State': u'finished'}, u'130': {u'State': u'finished'}, u'137': {u'State': u'finished'}, u'136': {u'State': u'finished'}, u'135': {u'State': u'finished'}, u'134': {u'State': u'finished'}, u'139': {u'State': u'finished'}, u'138': {u'State': u'finished'}, u'93': {u'State': u'finished'}, u'24': {u'State': u'finished'}, u'25': {u'State': u'finished'}, u'26': {u'State': u'finished'}, u'27': {u'State': u'finished'}, u'20': {u'State': u'transferring'}, u'21': {u'State': u'finished'}, u'22': {u'State': u'transferring'}, u'23': {u'State': u'finished'}, u'95': {u'State': u'finished'}, u'28': {u'State': u'finished'}, u'29': {u'State': u'finished'}, u'94': {u'State': u'finished'}, u'4': {u'State': u'finished'}, u'8': {u'State': u'finished'}, u'96': {u'State': u'finished'}, u'68': {u'State': u'finished'}, u'120': {u'State': u'finished'}, u'121': {u'State': u'finished'}, u'122': {u'State': u'finished'}, u'123': {u'State': u'finished'}, u'124': {u'State': u'finished'}, u'125': {u'State': u'finished'}, u'126': {u'State': u'finished'}, u'127': {u'State': u'finished'}, u'128': {u'State': u'finished'}, u'129': {u'State': u'finished'}, u'69': {u'State': u'finished'}, u'91': {u'State': u'finished'}, u'59': {u'State': u'finished'}, u'58': {u'State': u'finished'}, u'55': {u'State': u'transferring'}, u'54': {u'State': u'finished'}, u'57': {u'State': u'finished'}, u'56': {u'State': u'finished'}, u'51': {u'State': u'transferring'}, u'50': {u'State': u'finished'}, u'53': {u'State': u'finished'}, u'52': {u'State': u'finished'}, u'90': {u'State': u'finished'}, u'66': {u'State': u'finished'}, u'67': {u'State': u'finished'}, u'115': {u'State': u'finished'}, u'114': {u'State': u'finished'}, u'88': {u'State': u'finished'}, u'89': {u'State': u'running'}, u'111': {u'State': u'finished'}, u'110': {u'State': u'finished'}, u'113': {u'State': u'finished'}, u'112': {u'State': u'finished'}, u'82': {u'State': u'running'}, u'83': {u'State': u'finished'}, u'80': {u'State': u'finished'}, u'81': {u'State': u'finished'}, u'119': {u'State': u'finished'}, u'118': {u'State': u'finished'}, u'84': {u'State': u'finished'}, u'85': {u'State': u'finished'}, u'3': {u'State': u'finished'}, u'7': {u'State': u'finished'}, u'92': {u'State': u'finished'}, u'108': {u'State': u'finished'}, u'109': {u'State': u'finished'}, u'102': {u'State': u'finished'}, u'103': {u'State': u'finished'}, u'100': {u'State': u'finished'}, u'101': {u'State': u'finished'}, u'106': {u'State': u'finished'}, u'107': {u'State': u'finished'}, u'104': {u'State': u'finished'}, u'105': {u'State': u'finished'}, u'39': {u'State': u'finished'}, u'38': {u'State': u'finished'}, u'33': {u'State': u'finished'}, u'32': {u'State': u'finished'}, u'31': {u'State': u'finished'}, u'30': {u'State': u'transferring'}, u'37': {u'State': u'finished'}, u'36': {u'State': u'finished'}, u'35': {u'State': u'finished'}, u'34': {u'State': u'finished'}, u'60': {u'State': u'finished'}, u'61': {u'State': u'finished'}, u'62': {u'State': u'finished'}, u'63': {u'State': u'finished'}, u'64': {u'State': u'running'}, u'65': {u'State': u'finished'}, u'179': {u'State': u'finished'}, u'178': {u'State': u'finished'}, u'177': {u'State': u'finished'}, u'176': {u'State': u'finished'}, u'175': {u'State': u'finished'}, u'174': {u'State': u'finished'}, u'173': {u'State': u'finished'}, u'172': {u'State': u'finished'}, u'171': {u'State': u'finished'}, u'170': {u'State': u'finished'}, u'182': {u'State': u'finished'}, u'183': {u'State': u'transferring'}, u'180': {u'State': u'finished'}, u'181': {u'State': u'transferring'}, u'6': {u'State': u'finished'}, u'97': {u'State': u'finished'}, u'99': {u'State': u'finished'}, u'98': {u'State': u'finished'}, u'168': {u'State': u'finished'}, u'169': {u'State': u'finished'}, u'164': {u'State': u'finished'}, u'165': {u'State': u'finished'}, u'166': {u'State': u'finished'}, u'167': {u'State': u'finished'}, u'160': {u'State': u'finished'}, u'161': {u'State': u'finished'}, u'162': {u'State': u'finished'}, u'163': {u'State': u'finished'}, u'11': {u'State': u'finished'}, u'10': {u'State': u'finished'}, u'13': {u'State': u'finished'}, u'12': {u'State': u'finished'}, u'15': {u'State': u'finished'}, u'14': {u'State': u'finished'}, u'17': {u'State': u'finished'}, u'16': {u'State': u'finished'}, u'19': {u'State': u'finished'}, u'18': {u'State': u'finished'}, u'117': {u'State': u'finished'}, u'116': {u'State': u'finished'}, u'151': {u'State': u'finished'}, u'150': {u'State': u'finished'}, u'153': {u'State': u'running'}, u'152': {u'State': u'finished'}, u'155': {u'State': u'finished'}, u'154': {u'State': u'finished'}, u'157': {u'State': u'finished'}, u'156': {u'State': u'finished'}, u'159': {u'State': u'finished'}, u'158': {u'State': u'finished'}, u'48': {u'State': u'finished'}, u'49': {u'State': u'finished'}, u'46': {u'State': u'finished'}, u'86': {u'State': u'finished'}, u'44': {u'State': u'finished'}, u'45': {u'State': u'finished'}, u'42': {u'State': u'finished'}, u'43': {u'State': u'finished'}, u'40': {u'State': u'finished'}, u'87': {u'State': u'finished'}, u'1': {u'State': u'finished'}, u'5': {u'State': u'finished'}, u'9': {u'State': u'finished'}, u'146': {u'State': u'finished'}, u'147': {u'State': u'finished'}, u'144': {u'State': u'finished'}, u'145': {u'State': u'finished'}, u'142': {u'State': u'finished'}, u'143': {u'State': u'finished'}, u'140': {u'State': u'finished'}, u'141': {u'State': u'finished'}, u'148': {u'State': u'finished'}, u'149': {u'State': u'finished'}, u'77': {u'State': u'finished'}, u'76': {u'State': u'finished'}, u'75': {u'State': u'finished'}, u'74': {u'State': u'finished'}, u'73': {u'State': u'running'}, u'72': {u'State': u'finished'}, u'71': {u'State': u'finished'}, u'70': {u'State': u'transferring'}, u'79': {u'State': u'finished'}, u'78': {u'State': u'finished'}, u'2': {u'State': u'transferring'}, u'41': {u'State': u'finished'}, u'47': {u'State': u'finished'}}, u'publication': {u'disabled': []}, u'taskWarningMsg': [], u'schedd': u'crab3@vocms0120.cern.ch', u'publicationFailures': {}, u'outdatasets': None, u'statusFailureMsg': u'', u'taskFailureMsg': u'', u'failedJobdefs': 0, u'ASOURL': u'https://cmsweb.cern.ch/couchdb2', u'command': u'', u'totalJobdefs': 0, u'submissionTime': 1480628140, u'jobdefErrors': [], u'collector': u'cmsgwms-collector-global.cern.ch,cmssrv221.fnal.gov', u'jobList': [[u'finished', 165], [u'finished', 133], [u'finished', 132], [u'finished', 131], [u'finished', 130], [u'finished', 137], [u'finished', 136], [u'finished', 135], [u'finished', 134], [u'finished', 139], [u'finished', 138], [u'finished', 166], [u'finished', 24], [u'finished', 25], [u'finished', 26], [u'finished', 27], [u'transferring', 20], [u'finished', 21], [u'transferring', 22], [u'finished', 23], [u'finished', 160], [u'finished', 28], [u'finished', 29], [u'finished', 161], [u'finished', 4], [u'finished', 8], [u'finished', 163], [u'finished', 119], [u'finished', 120], [u'finished', 121], [u'finished', 122], [u'finished', 123], [u'finished', 124], [u'finished', 125], [u'finished', 126], [u'finished', 127], [u'finished', 128], [u'finished', 129], [u'finished', 167], [u'finished', 118], [u'finished', 59], [u'finished', 58], [u'transferring', 55], [u'finished', 54], [u'finished', 57], [u'finished', 56], [u'transferring', 51], [u'finished', 50], [u'finished', 53], [u'finished', 52], [u'finished', 164], [u'finished', 179], [u'finished', 178], [u'finished', 115], [u'finished', 114], [u'finished', 88], [u'running', 89], [u'finished', 111], [u'finished', 110], [u'finished', 113], [u'finished', 112], [u'running', 82], [u'finished', 83], [u'finished', 80], [u'finished', 81], [u'finished', 86], [u'finished', 87], [u'finished', 84], [u'finished', 85], [u'finished', 3], [u'finished', 177], [u'finished', 7], [u'finished', 108], [u'finished', 109], [u'finished', 102], [u'finished', 103], [u'finished', 100], [u'finished', 101], [u'finished', 106], [u'finished', 107], [u'finished', 104], [u'finished', 105], [u'finished', 39], [u'finished', 38], [u'finished', 33], [u'finished', 32], [u'finished', 31], [u'transferring', 30], [u'finished', 37], [u'finished', 36], [u'finished', 35], [u'finished', 34], [u'finished', 176], [u'finished', 60], [u'finished', 61], [u'finished', 62], [u'finished', 63], [u'running', 64], [u'finished', 65], [u'finished', 66], [u'finished', 67], [u'finished', 68], [u'finished', 69], [u'finished', 175], [u'finished', 174], [u'finished', 173], [u'finished', 172], [u'finished', 171], [u'finished', 170], [u'transferring', 181], [u'finished', 182], [u'transferring', 183], [u'finished', 180], [u'transferring', 2], [u'finished', 162], [u'finished', 6], [u'finished', 99], [u'finished', 98], [u'finished', 168], [u'finished', 169], [u'finished', 91], [u'finished', 90], [u'finished', 93], [u'finished', 92], [u'finished', 95], [u'finished', 94], [u'finished', 97], [u'finished', 96], [u'finished', 11], [u'finished', 10], [u'finished', 13], [u'finished', 12], [u'finished', 15], [u'finished', 14], [u'finished', 17], [u'finished', 16], [u'finished', 19], [u'finished', 18], [u'finished', 117], [u'finished', 116], [u'finished', 151], [u'finished', 150], [u'running', 153], [u'finished', 152], [u'finished', 155], [u'finished', 154], [u'finished', 157], [u'finished', 156], [u'finished', 159], [u'finished', 158], [u'finished', 48], [u'finished', 49], [u'finished', 46], [u'finished', 47], [u'finished', 44], [u'finished', 45], [u'finished', 42], [u'finished', 43], [u'finished', 40], [u'finished', 41], [u'finished', 1], [u'finished', 5], [u'finished', 9], [u'finished', 146], [u'finished', 147], [u'finished', 144], [u'finished', 145], [u'finished', 142], [u'finished', 143], [u'finished', 140], [u'finished', 141], [u'finished', 148], [u'finished', 149], [u'finished', 77], [u'finished', 76], [u'finished', 75], [u'finished', 74], [u'running', 73], [u'finished', 72], [u'finished', 71], [u'transferring', 70], [u'finished', 79], [u'finished', 78]]}
INFO 2016-12-08 20:52:04,261: 	 CRAB project directory:		/grid_mnt/data__data.polcms/cms/lisniak/btgtrain/CMSSW_7_5_8_patch3/src/RecoBTag/PerformanceMeasurements/test/crab_btagana_fcr50
INFO 2016-12-08 20:52:04,262: 	 Task name:			161201_213540:istaslis_crab_btagana_fcr50
INFO 2016-12-08 20:52:04,262: 	 Grid scheduler:			crab3@vocms0120.cern.ch
INFO 2016-12-08 20:52:04,262: 	 Task status:			SUBMITTED
INFO 2016-12-08 20:52:04,262: 	 Dashboard monitoring URL:	http://dashb-cms-job.cern.ch/dashboard/templates/task-analysis/#user=istaslis&table=Mains&pattern=161201_213540%3Aistaslis_crab_btagana_fcr50
INFO 2016-12-08 20:52:04,262: 	 
Jobs status:			finished       92.3% (169/183)
INFO 2016-12-08 20:52:04,262: 	 				running         2.7% (  5/183)
INFO 2016-12-08 20:52:04,262: 	 				transferring    4.9% (  9/183)
INFO 2016-12-08 20:52:04,263: 	 
No publication information (publication has been disabled in the CRAB configuration file)
INFO 2016-12-08 20:52:04,266: 	 Log file is /grid_mnt/data__data.polcms/cms/lisniak/btgtrain/CMSSW_7_5_8_patch3/src/RecoBTag/PerformanceMeasurements/test/crab_btagana_fcr50/crab.log
